2014-04-14_02:45:44.660|U|24777|074FAB90|[NORMAL][Process] Unfinished cmd number:1.
2014-04-14_02:45:44.660|U|24777|074FAB90|GMServer init success
2014-04-14_02:47:02.503|U|24777|074FAB90|[NORMAL][Process] Recv from GMWeb: UpdateGS?game_id=1204
2014-04-14_02:47:02.513|U|24777|074FAB90|[NORMAL][Process] Go to update gs info.
2014-04-14_02:47:02.514|U|24777|074FAB90|[NORMAL][CmdProcessor.UpdateGS] Load gs info done.
2014-04-14_02:47:02.517|U|24777|074FAB90|[NORMAL][Process] Update GS finish, response to GMWeb:
<?xml version="1.0" encoding="utf-8" ?>
<!--Send to GMWeb-->
<Response>
    <result>1</result>
</Response>

2014-04-14_02:47:02.517|U|24777|074FAB90|[NORMAL][CmdProcessor.UpdateGS] UpdateGS finish.
2014-04-14_02:47:23.352|U|24777|074FAB90|[NORMAL][Process] Recv from GMWeb: PostBulletin?record_id=4&content=test&gateway_id=104001&server_id=0&start_time=0&total_num=1&interval=21600&sync=0&game_id=1204
2014-04-14_02:47:23.363|U|24777|074FAB90|[NORMAL][Process] Send to GS: keyword: PostBulletin | gs_url: 177.47.22.92:8080 | content: times=1&interval=21600&game_id=1204&gateway_id=104001&content=test
2014-04-14_02:47:23.392|U|24777|074FAB90|[GAMEERROR2][Process] Error code:-302. Error msg:Recv from GS time out, game_id=1204, gateway_id=104001, Uri=177.47.22.92:8080,exception msg:No message received
2014-04-14_02:47:23.395|U|24777|074FAB90|[ERROR][Process] Cmd finish, game_id=1204, gateway_id=104001, cmd key=PostBulletin, cmd_id=5, record_id=4, result=-302, response to GMWeb:
HTTP/1.1 200 OK
User-Agent: eGMServer1.1
Content-Type: text/xml
Content-Length: 110

<?xml version="1.0" encoding="utf-8" ?>
<!--Send to GMWeb-->
<Response>
    <result>-302</result>
</Response>


2014-04-14_02:47:23.395|U|24777|074FAB90|[NORMAL][Process] All cmd done.
2014-04-14_02:48:06.183|U|24777|074FAB90|[NORMAL][Process] Recv from GMWeb: UpdateGS?game_id=1204
2014-04-14_02:48:06.192|U|24777|074FAB90|[NORMAL][Process] Go to update gs info.
2014-04-14_02:48:06.194|U|24777|074FAB90|[NORMAL][CmdProcessor.UpdateGS] Load gs info done.
2014-04-14_02:48:06.195|U|24777|074FAB90|[NORMAL][Process] Update GS finish, response to GMWeb:
<?xml version="1.0" encoding="utf-8" ?>
<!--Send to GMWeb-->
<Response>
    <result>1</result>
</Response>

2014-04-14_02:48:06.195|U|24777|074FAB90|[NORMAL][CmdProcessor.UpdateGS] UpdateGS finish.
2014-04-14_02:48:12.711|U|24777|074FAB90|[NORMAL][Process] Recv from GMWeb: CancelBulletin?record_id=3&game_id=1204
2014-04-14_02:48:12.719|U|24777|074FAB90|[NORMAL][Process] Delete PostBulletin success, response to GMWeb:<?xml version="1.0" encoding="utf-8" ?>
<!--Send to GMWeb-->
<Response>
    <result>1</result>
</Response>

2014-04-14_02:48:26.200|U|24777|074FAB90|[NORMAL][Process] Recv from GMWeb: PostBulletin?record_id=5&content=test&gateway_id=104001&server_id=0&start_time=0&total_num=1&interval=21600&sync=0&game_id=1204
2014-04-14_02:48:26.222|U|24777|074FAB90|[GAMEERROR1][Process]Error code:-301. Error msg: Connect to GS error, game_id=1204, gateway_id=104001, Uri=177.47.22.92:18080,exception msg:Connection refused
2014-04-14_02:48:26.222|U|24777|074FAB90|[ERROR][WorkerThread.Do] Connect to GS error, retry times=-301
2014-04-14_02:48:26.222|U|24777|074FAB90|[GAMEERROR1][Process]Error code:-301. Error msg: Connect to GS error, game_id=1204, gateway_id=104001, Uri=177.47.22.92:18080,exception msg:Connection refused
2014-04-14_02:48:26.222|U|24777|074FAB90|[ERROR][WorkerThread.Do] Connect to GS error, retry times=-301
2014-04-14_02:48:26.222|U|24777|074FAB90|[GAMEERROR1][Process]Error code:-301. Error msg: Connect to GS error, game_id=1204, gateway_id=104001, Uri=177.47.22.92:18080,exception msg:Connection refused
2014-04-14_02:48:26.222|U|24777|074FAB90|[ERROR][WorkerThread.Do] Connect to GS error, retry times=-301
2014-04-14_02:48:26.223|U|24777|074FAB90|[GAMEERROR1][Process]Error code:-301. Error msg: Connect to GS error, game_id=1204, gateway_id=104001, Uri=177.47.22.92:18080,exception msg:Connection refused
2014-04-14_02:48:26.223|U|24777|074FAB90|[ERROR][WorkerThread.Do] Connect to GS error, retry times=-301
2014-04-14_02:48:26.223|U|24777|074FAB90|[GAMEERROR1][Process]Error code:-301. Error msg: Connect to GS error, game_id=1204, gateway_id=104001, Uri=177.47.22.92:18080,exception msg:Connection refused
2014-04-14_02:48:26.223|U|24777|074FAB90|[ERROR][WorkerThread.Do] Connect to GS error, retry times=-301
2014-04-14_02:48:26.224|U|24777|074FAB90|[GAMEERROR1][Process]Error code:-301. Error msg: Connect to GS error, game_id=1204, gateway_id=104001, Uri=177.47.22.92:18080,exception msg:Connection refused
2014-04-14_02:48:26.247|U|24777|074FAB90|[ERROR][Process] Cmd finish, game_id=1204, gateway_id=104001, cmd key=PostBulletin, cmd_id=7, record_id=5, result=-301, response to GMWeb:
HTTP/1.1 200 OK
User-Agent: eGMServer1.1
Content-Type: text/xml
Content-Length: 110

<?xml version="1.0" encoding="utf-8" ?>
<!--Send to GMWeb-->
<Response>
    <result>-301</result>
</Response>


2014-04-14_02:48:26.247|U|24777|074FAB90|[NORMAL][Process] All cmd done.
2014-04-14_02:48:42.869|U|24777|074FAB90|[NORMAL][Process] Recv from GMWeb: UpdateGS?game_id=1204
2014-04-14_02:48:42.878|U|24777|074FAB90|[NORMAL][Process] Go to update gs info.
2014-04-14_02:48:42.879|U|24777|074FAB90|[NORMAL][CmdProcessor.UpdateGS] Load gs info done.
2014-04-14_02:48:42.882|U|24777|074FAB90|[NORMAL][Process] Update GS finish, response to GMWeb:
<?xml version="1.0" encoding="utf-8" ?>
<!--Send to GMWeb-->
<Response>
    <result>1</result>
</Response>

2014-04-14_02:48:42.882|U|24777|074FAB90|[NORMAL][CmdProcessor.UpdateGS] UpdateGS finish.
2014-04-14_02:49:10.607|U|24777|074FAB90|[NORMAL][Process] Recv from GMWeb: PostBulletin?record_id=6&content=test&gateway_id=104001&server_id=0&start_time=0&total_num=1&interval=21600&sync=0&game_id=1204
2014-04-14_02:49:10.619|U|24777|074FAB90|[NORMAL][Process] Send to GS: keyword: PostBulletin | gs_url: 177.47.22.92:18008 | content: times=1&interval=21600&game_id=1204&gateway_id=104001&content=test
2014-04-14_02:49:20.622|U|24777|074FAB90|[GAMEERROR2][Process] Error code:-302. Error msg:Recv from GS time out, game_id=1204, gateway_id=104001, Uri=177.47.22.92:18008,exception msg:No message received
2014-04-14_02:49:20.625|U|24777|074FAB90|[ERROR][Process] Cmd finish, game_id=1204, gateway_id=104001, cmd key=PostBulletin, cmd_id=9, record_id=6, result=-302, response to GMWeb:
HTTP/1.1 200 OK
User-Agent: eGMServer1.1
Content-Type: text/xml
Content-Length: 110

<?xml version="1.0" encoding="utf-8" ?>
<!--Send to GMWeb-->
<Response>
    <result>-302</result>
</Response>


2014-04-14_02:49:20.625|U|24777|074FAB90|[NORMAL][Process] All cmd done.
