2013-12-03_01:35:19.483|I|32035|B7F5F6E0|INFO|Server::registMyService|cmd id = 0x10001001
2013-12-03_01:35:19.483|I|32035|B7F5F6E0|INFO|Server::registMyService|cmd id = 0x10003402
2013-12-03_01:35:19.483|I|32035|B7F5F6E0|INFO|Server::registMyService|cmd id = 0x10003403
2013-12-03_01:35:19.483|I|32035|B7F5F6E0|INFO|Server::registMyService|cmd id = 0x10003405
2013-12-03_01:35:19.483|I|32035|B7F5F6E0|INFO|Server::registMyService|cmd id = 0x10003406
2013-12-03_01:35:19.483|I|32035|B7F5F6E0|INFO|Server::registMyService|cmd id = 0x10003502
2013-12-03_01:35:19.483|I|32035|B7F5F6E0|INFO|Server::registMyService|cmd id = 0x10003700
2013-12-03_01:35:19.483|I|32035|B7F5F6E0|INFO|Server::registMyService|cmd id = 0x10003701
2013-12-03_01:35:19.483|I|32035|B7F5F6E0|INFO|Server::registMyService|cmd id = 0x10003702
2013-12-03_01:35:19.483|I|32035|B7F5F6E0|INFO|Server::registMyService|cmd id = 0x10003703
2013-12-03_01:35:19.483|I|32035|B7F5F6E0|INFO|Server::registMyService|cmd id = 0x10003704
2013-12-03_01:35:19.483|I|32035|B7F5F6E0|INFO|Server::registMyService|cmd id = 0x10003708
2013-12-03_01:35:19.483|I|32035|B7F5F6E0|INFO|Server::registMyService|cmd id = 0x10003709
2013-12-03_01:35:19.483|I|32035|B7F5F6E0|INFO|Server::registMyService|cmd id = 0x10003710
2013-12-03_01:35:19.483|I|32035|B7F5F6E0|INFO|Server::registMyService|cmd id = 0x10003712
2013-12-03_01:35:19.483|I|32035|B7F5F6E0|INFO|Service|GameID=1204
2013-12-03_01:35:19.484|I|32035|08C4CB90|INFO|AllServer::initIPMap::getIPCount|0|
2013-12-03_01:35:19.484|I|32035|08C4CB90|INFO|AllServer::getIPCount|1|ip_total=0|ip_size=0|TC_SORT=0|TC=1
2013-12-03_01:35:19.489|I|32035|B7F5F6E0|INFO|GateID=0x9999|APPID=0x6|GameId=4b4|Initializing GateClient Success!
2013-12-03_01:35:19.489|I|32035|B7F5F6E0|INFO|AllServer is running now!
2013-12-03_01:35:19.501|I|32035|B7F5F6E0|INFO|Server::refreshNetwork|1|connect Addr=(127.0.0.1:19999)
2013-12-03_01:35:19.501|I|32035|B7F5F6E0|INFO|Server::onConnectOK|1|Addr=(127.0.0.1:19999)
