2013-12-03_01:09:17.292|I|31236|B7F556E0|INFO|Server::registMyService|cmd id = 0x10003004
2013-12-03_01:09:17.292|I|31236|B7F556E0|INFO|Server::registMyService|cmd id = 0x10003007
2013-12-03_01:09:17.292|I|31236|B7F556E0|INFO|Server::registMyService|cmd id = 0x10003101
2013-12-03_01:09:17.292|I|31236|B7F556E0|INFO|Server::registMyService|cmd id = 0x10003102
2013-12-03_01:09:17.292|I|31236|B7F556E0|INFO|Server::registMyService|cmd id = 0x10003103
2013-12-03_01:09:17.292|I|31236|B7F556E0|INFO|Server::registMyService|cmd id = 0x10003104
2013-12-03_01:09:17.292|I|31236|B7F556E0|INFO|Server::registMyService|cmd id = 0x10003107
2013-12-03_01:09:17.292|I|31236|B7F556E0|INFO|Server::registMyService|cmd id = 0x10003108
2013-12-03_01:09:17.292|I|31236|B7F556E0|INFO|Server::registMyService|cmd id = 0x10003206
2013-12-03_01:09:17.292|I|31236|B7F556E0|INFO|Server::registMyService|cmd id = 0x10003505
2013-12-03_01:09:17.292|I|31236|B7F556E0|INFO|Server::registMyService|cmd id = 0x10003508
2013-12-03_01:09:17.292|I|31236|B7F556E0|INFO|Server::registMyService|cmd id = 0x10003509
2013-12-03_01:09:17.292|I|31236|B7F556E0|INFO|Server::registMyService|cmd id = 0x10003901
2013-12-03_01:09:17.292|I|31236|B7F556E0|INFO|Server::registMyService|cmd id = 0x10003902
2013-12-03_01:09:17.292|I|31236|B7F556E0|INFO|Server::registMyService|cmd id = 0x10003903
2013-12-03_01:09:17.292|I|31236|B7F556E0|INFO|Service|GameID=1204
2013-12-03_01:09:17.295|I|31236|06DFAB90|INFO|AllServer::initIPMap::getIPCount|0|
2013-12-03_01:09:17.295|I|31236|06DFAB90|INFO|AllServer::getIPCount|1|ip_total=0|ip_size=0|TC_SORT=0|TC=3
2013-12-03_01:09:17.299|I|31236|B7F556E0|INFO|GateID=0x9999|APPID=0x5|GameId=4b4|Initializing GateClient Success!
2013-12-03_01:09:17.299|I|31236|B7F556E0|INFO|AllServer is running now!
2013-12-03_01:09:17.311|I|31236|B7F556E0|INFO|Server::refreshNetwork|1|connect Addr=(127.0.0.1:19999)
2013-12-03_01:09:17.313|I|31236|B7F556E0|INFO|Server::onConnectOK|1|Addr=(127.0.0.1:19999)
