2014-04-19_21:33:27.201|I|4114|B7F686E0|INFO|Server::registMyService|cmd id = 0x10003004
2014-04-19_21:33:27.204|I|4114|B7F686E0|INFO|Server::registMyService|cmd id = 0x10003007
2014-04-19_21:33:27.204|I|4114|B7F686E0|INFO|Server::registMyService|cmd id = 0x10003101
2014-04-19_21:33:27.204|I|4114|B7F686E0|INFO|Server::registMyService|cmd id = 0x10003102
2014-04-19_21:33:27.204|I|4114|B7F686E0|INFO|Server::registMyService|cmd id = 0x10003103
2014-04-19_21:33:27.204|I|4114|B7F686E0|INFO|Server::registMyService|cmd id = 0x10003104
2014-04-19_21:33:27.204|I|4114|B7F686E0|INFO|Server::registMyService|cmd id = 0x10003107
2014-04-19_21:33:27.204|I|4114|B7F686E0|INFO|Server::registMyService|cmd id = 0x10003108
2014-04-19_21:33:27.204|I|4114|B7F686E0|INFO|Server::registMyService|cmd id = 0x10003206
2014-04-19_21:33:27.204|I|4114|B7F686E0|INFO|Server::registMyService|cmd id = 0x10003505
2014-04-19_21:33:27.204|I|4114|B7F686E0|INFO|Server::registMyService|cmd id = 0x10003508
2014-04-19_21:33:27.204|I|4114|B7F686E0|INFO|Server::registMyService|cmd id = 0x10003509
2014-04-19_21:33:27.204|I|4114|B7F686E0|INFO|Server::registMyService|cmd id = 0x10003901
2014-04-19_21:33:27.204|I|4114|B7F686E0|INFO|Server::registMyService|cmd id = 0x10003902
2014-04-19_21:33:27.204|I|4114|B7F686E0|INFO|Server::registMyService|cmd id = 0x10003903
2014-04-19_21:33:27.204|I|4114|B7F686E0|INFO|Service|GameID=1204
2014-04-19_21:33:27.207|I|4114|0241DB90|INFO|AllServer::initIPMap::getIPCount|0|
2014-04-19_21:33:27.207|I|4114|0241DB90|INFO|AllServer::getIPCount|1|ip_total=0|ip_size=0|TC_SORT=0|TC=3
2014-04-19_21:33:27.211|I|4114|B7F686E0|INFO|GateID=0x9999|APPID=0x5|GameId=4b4|Initializing GateClient Success!
2014-04-19_21:33:27.211|I|4114|B7F686E0|INFO|AllServer is running now!
2014-04-19_21:33:27.223|I|4114|B7F686E0|INFO|Server::refreshNetwork|1|connect Addr=(127.0.0.1:19999)
2014-04-19_21:33:27.223|I|4114|B7F686E0|INFO|Server::onConnectOK|1|Addr=(127.0.0.1:19999)
