2014-03-24_01:50:07.232|I|32450|B7F7B6E0|INFO|unPackage|1|pdu_len=162|orig_pdu_len=162|curr_agip_version=0x20|orig_agip_version=0x20|is_yt_version='no'|command_id=0x10003802|seq_id=225835|game_id=1204|gateway_id=104001|src_ip=192.168.177.92|src_port=51571
2014-03-24_01:50:07.237|I|32450|B7F7B6E0|INFO|HttpAuth::userAuth|Host=daybreak.globalgames.com.br|Port=80|Request=userAccount=felipe&password=54f776888a662f8a57afa20e8912f3e51eb87604d132b03f9f134c5f28b350eb&sign=536B25EC9D6C3B27A5F8FEDBC9383464
2014-03-24_01:50:07.333|I|32450|B7F7B6E0|INFO|HttpAuth::userAuth|Response=HTTP/1.1 200 OK
Connection: close
Content-Length: 121
Content-Type: text/html; charset=utf-8
Date: Mon, 24 Mar 2014 05:06:52 GMT
Server: Apache
Vary: Accept-Encoding

<?xml version="1.0" encoding="utf-8" ?><response><result>1</result><adult>1</adult><userName>felipe</userName></response>
2014-03-24_01:50:07.339|I|32450|B7F7B6E0|INFO|0|104001|AllServer::_onJointAuthenExHttpAES|1|1500000060|0|GMID=1204|GWID=104001|URI=http://daybreak.globalgames.com.br/auth/|UserName=felipe|Password=ce2a2695252bc30e81d6a7585ce02fe1|Send3rdPassword=54f776888a662f8a57afa20e8912f3e51eb87604d132b03f9f134c5f28b350eb|UserID_Union=felipe|Lower=1|User_Flag=0|User_Type=0|Adult_Flag=1|User_Class=0|User_Point=0|Appendix1=0|Appendix2=0|Promoter_ID=0|User_IP=187.21.247.247|User_Port=49955|Client_MAC=000C29B5017F|AD_ID=''|Hardware_SN1=''|Hardware_SN2=''|ClientType=full|NeedCheckPwd=1|TC1=101|TC2=6|TC=107
2014-03-24_01:50:07.339|I|32450|B7F7B6E0|INFO|package|1|SequenceID=225835|toRouter
2014-03-24_07:51:52.476|I|32450|B7F7B6E0|INFO|unPackage|1|pdu_len=166|orig_pdu_len=166|curr_agip_version=0x20|orig_agip_version=0x20|is_yt_version='no'|command_id=0x10003802|seq_id=228561|game_id=1204|gateway_id=104001|src_ip=192.168.177.92|src_port=51571
2014-03-24_07:51:52.480|I|32450|B7F7B6E0|INFO|HttpAuth::userAuth|Host=daybreak.globalgames.com.br|Port=80|Request=userAccount=andersongg&password=6ca4b545ec99c4edd3293b83078f4c79a9f0a2a9f1ba68ea0351b0d0d4ffae57&sign=2640EC98230C3E08F412CA15CB0D705B
2014-03-24_07:51:52.572|I|32450|B7F7B6E0|INFO|HttpAuth::userAuth|Response=HTTP/1.1 200 OK
Connection: close
Content-Length: 125
Content-Type: text/html; charset=utf-8
Date: Mon, 24 Mar 2014 11:08:38 GMT
Server: Apache
Vary: Accept-Encoding

<?xml version="1.0" encoding="utf-8" ?><response><result>1</result><adult>1</adult><userName>andersongg</userName></response>
2014-03-24_07:51:52.579|I|32450|B7F7B6E0|INFO|0|104001|AllServer::_onJointAuthenExHttpAES|1|1500000006|0|GMID=1204|GWID=104001|URI=http://daybreak.globalgames.com.br/auth/|UserName=andersongg|Password=640156a929a2966b9f8ec76b15e71994|Send3rdPassword=6ca4b545ec99c4edd3293b83078f4c79a9f0a2a9f1ba68ea0351b0d0d4ffae57|UserID_Union=andersongg|Lower=1|User_Flag=0|User_Type=0|Adult_Flag=1|User_Class=0|User_Point=0|Appendix1=0|Appendix2=0|Promoter_ID=0|User_IP=189.34.139.82|User_Port=58078|Client_MAC=00FF6E0905A1|AD_ID=''|Hardware_SN1=''|Hardware_SN2=''|ClientType=full|NeedCheckPwd=1|TC1=97|TC2=6|TC=103
2014-03-24_07:51:52.579|I|32450|B7F7B6E0|INFO|package|1|SequenceID=228561|toRouter
2014-03-24_07:59:13.180|I|32450|B7F7B6E0|INFO|unPackage|1|pdu_len=165|orig_pdu_len=165|curr_agip_version=0x20|orig_agip_version=0x20|is_yt_version='no'|command_id=0x10003802|seq_id=228618|game_id=1204|gateway_id=104001|src_ip=192.168.177.92|src_port=51571
2014-03-24_07:59:13.182|I|32450|B7F7B6E0|INFO|HttpAuth::userAuth|Host=daybreak.globalgames.com.br|Port=80|Request=userAccount=gouveiagg&password=c6517e317853acaf8e1fbb8770c59438a5424088a8df177d192b76edda69db1a&sign=74BD05BEA81D79844EC4D6F7127DCA5F
2014-03-24_07:59:13.233|I|32450|B7F7B6E0|INFO|HttpAuth::userAuth|Response=HTTP/1.1 200 OK
Connection: close
Content-Length: 124
Content-Type: text/html; charset=utf-8
Date: Mon, 24 Mar 2014 11:15:59 GMT
Server: Apache
Vary: Accept-Encoding

<?xml version="1.0" encoding="utf-8" ?><response><result>1</result><adult>1</adult><userName>gouveiagg</userName></response>
2014-03-24_07:59:13.240|I|32450|B7F7B6E0|INFO|0|104001|AllServer::_onJointAuthenExHttpAES|1|1500000072|0|GMID=1204|GWID=104001|URI=http://daybreak.globalgames.com.br/auth/|UserName=gouveiagg|Password=4472d606ba7bebf7c76be6a5ce63d1f9|Send3rdPassword=c6517e317853acaf8e1fbb8770c59438a5424088a8df177d192b76edda69db1a|UserID_Union=gouveiagg|Lower=1|User_Flag=0|User_Type=0|Adult_Flag=1|User_Class=0|User_Point=0|Appendix1=0|Appendix2=0|Promoter_ID=0|User_IP=189.34.139.82|User_Port=58109|Client_MAC=00FF6E0905A1|AD_ID=''|Hardware_SN1=''|Hardware_SN2=''|ClientType=full|NeedCheckPwd=1|TC1=53|TC2=7|TC=60
2014-03-24_07:59:13.240|I|32450|B7F7B6E0|INFO|package|1|SequenceID=228618|toRouter
2014-03-24_08:33:52.077|I|32450|B7F7B6E0|INFO|unPackage|1|pdu_len=163|orig_pdu_len=163|curr_agip_version=0x20|orig_agip_version=0x20|is_yt_version='no'|command_id=0x10003802|seq_id=228879|game_id=1204|gateway_id=104001|src_ip=192.168.177.92|src_port=51571
2014-03-24_08:33:52.081|I|32450|B7F7B6E0|INFO|HttpAuth::userAuth|Host=daybreak.globalgames.com.br|Port=80|Request=userAccount=richard&password=d5ddbff4995734213c9aeb61d8227b0ac40d17a0ca5b52789caeb0b50722b46f&sign=58AC3A54912E2752A05DFA90E8813AD2
2014-03-24_08:33:52.124|I|32450|B7F7B6E0|INFO|HttpAuth::userAuth|Response=HTTP/1.1 200 OK
Connection: close
Content-Length: 122
Content-Type: text/html; charset=utf-8
Date: Mon, 24 Mar 2014 11:50:38 GMT
Server: Apache
Vary: Accept-Encoding

<?xml version="1.0" encoding="utf-8" ?><response><result>1</result><adult>1</adult><userName>richard</userName></response>
2014-03-24_08:33:52.131|I|32450|B7F7B6E0|INFO|0|104001|AllServer::_onJointAuthenExHttpAES|1|1500000010|0|GMID=1204|GWID=104001|URI=http://daybreak.globalgames.com.br/auth/|UserName=richard|Password=b45441068b0371dad184621bf09b7e4e|Send3rdPassword=d5ddbff4995734213c9aeb61d8227b0ac40d17a0ca5b52789caeb0b50722b46f|UserID_Union=richard|Lower=1|User_Flag=0|User_Type=0|Adult_Flag=1|User_Class=0|User_Point=0|Appendix1=0|Appendix2=0|Promoter_ID=0|User_IP=177.134.6.224|User_Port=56703|Client_MAC=00FF6B35BD7B|AD_ID=''|Hardware_SN1=''|Hardware_SN2=''|ClientType=full|NeedCheckPwd=1|TC1=47|TC2=7|TC=54
2014-03-24_08:33:52.131|I|32450|B7F7B6E0|INFO|package|1|SequenceID=228879|toRouter
2014-03-24_08:44:25.326|I|32450|B7F7B6E0|INFO|unPackage|1|pdu_len=163|orig_pdu_len=163|curr_agip_version=0x20|orig_agip_version=0x20|is_yt_version='no'|command_id=0x10003802|seq_id=228964|game_id=1204|gateway_id=104001|src_ip=192.168.177.92|src_port=51571
2014-03-24_08:44:25.328|I|32450|B7F7B6E0|INFO|HttpAuth::userAuth|Host=daybreak.globalgames.com.br|Port=80|Request=userAccount=pedrao6&password=f7b5f871ae9dfc275b36ac4ef793964cdc0a7ef41a22f0075444b48a71a41c68&sign=C903D2C350F82FE608269A8B28D30B40
2014-03-24_08:44:25.470|I|32450|B7F7B6E0|INFO|HttpAuth::userAuth|Response=HTTP/1.1 500 Internal Server Error
Connection: close
Content-Length: 510
Content-Type: text/html; charset=utf-8
Date: Mon, 24 Mar 2014 12:01:11 GMT
Headtitle: 
Headtitle: 
Server: Apache
Vary: Accept-Encoding

<!DOCTYPE html><html xml:lang="pt-br" lang="pt-br" xmlns="http://www.w3.org/1999/xhtml" xmlns:fb="http://www.facebook.com/2008/fbml" xmlns:og="http://opengraph.org/schema/"><head>        <title>Day Break :: Global Games - A sua publisher de jogos online!</title></head><body><form method="post" action="/api/"><input type="text" name="userAccount" value=""/><input type="password" name="password" value=""/><input type="submit" name="sbt" value="Enviar"/></form></body></html>
2014-03-24_08:44:25.470|I|32450|B7F7B6E0|INFO|HttpAuth::parseRecvStr|failed|not find response node
2014-03-24_08:44:25.470|I|32450|B7F7B6E0|INFO|0|104001|AllServer::_onJointAuthenExHttpAES|-1811|0|0|GMID=1204|GWID=104001|URI=http://daybreak.globalgames.com.br/auth/|UserName=pedrao6|Password=c0447052a1be8c51ba30681a7b89281d|Send3rdPassword=f7b5f871ae9dfc275b36ac4ef793964cdc0a7ef41a22f0075444b48a71a41c68|UserID_Union=|Lower=1|User_Flag=0|User_Type=0|Adult_Flag=0|User_Class=0|User_Point=0|Appendix1=0|Appendix2=0|Promoter_ID=0|User_IP=177.134.6.224|User_Port=50322|Client_MAC=C61731FE4111|AD_ID=''|Hardware_SN1=''|Hardware_SN2=''|ClientType=full|NeedCheckPwd=1|TC1=144|TC2=0|TC=144
2014-03-24_08:44:25.470|I|32450|B7F7B6E0|INFO|package|1|SequenceID=228964|toRouter
2014-03-24_08:44:48.824|I|32450|B7F7B6E0|INFO|unPackage|1|pdu_len=163|orig_pdu_len=163|curr_agip_version=0x20|orig_agip_version=0x20|is_yt_version='no'|command_id=0x10003802|seq_id=228967|game_id=1204|gateway_id=104001|src_ip=192.168.177.92|src_port=51571
2014-03-24_08:44:48.825|I|32450|B7F7B6E0|INFO|HttpAuth::userAuth|Host=daybreak.globalgames.com.br|Port=80|Request=userAccount=pedrao6&password=f7b5f871ae9dfc275b36ac4ef793964cdc0a7ef41a22f0075444b48a71a41c68&sign=C903D2C350F82FE608269A8B28D30B40
2014-03-24_08:44:48.854|I|32450|B7F7B6E0|INFO|HttpAuth::userAuth|Response=HTTP/1.1 200 OK
Connection: close
Content-Length: 122
Content-Type: text/html; charset=utf-8
Date: Mon, 24 Mar 2014 12:01:35 GMT
Server: Apache
Vary: Accept-Encoding

<?xml version="1.0" encoding="utf-8" ?><response><result>1</result><adult>1</adult><userName>pedrao6</userName></response>
2014-03-24_08:44:48.861|I|32450|B7F7B6E0|INFO|0|104001|AllServer::_onJointAuthenExHttpAES|1|1500000027|0|GMID=1204|GWID=104001|URI=http://daybreak.globalgames.com.br/auth/|UserName=pedrao6|Password=c0447052a1be8c51ba30681a7b89281d|Send3rdPassword=f7b5f871ae9dfc275b36ac4ef793964cdc0a7ef41a22f0075444b48a71a41c68|UserID_Union=pedrao6|Lower=1|User_Flag=0|User_Type=0|Adult_Flag=1|User_Class=0|User_Point=0|Appendix1=0|Appendix2=0|Promoter_ID=0|User_IP=177.134.6.224|User_Port=50324|Client_MAC=C61731FE4111|AD_ID=''|Hardware_SN1=''|Hardware_SN2=''|ClientType=full|NeedCheckPwd=1|TC1=30|TC2=7|TC=37
2014-03-24_08:44:48.861|I|32450|B7F7B6E0|INFO|package|1|SequenceID=228967|toRouter
2014-03-24_08:59:38.130|I|32450|B7F7B6E0|INFO|unPackage|1|pdu_len=164|orig_pdu_len=164|curr_agip_version=0x20|orig_agip_version=0x20|is_yt_version='no'|command_id=0x10003802|seq_id=233954|game_id=1204|gateway_id=104001|src_ip=192.168.177.92|src_port=51571
2014-03-24_08:59:38.132|I|32450|B7F7B6E0|INFO|HttpAuth::userAuth|Host=daybreak.globalgames.com.br|Port=80|Request=userAccount=richard3&password=d5ddbff4995734213c9aeb61d8227b0ac40d17a0ca5b52789caeb0b50722b46f&sign=764A13913BAAD88B15C5F33AE47B6521
2014-03-24_08:59:38.169|I|32450|B7F7B6E0|INFO|HttpAuth::userAuth|Response=HTTP/1.1 200 OK
Connection: close
Content-Length: 123
Content-Type: text/html; charset=utf-8
Date: Mon, 24 Mar 2014 12:16:24 GMT
Server: Apache
Vary: Accept-Encoding

<?xml version="1.0" encoding="utf-8" ?><response><result>1</result><adult>1</adult><userName>richard3</userName></response>
2014-03-24_08:59:38.175|I|32450|B7F7B6E0|INFO|0|104001|AllServer::_onJointAuthenExHttpAES|1|1500000007|0|GMID=1204|GWID=104001|URI=http://daybreak.globalgames.com.br/auth/|UserName=richard3|Password=b45441068b0371dad184621bf09b7e4e|Send3rdPassword=d5ddbff4995734213c9aeb61d8227b0ac40d17a0ca5b52789caeb0b50722b46f|UserID_Union=richard3|Lower=1|User_Flag=0|User_Type=0|Adult_Flag=1|User_Class=0|User_Point=0|Appendix1=0|Appendix2=0|Promoter_ID=0|User_IP=177.134.6.224|User_Port=52295|Client_MAC=00FF6B35BD7B|AD_ID=''|Hardware_SN1=''|Hardware_SN2=''|ClientType=full|NeedCheckPwd=1|TC1=39|TC2=6|TC=45
2014-03-24_08:59:38.175|I|32450|B7F7B6E0|INFO|package|1|SequenceID=233954|toRouter
2014-03-24_09:00:33.025|I|32450|B7F7B6E0|INFO|unPackage|1|pdu_len=163|orig_pdu_len=163|curr_agip_version=0x20|orig_agip_version=0x20|is_yt_version='no'|command_id=0x10003802|seq_id=234630|game_id=1204|gateway_id=104001|src_ip=192.168.177.92|src_port=51571
2014-03-24_09:00:33.026|I|32450|B7F7B6E0|INFO|HttpAuth::userAuth|Host=daybreak.globalgames.com.br|Port=80|Request=userAccount=garrote&password=f73c9f4bc0b485f5cb457158a00e509100e744150a36643dd5d799056df58e02&sign=23B23C5FA4B1ADFFA5F0E5723EA5CB61
2014-03-24_09:00:33.054|I|32450|B7F7B6E0|INFO|HttpAuth::userAuth|Response=HTTP/1.1 200 OK
Connection: close
Content-Length: 122
Content-Type: text/html; charset=utf-8
Date: Mon, 24 Mar 2014 12:17:19 GMT
Server: Apache
Vary: Accept-Encoding

<?xml version="1.0" encoding="utf-8" ?><response><result>1</result><adult>1</adult><userName>garrote</userName></response>
2014-03-24_09:00:33.060|I|32450|B7F7B6E0|INFO|0|104001|AllServer::_onJointAuthenExHttpAES|1|1500000050|0|GMID=1204|GWID=104001|URI=http://daybreak.globalgames.com.br/auth/|UserName=garrote|Password=06ea7a09e9f251a2aff763c0adf48127|Send3rdPassword=f73c9f4bc0b485f5cb457158a00e509100e744150a36643dd5d799056df58e02|UserID_Union=garrote|Lower=1|User_Flag=0|User_Type=0|Adult_Flag=1|User_Class=0|User_Point=0|Appendix1=0|Appendix2=0|Promoter_ID=0|User_IP=177.134.6.224|User_Port=49170|Client_MAC=90F65216B81F|AD_ID=''|Hardware_SN1=''|Hardware_SN2=''|ClientType=full|NeedCheckPwd=1|TC1=29|TC2=6|TC=35
2014-03-24_09:00:33.060|I|32450|B7F7B6E0|INFO|package|1|SequenceID=234630|toRouter
2014-03-24_09:08:48.978|I|32450|B7F7B6E0|INFO|unPackage|1|pdu_len=165|orig_pdu_len=165|curr_agip_version=0x20|orig_agip_version=0x20|is_yt_version='no'|command_id=0x10003802|seq_id=235298|game_id=1204|gateway_id=104001|src_ip=192.168.177.92|src_port=51571
2014-03-24_09:08:48.980|I|32450|B7F7B6E0|INFO|HttpAuth::userAuth|Host=daybreak.globalgames.com.br|Port=80|Request=userAccount=polaris13&password=dda307357d5122bb087d86a76b597f0ecb43957559922cf1a410b3867c657033&sign=390FB1FEB22B6FAD0068C4D6918337DD
2014-03-24_09:08:49.017|I|32450|B7F7B6E0|INFO|HttpAuth::userAuth|Response=HTTP/1.1 200 OK
Connection: close
Content-Length: 124
Content-Type: text/html; charset=utf-8
Date: Mon, 24 Mar 2014 12:25:35 GMT
Server: Apache
Vary: Accept-Encoding

<?xml version="1.0" encoding="utf-8" ?><response><result>1</result><adult>1</adult><userName>polaris13</userName></response>
2014-03-24_09:08:49.024|I|32450|B7F7B6E0|INFO|0|104001|AllServer::_onJointAuthenExHttpAES|1|1500000020|0|GMID=1204|GWID=104001|URI=http://daybreak.globalgames.com.br/auth/|UserName=polaris13|Password=c3c7fdc199544358827fa0cbb78c235d|Send3rdPassword=dda307357d5122bb087d86a76b597f0ecb43957559922cf1a410b3867c657033|UserID_Union=polaris13|Lower=1|User_Flag=0|User_Type=0|Adult_Flag=1|User_Class=0|User_Point=0|Appendix1=0|Appendix2=0|Promoter_ID=0|User_IP=177.134.6.224|User_Port=65301|Client_MAC=1EC9D31E3393|AD_ID=''|Hardware_SN1=''|Hardware_SN2=''|ClientType=full|NeedCheckPwd=1|TC1=39|TC2=7|TC=46
2014-03-24_09:08:49.024|I|32450|B7F7B6E0|INFO|package|1|SequenceID=235298|toRouter
2014-03-24_09:22:46.830|I|32450|B7F7B6E0|INFO|unPackage|1|pdu_len=162|orig_pdu_len=162|curr_agip_version=0x20|orig_agip_version=0x20|is_yt_version='no'|command_id=0x10003802|seq_id=235790|game_id=1204|gateway_id=104001|src_ip=192.168.177.92|src_port=51571
2014-03-24_09:22:46.832|I|32450|B7F7B6E0|INFO|HttpAuth::userAuth|Host=daybreak.globalgames.com.br|Port=80|Request=userAccount=pedrao&password=f7b5f871ae9dfc275b36ac4ef793964cdc0a7ef41a22f0075444b48a71a41c68&sign=669CD5D11113F7D847C17519EEED7B56
2014-03-24_09:22:46.869|I|32450|B7F7B6E0|INFO|HttpAuth::userAuth|Response=HTTP/1.1 200 OK
Connection: close
Content-Length: 125
Content-Type: text/html; charset=utf-8
Date: Mon, 24 Mar 2014 12:39:33 GMT
Server: Apache
Vary: Accept-Encoding

<?xml version="1.0" encoding="utf-8" ?><response><result>-1812</result><adult>1</adult><userName>pedrao</userName></response>
2014-03-24_09:22:46.869|I|32450|B7F7B6E0|INFO|0|104001|AllServer::_onJointAuthenExHttpAES|-1812|0|0|GMID=1204|GWID=104001|URI=http://daybreak.globalgames.com.br/auth/|UserName=pedrao|Password=c0447052a1be8c51ba30681a7b89281d|Send3rdPassword=f7b5f871ae9dfc275b36ac4ef793964cdc0a7ef41a22f0075444b48a71a41c68|UserID_Union=|Lower=1|User_Flag=0|User_Type=0|Adult_Flag=0|User_Class=0|User_Point=0|Appendix1=0|Appendix2=0|Promoter_ID=0|User_IP=177.134.6.224|User_Port=50697|Client_MAC=C61731FE4111|AD_ID=''|Hardware_SN1=''|Hardware_SN2=''|ClientType=full|NeedCheckPwd=1|TC1=39|TC2=0|TC=39
2014-03-24_09:22:46.869|I|32450|B7F7B6E0|INFO|package|1|SequenceID=235790|toRouter
2014-03-24_09:22:58.182|I|32450|B7F7B6E0|INFO|unPackage|1|pdu_len=162|orig_pdu_len=162|curr_agip_version=0x20|orig_agip_version=0x20|is_yt_version='no'|command_id=0x10003802|seq_id=235796|game_id=1204|gateway_id=104001|src_ip=192.168.177.92|src_port=51571
2014-03-24_09:22:58.182|I|32450|B7F7B6E0|INFO|HttpAuth::userAuth|Host=daybreak.globalgames.com.br|Port=80|Request=userAccount=pedrao&password=f7b5f871ae9dfc275b36ac4ef793964cdc0a7ef41a22f0075444b48a71a41c68&sign=669CD5D11113F7D847C17519EEED7B56
2014-03-24_09:22:58.219|I|32450|B7F7B6E0|INFO|HttpAuth::userAuth|Response=HTTP/1.1 200 OK
Connection: close
Content-Length: 125
Content-Type: text/html; charset=utf-8
Date: Mon, 24 Mar 2014 12:39:44 GMT
Server: Apache
Vary: Accept-Encoding

<?xml version="1.0" encoding="utf-8" ?><response><result>-1812</result><adult>1</adult><userName>pedrao</userName></response>
2014-03-24_09:22:58.219|I|32450|B7F7B6E0|INFO|0|104001|AllServer::_onJointAuthenExHttpAES|-1812|0|0|GMID=1204|GWID=104001|URI=http://daybreak.globalgames.com.br/auth/|UserName=pedrao|Password=c0447052a1be8c51ba30681a7b89281d|Send3rdPassword=f7b5f871ae9dfc275b36ac4ef793964cdc0a7ef41a22f0075444b48a71a41c68|UserID_Union=|Lower=1|User_Flag=0|User_Type=0|Adult_Flag=0|User_Class=0|User_Point=0|Appendix1=0|Appendix2=0|Promoter_ID=0|User_IP=177.134.6.224|User_Port=50699|Client_MAC=C61731FE4111|AD_ID=''|Hardware_SN1=''|Hardware_SN2=''|ClientType=full|NeedCheckPwd=1|TC1=37|TC2=0|TC=37
2014-03-24_09:22:58.219|I|32450|B7F7B6E0|INFO|package|1|SequenceID=235796|toRouter
2014-03-24_09:24:06.082|I|32450|B7F7B6E0|INFO|unPackage|1|pdu_len=162|orig_pdu_len=162|curr_agip_version=0x20|orig_agip_version=0x20|is_yt_version='no'|command_id=0x10003802|seq_id=235806|game_id=1204|gateway_id=104001|src_ip=192.168.177.92|src_port=51571
2014-03-24_09:24:06.084|I|32450|B7F7B6E0|INFO|HttpAuth::userAuth|Host=daybreak.globalgames.com.br|Port=80|Request=userAccount=pedrao&password=f7b5f871ae9dfc275b36ac4ef793964cdc0a7ef41a22f0075444b48a71a41c68&sign=669CD5D11113F7D847C17519EEED7B56
2014-03-24_09:24:06.111|I|32450|B7F7B6E0|INFO|HttpAuth::userAuth|Response=HTTP/1.1 200 OK
Connection: close
Content-Length: 125
Content-Type: text/html; charset=utf-8
Date: Mon, 24 Mar 2014 12:40:52 GMT
Server: Apache
Vary: Accept-Encoding

<?xml version="1.0" encoding="utf-8" ?><response><result>-1812</result><adult>1</adult><userName>pedrao</userName></response>
2014-03-24_09:24:06.112|I|32450|B7F7B6E0|INFO|0|104001|AllServer::_onJointAuthenExHttpAES|-1812|0|0|GMID=1204|GWID=104001|URI=http://daybreak.globalgames.com.br/auth/|UserName=pedrao|Password=c0447052a1be8c51ba30681a7b89281d|Send3rdPassword=f7b5f871ae9dfc275b36ac4ef793964cdc0a7ef41a22f0075444b48a71a41c68|UserID_Union=|Lower=1|User_Flag=0|User_Type=0|Adult_Flag=0|User_Class=0|User_Point=0|Appendix1=0|Appendix2=0|Promoter_ID=0|User_IP=177.134.6.224|User_Port=59221|Client_MAC=C61731FE4111|AD_ID=''|Hardware_SN1=''|Hardware_SN2=''|ClientType=full|NeedCheckPwd=1|TC1=30|TC2=0|TC=30
2014-03-24_09:24:06.112|I|32450|B7F7B6E0|INFO|package|1|SequenceID=235806|toRouter
2014-03-24_09:24:17.929|I|32450|B7F7B6E0|INFO|unPackage|1|pdu_len=162|orig_pdu_len=162|curr_agip_version=0x20|orig_agip_version=0x20|is_yt_version='no'|command_id=0x10003802|seq_id=235809|game_id=1204|gateway_id=104001|src_ip=192.168.177.92|src_port=51571
2014-03-24_09:24:17.930|I|32450|B7F7B6E0|INFO|HttpAuth::userAuth|Host=daybreak.globalgames.com.br|Port=80|Request=userAccount=pedrao&password=f7b5f871ae9dfc275b36ac4ef793964cdc0a7ef41a22f0075444b48a71a41c68&sign=669CD5D11113F7D847C17519EEED7B56
2014-03-24_09:24:17.958|I|32450|B7F7B6E0|INFO|HttpAuth::userAuth|Response=HTTP/1.1 200 OK
Connection: close
Content-Length: 125
Content-Type: text/html; charset=utf-8
Date: Mon, 24 Mar 2014 12:41:04 GMT
Server: Apache
Vary: Accept-Encoding

<?xml version="1.0" encoding="utf-8" ?><response><result>-1812</result><adult>1</adult><userName>pedrao</userName></response>
2014-03-24_09:24:17.958|I|32450|B7F7B6E0|INFO|0|104001|AllServer::_onJointAuthenExHttpAES|-1812|0|0|GMID=1204|GWID=104001|URI=http://daybreak.globalgames.com.br/auth/|UserName=pedrao|Password=c0447052a1be8c51ba30681a7b89281d|Send3rdPassword=f7b5f871ae9dfc275b36ac4ef793964cdc0a7ef41a22f0075444b48a71a41c68|UserID_Union=|Lower=1|User_Flag=0|User_Type=0|Adult_Flag=0|User_Class=0|User_Point=0|Appendix1=0|Appendix2=0|Promoter_ID=0|User_IP=177.134.6.224|User_Port=59223|Client_MAC=C61731FE4111|AD_ID=''|Hardware_SN1=''|Hardware_SN2=''|ClientType=full|NeedCheckPwd=1|TC1=29|TC2=0|TC=29
2014-03-24_09:24:17.958|I|32450|B7F7B6E0|INFO|package|1|SequenceID=235809|toRouter
2014-03-24_09:32:27.932|I|32450|B7F7B6E0|INFO|unPackage|1|pdu_len=164|orig_pdu_len=164|curr_agip_version=0x20|orig_agip_version=0x20|is_yt_version='no'|command_id=0x10003802|seq_id=236111|game_id=1204|gateway_id=104001|src_ip=192.168.177.92|src_port=51571
2014-03-24_09:32:27.934|I|32450|B7F7B6E0|INFO|HttpAuth::userAuth|Host=daybreak.globalgames.com.br|Port=80|Request=userAccount=richard3&password=d5ddbff4995734213c9aeb61d8227b0ac40d17a0ca5b52789caeb0b50722b46f&sign=764A13913BAAD88B15C5F33AE47B6521
2014-03-24_09:32:27.963|I|32450|B7F7B6E0|INFO|HttpAuth::userAuth|Response=HTTP/1.1 200 OK
Connection: close
Content-Length: 123
Content-Type: text/html; charset=utf-8
Date: Mon, 24 Mar 2014 12:49:14 GMT
Server: Apache
Vary: Accept-Encoding

<?xml version="1.0" encoding="utf-8" ?><response><result>1</result><adult>1</adult><userName>richard3</userName></response>
2014-03-24_09:32:27.970|I|32450|B7F7B6E0|INFO|0|104001|AllServer::_onJointAuthenExHttpAES|1|1500000007|0|GMID=1204|GWID=104001|URI=http://daybreak.globalgames.com.br/auth/|UserName=richard3|Password=b45441068b0371dad184621bf09b7e4e|Send3rdPassword=d5ddbff4995734213c9aeb61d8227b0ac40d17a0ca5b52789caeb0b50722b46f|UserID_Union=richard3|Lower=1|User_Flag=0|User_Type=0|Adult_Flag=1|User_Class=0|User_Point=0|Appendix1=0|Appendix2=0|Promoter_ID=0|User_IP=177.134.6.224|User_Port=60181|Client_MAC=00FF6B35BD7B|AD_ID=''|Hardware_SN1=''|Hardware_SN2=''|ClientType=full|NeedCheckPwd=1|TC1=31|TC2=7|TC=38
2014-03-24_09:32:27.970|I|32450|B7F7B6E0|INFO|package|1|SequenceID=236111|toRouter
2014-03-24_09:33:52.379|I|32450|B7F7B6E0|INFO|unPackage|1|pdu_len=164|orig_pdu_len=164|curr_agip_version=0x20|orig_agip_version=0x20|is_yt_version='no'|command_id=0x10003802|seq_id=236225|game_id=1204|gateway_id=104001|src_ip=192.168.177.92|src_port=51571
2014-03-24_09:33:52.382|I|32450|B7F7B6E0|INFO|HttpAuth::userAuth|Host=daybreak.globalgames.com.br|Port=80|Request=userAccount=richard3&password=d5ddbff4995734213c9aeb61d8227b0ac40d17a0ca5b52789caeb0b50722b46f&sign=764A13913BAAD88B15C5F33AE47B6521
2014-03-24_09:33:52.414|I|32450|B7F7B6E0|INFO|HttpAuth::userAuth|Response=HTTP/1.1 200 OK
Connection: close
Content-Length: 123
Content-Type: text/html; charset=utf-8
Date: Mon, 24 Mar 2014 12:50:38 GMT
Server: Apache
Vary: Accept-Encoding

<?xml version="1.0" encoding="utf-8" ?><response><result>1</result><adult>1</adult><userName>richard3</userName></response>
2014-03-24_09:33:52.423|I|32450|B7F7B6E0|INFO|0|104001|AllServer::_onJointAuthenExHttpAES|1|1500000007|0|GMID=1204|GWID=104001|URI=http://daybreak.globalgames.com.br/auth/|UserName=richard3|Password=b45441068b0371dad184621bf09b7e4e|Send3rdPassword=d5ddbff4995734213c9aeb61d8227b0ac40d17a0ca5b52789caeb0b50722b46f|UserID_Union=richard3|Lower=1|User_Flag=0|User_Type=0|Adult_Flag=1|User_Class=0|User_Point=0|Appendix1=0|Appendix2=0|Promoter_ID=0|User_IP=177.134.6.224|User_Port=60185|Client_MAC=00FF6B35BD7B|AD_ID=''|Hardware_SN1=''|Hardware_SN2=''|ClientType=full|NeedCheckPwd=1|TC1=34|TC2=9|TC=43
2014-03-24_09:33:52.423|I|32450|B7F7B6E0|INFO|package|1|SequenceID=236225|toRouter
2014-03-24_09:35:23.282|I|32450|B7F7B6E0|INFO|unPackage|1|pdu_len=164|orig_pdu_len=164|curr_agip_version=0x20|orig_agip_version=0x20|is_yt_version='no'|command_id=0x10003802|seq_id=236239|game_id=1204|gateway_id=104001|src_ip=192.168.177.92|src_port=51571
2014-03-24_09:35:23.283|I|32450|B7F7B6E0|INFO|HttpAuth::userAuth|Host=daybreak.globalgames.com.br|Port=80|Request=userAccount=richard3&password=d5ddbff4995734213c9aeb61d8227b0ac40d17a0ca5b52789caeb0b50722b46f&sign=764A13913BAAD88B15C5F33AE47B6521
2014-03-24_09:35:23.326|I|32450|B7F7B6E0|INFO|HttpAuth::userAuth|Response=HTTP/1.1 200 OK
Connection: close
Content-Length: 123
Content-Type: text/html; charset=utf-8
Date: Mon, 24 Mar 2014 12:52:09 GMT
Server: Apache
Vary: Accept-Encoding

<?xml version="1.0" encoding="utf-8" ?><response><result>1</result><adult>1</adult><userName>richard3</userName></response>
2014-03-24_09:35:23.332|I|32450|B7F7B6E0|INFO|0|104001|AllServer::_onJointAuthenExHttpAES|1|1500000007|0|GMID=1204|GWID=104001|URI=http://daybreak.globalgames.com.br/auth/|UserName=richard3|Password=b45441068b0371dad184621bf09b7e4e|Send3rdPassword=d5ddbff4995734213c9aeb61d8227b0ac40d17a0ca5b52789caeb0b50722b46f|UserID_Union=richard3|Lower=1|User_Flag=0|User_Type=0|Adult_Flag=1|User_Class=0|User_Point=0|Appendix1=0|Appendix2=0|Promoter_ID=0|User_IP=177.134.6.224|User_Port=60188|Client_MAC=00FF6B35BD7B|AD_ID=''|Hardware_SN1=''|Hardware_SN2=''|ClientType=full|NeedCheckPwd=1|TC1=44|TC2=6|TC=50
2014-03-24_09:35:23.332|I|32450|B7F7B6E0|INFO|package|1|SequenceID=236239|toRouter
2014-03-24_09:38:19.229|I|32450|B7F7B6E0|INFO|unPackage|1|pdu_len=164|orig_pdu_len=164|curr_agip_version=0x20|orig_agip_version=0x20|is_yt_version='no'|command_id=0x10003802|seq_id=236262|game_id=1204|gateway_id=104001|src_ip=192.168.177.92|src_port=51571
2014-03-24_09:38:19.230|I|32450|B7F7B6E0|INFO|HttpAuth::userAuth|Host=daybreak.globalgames.com.br|Port=80|Request=userAccount=richard3&password=35ec1736d0e37e641a911b841d9b0b4f313dd49e062b1252b2f5f85d9ad4597b&sign=FB39EB63D81FFC64E40B5FA6743A984F
2014-03-24_09:38:19.257|I|32450|B7F7B6E0|INFO|HttpAuth::userAuth|Response=HTTP/1.1 200 OK
Connection: close
Content-Length: 127
Content-Type: text/html; charset=utf-8
Date: Mon, 24 Mar 2014 12:55:05 GMT
Server: Apache
Vary: Accept-Encoding

<?xml version="1.0" encoding="utf-8" ?><response><result>-1815</result><adult>1</adult><userName>richard3</userName></response>
2014-03-24_09:38:19.257|I|32450|B7F7B6E0|INFO|0|104001|AllServer::_onJointAuthenExHttpAES|-1815|0|0|GMID=1204|GWID=104001|URI=http://daybreak.globalgames.com.br/auth/|UserName=richard3|Password=5cd32688acfaf1e5314979ca599cd4c8|Send3rdPassword=35ec1736d0e37e641a911b841d9b0b4f313dd49e062b1252b2f5f85d9ad4597b|UserID_Union=|Lower=1|User_Flag=0|User_Type=0|Adult_Flag=0|User_Class=0|User_Point=0|Appendix1=0|Appendix2=0|Promoter_ID=0|User_IP=177.134.6.224|User_Port=60198|Client_MAC=00FF6B35BD7B|AD_ID=''|Hardware_SN1=''|Hardware_SN2=''|ClientType=full|NeedCheckPwd=1|TC1=28|TC2=0|TC=28
2014-03-24_09:38:19.257|I|32450|B7F7B6E0|INFO|package|1|SequenceID=236262|toRouter
2014-03-24_09:38:31.326|I|32450|B7F7B6E0|INFO|unPackage|1|pdu_len=164|orig_pdu_len=164|curr_agip_version=0x20|orig_agip_version=0x20|is_yt_version='no'|command_id=0x10003802|seq_id=236264|game_id=1204|gateway_id=104001|src_ip=192.168.177.92|src_port=51571
2014-03-24_09:38:31.327|I|32450|B7F7B6E0|INFO|HttpAuth::userAuth|Host=daybreak.globalgames.com.br|Port=80|Request=userAccount=richard3&password=d5ddbff4995734213c9aeb61d8227b0ac40d17a0ca5b52789caeb0b50722b46f&sign=764A13913BAAD88B15C5F33AE47B6521
2014-03-24_09:38:31.354|I|32450|B7F7B6E0|INFO|HttpAuth::userAuth|Response=HTTP/1.1 200 OK
Connection: close
Content-Length: 123
Content-Type: text/html; charset=utf-8
Date: Mon, 24 Mar 2014 12:55:17 GMT
Server: Apache
Vary: Accept-Encoding

<?xml version="1.0" encoding="utf-8" ?><response><result>1</result><adult>1</adult><userName>richard3</userName></response>
2014-03-24_09:38:31.361|I|32450|B7F7B6E0|INFO|0|104001|AllServer::_onJointAuthenExHttpAES|1|1500000007|0|GMID=1204|GWID=104001|URI=http://daybreak.globalgames.com.br/auth/|UserName=richard3|Password=b45441068b0371dad184621bf09b7e4e|Send3rdPassword=d5ddbff4995734213c9aeb61d8227b0ac40d17a0ca5b52789caeb0b50722b46f|UserID_Union=richard3|Lower=1|User_Flag=0|User_Type=0|Adult_Flag=1|User_Class=0|User_Point=0|Appendix1=0|Appendix2=0|Promoter_ID=0|User_IP=177.134.6.224|User_Port=60200|Client_MAC=00FF6B35BD7B|AD_ID=''|Hardware_SN1=''|Hardware_SN2=''|ClientType=full|NeedCheckPwd=1|TC1=28|TC2=7|TC=35
2014-03-24_09:38:31.361|I|32450|B7F7B6E0|INFO|package|1|SequenceID=236264|toRouter
2014-03-24_09:38:46.478|I|32450|B7F7B6E0|INFO|unPackage|1|pdu_len=164|orig_pdu_len=164|curr_agip_version=0x20|orig_agip_version=0x20|is_yt_version='no'|command_id=0x10003802|seq_id=236268|game_id=1204|gateway_id=104001|src_ip=192.168.177.92|src_port=51571
2014-03-24_09:38:46.479|I|32450|B7F7B6E0|INFO|HttpAuth::userAuth|Host=daybreak.globalgames.com.br|Port=80|Request=userAccount=cmpedrao&password=d46e1cc99c5a0f61108ca2f08058aeee91740480b03226a4d495eec3b380c7b5&sign=AA911A188F134E08B263BA5D2763421E
2014-03-24_09:38:46.507|I|32450|B7F7B6E0|INFO|HttpAuth::userAuth|Response=HTTP/1.1 200 OK
Connection: close
Content-Length: 123
Content-Type: text/html; charset=utf-8
Date: Mon, 24 Mar 2014 12:55:32 GMT
Server: Apache
Vary: Accept-Encoding

<?xml version="1.0" encoding="utf-8" ?><response><result>1</result><adult>1</adult><userName>cmpedrao</userName></response>
2014-03-24_09:38:46.515|I|32450|B7F7B6E0|INFO|0|104001|AllServer::_onJointAuthenExHttpAES|1|1500000074|0|GMID=1204|GWID=104001|URI=http://daybreak.globalgames.com.br/auth/|UserName=cmpedrao|Password=27187f7daa959674bbea9017aa40009c|Send3rdPassword=d46e1cc99c5a0f61108ca2f08058aeee91740480b03226a4d495eec3b380c7b5|UserID_Union=cmpedrao|Lower=1|User_Flag=0|User_Type=0|Adult_Flag=1|User_Class=0|User_Point=0|Appendix1=0|Appendix2=0|Promoter_ID=0|User_IP=177.134.6.224|User_Port=59543|Client_MAC=C61731FE4111|AD_ID=''|Hardware_SN1=''|Hardware_SN2=''|ClientType=full|NeedCheckPwd=1|TC1=29|TC2=8|TC=37
2014-03-24_09:38:46.515|I|32450|B7F7B6E0|INFO|package|1|SequenceID=236268|toRouter
2014-03-24_09:41:04.330|I|32450|B7F7B6E0|INFO|unPackage|1|pdu_len=164|orig_pdu_len=164|curr_agip_version=0x20|orig_agip_version=0x20|is_yt_version='no'|command_id=0x10003802|seq_id=236291|game_id=1204|gateway_id=104001|src_ip=192.168.177.92|src_port=51571
2014-03-24_09:41:04.331|I|32450|B7F7B6E0|INFO|HttpAuth::userAuth|Host=daybreak.globalgames.com.br|Port=80|Request=userAccount=cmpedrao&password=d46e1cc99c5a0f61108ca2f08058aeee91740480b03226a4d495eec3b380c7b5&sign=AA911A188F134E08B263BA5D2763421E
2014-03-24_09:41:04.358|I|32450|B7F7B6E0|INFO|HttpAuth::userAuth|Response=HTTP/1.1 200 OK
Connection: close
Content-Length: 123
Content-Type: text/html; charset=utf-8
Date: Mon, 24 Mar 2014 12:57:50 GMT
Server: Apache
Vary: Accept-Encoding

<?xml version="1.0" encoding="utf-8" ?><response><result>1</result><adult>1</adult><userName>cmpedrao</userName></response>
2014-03-24_09:41:04.365|I|32450|B7F7B6E0|INFO|0|104001|AllServer::_onJointAuthenExHttpAES|1|1500000074|0|GMID=1204|GWID=104001|URI=http://daybreak.globalgames.com.br/auth/|UserName=cmpedrao|Password=27187f7daa959674bbea9017aa40009c|Send3rdPassword=d46e1cc99c5a0f61108ca2f08058aeee91740480b03226a4d495eec3b380c7b5|UserID_Union=cmpedrao|Lower=1|User_Flag=0|User_Type=0|Adult_Flag=1|User_Class=0|User_Point=0|Appendix1=0|Appendix2=0|Promoter_ID=0|User_IP=177.134.6.224|User_Port=59716|Client_MAC=C61731FE4111|AD_ID=''|Hardware_SN1=''|Hardware_SN2=''|ClientType=full|NeedCheckPwd=1|TC1=29|TC2=6|TC=35
2014-03-24_09:41:04.365|I|32450|B7F7B6E0|INFO|package|1|SequenceID=236291|toRouter
2014-03-24_11:26:11.577|I|32450|B7F7B6E0|INFO|unPackage|1|pdu_len=163|orig_pdu_len=163|curr_agip_version=0x20|orig_agip_version=0x20|is_yt_version='no'|command_id=0x10003802|seq_id=237079|game_id=1204|gateway_id=104001|src_ip=192.168.177.92|src_port=51571
2014-03-24_11:26:11.579|I|32450|B7F7B6E0|INFO|HttpAuth::userAuth|Host=daybreak.globalgames.com.br|Port=80|Request=userAccount=pedrao6&password=f7b5f871ae9dfc275b36ac4ef793964cdc0a7ef41a22f0075444b48a71a41c68&sign=C903D2C350F82FE608269A8B28D30B40
2014-03-24_11:26:11.662|I|32450|B7F7B6E0|INFO|HttpAuth::userAuth|Response=HTTP/1.1 200 OK
Connection: close
Content-Length: 122
Content-Type: text/html; charset=utf-8
Date: Mon, 24 Mar 2014 14:42:58 GMT
Server: Apache
Vary: Accept-Encoding

<?xml version="1.0" encoding="utf-8" ?><response><result>1</result><adult>1</adult><userName>pedrao6</userName></response>
2014-03-24_11:26:11.669|I|32450|B7F7B6E0|INFO|0|104001|AllServer::_onJointAuthenExHttpAES|1|1500000027|0|GMID=1204|GWID=104001|URI=http://daybreak.globalgames.com.br/auth/|UserName=pedrao6|Password=c0447052a1be8c51ba30681a7b89281d|Send3rdPassword=f7b5f871ae9dfc275b36ac4ef793964cdc0a7ef41a22f0075444b48a71a41c68|UserID_Union=pedrao6|Lower=1|User_Flag=0|User_Type=0|Adult_Flag=1|User_Class=0|User_Point=0|Appendix1=0|Appendix2=0|Promoter_ID=0|User_IP=177.134.6.224|User_Port=60779|Client_MAC=C61731FE4111|AD_ID=''|Hardware_SN1=''|Hardware_SN2=''|ClientType=full|NeedCheckPwd=1|TC1=86|TC2=6|TC=92
2014-03-24_11:26:11.669|I|32450|B7F7B6E0|INFO|package|1|SequenceID=237079|toRouter
2014-03-24_13:00:25.876|I|32450|B7F7B6E0|INFO|unPackage|1|pdu_len=164|orig_pdu_len=164|curr_agip_version=0x20|orig_agip_version=0x20|is_yt_version='no'|command_id=0x10003802|seq_id=237782|game_id=1204|gateway_id=104001|src_ip=192.168.177.92|src_port=51571
2014-03-24_13:00:25.879|I|32450|B7F7B6E0|INFO|HttpAuth::userAuth|Host=daybreak.globalgames.com.br|Port=80|Request=userAccount=bibizika&password=9ba9fabc6c990b3ec88b7079c3d7c6c98f51f9be26954a28358f8b478c516b0d&sign=62358966EF21A31FD364EC8034C3D092
2014-03-24_13:00:25.917|I|32450|B7F7B6E0|INFO|HttpAuth::userAuth|Response=HTTP/1.1 200 OK
Connection: close
Content-Length: 123
Content-Type: text/html; charset=utf-8
Date: Mon, 24 Mar 2014 16:17:12 GMT
Server: Apache
Vary: Accept-Encoding

<?xml version="1.0" encoding="utf-8" ?><response><result>1</result><adult>1</adult><userName>bibizika</userName></response>
2014-03-24_13:00:25.924|I|32450|B7F7B6E0|INFO|0|104001|AllServer::_onJointAuthenExHttpAES|1|1500000052|0|GMID=1204|GWID=104001|URI=http://daybreak.globalgames.com.br/auth/|UserName=bibizika|Password=c3febbdcb0130af4807bf0941fa4acc4|Send3rdPassword=9ba9fabc6c990b3ec88b7079c3d7c6c98f51f9be26954a28358f8b478c516b0d|UserID_Union=bibizika|Lower=1|User_Flag=0|User_Type=0|Adult_Flag=1|User_Class=0|User_Point=0|Appendix1=0|Appendix2=0|Promoter_ID=0|User_IP=177.47.22.70|User_Port=51396|Client_MAC=00FFDCB872A3|AD_ID=''|Hardware_SN1=''|Hardware_SN2=''|ClientType=full|NeedCheckPwd=1|TC1=41|TC2=7|TC=48
2014-03-24_13:00:25.924|I|32450|B7F7B6E0|INFO|package|1|SequenceID=237782|toRouter
2014-03-24_13:18:15.428|I|32450|B7F7B6E0|INFO|unPackage|1|pdu_len=163|orig_pdu_len=163|curr_agip_version=0x20|orig_agip_version=0x20|is_yt_version='no'|command_id=0x10003802|seq_id=237940|game_id=1204|gateway_id=104001|src_ip=192.168.177.92|src_port=51571
2014-03-24_13:18:15.430|I|32450|B7F7B6E0|INFO|HttpAuth::userAuth|Host=daybreak.globalgames.com.br|Port=80|Request=userAccount=pedrao6&password=f7b5f871ae9dfc275b36ac4ef793964cdc0a7ef41a22f0075444b48a71a41c68&sign=C903D2C350F82FE608269A8B28D30B40
2014-03-24_13:18:15.470|I|32450|B7F7B6E0|INFO|HttpAuth::userAuth|Response=HTTP/1.1 200 OK
Connection: close
Content-Length: 122
Content-Type: text/html; charset=utf-8
Date: Mon, 24 Mar 2014 16:35:02 GMT
Server: Apache
Vary: Accept-Encoding

<?xml version="1.0" encoding="utf-8" ?><response><result>1</result><adult>1</adult><userName>pedrao6</userName></response>
2014-03-24_13:18:15.475|I|32450|B7F7B6E0|INFO|0|104001|AllServer::_onJointAuthenExHttpAES|1|1500000027|0|GMID=1204|GWID=104001|URI=http://daybreak.globalgames.com.br/auth/|UserName=pedrao6|Password=c0447052a1be8c51ba30681a7b89281d|Send3rdPassword=f7b5f871ae9dfc275b36ac4ef793964cdc0a7ef41a22f0075444b48a71a41c68|UserID_Union=pedrao6|Lower=1|User_Flag=0|User_Type=0|Adult_Flag=1|User_Class=0|User_Point=0|Appendix1=0|Appendix2=0|Promoter_ID=0|User_IP=177.134.6.224|User_Port=62230|Client_MAC=C61731FE4111|AD_ID=''|Hardware_SN1=''|Hardware_SN2=''|ClientType=full|NeedCheckPwd=1|TC1=42|TC2=5|TC=47
2014-03-24_13:18:15.475|I|32450|B7F7B6E0|INFO|package|1|SequenceID=237940|toRouter
2014-03-24_13:34:58.876|I|32450|B7F7B6E0|INFO|unPackage|1|pdu_len=164|orig_pdu_len=164|curr_agip_version=0x20|orig_agip_version=0x20|is_yt_version='no'|command_id=0x10003802|seq_id=238072|game_id=1204|gateway_id=104001|src_ip=192.168.177.92|src_port=51571
2014-03-24_13:34:58.878|I|32450|B7F7B6E0|INFO|HttpAuth::userAuth|Host=daybreak.globalgames.com.br|Port=80|Request=userAccount=pedrao12&password=f7b5f871ae9dfc275b36ac4ef793964cdc0a7ef41a22f0075444b48a71a41c68&sign=86E7C38A880ADB8D387690ED776EEFFB
2014-03-24_13:34:58.969|I|32450|B7F7B6E0|INFO|HttpAuth::userAuth|Response=HTTP/1.1 200 OK
Connection: close
Content-Length: 123
Content-Type: text/html; charset=utf-8
Date: Mon, 24 Mar 2014 16:51:45 GMT
Server: Apache
Vary: Accept-Encoding

<?xml version="1.0" encoding="utf-8" ?><response><result>1</result><adult>1</adult><userName>pedrao12</userName></response>
2014-03-24_13:34:58.976|I|32450|B7F7B6E0|INFO|0|104001|AllServer::_onJointAuthenExHttpAES|1|1500000054|0|GMID=1204|GWID=104001|URI=http://daybreak.globalgames.com.br/auth/|UserName=pedrao12|Password=c0447052a1be8c51ba30681a7b89281d|Send3rdPassword=f7b5f871ae9dfc275b36ac4ef793964cdc0a7ef41a22f0075444b48a71a41c68|UserID_Union=pedrao12|Lower=1|User_Flag=0|User_Type=0|Adult_Flag=1|User_Class=0|User_Point=0|Appendix1=0|Appendix2=0|Promoter_ID=0|User_IP=177.134.6.224|User_Port=60622|Client_MAC=50E549F1AF2F|AD_ID=''|Hardware_SN1=''|Hardware_SN2=''|ClientType=full|NeedCheckPwd=1|TC1=93|TC2=7|TC=100
2014-03-24_13:34:58.976|I|32450|B7F7B6E0|INFO|package|1|SequenceID=238072|toRouter
2014-03-24_13:35:25.778|I|32450|B7F7B6E0|INFO|unPackage|1|pdu_len=164|orig_pdu_len=164|curr_agip_version=0x20|orig_agip_version=0x20|is_yt_version='no'|command_id=0x10003802|seq_id=238078|game_id=1204|gateway_id=104001|src_ip=192.168.177.92|src_port=51571
2014-03-24_13:35:25.778|I|32450|B7F7B6E0|INFO|HttpAuth::userAuth|Host=daybreak.globalgames.com.br|Port=80|Request=userAccount=pedrao13&password=f7b5f871ae9dfc275b36ac4ef793964cdc0a7ef41a22f0075444b48a71a41c68&sign=8CFBB80A9B45019CAABA5B9743A7BF56
2014-03-24_13:35:25.804|I|32450|B7F7B6E0|INFO|HttpAuth::userAuth|Response=HTTP/1.1 200 OK
Connection: close
Content-Length: 123
Content-Type: text/html; charset=utf-8
Date: Mon, 24 Mar 2014 16:52:12 GMT
Server: Apache
Vary: Accept-Encoding

<?xml version="1.0" encoding="utf-8" ?><response><result>1</result><adult>1</adult><userName>pedrao13</userName></response>
2014-03-24_13:35:25.811|I|32450|B7F7B6E0|INFO|0|104001|AllServer::_onJointAuthenExHttpAES|1|1500000068|0|GMID=1204|GWID=104001|URI=http://daybreak.globalgames.com.br/auth/|UserName=pedrao13|Password=c0447052a1be8c51ba30681a7b89281d|Send3rdPassword=f7b5f871ae9dfc275b36ac4ef793964cdc0a7ef41a22f0075444b48a71a41c68|UserID_Union=pedrao13|Lower=1|User_Flag=0|User_Type=0|Adult_Flag=1|User_Class=0|User_Point=0|Appendix1=0|Appendix2=0|Promoter_ID=0|User_IP=177.134.6.224|User_Port=60623|Client_MAC=50E549F1AF2F|AD_ID=''|Hardware_SN1=''|Hardware_SN2=''|ClientType=full|NeedCheckPwd=1|TC1=26|TC2=7|TC=33
2014-03-24_13:35:25.811|I|32450|B7F7B6E0|INFO|package|1|SequenceID=238078|toRouter
2014-03-24_13:35:50.225|I|32450|B7F7B6E0|INFO|unPackage|1|pdu_len=163|orig_pdu_len=163|curr_agip_version=0x20|orig_agip_version=0x20|is_yt_version='no'|command_id=0x10003802|seq_id=238083|game_id=1204|gateway_id=104001|src_ip=192.168.177.92|src_port=51571
2014-03-24_13:35:50.226|I|32450|B7F7B6E0|INFO|HttpAuth::userAuth|Host=daybreak.globalgames.com.br|Port=80|Request=userAccount=pedrao7&password=f7b5f871ae9dfc275b36ac4ef793964cdc0a7ef41a22f0075444b48a71a41c68&sign=FC1BB132B4D171EBD128E5223B76FD77
2014-03-24_13:35:50.257|I|32450|B7F7B6E0|INFO|HttpAuth::userAuth|Response=HTTP/1.1 200 OK
Connection: close
Content-Length: 122
Content-Type: text/html; charset=utf-8
Date: Mon, 24 Mar 2014 16:52:37 GMT
Server: Apache
Vary: Accept-Encoding

<?xml version="1.0" encoding="utf-8" ?><response><result>1</result><adult>1</adult><userName>pedrao7</userName></response>
2014-03-24_13:35:50.264|I|32450|B7F7B6E0|INFO|0|104001|AllServer::_onJointAuthenExHttpAES|1|1500000040|0|GMID=1204|GWID=104001|URI=http://daybreak.globalgames.com.br/auth/|UserName=pedrao7|Password=c0447052a1be8c51ba30681a7b89281d|Send3rdPassword=f7b5f871ae9dfc275b36ac4ef793964cdc0a7ef41a22f0075444b48a71a41c68|UserID_Union=pedrao7|Lower=1|User_Flag=0|User_Type=0|Adult_Flag=1|User_Class=0|User_Point=0|Appendix1=0|Appendix2=0|Promoter_ID=0|User_IP=177.134.6.224|User_Port=60624|Client_MAC=50E549F1AF2F|AD_ID=''|Hardware_SN1=''|Hardware_SN2=''|ClientType=full|NeedCheckPwd=1|TC1=33|TC2=6|TC=39
2014-03-24_13:35:50.264|I|32450|B7F7B6E0|INFO|package|1|SequenceID=238083|toRouter
2014-03-24_13:36:57.227|I|32450|B7F7B6E0|INFO|unPackage|1|pdu_len=163|orig_pdu_len=163|curr_agip_version=0x20|orig_agip_version=0x20|is_yt_version='no'|command_id=0x10003802|seq_id=238093|game_id=1204|gateway_id=104001|src_ip=192.168.177.92|src_port=51571
2014-03-24_13:36:57.228|I|32450|B7F7B6E0|INFO|HttpAuth::userAuth|Host=daybreak.globalgames.com.br|Port=80|Request=userAccount=pedrao8&password=f7b5f871ae9dfc275b36ac4ef793964cdc0a7ef41a22f0075444b48a71a41c68&sign=8DCC6A76D940EF06FCE45B63105386B4
2014-03-24_13:36:57.266|I|32450|B7F7B6E0|INFO|HttpAuth::userAuth|Response=HTTP/1.1 200 OK
Connection: close
Content-Length: 122
Content-Type: text/html; charset=utf-8
Date: Mon, 24 Mar 2014 16:53:44 GMT
Server: Apache
Vary: Accept-Encoding

<?xml version="1.0" encoding="utf-8" ?><response><result>1</result><adult>1</adult><userName>pedrao8</userName></response>
2014-03-24_13:36:57.272|I|32450|B7F7B6E0|INFO|0|104001|AllServer::_onJointAuthenExHttpAES|1|1500000043|0|GMID=1204|GWID=104001|URI=http://daybreak.globalgames.com.br/auth/|UserName=pedrao8|Password=c0447052a1be8c51ba30681a7b89281d|Send3rdPassword=f7b5f871ae9dfc275b36ac4ef793964cdc0a7ef41a22f0075444b48a71a41c68|UserID_Union=pedrao8|Lower=1|User_Flag=0|User_Type=0|Adult_Flag=1|User_Class=0|User_Point=0|Appendix1=0|Appendix2=0|Promoter_ID=0|User_IP=177.134.6.224|User_Port=60625|Client_MAC=50E549F1AF2F|AD_ID=''|Hardware_SN1=''|Hardware_SN2=''|ClientType=full|NeedCheckPwd=1|TC1=39|TC2=6|TC=45
2014-03-24_13:36:57.272|I|32450|B7F7B6E0|INFO|package|1|SequenceID=238093|toRouter
2014-03-24_14:07:26.628|I|32450|B7F7B6E0|INFO|unPackage|1|pdu_len=164|orig_pdu_len=164|curr_agip_version=0x20|orig_agip_version=0x20|is_yt_version='no'|command_id=0x10003802|seq_id=238445|game_id=1204|gateway_id=104001|src_ip=192.168.177.92|src_port=51571
2014-03-24_14:07:26.631|I|32450|B7F7B6E0|INFO|HttpAuth::userAuth|Host=daybreak.globalgames.com.br|Port=80|Request=userAccount=bibizika&password=9ba9fabc6c990b3ec88b7079c3d7c6c98f51f9be26954a28358f8b478c516b0d&sign=62358966EF21A31FD364EC8034C3D092
2014-03-24_14:07:26.667|I|32450|B7F7B6E0|INFO|HttpAuth::userAuth|Response=HTTP/1.1 200 OK
Connection: close
Content-Length: 123
Content-Type: text/html; charset=utf-8
Date: Mon, 24 Mar 2014 17:24:13 GMT
Server: Apache
Vary: Accept-Encoding

<?xml version="1.0" encoding="utf-8" ?><response><result>1</result><adult>1</adult><userName>bibizika</userName></response>
2014-03-24_14:07:26.672|I|32450|B7F7B6E0|INFO|0|104001|AllServer::_onJointAuthenExHttpAES|1|1500000052|0|GMID=1204|GWID=104001|URI=http://daybreak.globalgames.com.br/auth/|UserName=bibizika|Password=c3febbdcb0130af4807bf0941fa4acc4|Send3rdPassword=9ba9fabc6c990b3ec88b7079c3d7c6c98f51f9be26954a28358f8b478c516b0d|UserID_Union=bibizika|Lower=1|User_Flag=0|User_Type=0|Adult_Flag=1|User_Class=0|User_Point=0|Appendix1=0|Appendix2=0|Promoter_ID=0|User_IP=177.47.22.70|User_Port=57660|Client_MAC=00FFDCB872A3|AD_ID=''|Hardware_SN1=''|Hardware_SN2=''|ClientType=full|NeedCheckPwd=1|TC1=39|TC2=5|TC=44
2014-03-24_14:07:26.672|I|32450|B7F7B6E0|INFO|package|1|SequenceID=238445|toRouter
2014-03-24_14:14:19.076|I|32450|B7F7B6E0|INFO|unPackage|1|pdu_len=180|orig_pdu_len=180|curr_agip_version=0x20|orig_agip_version=0x20|is_yt_version='no'|command_id=0x10003802|seq_id=238524|game_id=1204|gateway_id=104001|src_ip=192.168.177.92|src_port=51571
2014-03-24_14:14:19.079|I|32450|B7F7B6E0|INFO|HttpAuth::userAuth|Host=daybreak.globalgames.com.br|Port=80|Request=userAccount=renan@globalgames.com.br&password=09e9fdf413aaf9e18814aad8e1b6dded37d8de14f81f69a8cd3f34b1cdbd54e5&sign=4BBA77B071D66EAF9DFA19853CF0874E
2014-03-24_14:14:19.117|I|32450|B7F7B6E0|INFO|HttpAuth::userAuth|Response=HTTP/1.1 200 OK
Connection: close
Content-Length: 145
Content-Type: text/html; charset=utf-8
Date: Mon, 24 Mar 2014 17:31:05 GMT
Server: Apache
Vary: Accept-Encoding

<?xml version="1.0" encoding="utf-8" ?><response><result>-1812</result><adult>1</adult><userName>renan%40globalgames.com.br</userName></response>
2014-03-24_14:14:19.117|I|32450|B7F7B6E0|INFO|0|104001|AllServer::_onJointAuthenExHttpAES|-1812|0|0|GMID=1204|GWID=104001|URI=http://daybreak.globalgames.com.br/auth/|UserName=renan@globalgames.com.br|Password=a064a9f8f1fca077cf47b6e91ad488d0|Send3rdPassword=09e9fdf413aaf9e18814aad8e1b6dded37d8de14f81f69a8cd3f34b1cdbd54e5|UserID_Union=|Lower=1|User_Flag=0|User_Type=0|Adult_Flag=0|User_Class=0|User_Point=0|Appendix1=0|Appendix2=0|Promoter_ID=0|User_IP=177.134.6.224|User_Port=52091|Client_MAC=00FFE589F806|AD_ID=''|Hardware_SN1=''|Hardware_SN2=''|ClientType=full|NeedCheckPwd=1|TC1=41|TC2=0|TC=41
2014-03-24_14:14:19.117|I|32450|B7F7B6E0|INFO|package|1|SequenceID=238524|toRouter
2014-03-24_15:02:46.077|I|32450|B7F7B6E0|INFO|unPackage|1|pdu_len=166|orig_pdu_len=166|curr_agip_version=0x20|orig_agip_version=0x20|is_yt_version='no'|command_id=0x10003802|seq_id=238885|game_id=1204|gateway_id=104001|src_ip=192.168.177.92|src_port=51571
2014-03-24_15:02:46.080|I|32450|B7F7B6E0|INFO|HttpAuth::userAuth|Host=daybreak.globalgames.com.br|Port=80|Request=userAccount=andersongg&password=6ca4b545ec99c4edd3293b83078f4c79a9f0a2a9f1ba68ea0351b0d0d4ffae57&sign=2640EC98230C3E08F412CA15CB0D705B
2014-03-24_15:02:46.117|I|32450|B7F7B6E0|INFO|HttpAuth::userAuth|Response=HTTP/1.1 200 OK
Connection: close
Content-Length: 125
Content-Type: text/html; charset=utf-8
Date: Mon, 24 Mar 2014 18:19:33 GMT
Server: Apache
Vary: Accept-Encoding

<?xml version="1.0" encoding="utf-8" ?><response><result>1</result><adult>1</adult><userName>andersongg</userName></response>
2014-03-24_15:02:46.124|I|32450|B7F7B6E0|INFO|0|104001|AllServer::_onJointAuthenExHttpAES|1|1500000006|0|GMID=1204|GWID=104001|URI=http://daybreak.globalgames.com.br/auth/|UserName=andersongg|Password=640156a929a2966b9f8ec76b15e71994|Send3rdPassword=6ca4b545ec99c4edd3293b83078f4c79a9f0a2a9f1ba68ea0351b0d0d4ffae57|UserID_Union=andersongg|Lower=1|User_Flag=0|User_Type=0|Adult_Flag=1|User_Class=0|User_Point=0|Appendix1=0|Appendix2=0|Promoter_ID=0|User_IP=189.34.139.82|User_Port=54349|Client_MAC=00FF6E0905A1|AD_ID=''|Hardware_SN1=''|Hardware_SN2=''|ClientType=full|NeedCheckPwd=1|TC1=40|TC2=7|TC=47
2014-03-24_15:02:46.124|I|32450|B7F7B6E0|INFO|package|1|SequenceID=238885|toRouter
2014-03-24_15:35:47.929|I|32450|B7F7B6E0|INFO|unPackage|1|pdu_len=162|orig_pdu_len=162|curr_agip_version=0x20|orig_agip_version=0x20|is_yt_version='no'|command_id=0x10003802|seq_id=239134|game_id=1204|gateway_id=104001|src_ip=192.168.177.92|src_port=51571
2014-03-24_15:35:47.932|I|32450|B7F7B6E0|INFO|HttpAuth::userAuth|Host=daybreak.globalgames.com.br|Port=80|Request=userAccount=felipe&password=54f776888a662f8a57afa20e8912f3e51eb87604d132b03f9f134c5f28b350eb&sign=536B25EC9D6C3B27A5F8FEDBC9383464
2014-03-24_15:35:48.021|I|32450|B7F7B6E0|INFO|HttpAuth::userAuth|Response=HTTP/1.1 200 OK
Connection: close
Content-Length: 121
Content-Type: text/html; charset=utf-8
Date: Mon, 24 Mar 2014 18:52:34 GMT
Server: Apache
Vary: Accept-Encoding

<?xml version="1.0" encoding="utf-8" ?><response><result>1</result><adult>1</adult><userName>felipe</userName></response>
2014-03-24_15:35:48.031|I|32450|B7F7B6E0|INFO|0|104001|AllServer::_onJointAuthenExHttpAES|1|1500000060|0|GMID=1204|GWID=104001|URI=http://daybreak.globalgames.com.br/auth/|UserName=felipe|Password=ce2a2695252bc30e81d6a7585ce02fe1|Send3rdPassword=54f776888a662f8a57afa20e8912f3e51eb87604d132b03f9f134c5f28b350eb|UserID_Union=felipe|Lower=1|User_Flag=0|User_Type=0|Adult_Flag=1|User_Class=0|User_Point=0|Appendix1=0|Appendix2=0|Promoter_ID=0|User_IP=177.134.6.224|User_Port=50088|Client_MAC=000C29B5017F|AD_ID=''|Hardware_SN1=''|Hardware_SN2=''|ClientType=full|NeedCheckPwd=1|TC1=95|TC2=7|TC=102
2014-03-24_15:35:48.031|I|32450|B7F7B6E0|INFO|package|1|SequenceID=239134|toRouter
2014-03-24_15:49:27.973|I|32450|B7F7B6E0|INFO|unPackage|1|pdu_len=162|orig_pdu_len=162|curr_agip_version=0x20|orig_agip_version=0x20|is_yt_version='no'|command_id=0x10003802|seq_id=239436|game_id=1204|gateway_id=104001|src_ip=192.168.177.92|src_port=51571
2014-03-24_15:49:27.975|I|32450|B7F7B6E0|INFO|HttpAuth::userAuth|Host=daybreak.globalgames.com.br|Port=80|Request=userAccount=felipe&password=54f776888a662f8a57afa20e8912f3e51eb87604d132b03f9f134c5f28b350eb&sign=536B25EC9D6C3B27A5F8FEDBC9383464
2014-03-24_15:49:28.010|I|32450|B7F7B6E0|INFO|HttpAuth::userAuth|Response=HTTP/1.1 200 OK
Connection: close
Content-Length: 121
Content-Type: text/html; charset=utf-8
Date: Mon, 24 Mar 2014 19:06:15 GMT
Server: Apache
Vary: Accept-Encoding

<?xml version="1.0" encoding="utf-8" ?><response><result>1</result><adult>1</adult><userName>felipe</userName></response>
2014-03-24_15:49:28.028|I|32450|B7F7B6E0|INFO|0|104001|AllServer::_onJointAuthenExHttpAES|1|1500000060|0|GMID=1204|GWID=104001|URI=http://daybreak.globalgames.com.br/auth/|UserName=felipe|Password=ce2a2695252bc30e81d6a7585ce02fe1|Send3rdPassword=54f776888a662f8a57afa20e8912f3e51eb87604d132b03f9f134c5f28b350eb|UserID_Union=felipe|Lower=1|User_Flag=0|User_Type=0|Adult_Flag=1|User_Class=0|User_Point=0|Appendix1=0|Appendix2=0|Promoter_ID=0|User_IP=177.134.6.224|User_Port=49171|Client_MAC=000C29B5017F|AD_ID=''|Hardware_SN1=''|Hardware_SN2=''|ClientType=full|NeedCheckPwd=1|TC1=37|TC2=18|TC=55
2014-03-24_15:49:28.028|I|32450|B7F7B6E0|INFO|package|1|SequenceID=239436|toRouter
2014-03-24_16:06:07.030|I|32450|B7F7B6E0|INFO|unPackage|1|pdu_len=164|orig_pdu_len=164|curr_agip_version=0x20|orig_agip_version=0x20|is_yt_version='no'|command_id=0x10003802|seq_id=239565|game_id=1204|gateway_id=104001|src_ip=192.168.177.92|src_port=51571
2014-03-24_16:06:07.032|I|32450|B7F7B6E0|INFO|HttpAuth::userAuth|Host=daybreak.globalgames.com.br|Port=80|Request=userAccount=richard3&password=d5ddbff4995734213c9aeb61d8227b0ac40d17a0ca5b52789caeb0b50722b46f&sign=764A13913BAAD88B15C5F33AE47B6521
2014-03-24_16:06:07.069|I|32450|B7F7B6E0|INFO|HttpAuth::userAuth|Response=HTTP/1.1 200 OK
Connection: close
Content-Length: 123
Content-Type: text/html; charset=utf-8
Date: Mon, 24 Mar 2014 19:22:54 GMT
Server: Apache
Vary: Accept-Encoding

<?xml version="1.0" encoding="utf-8" ?><response><result>1</result><adult>1</adult><userName>richard3</userName></response>
2014-03-24_16:06:07.076|I|32450|B7F7B6E0|INFO|0|104001|AllServer::_onJointAuthenExHttpAES|1|1500000007|0|GMID=1204|GWID=104001|URI=http://daybreak.globalgames.com.br/auth/|UserName=richard3|Password=b45441068b0371dad184621bf09b7e4e|Send3rdPassword=d5ddbff4995734213c9aeb61d8227b0ac40d17a0ca5b52789caeb0b50722b46f|UserID_Union=richard3|Lower=1|User_Flag=0|User_Type=0|Adult_Flag=1|User_Class=0|User_Point=0|Appendix1=0|Appendix2=0|Promoter_ID=0|User_IP=177.134.6.224|User_Port=52835|Client_MAC=00FF6B35BD7B|AD_ID=''|Hardware_SN1=''|Hardware_SN2=''|ClientType=full|NeedCheckPwd=1|TC1=39|TC2=7|TC=46
2014-03-24_16:06:07.076|I|32450|B7F7B6E0|INFO|package|1|SequenceID=239565|toRouter
2014-03-24_17:32:23.275|I|32450|B7F7B6E0|INFO|unPackage|1|pdu_len=164|orig_pdu_len=164|curr_agip_version=0x20|orig_agip_version=0x20|is_yt_version='no'|command_id=0x10003802|seq_id=240458|game_id=1204|gateway_id=104001|src_ip=192.168.177.92|src_port=51571
2014-03-24_17:32:23.279|I|32450|B7F7B6E0|INFO|HttpAuth::userAuth|Host=daybreak.globalgames.com.br|Port=80|Request=userAccount=richard3&password=d5ddbff4995734213c9aeb61d8227b0ac40d17a0ca5b52789caeb0b50722b46f&sign=764A13913BAAD88B15C5F33AE47B6521
2014-03-24_17:32:23.322|I|32450|B7F7B6E0|INFO|HttpAuth::userAuth|Response=HTTP/1.1 200 OK
Connection: close
Content-Length: 123
Content-Type: text/html; charset=utf-8
Date: Mon, 24 Mar 2014 20:49:10 GMT
Server: Apache
Vary: Accept-Encoding

<?xml version="1.0" encoding="utf-8" ?><response><result>1</result><adult>1</adult><userName>richard3</userName></response>
2014-03-24_17:32:23.327|I|32450|B7F7B6E0|INFO|0|104001|AllServer::_onJointAuthenExHttpAES|1|1500000007|0|GMID=1204|GWID=104001|URI=http://daybreak.globalgames.com.br/auth/|UserName=richard3|Password=b45441068b0371dad184621bf09b7e4e|Send3rdPassword=d5ddbff4995734213c9aeb61d8227b0ac40d17a0ca5b52789caeb0b50722b46f|UserID_Union=richard3|Lower=1|User_Flag=0|User_Type=0|Adult_Flag=1|User_Class=0|User_Point=0|Appendix1=0|Appendix2=0|Promoter_ID=0|User_IP=177.134.6.224|User_Port=53152|Client_MAC=00FF6B35BD7B|AD_ID=''|Hardware_SN1=''|Hardware_SN2=''|ClientType=full|NeedCheckPwd=1|TC1=47|TC2=5|TC=52
2014-03-24_17:32:23.327|I|32450|B7F7B6E0|INFO|package|1|SequenceID=240458|toRouter
2014-03-24_18:01:38.726|I|32450|B7F7B6E0|INFO|unPackage|1|pdu_len=166|orig_pdu_len=166|curr_agip_version=0x20|orig_agip_version=0x20|is_yt_version='no'|command_id=0x10003802|seq_id=242790|game_id=1204|gateway_id=104001|src_ip=192.168.177.92|src_port=51571
2014-03-24_18:01:38.730|I|32450|B7F7B6E0|INFO|HttpAuth::userAuth|Host=daybreak.globalgames.com.br|Port=80|Request=userAccount=andersongg&password=6ca4b545ec99c4edd3293b83078f4c79a9f0a2a9f1ba68ea0351b0d0d4ffae57&sign=2640EC98230C3E08F412CA15CB0D705B
2014-03-24_18:01:38.816|I|32450|B7F7B6E0|INFO|HttpAuth::userAuth|Response=HTTP/1.1 200 OK
Connection: close
Content-Length: 125
Content-Type: text/html; charset=utf-8
Date: Mon, 24 Mar 2014 21:18:26 GMT
Server: Apache
Vary: Accept-Encoding

<?xml version="1.0" encoding="utf-8" ?><response><result>1</result><adult>1</adult><userName>andersongg</userName></response>
2014-03-24_18:01:38.822|I|32450|B7F7B6E0|INFO|0|104001|AllServer::_onJointAuthenExHttpAES|1|1500000006|0|GMID=1204|GWID=104001|URI=http://daybreak.globalgames.com.br/auth/|UserName=andersongg|Password=640156a929a2966b9f8ec76b15e71994|Send3rdPassword=6ca4b545ec99c4edd3293b83078f4c79a9f0a2a9f1ba68ea0351b0d0d4ffae57|UserID_Union=andersongg|Lower=1|User_Flag=0|User_Type=0|Adult_Flag=1|User_Class=0|User_Point=0|Appendix1=0|Appendix2=0|Promoter_ID=0|User_IP=189.34.139.82|User_Port=55196|Client_MAC=00FF6E0905A1|AD_ID=''|Hardware_SN1=''|Hardware_SN2=''|ClientType=full|NeedCheckPwd=1|TC1=90|TC2=6|TC=96
2014-03-24_18:01:38.822|I|32450|B7F7B6E0|INFO|package|1|SequenceID=242790|toRouter
2014-03-24_18:15:34.926|I|32450|B7F7B6E0|INFO|unPackage|1|pdu_len=168|orig_pdu_len=168|curr_agip_version=0x20|orig_agip_version=0x20|is_yt_version='no'|command_id=0x10003802|seq_id=242901|game_id=1204|gateway_id=104001|src_ip=192.168.177.92|src_port=51571
2014-03-24_18:15:34.929|I|32450|B7F7B6E0|INFO|HttpAuth::userAuth|Host=daybreak.globalgames.com.br|Port=80|Request=userAccount=gibenameplox&password=09e9fdf413aaf9e18814aad8e1b6dded37d8de14f81f69a8cd3f34b1cdbd54e5&sign=14C4497475CEC708CD21C1EAE326201D
2014-03-24_18:15:34.966|I|32450|B7F7B6E0|INFO|HttpAuth::userAuth|Response=HTTP/1.1 200 OK
Connection: close
Content-Length: 127
Content-Type: text/html; charset=utf-8
Date: Mon, 24 Mar 2014 21:32:22 GMT
Server: Apache
Vary: Accept-Encoding

<?xml version="1.0" encoding="utf-8" ?><response><result>1</result><adult>1</adult><userName>gibenameplox</userName></response>
2014-03-24_18:15:34.972|I|32450|B7F7B6E0|INFO|0|104001|AllServer::_onJointAuthenExHttpAES|1|1500000075|0|GMID=1204|GWID=104001|URI=http://daybreak.globalgames.com.br/auth/|UserName=gibenameplox|Password=a064a9f8f1fca077cf47b6e91ad488d0|Send3rdPassword=09e9fdf413aaf9e18814aad8e1b6dded37d8de14f81f69a8cd3f34b1cdbd54e5|UserID_Union=gibenameplox|Lower=1|User_Flag=0|User_Type=0|Adult_Flag=1|User_Class=0|User_Point=0|Appendix1=0|Appendix2=0|Promoter_ID=0|User_IP=177.134.6.224|User_Port=57496|Client_MAC=00FFE589F806|AD_ID=''|Hardware_SN1=''|Hardware_SN2=''|ClientType=full|NeedCheckPwd=1|TC1=40|TC2=6|TC=46
2014-03-24_18:15:34.972|I|32450|B7F7B6E0|INFO|package|1|SequenceID=242901|toRouter
2014-03-24_18:55:09.325|I|32450|B7F7B6E0|INFO|unPackage|1|pdu_len=163|orig_pdu_len=163|curr_agip_version=0x20|orig_agip_version=0x20|is_yt_version='no'|command_id=0x10003802|seq_id=243209|game_id=1204|gateway_id=104001|src_ip=192.168.177.92|src_port=51571
2014-03-24_18:55:09.329|I|32450|B7F7B6E0|INFO|HttpAuth::userAuth|Host=daybreak.globalgames.com.br|Port=80|Request=userAccount=pedrao6&password=f7b5f871ae9dfc275b36ac4ef793964cdc0a7ef41a22f0075444b48a71a41c68&sign=C903D2C350F82FE608269A8B28D30B40
2014-03-24_18:55:09.366|I|32450|B7F7B6E0|INFO|HttpAuth::userAuth|Response=HTTP/1.1 200 OK
Connection: close
Content-Length: 122
Content-Type: text/html; charset=utf-8
Date: Mon, 24 Mar 2014 22:11:56 GMT
Server: Apache
Vary: Accept-Encoding

<?xml version="1.0" encoding="utf-8" ?><response><result>1</result><adult>1</adult><userName>pedrao6</userName></response>
2014-03-24_18:55:09.373|I|32450|B7F7B6E0|INFO|0|104001|AllServer::_onJointAuthenExHttpAES|1|1500000027|0|GMID=1204|GWID=104001|URI=http://daybreak.globalgames.com.br/auth/|UserName=pedrao6|Password=c0447052a1be8c51ba30681a7b89281d|Send3rdPassword=f7b5f871ae9dfc275b36ac4ef793964cdc0a7ef41a22f0075444b48a71a41c68|UserID_Union=pedrao6|Lower=1|User_Flag=0|User_Type=0|Adult_Flag=1|User_Class=0|User_Point=0|Appendix1=0|Appendix2=0|Promoter_ID=0|User_IP=177.134.6.224|User_Port=49566|Client_MAC=C61731FE4111|AD_ID=''|Hardware_SN1=''|Hardware_SN2=''|ClientType=full|NeedCheckPwd=1|TC1=41|TC2=7|TC=48
2014-03-24_18:55:09.373|I|32450|B7F7B6E0|INFO|package|1|SequenceID=243209|toRouter
2014-03-24_18:56:07.328|I|32450|B7F7B6E0|INFO|unPackage|1|pdu_len=165|orig_pdu_len=165|curr_agip_version=0x20|orig_agip_version=0x20|is_yt_version='no'|command_id=0x10003802|seq_id=243219|game_id=1204|gateway_id=104001|src_ip=192.168.177.92|src_port=51571
2014-03-24_18:56:07.329|I|32450|B7F7B6E0|INFO|HttpAuth::userAuth|Host=daybreak.globalgames.com.br|Port=80|Request=userAccount=polaris13&password=dda307357d5122bb087d86a76b597f0ecb43957559922cf1a410b3867c657033&sign=390FB1FEB22B6FAD0068C4D6918337DD
2014-03-24_18:56:07.357|I|32450|B7F7B6E0|INFO|HttpAuth::userAuth|Response=HTTP/1.1 200 OK
Connection: close
Content-Length: 124
Content-Type: text/html; charset=utf-8
Date: Mon, 24 Mar 2014 22:12:54 GMT
Server: Apache
Vary: Accept-Encoding

<?xml version="1.0" encoding="utf-8" ?><response><result>1</result><adult>1</adult><userName>polaris13</userName></response>
2014-03-24_18:56:07.363|I|32450|B7F7B6E0|INFO|0|104001|AllServer::_onJointAuthenExHttpAES|1|1500000020|0|GMID=1204|GWID=104001|URI=http://daybreak.globalgames.com.br/auth/|UserName=polaris13|Password=c3c7fdc199544358827fa0cbb78c235d|Send3rdPassword=dda307357d5122bb087d86a76b597f0ecb43957559922cf1a410b3867c657033|UserID_Union=polaris13|Lower=1|User_Flag=0|User_Type=0|Adult_Flag=1|User_Class=0|User_Point=0|Appendix1=0|Appendix2=0|Promoter_ID=0|User_IP=177.134.6.224|User_Port=59647|Client_MAC=1EC9D31E3393|AD_ID=''|Hardware_SN1=''|Hardware_SN2=''|ClientType=full|NeedCheckPwd=1|TC1=29|TC2=6|TC=35
2014-03-24_18:56:07.363|I|32450|B7F7B6E0|INFO|package|1|SequenceID=243219|toRouter
2014-03-24_18:59:02.371|I|32450|B7F7B6E0|INFO|unPackage|1|pdu_len=163|orig_pdu_len=163|curr_agip_version=0x20|orig_agip_version=0x20|is_yt_version='no'|command_id=0x10003802|seq_id=243243|game_id=1204|gateway_id=104001|src_ip=192.168.177.92|src_port=51571
2014-03-24_18:59:02.372|I|32450|B7F7B6E0|INFO|HttpAuth::userAuth|Host=daybreak.globalgames.com.br|Port=80|Request=userAccount=pedrao6&password=f7b5f871ae9dfc275b36ac4ef793964cdc0a7ef41a22f0075444b48a71a41c68&sign=C903D2C350F82FE608269A8B28D30B40
2014-03-24_18:59:02.400|I|32450|B7F7B6E0|INFO|HttpAuth::userAuth|Response=HTTP/1.1 200 OK
Connection: close
Content-Length: 122
Content-Type: text/html; charset=utf-8
Date: Mon, 24 Mar 2014 22:15:49 GMT
Server: Apache
Vary: Accept-Encoding

<?xml version="1.0" encoding="utf-8" ?><response><result>1</result><adult>1</adult><userName>pedrao6</userName></response>
2014-03-24_18:59:02.406|I|32450|B7F7B6E0|INFO|0|104001|AllServer::_onJointAuthenExHttpAES|1|1500000027|0|GMID=1204|GWID=104001|URI=http://daybreak.globalgames.com.br/auth/|UserName=pedrao6|Password=c0447052a1be8c51ba30681a7b89281d|Send3rdPassword=f7b5f871ae9dfc275b36ac4ef793964cdc0a7ef41a22f0075444b48a71a41c68|UserID_Union=pedrao6|Lower=1|User_Flag=0|User_Type=0|Adult_Flag=1|User_Class=0|User_Point=0|Appendix1=0|Appendix2=0|Promoter_ID=0|User_IP=177.134.6.224|User_Port=49681|Client_MAC=C61731FE4111|AD_ID=''|Hardware_SN1=''|Hardware_SN2=''|ClientType=full|NeedCheckPwd=1|TC1=29|TC2=6|TC=35
2014-03-24_18:59:02.406|I|32450|B7F7B6E0|INFO|package|1|SequenceID=243243|toRouter
2014-03-24_19:00:20.523|I|32450|B7F7B6E0|INFO|unPackage|1|pdu_len=163|orig_pdu_len=163|curr_agip_version=0x20|orig_agip_version=0x20|is_yt_version='no'|command_id=0x10003802|seq_id=243260|game_id=1204|gateway_id=104001|src_ip=192.168.177.92|src_port=51571
2014-03-24_19:00:20.525|I|32450|B7F7B6E0|INFO|HttpAuth::userAuth|Host=daybreak.globalgames.com.br|Port=80|Request=userAccount=pedrao6&password=f7b5f871ae9dfc275b36ac4ef793964cdc0a7ef41a22f0075444b48a71a41c68&sign=C903D2C350F82FE608269A8B28D30B40
2014-03-24_19:00:20.554|I|32450|B7F7B6E0|INFO|HttpAuth::userAuth|Response=HTTP/1.1 200 OK
Connection: close
Content-Length: 122
Content-Type: text/html; charset=utf-8
Date: Mon, 24 Mar 2014 22:17:07 GMT
Server: Apache
Vary: Accept-Encoding

<?xml version="1.0" encoding="utf-8" ?><response><result>1</result><adult>1</adult><userName>pedrao6</userName></response>
2014-03-24_19:00:20.558|I|32450|B7F7B6E0|INFO|0|104001|AllServer::_onJointAuthenExHttpAES|1|1500000027|0|GMID=1204|GWID=104001|URI=http://daybreak.globalgames.com.br/auth/|UserName=pedrao6|Password=c0447052a1be8c51ba30681a7b89281d|Send3rdPassword=f7b5f871ae9dfc275b36ac4ef793964cdc0a7ef41a22f0075444b48a71a41c68|UserID_Union=pedrao6|Lower=1|User_Flag=0|User_Type=0|Adult_Flag=1|User_Class=0|User_Point=0|Appendix1=0|Appendix2=0|Promoter_ID=0|User_IP=177.134.6.224|User_Port=49729|Client_MAC=C61731FE4111|AD_ID=''|Hardware_SN1=''|Hardware_SN2=''|ClientType=full|NeedCheckPwd=1|TC1=31|TC2=4|TC=35
2014-03-24_19:00:20.558|I|32450|B7F7B6E0|INFO|package|1|SequenceID=243260|toRouter
2014-03-24_19:07:33.278|I|32450|B7F7B6E0|INFO|unPackage|1|pdu_len=162|orig_pdu_len=162|curr_agip_version=0x20|orig_agip_version=0x20|is_yt_version='no'|command_id=0x10003802|seq_id=243317|game_id=1204|gateway_id=104001|src_ip=192.168.177.92|src_port=51571
2014-03-24_19:07:33.282|I|32450|B7F7B6E0|INFO|HttpAuth::userAuth|Host=daybreak.globalgames.com.br|Port=80|Request=userAccount=felipe&password=54f776888a662f8a57afa20e8912f3e51eb87604d132b03f9f134c5f28b350eb&sign=536B25EC9D6C3B27A5F8FEDBC9383464
2014-03-24_19:07:33.318|I|32450|B7F7B6E0|INFO|HttpAuth::userAuth|Response=HTTP/1.1 200 OK
Connection: close
Content-Length: 121
Content-Type: text/html; charset=utf-8
Date: Mon, 24 Mar 2014 22:24:20 GMT
Server: Apache
Vary: Accept-Encoding

<?xml version="1.0" encoding="utf-8" ?><response><result>1</result><adult>1</adult><userName>felipe</userName></response>
2014-03-24_19:07:33.325|I|32450|B7F7B6E0|INFO|0|104001|AllServer::_onJointAuthenExHttpAES|1|1500000060|0|GMID=1204|GWID=104001|URI=http://daybreak.globalgames.com.br/auth/|UserName=felipe|Password=ce2a2695252bc30e81d6a7585ce02fe1|Send3rdPassword=54f776888a662f8a57afa20e8912f3e51eb87604d132b03f9f134c5f28b350eb|UserID_Union=felipe|Lower=1|User_Flag=0|User_Type=0|Adult_Flag=1|User_Class=0|User_Point=0|Appendix1=0|Appendix2=0|Promoter_ID=0|User_IP=177.134.6.224|User_Port=49220|Client_MAC=000C29B5017F|AD_ID=''|Hardware_SN1=''|Hardware_SN2=''|ClientType=full|NeedCheckPwd=1|TC1=40|TC2=7|TC=47
2014-03-24_19:07:33.325|I|32450|B7F7B6E0|INFO|package|1|SequenceID=243317|toRouter
2014-03-24_19:39:50.525|I|32450|B7F7B6E0|INFO|unPackage|1|pdu_len=167|orig_pdu_len=167|curr_agip_version=0x20|orig_agip_version=0x20|is_yt_version='no'|command_id=0x10003802|seq_id=243939|game_id=1204|gateway_id=104001|src_ip=192.168.177.92|src_port=51571
2014-03-24_19:39:50.528|I|32450|B7F7B6E0|INFO|HttpAuth::userAuth|Host=daybreak.globalgames.com.br|Port=80|Request=userAccount=teste123456&password=66b7a8223967d94cded154fc114cebdab0036a18d6b4bd5feb0a1e9156f1dc42&sign=9B48500DEBC7C29B107E80CC96DD0796
2014-03-24_19:39:50.568|I|32450|B7F7B6E0|INFO|HttpAuth::userAuth|Response=HTTP/1.1 200 OK
Connection: close
Content-Length: 130
Content-Type: text/html; charset=utf-8
Date: Mon, 24 Mar 2014 22:56:38 GMT
Server: Apache
Vary: Accept-Encoding

<?xml version="1.0" encoding="utf-8" ?><response><result>-1815</result><adult>1</adult><userName>teste123456</userName></response>
2014-03-24_19:39:50.568|I|32450|B7F7B6E0|INFO|0|104001|AllServer::_onJointAuthenExHttpAES|-1815|0|0|GMID=1204|GWID=104001|URI=http://daybreak.globalgames.com.br/auth/|UserName=teste123456|Password=247d58ab55f5409f23b00b4c62d6030a|Send3rdPassword=66b7a8223967d94cded154fc114cebdab0036a18d6b4bd5feb0a1e9156f1dc42|UserID_Union=|Lower=1|User_Flag=0|User_Type=0|Adult_Flag=0|User_Class=0|User_Point=0|Appendix1=0|Appendix2=0|Promoter_ID=0|User_IP=177.134.6.224|User_Port=60933|Client_MAC=50E549F1AF2F|AD_ID=''|Hardware_SN1=''|Hardware_SN2=''|ClientType=full|NeedCheckPwd=1|TC1=43|TC2=0|TC=43
2014-03-24_19:39:50.568|I|32450|B7F7B6E0|INFO|package|1|SequenceID=243939|toRouter
2014-03-24_19:40:05.723|I|32450|B7F7B6E0|INFO|unPackage|1|pdu_len=167|orig_pdu_len=167|curr_agip_version=0x20|orig_agip_version=0x20|is_yt_version='no'|command_id=0x10003802|seq_id=243943|game_id=1204|gateway_id=104001|src_ip=192.168.177.92|src_port=51571
2014-03-24_19:40:05.724|I|32450|B7F7B6E0|INFO|HttpAuth::userAuth|Host=daybreak.globalgames.com.br|Port=80|Request=userAccount=teste123456&password=66b7a8223967d94cded154fc114cebdab0036a18d6b4bd5feb0a1e9156f1dc42&sign=9B48500DEBC7C29B107E80CC96DD0796
2014-03-24_19:40:05.752|I|32450|B7F7B6E0|INFO|HttpAuth::userAuth|Response=HTTP/1.1 200 OK
Connection: close
Content-Length: 130
Content-Type: text/html; charset=utf-8
Date: Mon, 24 Mar 2014 22:56:53 GMT
Server: Apache
Vary: Accept-Encoding

<?xml version="1.0" encoding="utf-8" ?><response><result>-1815</result><adult>1</adult><userName>teste123456</userName></response>
2014-03-24_19:40:05.752|I|32450|B7F7B6E0|INFO|0|104001|AllServer::_onJointAuthenExHttpAES|-1815|0|0|GMID=1204|GWID=104001|URI=http://daybreak.globalgames.com.br/auth/|UserName=teste123456|Password=247d58ab55f5409f23b00b4c62d6030a|Send3rdPassword=66b7a8223967d94cded154fc114cebdab0036a18d6b4bd5feb0a1e9156f1dc42|UserID_Union=|Lower=1|User_Flag=0|User_Type=0|Adult_Flag=0|User_Class=0|User_Point=0|Appendix1=0|Appendix2=0|Promoter_ID=0|User_IP=177.134.6.224|User_Port=60935|Client_MAC=50E549F1AF2F|AD_ID=''|Hardware_SN1=''|Hardware_SN2=''|ClientType=full|NeedCheckPwd=1|TC1=29|TC2=0|TC=29
2014-03-24_19:40:05.752|I|32450|B7F7B6E0|INFO|package|1|SequenceID=243943|toRouter
2014-03-24_19:40:17.221|I|32450|B7F7B6E0|INFO|unPackage|1|pdu_len=166|orig_pdu_len=166|curr_agip_version=0x20|orig_agip_version=0x20|is_yt_version='no'|command_id=0x10003802|seq_id=243945|game_id=1204|gateway_id=104001|src_ip=192.168.177.92|src_port=51571
2014-03-24_19:40:17.222|I|32450|B7F7B6E0|INFO|HttpAuth::userAuth|Host=daybreak.globalgames.com.br|Port=80|Request=userAccount=teste12345&password=66b7a8223967d94cded154fc114cebdab0036a18d6b4bd5feb0a1e9156f1dc42&sign=7BCAE826CA25938A37172760D5B73507
2014-03-24_19:40:17.249|I|32450|B7F7B6E0|INFO|HttpAuth::userAuth|Response=HTTP/1.1 200 OK
Connection: close
Content-Length: 129
Content-Type: text/html; charset=utf-8
Date: Mon, 24 Mar 2014 22:57:04 GMT
Server: Apache
Vary: Accept-Encoding

<?xml version="1.0" encoding="utf-8" ?><response><result>-1812</result><adult>1</adult><userName>teste12345</userName></response>
2014-03-24_19:40:17.249|I|32450|B7F7B6E0|INFO|0|104001|AllServer::_onJointAuthenExHttpAES|-1812|0|0|GMID=1204|GWID=104001|URI=http://daybreak.globalgames.com.br/auth/|UserName=teste12345|Password=247d58ab55f5409f23b00b4c62d6030a|Send3rdPassword=66b7a8223967d94cded154fc114cebdab0036a18d6b4bd5feb0a1e9156f1dc42|UserID_Union=|Lower=1|User_Flag=0|User_Type=0|Adult_Flag=0|User_Class=0|User_Point=0|Appendix1=0|Appendix2=0|Promoter_ID=0|User_IP=177.134.6.224|User_Port=60936|Client_MAC=50E549F1AF2F|AD_ID=''|Hardware_SN1=''|Hardware_SN2=''|ClientType=full|NeedCheckPwd=1|TC1=28|TC2=0|TC=28
2014-03-24_19:40:17.249|I|32450|B7F7B6E0|INFO|package|1|SequenceID=243945|toRouter
2014-03-24_19:41:16.925|I|32450|B7F7B6E0|INFO|unPackage|1|pdu_len=167|orig_pdu_len=167|curr_agip_version=0x20|orig_agip_version=0x20|is_yt_version='no'|command_id=0x10003802|seq_id=243953|game_id=1204|gateway_id=104001|src_ip=192.168.177.92|src_port=51571
2014-03-24_19:41:16.926|I|32450|B7F7B6E0|INFO|HttpAuth::userAuth|Host=daybreak.globalgames.com.br|Port=80|Request=userAccount=teste123457&password=3efd3c1e686f0c4765ae68c6f4183bba24fae253c709165dee80cc49a44b8998&sign=313EC5D287A2B98BC306FF550280692A
2014-03-24_19:41:16.963|I|32450|B7F7B6E0|INFO|HttpAuth::userAuth|Response=HTTP/1.1 200 OK
Connection: close
Content-Length: 130
Content-Type: text/html; charset=utf-8
Date: Mon, 24 Mar 2014 22:58:04 GMT
Server: Apache
Vary: Accept-Encoding

<?xml version="1.0" encoding="utf-8" ?><response><result>-1812</result><adult>1</adult><userName>teste123457</userName></response>
2014-03-24_19:41:16.964|I|32450|B7F7B6E0|INFO|0|104001|AllServer::_onJointAuthenExHttpAES|-1812|0|0|GMID=1204|GWID=104001|URI=http://daybreak.globalgames.com.br/auth/|UserName=teste123457|Password=f3fe246ec207a97b9578b03dc80d17d8|Send3rdPassword=3efd3c1e686f0c4765ae68c6f4183bba24fae253c709165dee80cc49a44b8998|UserID_Union=|Lower=1|User_Flag=0|User_Type=0|Adult_Flag=0|User_Class=0|User_Point=0|Appendix1=0|Appendix2=0|Promoter_ID=0|User_IP=177.134.6.224|User_Port=60937|Client_MAC=50E549F1AF2F|AD_ID=''|Hardware_SN1=''|Hardware_SN2=''|ClientType=full|NeedCheckPwd=1|TC1=39|TC2=0|TC=39
2014-03-24_19:41:16.964|I|32450|B7F7B6E0|INFO|package|1|SequenceID=243953|toRouter
2014-03-24_19:41:29.673|I|32450|B7F7B6E0|INFO|unPackage|1|pdu_len=167|orig_pdu_len=167|curr_agip_version=0x20|orig_agip_version=0x20|is_yt_version='no'|command_id=0x10003802|seq_id=243956|game_id=1204|gateway_id=104001|src_ip=192.168.177.92|src_port=51571
2014-03-24_19:41:29.674|I|32450|B7F7B6E0|INFO|HttpAuth::userAuth|Host=daybreak.globalgames.com.br|Port=80|Request=userAccount=teste123456&password=3efd3c1e686f0c4765ae68c6f4183bba24fae253c709165dee80cc49a44b8998&sign=D3D40D29BC0B6862B68F509E6445E21E
2014-03-24_19:41:29.702|I|32450|B7F7B6E0|INFO|HttpAuth::userAuth|Response=HTTP/1.1 200 OK
Connection: close
Content-Length: 130
Content-Type: text/html; charset=utf-8
Date: Mon, 24 Mar 2014 22:58:17 GMT
Server: Apache
Vary: Accept-Encoding

<?xml version="1.0" encoding="utf-8" ?><response><result>-1815</result><adult>1</adult><userName>teste123456</userName></response>
2014-03-24_19:41:29.702|I|32450|B7F7B6E0|INFO|0|104001|AllServer::_onJointAuthenExHttpAES|-1815|0|0|GMID=1204|GWID=104001|URI=http://daybreak.globalgames.com.br/auth/|UserName=teste123456|Password=f3fe246ec207a97b9578b03dc80d17d8|Send3rdPassword=3efd3c1e686f0c4765ae68c6f4183bba24fae253c709165dee80cc49a44b8998|UserID_Union=|Lower=1|User_Flag=0|User_Type=0|Adult_Flag=0|User_Class=0|User_Point=0|Appendix1=0|Appendix2=0|Promoter_ID=0|User_IP=177.134.6.224|User_Port=60938|Client_MAC=50E549F1AF2F|AD_ID=''|Hardware_SN1=''|Hardware_SN2=''|ClientType=full|NeedCheckPwd=1|TC1=29|TC2=0|TC=29
2014-03-24_19:41:29.702|I|32450|B7F7B6E0|INFO|package|1|SequenceID=243956|toRouter
2014-03-24_19:42:37.271|I|32450|B7F7B6E0|INFO|unPackage|1|pdu_len=168|orig_pdu_len=168|curr_agip_version=0x20|orig_agip_version=0x20|is_yt_version='no'|command_id=0x10003802|seq_id=243965|game_id=1204|gateway_id=104001|src_ip=192.168.177.92|src_port=51571
2014-03-24_19:42:37.272|I|32450|B7F7B6E0|INFO|HttpAuth::userAuth|Host=daybreak.globalgames.com.br|Port=80|Request=userAccount=teste1234567&password=66b7a8223967d94cded154fc114cebdab0036a18d6b4bd5feb0a1e9156f1dc42&sign=98996CD8AA5F9F1A7933B84A0F104D8F
2014-03-24_19:42:37.300|I|32450|B7F7B6E0|INFO|HttpAuth::userAuth|Response=HTTP/1.1 200 OK
Connection: close
Content-Length: 131
Content-Type: text/html; charset=utf-8
Date: Mon, 24 Mar 2014 22:59:24 GMT
Server: Apache
Vary: Accept-Encoding

<?xml version="1.0" encoding="utf-8" ?><response><result>-1815</result><adult>1</adult><userName>teste1234567</userName></response>
2014-03-24_19:42:37.300|I|32450|B7F7B6E0|INFO|0|104001|AllServer::_onJointAuthenExHttpAES|-1815|0|0|GMID=1204|GWID=104001|URI=http://daybreak.globalgames.com.br/auth/|UserName=teste1234567|Password=247d58ab55f5409f23b00b4c62d6030a|Send3rdPassword=66b7a8223967d94cded154fc114cebdab0036a18d6b4bd5feb0a1e9156f1dc42|UserID_Union=|Lower=1|User_Flag=0|User_Type=0|Adult_Flag=0|User_Class=0|User_Point=0|Appendix1=0|Appendix2=0|Promoter_ID=0|User_IP=177.134.6.224|User_Port=60943|Client_MAC=50E549F1AF2F|AD_ID=''|Hardware_SN1=''|Hardware_SN2=''|ClientType=full|NeedCheckPwd=1|TC1=29|TC2=0|TC=29
2014-03-24_19:42:37.300|I|32450|B7F7B6E0|INFO|package|1|SequenceID=243965|toRouter
2014-03-24_19:42:49.273|I|32450|B7F7B6E0|INFO|unPackage|1|pdu_len=168|orig_pdu_len=168|curr_agip_version=0x20|orig_agip_version=0x20|is_yt_version='no'|command_id=0x10003802|seq_id=243967|game_id=1204|gateway_id=104001|src_ip=192.168.177.92|src_port=51571
2014-03-24_19:42:49.274|I|32450|B7F7B6E0|INFO|HttpAuth::userAuth|Host=daybreak.globalgames.com.br|Port=80|Request=userAccount=teste1234567&password=66b7a8223967d94cded154fc114cebdab0036a18d6b4bd5feb0a1e9156f1dc42&sign=98996CD8AA5F9F1A7933B84A0F104D8F
2014-03-24_19:42:49.303|I|32450|B7F7B6E0|INFO|HttpAuth::userAuth|Response=HTTP/1.1 200 OK
Connection: close
Content-Length: 131
Content-Type: text/html; charset=utf-8
Date: Mon, 24 Mar 2014 22:59:36 GMT
Server: Apache
Vary: Accept-Encoding

<?xml version="1.0" encoding="utf-8" ?><response><result>-1815</result><adult>1</adult><userName>teste1234567</userName></response>
2014-03-24_19:42:49.304|I|32450|B7F7B6E0|INFO|0|104001|AllServer::_onJointAuthenExHttpAES|-1815|0|0|GMID=1204|GWID=104001|URI=http://daybreak.globalgames.com.br/auth/|UserName=teste1234567|Password=247d58ab55f5409f23b00b4c62d6030a|Send3rdPassword=66b7a8223967d94cded154fc114cebdab0036a18d6b4bd5feb0a1e9156f1dc42|UserID_Union=|Lower=1|User_Flag=0|User_Type=0|Adult_Flag=0|User_Class=0|User_Point=0|Appendix1=0|Appendix2=0|Promoter_ID=0|User_IP=177.134.6.224|User_Port=60944|Client_MAC=50E549F1AF2F|AD_ID=''|Hardware_SN1=''|Hardware_SN2=''|ClientType=full|NeedCheckPwd=1|TC1=31|TC2=0|TC=31
2014-03-24_19:42:49.304|I|32450|B7F7B6E0|INFO|package|1|SequenceID=243967|toRouter
2014-03-24_19:44:06.274|I|32450|B7F7B6E0|INFO|unPackage|1|pdu_len=168|orig_pdu_len=168|curr_agip_version=0x20|orig_agip_version=0x20|is_yt_version='no'|command_id=0x10003802|seq_id=243978|game_id=1204|gateway_id=104001|src_ip=192.168.177.92|src_port=51571
2014-03-24_19:44:06.278|I|32450|B7F7B6E0|INFO|HttpAuth::userAuth|Host=daybreak.globalgames.com.br|Port=80|Request=userAccount=teste1234567&password=66b7a8223967d94cded154fc114cebdab0036a18d6b4bd5feb0a1e9156f1dc42&sign=98996CD8AA5F9F1A7933B84A0F104D8F
2014-03-24_19:44:06.319|I|32450|B7F7B6E0|INFO|HttpAuth::userAuth|Response=HTTP/1.1 200 OK
Connection: close
Content-Length: 131
Content-Type: text/html; charset=utf-8
Date: Mon, 24 Mar 2014 23:00:53 GMT
Server: Apache
Vary: Accept-Encoding

<?xml version="1.0" encoding="utf-8" ?><response><result>-1815</result><adult>1</adult><userName>teste1234567</userName></response>
2014-03-24_19:44:06.319|I|32450|B7F7B6E0|INFO|0|104001|AllServer::_onJointAuthenExHttpAES|-1815|0|0|GMID=1204|GWID=104001|URI=http://daybreak.globalgames.com.br/auth/|UserName=teste1234567|Password=247d58ab55f5409f23b00b4c62d6030a|Send3rdPassword=66b7a8223967d94cded154fc114cebdab0036a18d6b4bd5feb0a1e9156f1dc42|UserID_Union=|Lower=1|User_Flag=0|User_Type=0|Adult_Flag=0|User_Class=0|User_Point=0|Appendix1=0|Appendix2=0|Promoter_ID=0|User_IP=177.134.6.224|User_Port=60945|Client_MAC=50E549F1AF2F|AD_ID=''|Hardware_SN1=''|Hardware_SN2=''|ClientType=full|NeedCheckPwd=1|TC1=45|TC2=0|TC=45
2014-03-24_19:44:06.319|I|32450|B7F7B6E0|INFO|package|1|SequenceID=243978|toRouter
2014-03-24_19:51:52.923|I|32450|B7F7B6E0|INFO|unPackage|1|pdu_len=166|orig_pdu_len=166|curr_agip_version=0x20|orig_agip_version=0x20|is_yt_version='no'|command_id=0x10003802|seq_id=244037|game_id=1204|gateway_id=104001|src_ip=192.168.177.92|src_port=51571
2014-03-24_19:51:52.924|I|32450|B7F7B6E0|INFO|HttpAuth::userAuth|Host=daybreak.globalgames.com.br|Port=80|Request=userAccount=teste12345&password=b0d4ad3a71e24f032440d560e7b15400b2256abd9e66ee2bceb22fed4e6ce67d&sign=9B8B5C8028F078C84BEB89DE1EB720D9
2014-03-24_19:51:52.955|I|32450|B7F7B6E0|INFO|HttpAuth::userAuth|Response=HTTP/1.1 200 OK
Connection: close
Content-Length: 125
Content-Type: text/html; charset=utf-8
Date: Mon, 24 Mar 2014 23:08:40 GMT
Server: Apache
Vary: Accept-Encoding

<?xml version="1.0" encoding="utf-8" ?><response><result>1</result><adult>1</adult><userName>teste12345</userName></response>
2014-03-24_19:51:52.960|I|32450|B7F7B6E0|INFO|0|104001|AllServer::_onJointAuthenExHttpAES|1|1500000076|0|GMID=1204|GWID=104001|URI=http://daybreak.globalgames.com.br/auth/|UserName=teste12345|Password=2c83d003e79543adb94080ffa0b83f92|Send3rdPassword=b0d4ad3a71e24f032440d560e7b15400b2256abd9e66ee2bceb22fed4e6ce67d|UserID_Union=teste12345|Lower=1|User_Flag=0|User_Type=0|Adult_Flag=1|User_Class=0|User_Point=0|Appendix1=0|Appendix2=0|Promoter_ID=0|User_IP=177.134.6.224|User_Port=60951|Client_MAC=50E549F1AF2F|AD_ID=''|Hardware_SN1=''|Hardware_SN2=''|ClientType=full|NeedCheckPwd=1|TC1=32|TC2=5|TC=37
2014-03-24_19:51:52.960|I|32450|B7F7B6E0|INFO|package|1|SequenceID=244037|toRouter
2014-03-24_19:53:47.524|I|32450|B7F7B6E0|INFO|unPackage|1|pdu_len=164|orig_pdu_len=164|curr_agip_version=0x20|orig_agip_version=0x20|is_yt_version='no'|command_id=0x10003802|seq_id=244053|game_id=1204|gateway_id=104001|src_ip=192.168.177.92|src_port=51571
2014-03-24_19:53:47.529|I|32450|B7F7B6E0|INFO|HttpAuth::userAuth|Host=daybreak.globalgames.com.br|Port=80|Request=userAccount=joselito&password=b0d4ad3a71e24f032440d560e7b15400b2256abd9e66ee2bceb22fed4e6ce67d&sign=6DF79AFD83B1FB2C985EA26A4A75E994
2014-03-24_19:53:47.557|I|32450|B7F7B6E0|INFO|HttpAuth::userAuth|Response=HTTP/1.1 200 OK
Connection: close
Content-Length: 123
Content-Type: text/html; charset=utf-8
Date: Mon, 24 Mar 2014 23:10:35 GMT
Server: Apache
Vary: Accept-Encoding

<?xml version="1.0" encoding="utf-8" ?><response><result>1</result><adult>1</adult><userName>joselito</userName></response>
2014-03-24_19:53:47.564|I|32450|B7F7B6E0|INFO|0|104001|AllServer::_onJointAuthenExHttpAES|1|1500000077|0|GMID=1204|GWID=104001|URI=http://daybreak.globalgames.com.br/auth/|UserName=joselito|Password=2c83d003e79543adb94080ffa0b83f92|Send3rdPassword=b0d4ad3a71e24f032440d560e7b15400b2256abd9e66ee2bceb22fed4e6ce67d|UserID_Union=joselito|Lower=1|User_Flag=0|User_Type=0|Adult_Flag=1|User_Class=0|User_Point=0|Appendix1=0|Appendix2=0|Promoter_ID=0|User_IP=177.134.6.224|User_Port=60952|Client_MAC=50E549F1AF2F|AD_ID=''|Hardware_SN1=''|Hardware_SN2=''|ClientType=full|NeedCheckPwd=1|TC1=32|TC2=7|TC=40
2014-03-24_19:53:47.564|I|32450|B7F7B6E0|INFO|package|1|SequenceID=244053|toRouter
2014-03-24_20:07:36.827|I|32450|B7F7B6E0|INFO|unPackage|1|pdu_len=163|orig_pdu_len=163|curr_agip_version=0x20|orig_agip_version=0x20|is_yt_version='no'|command_id=0x10003802|seq_id=244189|game_id=1204|gateway_id=104001|src_ip=192.168.177.92|src_port=51571
2014-03-24_20:07:36.831|I|32450|B7F7B6E0|INFO|HttpAuth::userAuth|Host=daybreak.globalgames.com.br|Port=80|Request=userAccount=pedrao6&password=f7b5f871ae9dfc275b36ac4ef793964cdc0a7ef41a22f0075444b48a71a41c68&sign=C903D2C350F82FE608269A8B28D30B40
2014-03-24_20:07:36.919|I|32450|B7F7B6E0|INFO|HttpAuth::userAuth|Response=HTTP/1.1 200 OK
Connection: close
Content-Length: 122
Content-Type: text/html; charset=utf-8
Date: Mon, 24 Mar 2014 23:24:24 GMT
Server: Apache
Vary: Accept-Encoding

<?xml version="1.0" encoding="utf-8" ?><response><result>1</result><adult>1</adult><userName>pedrao6</userName></response>
2014-03-24_20:07:36.925|I|32450|B7F7B6E0|INFO|0|104001|AllServer::_onJointAuthenExHttpAES|1|1500000027|0|GMID=1204|GWID=104001|URI=http://daybreak.globalgames.com.br/auth/|UserName=pedrao6|Password=c0447052a1be8c51ba30681a7b89281d|Send3rdPassword=f7b5f871ae9dfc275b36ac4ef793964cdc0a7ef41a22f0075444b48a71a41c68|UserID_Union=pedrao6|Lower=1|User_Flag=0|User_Type=0|Adult_Flag=1|User_Class=0|User_Point=0|Appendix1=0|Appendix2=0|Promoter_ID=0|User_IP=177.134.6.224|User_Port=60958|Client_MAC=50E549F1AF2F|AD_ID=''|Hardware_SN1=''|Hardware_SN2=''|ClientType=full|NeedCheckPwd=1|TC1=92|TC2=6|TC=98
2014-03-24_20:07:36.925|I|32450|B7F7B6E0|INFO|package|1|SequenceID=244189|toRouter
2014-03-24_20:08:57.875|I|32450|B7F7B6E0|INFO|unPackage|1|pdu_len=164|orig_pdu_len=164|curr_agip_version=0x20|orig_agip_version=0x20|is_yt_version='no'|command_id=0x10003802|seq_id=244205|game_id=1204|gateway_id=104001|src_ip=192.168.177.92|src_port=51571
2014-03-24_20:08:57.876|I|32450|B7F7B6E0|INFO|HttpAuth::userAuth|Host=daybreak.globalgames.com.br|Port=80|Request=userAccount=pedrao13&password=258a545d99e04d52bdb547e3e3cb0642234caff10d6208613fc7d5538c57b16a&sign=49D20539E6B108870D7AA19F985E7605
2014-03-24_20:08:57.904|I|32450|B7F7B6E0|INFO|HttpAuth::userAuth|Response=HTTP/1.1 200 OK
Connection: close
Content-Length: 127
Content-Type: text/html; charset=utf-8
Date: Mon, 24 Mar 2014 23:25:45 GMT
Server: Apache
Vary: Accept-Encoding

<?xml version="1.0" encoding="utf-8" ?><response><result>-1815</result><adult>1</adult><userName>pedrao13</userName></response>
2014-03-24_20:08:57.904|I|32450|B7F7B6E0|INFO|0|104001|AllServer::_onJointAuthenExHttpAES|-1815|0|0|GMID=1204|GWID=104001|URI=http://daybreak.globalgames.com.br/auth/|UserName=pedrao13|Password=89e96998add8ba445474a9e148c5f4db|Send3rdPassword=258a545d99e04d52bdb547e3e3cb0642234caff10d6208613fc7d5538c57b16a|UserID_Union=|Lower=1|User_Flag=0|User_Type=0|Adult_Flag=0|User_Class=0|User_Point=0|Appendix1=0|Appendix2=0|Promoter_ID=0|User_IP=177.134.6.224|User_Port=60966|Client_MAC=50E549F1AF2F|AD_ID=''|Hardware_SN1=''|Hardware_SN2=''|ClientType=full|NeedCheckPwd=1|TC1=29|TC2=0|TC=29
2014-03-24_20:08:57.904|I|32450|B7F7B6E0|INFO|package|1|SequenceID=244205|toRouter
2014-03-24_20:09:12.169|I|32450|B7F7B6E0|INFO|unPackage|1|pdu_len=164|orig_pdu_len=164|curr_agip_version=0x20|orig_agip_version=0x20|is_yt_version='no'|command_id=0x10003802|seq_id=244207|game_id=1204|gateway_id=104001|src_ip=192.168.177.92|src_port=51571
2014-03-24_20:09:12.170|I|32450|B7F7B6E0|INFO|HttpAuth::userAuth|Host=daybreak.globalgames.com.br|Port=80|Request=userAccount=pedrao13&password=f7b5f871ae9dfc275b36ac4ef793964cdc0a7ef41a22f0075444b48a71a41c68&sign=8CFBB80A9B45019CAABA5B9743A7BF56
2014-03-24_20:09:12.235|I|32450|B7F7B6E0|INFO|HttpAuth::userAuth|Response=HTTP/1.1 200 OK
Connection: close
Content-Length: 123
Content-Type: text/html; charset=utf-8
Date: Mon, 24 Mar 2014 23:25:59 GMT
Server: Apache
Vary: Accept-Encoding

<?xml version="1.0" encoding="utf-8" ?><response><result>1</result><adult>1</adult><userName>pedrao13</userName></response>
2014-03-24_20:09:12.241|I|32450|B7F7B6E0|INFO|0|104001|AllServer::_onJointAuthenExHttpAES|1|1500000068|0|GMID=1204|GWID=104001|URI=http://daybreak.globalgames.com.br/auth/|UserName=pedrao13|Password=c0447052a1be8c51ba30681a7b89281d|Send3rdPassword=f7b5f871ae9dfc275b36ac4ef793964cdc0a7ef41a22f0075444b48a71a41c68|UserID_Union=pedrao13|Lower=1|User_Flag=0|User_Type=0|Adult_Flag=1|User_Class=0|User_Point=0|Appendix1=0|Appendix2=0|Promoter_ID=0|User_IP=177.134.6.224|User_Port=60968|Client_MAC=50E549F1AF2F|AD_ID=''|Hardware_SN1=''|Hardware_SN2=''|ClientType=full|NeedCheckPwd=1|TC1=66|TC2=6|TC=72
2014-03-24_20:09:12.241|I|32450|B7F7B6E0|INFO|package|1|SequenceID=244207|toRouter
2014-03-24_21:03:06.572|I|32450|B7F7B6E0|INFO|unPackage|1|pdu_len=163|orig_pdu_len=163|curr_agip_version=0x20|orig_agip_version=0x20|is_yt_version='no'|command_id=0x10003802|seq_id=244613|game_id=1204|gateway_id=104001|src_ip=192.168.177.92|src_port=51571
2014-03-24_21:03:06.575|I|32450|B7F7B6E0|INFO|HttpAuth::userAuth|Host=daybreak.globalgames.com.br|Port=80|Request=userAccount=pedrao6&password=f7b5f871ae9dfc275b36ac4ef793964cdc0a7ef41a22f0075444b48a71a41c68&sign=C903D2C350F82FE608269A8B28D30B40
2014-03-24_21:03:06.615|I|32450|B7F7B6E0|INFO|HttpAuth::userAuth|Response=HTTP/1.1 200 OK
Connection: close
Content-Length: 122
Content-Type: text/html; charset=utf-8
Date: Tue, 25 Mar 2014 00:19:54 GMT
Server: Apache
Vary: Accept-Encoding

<?xml version="1.0" encoding="utf-8" ?><response><result>1</result><adult>1</adult><userName>pedrao6</userName></response>
2014-03-24_21:03:06.620|I|32450|B7F7B6E0|INFO|0|104001|AllServer::_onJointAuthenExHttpAES|1|1500000027|0|GMID=1204|GWID=104001|URI=http://daybreak.globalgames.com.br/auth/|UserName=pedrao6|Password=c0447052a1be8c51ba30681a7b89281d|Send3rdPassword=f7b5f871ae9dfc275b36ac4ef793964cdc0a7ef41a22f0075444b48a71a41c68|UserID_Union=pedrao6|Lower=1|User_Flag=0|User_Type=0|Adult_Flag=1|User_Class=0|User_Point=0|Appendix1=0|Appendix2=0|Promoter_ID=0|User_IP=189.34.243.238|User_Port=57455|Client_MAC=00306733389A|AD_ID=''|Hardware_SN1=''|Hardware_SN2=''|ClientType=full|NeedCheckPwd=1|TC1=43|TC2=5|TC=48
2014-03-24_21:03:06.620|I|32450|B7F7B6E0|INFO|package|1|SequenceID=244613|toRouter
