2014-09-21_05:56:01.157|I|4146|B3A3E6E0|INFO|unPackage|1|pdu_len=163|orig_pdu_len=163|curr_agip_version=0x20|orig_agip_version=0x20|is_yt_version='no'|command_id=0x10003802|seq_id=162394|game_id=1204|gateway_id=104001|src_ip=192.168.177.92|src_port=45705
2014-09-21_05:56:01.159|I|4146|B3A3E6E0|INFO|HttpAuth::userAuth|Host=daybreak.globalgames.com.br|Port=80|Request=userAccount=richard&password=d5ddbff4995734213c9aeb61d8227b0ac40d17a0ca5b52789caeb0b50722b46f&sign=58AC3A54912E2752A05DFA90E8813AD2
2014-09-21_05:56:01.178|I|4146|B3A3E6E0|INFO|HttpAuth::userAuth|Response=HTTP/1.1 200 OK
Connection: close
Content-Length: 122
Content-Type: text/html; charset=utf-8
Date: Fri, 19 Sep 2014 13:18:30 GMT
Server: Apache
Vary: Accept-Encoding

<?xml version="1.0" encoding="utf-8" ?><response><result>1</result><adult>1</adult><userName>richard</userName></response>
2014-09-21_05:56:01.183|I|4146|B3A3E6E0|INFO|0|104001|AllServer::_onJointAuthenExHttpAES|1|1500000010|0|GMID=1204|GWID=104001|URI=http://daybreak.globalgames.com.br/auth/|UserName=richard|Password=b45441068b0371dad184621bf09b7e4e|Send3rdPassword=d5ddbff4995734213c9aeb61d8227b0ac40d17a0ca5b52789caeb0b50722b46f|UserID_Union=richard|Lower=1|User_Flag=0|User_Type=0|Adult_Flag=1|User_Class=0|User_Point=0|Appendix1=0|Appendix2=0|Promoter_ID=0|User_IP=189.34.142.36|User_Port=50401|Client_MAC=00FF6B35BD7B|AD_ID=''|Hardware_SN1=''|Hardware_SN2=''|ClientType=full|NeedCheckPwd=1|TC1=21|TC2=5|TC=26
2014-09-21_05:56:01.183|I|4146|B3A3E6E0|INFO|package|1|SequenceID=162394|toRouter
2014-09-21_10:30:00.262|I|4146|B3A3E6E0|INFO|unPackage|1|pdu_len=165|orig_pdu_len=165|curr_agip_version=0x20|orig_agip_version=0x20|is_yt_version='no'|command_id=0x10003802|seq_id=164435|game_id=1204|gateway_id=104001|src_ip=192.168.177.92|src_port=45705
2014-09-21_10:30:00.264|I|4146|B3A3E6E0|INFO|HttpAuth::userAuth|Host=daybreak.globalgames.com.br|Port=80|Request=userAccount=lpnobrega&password=77992a2b0ac2c34ad936abd0a8b1c07004c5945fddbeecd0f3f0008afc80e003&sign=B42697F195EF5EC27C386801FFA6087C
2014-09-21_10:30:00.283|I|4146|B3A3E6E0|INFO|HttpAuth::userAuth|Response=HTTP/1.1 200 OK
Connection: close
Content-Length: 124
Content-Type: text/html; charset=utf-8
Date: Fri, 19 Sep 2014 17:52:29 GMT
Server: Apache
Vary: Accept-Encoding

<?xml version="1.0" encoding="utf-8" ?><response><result>1</result><adult>1</adult><userName>lpnobrega</userName></response>
2014-09-21_10:30:00.288|I|4146|B3A3E6E0|INFO|0|104001|AllServer::_onJointAuthenExHttpAES|1|1500000102|0|GMID=1204|GWID=104001|URI=http://daybreak.globalgames.com.br/auth/|UserName=lpnobrega|Password=aa23c31957a240a56278f69022cc4159|Send3rdPassword=77992a2b0ac2c34ad936abd0a8b1c07004c5945fddbeecd0f3f0008afc80e003|UserID_Union=lpnobrega|Lower=1|User_Flag=0|User_Type=0|Adult_Flag=1|User_Class=0|User_Point=0|Appendix1=0|Appendix2=0|Promoter_ID=0|User_IP=189.34.142.36|User_Port=50228|Client_MAC=1EC9D31E2F1B|AD_ID=''|Hardware_SN1=''|Hardware_SN2=''|ClientType=full|NeedCheckPwd=1|TC1=21|TC2=5|TC=26
2014-09-21_10:30:00.288|I|4146|B3A3E6E0|INFO|package|1|SequenceID=164435|toRouter
2014-09-21_10:49:10.259|I|4146|B3A3E6E0|INFO|unPackage|1|pdu_len=165|orig_pdu_len=165|curr_agip_version=0x20|orig_agip_version=0x20|is_yt_version='no'|command_id=0x10003802|seq_id=164579|game_id=1204|gateway_id=104001|src_ip=192.168.177.92|src_port=45705
2014-09-21_10:49:10.261|I|4146|B3A3E6E0|INFO|HttpAuth::userAuth|Host=daybreak.globalgames.com.br|Port=80|Request=userAccount=lpnobrega&password=77992a2b0ac2c34ad936abd0a8b1c07004c5945fddbeecd0f3f0008afc80e003&sign=B42697F195EF5EC27C386801FFA6087C
2014-09-21_10:49:10.280|I|4146|B3A3E6E0|INFO|HttpAuth::userAuth|Response=HTTP/1.1 200 OK
Connection: close
Content-Length: 124
Content-Type: text/html; charset=utf-8
Date: Fri, 19 Sep 2014 18:11:39 GMT
Server: Apache
Vary: Accept-Encoding

<?xml version="1.0" encoding="utf-8" ?><response><result>1</result><adult>1</adult><userName>lpnobrega</userName></response>
2014-09-21_10:49:10.285|I|4146|B3A3E6E0|INFO|0|104001|AllServer::_onJointAuthenExHttpAES|1|1500000102|0|GMID=1204|GWID=104001|URI=http://daybreak.globalgames.com.br/auth/|UserName=lpnobrega|Password=aa23c31957a240a56278f69022cc4159|Send3rdPassword=77992a2b0ac2c34ad936abd0a8b1c07004c5945fddbeecd0f3f0008afc80e003|UserID_Union=lpnobrega|Lower=1|User_Flag=0|User_Type=0|Adult_Flag=1|User_Class=0|User_Point=0|Appendix1=0|Appendix2=0|Promoter_ID=0|User_IP=189.34.142.36|User_Port=52336|Client_MAC=1EC9D31E2F1B|AD_ID=''|Hardware_SN1=''|Hardware_SN2=''|ClientType=full|NeedCheckPwd=1|TC1=21|TC2=5|TC=26
2014-09-21_10:49:10.285|I|4146|B3A3E6E0|INFO|package|1|SequenceID=164579|toRouter
