2015-03-16_02:03:34.181|I|4146|B3A3E6E0|INFO|unPackage|1|pdu_len=163|orig_pdu_len=163|curr_agip_version=0x20|orig_agip_version=0x20|is_yt_version='no'|command_id=0x10003802|seq_id=398680|game_id=1204|gateway_id=104001|src_ip=192.168.177.92|src_port=38768
2015-03-16_02:03:34.184|I|4146|B3A3E6E0|INFO|HttpAuth::userAuth|Host=daybreak.globalgames.com.br|Port=80|Request=userAccount=desflag&password=43c57a4630802a40734803671b6b7929fb8230caae0bc3d6a8e04cff6e7699b9&sign=0311FF437DCEE4191292D37FBBF50FA4
2015-03-16_02:03:34.205|I|4146|B3A3E6E0|INFO|HttpAuth::userAuth|Response=HTTP/1.1 200 OK
Connection: close
Content-Length: 122
Content-Type: text/html; charset=utf-8
Date: Mon, 16 Mar 2015 05:03:35 GMT
Server: Apache
Vary: Accept-Encoding

<?xml version="1.0" encoding="utf-8" ?><response><result>1</result><adult>1</adult><userName>desflag</userName></response>
2015-03-16_02:03:34.209|I|4146|B3A3E6E0|INFO|0|104001|AllServer::_onJointAuthenExHttpAES|1|1500000114|0|GMID=1204|GWID=104001|URI=http://daybreak.globalgames.com.br/auth/|UserName=desflag|Password=b57e68a53d607d0019f744da566839f6|Send3rdPassword=43c57a4630802a40734803671b6b7929fb8230caae0bc3d6a8e04cff6e7699b9|UserID_Union=desflag|Lower=1|User_Flag=0|User_Type=0|Adult_Flag=1|User_Class=0|User_Point=0|Appendix1=0|Appendix2=0|Promoter_ID=0|User_IP=179.180.139.211|User_Port=62937|Client_MAC=E03F49E4C7E3|AD_ID=''|Hardware_SN1=''|Hardware_SN2=''|ClientType=full|NeedCheckPwd=1|TC1=24|TC2=4|TC=28
2015-03-16_02:03:34.210|I|4146|B3A3E6E0|INFO|package|1|SequenceID=398680|toRouter
2015-03-16_09:44:16.332|I|4146|B3A3E6E0|INFO|unPackage|1|pdu_len=163|orig_pdu_len=163|curr_agip_version=0x20|orig_agip_version=0x20|is_yt_version='no'|command_id=0x10003802|seq_id=402199|game_id=1204|gateway_id=104001|src_ip=192.168.177.92|src_port=38768
2015-03-16_09:44:16.335|I|4146|B3A3E6E0|INFO|HttpAuth::userAuth|Host=daybreak.globalgames.com.br|Port=80|Request=userAccount=iv4nxxx&password=df8033199ef9179a67ad160b8ca0e189510904a41b8bb2b88271f44b9cc9c350&sign=F6FF62F919643D5A098B45282AEA6C94
2015-03-16_09:44:16.355|I|4146|B3A3E6E0|INFO|HttpAuth::userAuth|Response=HTTP/1.1 200 OK
Connection: close
Content-Length: 122
Content-Type: text/html; charset=utf-8
Date: Mon, 16 Mar 2015 12:44:17 GMT
Server: Apache
Vary: Accept-Encoding

<?xml version="1.0" encoding="utf-8" ?><response><result>1</result><adult>1</adult><userName>iv4nxxx</userName></response>
2015-03-16_09:44:16.360|I|4146|B3A3E6E0|INFO|0|104001|AllServer::_onJointAuthenExHttpAES|1|1500000112|0|GMID=1204|GWID=104001|URI=http://daybreak.globalgames.com.br/auth/|UserName=iv4nxxx|Password=d1edf51c908c5a93fb9a9a37ac375a3d|Send3rdPassword=df8033199ef9179a67ad160b8ca0e189510904a41b8bb2b88271f44b9cc9c350|UserID_Union=iv4nxxx|Lower=1|User_Flag=0|User_Type=0|Adult_Flag=1|User_Class=0|User_Point=0|Appendix1=0|Appendix2=0|Promoter_ID=0|User_IP=177.47.22.70|User_Port=53076|Client_MAC=00FF2D16DDB0|AD_ID=''|Hardware_SN1=''|Hardware_SN2=''|ClientType=full|NeedCheckPwd=1|TC1=23|TC2=5|TC=28
2015-03-16_09:44:16.360|I|4146|B3A3E6E0|INFO|package|1|SequenceID=402199|toRouter
2015-03-16_09:45:32.932|I|4146|B3A3E6E0|INFO|unPackage|1|pdu_len=168|orig_pdu_len=168|curr_agip_version=0x20|orig_agip_version=0x20|is_yt_version='no'|command_id=0x10003802|seq_id=402220|game_id=1204|gateway_id=104001|src_ip=192.168.177.92|src_port=38768
2015-03-16_09:45:32.933|I|4146|B3A3E6E0|INFO|HttpAuth::userAuth|Host=daybreak.globalgames.com.br|Port=80|Request=userAccount=dragao879852&password=9dea1d78d63b4aa75e69ccfc9be282784375c5527357fcc987c859b74ac0198d&sign=F4161ED890F5877DA5D4FBF1D411E839
2015-03-16_09:45:32.953|I|4146|B3A3E6E0|INFO|HttpAuth::userAuth|Response=HTTP/1.1 200 OK
Connection: close
Content-Length: 127
Content-Type: text/html; charset=utf-8
Date: Mon, 16 Mar 2015 12:45:34 GMT
Server: Apache
Vary: Accept-Encoding

<?xml version="1.0" encoding="utf-8" ?><response><result>1</result><adult>1</adult><userName>dragao879852</userName></response>
2015-03-16_09:45:32.957|I|4146|B3A3E6E0|INFO|0|104001|AllServer::_onJointAuthenExHttpAES|1|1500000005|0|GMID=1204|GWID=104001|URI=http://daybreak.globalgames.com.br/auth/|UserName=dragao879852|Password=24188b3b45130415a05d962c7e867b5b|Send3rdPassword=9dea1d78d63b4aa75e69ccfc9be282784375c5527357fcc987c859b74ac0198d|UserID_Union=dragao879852|Lower=1|User_Flag=0|User_Type=0|Adult_Flag=1|User_Class=0|User_Point=0|Appendix1=0|Appendix2=0|Promoter_ID=0|User_IP=177.47.22.70|User_Port=58593|Client_MAC=00FFAC426D72|AD_ID=''|Hardware_SN1=''|Hardware_SN2=''|ClientType=full|NeedCheckPwd=1|TC1=21|TC2=4|TC=25
2015-03-16_09:45:32.958|I|4146|B3A3E6E0|INFO|package|1|SequenceID=402220|toRouter
2015-03-16_11:53:34.980|I|4146|B3A3E6E0|INFO|unPackage|1|pdu_len=163|orig_pdu_len=163|curr_agip_version=0x20|orig_agip_version=0x20|is_yt_version='no'|command_id=0x10003802|seq_id=410576|game_id=1204|gateway_id=104001|src_ip=192.168.177.92|src_port=38768
2015-03-16_11:53:34.982|I|4146|B3A3E6E0|INFO|HttpAuth::userAuth|Host=daybreak.globalgames.com.br|Port=80|Request=userAccount=pedrao6&password=54f776888a662f8a57afa20e8912f3e51eb87604d132b03f9f134c5f28b350eb&sign=17936324D761E94CF77D129AE26F5735
2015-03-16_11:53:35.012|I|4146|B3A3E6E0|INFO|HttpAuth::userAuth|Response=HTTP/1.1 200 OK
Connection: close
Content-Length: 122
Content-Type: text/html; charset=utf-8
Date: Mon, 16 Mar 2015 14:53:36 GMT
Server: Apache
Vary: Accept-Encoding

<?xml version="1.0" encoding="utf-8" ?><response><result>1</result><adult>1</adult><userName>pedrao6</userName></response>
2015-03-16_11:53:35.017|I|4146|B3A3E6E0|INFO|0|104001|AllServer::_onJointAuthenExHttpAES|1|1500000027|0|GMID=1204|GWID=104001|URI=http://daybreak.globalgames.com.br/auth/|UserName=pedrao6|Password=ce2a2695252bc30e81d6a7585ce02fe1|Send3rdPassword=54f776888a662f8a57afa20e8912f3e51eb87604d132b03f9f134c5f28b350eb|UserID_Union=pedrao6|Lower=1|User_Flag=0|User_Type=0|Adult_Flag=1|User_Class=0|User_Point=0|Appendix1=0|Appendix2=0|Promoter_ID=0|User_IP=189.34.136.230|User_Port=64196|Client_MAC=00FF11903B28|AD_ID=''|Hardware_SN1=''|Hardware_SN2=''|ClientType=full|NeedCheckPwd=1|TC1=32|TC2=5|TC=37
2015-03-16_11:53:35.017|I|4146|B3A3E6E0|INFO|package|1|SequenceID=410576|toRouter
2015-03-16_16:08:17.183|I|4146|B3A3E6E0|INFO|unPackage|1|pdu_len=168|orig_pdu_len=168|curr_agip_version=0x20|orig_agip_version=0x20|is_yt_version='no'|command_id=0x10003802|seq_id=417727|game_id=1204|gateway_id=104001|src_ip=192.168.177.92|src_port=38768
2015-03-16_16:08:17.184|I|4146|B3A3E6E0|INFO|HttpAuth::userAuth|Host=daybreak.globalgames.com.br|Port=80|Request=userAccount=dragao879852&password=9dea1d78d63b4aa75e69ccfc9be282784375c5527357fcc987c859b74ac0198d&sign=F4161ED890F5877DA5D4FBF1D411E839
2015-03-16_16:08:17.204|I|4146|B3A3E6E0|INFO|HttpAuth::userAuth|Response=HTTP/1.1 200 OK
Connection: close
Content-Length: 127
Content-Type: text/html; charset=utf-8
Date: Mon, 16 Mar 2015 19:08:18 GMT
Server: Apache
Vary: Accept-Encoding

<?xml version="1.0" encoding="utf-8" ?><response><result>1</result><adult>1</adult><userName>dragao879852</userName></response>
2015-03-16_16:08:17.209|I|4146|B3A3E6E0|INFO|0|104001|AllServer::_onJointAuthenExHttpAES|1|1500000005|0|GMID=1204|GWID=104001|URI=http://daybreak.globalgames.com.br/auth/|UserName=dragao879852|Password=24188b3b45130415a05d962c7e867b5b|Send3rdPassword=9dea1d78d63b4aa75e69ccfc9be282784375c5527357fcc987c859b74ac0198d|UserID_Union=dragao879852|Lower=1|User_Flag=0|User_Type=0|Adult_Flag=1|User_Class=0|User_Point=0|Appendix1=0|Appendix2=0|Promoter_ID=0|User_IP=177.47.22.70|User_Port=56314|Client_MAC=00FFAC426D72|AD_ID=''|Hardware_SN1=''|Hardware_SN2=''|ClientType=full|NeedCheckPwd=1|TC1=21|TC2=5|TC=26
2015-03-16_16:08:17.209|I|4146|B3A3E6E0|INFO|package|1|SequenceID=417727|toRouter
2015-03-16_16:57:59.534|I|4146|B3A3E6E0|INFO|unPackage|1|pdu_len=163|orig_pdu_len=163|curr_agip_version=0x20|orig_agip_version=0x20|is_yt_version='no'|command_id=0x10003802|seq_id=419464|game_id=1204|gateway_id=104001|src_ip=192.168.177.92|src_port=38768
2015-03-16_16:57:59.535|I|4146|B3A3E6E0|INFO|HttpAuth::userAuth|Host=daybreak.globalgames.com.br|Port=80|Request=userAccount=desflag&password=43c57a4630802a40734803671b6b7929fb8230caae0bc3d6a8e04cff6e7699b9&sign=0311FF437DCEE4191292D37FBBF50FA4
2015-03-16_16:57:59.564|I|4146|B3A3E6E0|INFO|HttpAuth::userAuth|Response=HTTP/1.1 200 OK
Connection: close
Content-Length: 122
Content-Type: text/html; charset=utf-8
Date: Mon, 16 Mar 2015 19:58:00 GMT
Server: Apache
Vary: Accept-Encoding

<?xml version="1.0" encoding="utf-8" ?><response><result>1</result><adult>1</adult><userName>desflag</userName></response>
2015-03-16_16:57:59.569|I|4146|B3A3E6E0|INFO|0|104001|AllServer::_onJointAuthenExHttpAES|1|1500000114|0|GMID=1204|GWID=104001|URI=http://daybreak.globalgames.com.br/auth/|UserName=desflag|Password=b57e68a53d607d0019f744da566839f6|Send3rdPassword=43c57a4630802a40734803671b6b7929fb8230caae0bc3d6a8e04cff6e7699b9|UserID_Union=desflag|Lower=1|User_Flag=0|User_Type=0|Adult_Flag=1|User_Class=0|User_Point=0|Appendix1=0|Appendix2=0|Promoter_ID=0|User_IP=179.180.121.104|User_Port=64836|Client_MAC=C21885D4F0D1|AD_ID=''|Hardware_SN1=''|Hardware_SN2=''|ClientType=full|NeedCheckPwd=1|TC1=30|TC2=5|TC=35
2015-03-16_16:57:59.569|I|4146|B3A3E6E0|INFO|package|1|SequenceID=419464|toRouter
2015-03-16_17:03:05.636|I|4146|B3A3E6E0|INFO|unPackage|1|pdu_len=168|orig_pdu_len=168|curr_agip_version=0x20|orig_agip_version=0x20|is_yt_version='no'|command_id=0x10003802|seq_id=419535|game_id=1204|gateway_id=104001|src_ip=192.168.177.92|src_port=38768
2015-03-16_17:03:05.638|I|4146|B3A3E6E0|INFO|HttpAuth::userAuth|Host=daybreak.globalgames.com.br|Port=80|Request=userAccount=dragao879852&password=9dea1d78d63b4aa75e69ccfc9be282784375c5527357fcc987c859b74ac0198d&sign=F4161ED890F5877DA5D4FBF1D411E839
2015-03-16_17:03:05.665|I|4146|B3A3E6E0|INFO|HttpAuth::userAuth|Response=HTTP/1.1 200 OK
Connection: close
Content-Length: 127
Content-Type: text/html; charset=utf-8
Date: Mon, 16 Mar 2015 20:03:06 GMT
Server: Apache
Vary: Accept-Encoding

<?xml version="1.0" encoding="utf-8" ?><response><result>1</result><adult>1</adult><userName>dragao879852</userName></response>
2015-03-16_17:03:05.670|I|4146|B3A3E6E0|INFO|0|104001|AllServer::_onJointAuthenExHttpAES|1|1500000005|0|GMID=1204|GWID=104001|URI=http://daybreak.globalgames.com.br/auth/|UserName=dragao879852|Password=24188b3b45130415a05d962c7e867b5b|Send3rdPassword=9dea1d78d63b4aa75e69ccfc9be282784375c5527357fcc987c859b74ac0198d|UserID_Union=dragao879852|Lower=1|User_Flag=0|User_Type=0|Adult_Flag=1|User_Class=0|User_Point=0|Appendix1=0|Appendix2=0|Promoter_ID=0|User_IP=177.47.22.70|User_Port=57769|Client_MAC=00FFAC426D72|AD_ID=''|Hardware_SN1=''|Hardware_SN2=''|ClientType=full|NeedCheckPwd=1|TC1=29|TC2=5|TC=34
2015-03-16_17:03:05.670|I|4146|B3A3E6E0|INFO|package|1|SequenceID=419535|toRouter
2015-03-16_17:09:23.133|I|4146|B3A3E6E0|INFO|unPackage|1|pdu_len=166|orig_pdu_len=166|curr_agip_version=0x20|orig_agip_version=0x20|is_yt_version='no'|command_id=0x10003802|seq_id=419597|game_id=1204|gateway_id=104001|src_ip=192.168.177.92|src_port=38768
2015-03-16_17:09:23.133|I|4146|B3A3E6E0|INFO|HttpAuth::userAuth|Host=daybreak.globalgames.com.br|Port=80|Request=userAccount=andersongg&password=6ca4b545ec99c4edd3293b83078f4c79a9f0a2a9f1ba68ea0351b0d0d4ffae57&sign=2640EC98230C3E08F412CA15CB0D705B
2015-03-16_17:09:23.158|I|4146|B3A3E6E0|INFO|HttpAuth::userAuth|Response=HTTP/1.1 200 OK
Connection: close
Content-Length: 125
Content-Type: text/html; charset=utf-8
Date: Mon, 16 Mar 2015 20:09:24 GMT
Server: Apache
Vary: Accept-Encoding

<?xml version="1.0" encoding="utf-8" ?><response><result>1</result><adult>1</adult><userName>andersongg</userName></response>
2015-03-16_17:09:23.163|I|4146|B3A3E6E0|INFO|0|104001|AllServer::_onJointAuthenExHttpAES|1|1500000006|0|GMID=1204|GWID=104001|URI=http://daybreak.globalgames.com.br/auth/|UserName=andersongg|Password=640156a929a2966b9f8ec76b15e71994|Send3rdPassword=6ca4b545ec99c4edd3293b83078f4c79a9f0a2a9f1ba68ea0351b0d0d4ffae57|UserID_Union=andersongg|Lower=1|User_Flag=0|User_Type=0|Adult_Flag=1|User_Class=0|User_Point=0|Appendix1=0|Appendix2=0|Promoter_ID=0|User_IP=177.47.22.70|User_Port=57805|Client_MAC=00FFAC426D72|AD_ID=''|Hardware_SN1=''|Hardware_SN2=''|ClientType=full|NeedCheckPwd=1|TC1=25|TC2=5|TC=30
2015-03-16_17:09:23.163|I|4146|B3A3E6E0|INFO|package|1|SequenceID=419597|toRouter
2015-03-16_19:11:25.332|I|4146|B3A3E6E0|INFO|unPackage|1|pdu_len=163|orig_pdu_len=163|curr_agip_version=0x20|orig_agip_version=0x20|is_yt_version='no'|command_id=0x10003802|seq_id=420516|game_id=1204|gateway_id=104001|src_ip=192.168.177.92|src_port=38768
2015-03-16_19:11:25.335|I|4146|B3A3E6E0|INFO|HttpAuth::userAuth|Host=daybreak.globalgames.com.br|Port=80|Request=userAccount=desflag&password=43c57a4630802a40734803671b6b7929fb8230caae0bc3d6a8e04cff6e7699b9&sign=0311FF437DCEE4191292D37FBBF50FA4
2015-03-16_19:11:25.373|I|4146|B3A3E6E0|INFO|HttpAuth::userAuth|Response=HTTP/1.1 200 OK
Connection: close
Content-Length: 122
Content-Type: text/html; charset=utf-8
Date: Mon, 16 Mar 2015 22:11:26 GMT
Server: Apache
Vary: Accept-Encoding

<?xml version="1.0" encoding="utf-8" ?><response><result>1</result><adult>1</adult><userName>desflag</userName></response>
2015-03-16_19:11:25.378|I|4146|B3A3E6E0|INFO|0|104001|AllServer::_onJointAuthenExHttpAES|1|1500000114|0|GMID=1204|GWID=104001|URI=http://daybreak.globalgames.com.br/auth/|UserName=desflag|Password=b57e68a53d607d0019f744da566839f6|Send3rdPassword=43c57a4630802a40734803671b6b7929fb8230caae0bc3d6a8e04cff6e7699b9|UserID_Union=desflag|Lower=1|User_Flag=0|User_Type=0|Adult_Flag=1|User_Class=0|User_Point=0|Appendix1=0|Appendix2=0|Promoter_ID=0|User_IP=179.176.15.62|User_Port=53926|Client_MAC=C21885D4F0D1|AD_ID=''|Hardware_SN1=''|Hardware_SN2=''|ClientType=full|NeedCheckPwd=1|TC1=41|TC2=5|TC=46
2015-03-16_19:11:25.378|I|4146|B3A3E6E0|INFO|package|1|SequenceID=420516|toRouter
