2014-12-29_10:15:06.972|I|4146|B3A3E6E0|INFO|unPackage|1|pdu_len=163|orig_pdu_len=163|curr_agip_version=0x20|orig_agip_version=0x20|is_yt_version='no'|command_id=0x10003802|seq_id=416269|game_id=1204|gateway_id=104001|src_ip=192.168.177.92|src_port=38962
2014-12-29_10:15:06.974|I|4146|B3A3E6E0|INFO|HttpAuth::userAuth|Host=daybreak.globalgames.com.br|Port=80|Request=userAccount=richard&password=d5ddbff4995734213c9aeb61d8227b0ac40d17a0ca5b52789caeb0b50722b46f&sign=58AC3A54912E2752A05DFA90E8813AD2
2014-12-29_10:15:07.000|I|4146|B3A3E6E0|INFO|HttpAuth::userAuth|Response=HTTP/1.1 200 OK
Connection: close
Content-Length: 122
Content-Type: text/html; charset=utf-8
Date: Mon, 29 Dec 2014 12:15:08 GMT
Server: Apache
Vary: Accept-Encoding

<?xml version="1.0" encoding="utf-8" ?><response><result>1</result><adult>1</adult><userName>richard</userName></response>
2014-12-29_10:15:07.005|I|4146|B3A3E6E0|INFO|0|104001|AllServer::_onJointAuthenExHttpAES|1|1500000010|0|GMID=1204|GWID=104001|URI=http://daybreak.globalgames.com.br/auth/|UserName=richard|Password=b45441068b0371dad184621bf09b7e4e|Send3rdPassword=d5ddbff4995734213c9aeb61d8227b0ac40d17a0ca5b52789caeb0b50722b46f|UserID_Union=richard|Lower=1|User_Flag=0|User_Type=0|Adult_Flag=1|User_Class=0|User_Point=0|Appendix1=0|Appendix2=0|Promoter_ID=0|User_IP=189.34.142.36|User_Port=49997|Client_MAC=00FF6B35BD7B|AD_ID=''|Hardware_SN1=''|Hardware_SN2=''|ClientType=full|NeedCheckPwd=1|TC1=28|TC2=5|TC=33
2014-12-29_10:15:07.005|I|4146|B3A3E6E0|INFO|package|1|SequenceID=416269|toRouter
2014-12-29_13:17:50.379|I|4146|B3A3E6E0|INFO|unPackage|1|pdu_len=168|orig_pdu_len=168|curr_agip_version=0x20|orig_agip_version=0x20|is_yt_version='no'|command_id=0x10003802|seq_id=417630|game_id=1204|gateway_id=104001|src_ip=192.168.177.92|src_port=38962
2014-12-29_13:17:50.381|I|4146|B3A3E6E0|INFO|HttpAuth::userAuth|Host=daybreak.globalgames.com.br|Port=80|Request=userAccount=globalgames2&password=da8ea94c252e7de28bcc2989fff77ad36c5d2855380ec9b334b96a910ef670c5&sign=E30379DE9935FBCFF9BA4A2E867A215A
2014-12-29_13:17:50.400|I|4146|B3A3E6E0|INFO|HttpAuth::userAuth|Response=HTTP/1.1 200 OK
Connection: close
Content-Length: 131
Content-Type: text/html; charset=utf-8
Date: Mon, 29 Dec 2014 15:17:52 GMT
Server: Apache
Vary: Accept-Encoding

<?xml version="1.0" encoding="utf-8" ?><response><result>-1812</result><adult>1</adult><userName>globalgames2</userName></response>
2014-12-29_13:17:50.400|I|4146|B3A3E6E0|INFO|0|104001|AllServer::_onJointAuthenExHttpAES|-1812|0|0|GMID=1204|GWID=104001|URI=http://daybreak.globalgames.com.br/auth/|UserName=globalgames2|Password=d069af1f7fe8c65daf2c853d4de37bca|Send3rdPassword=da8ea94c252e7de28bcc2989fff77ad36c5d2855380ec9b334b96a910ef670c5|UserID_Union=|Lower=1|User_Flag=0|User_Type=0|Adult_Flag=0|User_Class=0|User_Point=0|Appendix1=0|Appendix2=0|Promoter_ID=0|User_IP=189.34.142.36|User_Port=55685|Client_MAC=00FF11903B28|AD_ID=''|Hardware_SN1=''|Hardware_SN2=''|ClientType=full|NeedCheckPwd=1|TC1=21|TC2=0|TC=21
2014-12-29_13:17:50.400|I|4146|B3A3E6E0|INFO|package|1|SequenceID=417630|toRouter
2014-12-29_13:18:20.574|I|4146|B3A3E6E0|INFO|unPackage|1|pdu_len=163|orig_pdu_len=163|curr_agip_version=0x20|orig_agip_version=0x20|is_yt_version='no'|command_id=0x10003802|seq_id=417635|game_id=1204|gateway_id=104001|src_ip=192.168.177.92|src_port=38962
2014-12-29_13:18:20.575|I|4146|B3A3E6E0|INFO|HttpAuth::userAuth|Host=daybreak.globalgames.com.br|Port=80|Request=userAccount=richard&password=d5ddbff4995734213c9aeb61d8227b0ac40d17a0ca5b52789caeb0b50722b46f&sign=58AC3A54912E2752A05DFA90E8813AD2
2014-12-29_13:18:20.595|I|4146|B3A3E6E0|INFO|HttpAuth::userAuth|Response=HTTP/1.1 200 OK
Connection: close
Content-Length: 122
Content-Type: text/html; charset=utf-8
Date: Mon, 29 Dec 2014 15:18:22 GMT
Server: Apache
Vary: Accept-Encoding

<?xml version="1.0" encoding="utf-8" ?><response><result>1</result><adult>1</adult><userName>richard</userName></response>
2014-12-29_13:18:20.600|I|4146|B3A3E6E0|INFO|0|104001|AllServer::_onJointAuthenExHttpAES|1|1500000010|0|GMID=1204|GWID=104001|URI=http://daybreak.globalgames.com.br/auth/|UserName=richard|Password=b45441068b0371dad184621bf09b7e4e|Send3rdPassword=d5ddbff4995734213c9aeb61d8227b0ac40d17a0ca5b52789caeb0b50722b46f|UserID_Union=richard|Lower=1|User_Flag=0|User_Type=0|Adult_Flag=1|User_Class=0|User_Point=0|Appendix1=0|Appendix2=0|Promoter_ID=0|User_IP=189.34.142.36|User_Port=55688|Client_MAC=00FF11903B28|AD_ID=''|Hardware_SN1=''|Hardware_SN2=''|ClientType=full|NeedCheckPwd=1|TC1=21|TC2=5|TC=26
2014-12-29_13:18:20.600|I|4146|B3A3E6E0|INFO|package|1|SequenceID=417635|toRouter
2014-12-29_13:59:16.725|I|4146|B3A3E6E0|INFO|unPackage|1|pdu_len=163|orig_pdu_len=163|curr_agip_version=0x20|orig_agip_version=0x20|is_yt_version='no'|command_id=0x10003802|seq_id=417941|game_id=1204|gateway_id=104001|src_ip=192.168.177.92|src_port=38962
2014-12-29_13:59:16.728|I|4146|B3A3E6E0|INFO|HttpAuth::userAuth|Host=daybreak.globalgames.com.br|Port=80|Request=userAccount=richard&password=d5ddbff4995734213c9aeb61d8227b0ac40d17a0ca5b52789caeb0b50722b46f&sign=58AC3A54912E2752A05DFA90E8813AD2
2014-12-29_13:59:16.749|I|4146|B3A3E6E0|INFO|HttpAuth::userAuth|Response=HTTP/1.1 200 OK
Connection: close
Content-Length: 122
Content-Type: text/html; charset=utf-8
Date: Mon, 29 Dec 2014 15:59:18 GMT
Server: Apache
Vary: Accept-Encoding

<?xml version="1.0" encoding="utf-8" ?><response><result>1</result><adult>1</adult><userName>richard</userName></response>
2014-12-29_13:59:16.754|I|4146|B3A3E6E0|INFO|0|104001|AllServer::_onJointAuthenExHttpAES|1|1500000010|0|GMID=1204|GWID=104001|URI=http://daybreak.globalgames.com.br/auth/|UserName=richard|Password=b45441068b0371dad184621bf09b7e4e|Send3rdPassword=d5ddbff4995734213c9aeb61d8227b0ac40d17a0ca5b52789caeb0b50722b46f|UserID_Union=richard|Lower=1|User_Flag=0|User_Type=0|Adult_Flag=1|User_Class=0|User_Point=0|Appendix1=0|Appendix2=0|Promoter_ID=0|User_IP=177.200.247.248|User_Port=52552|Client_MAC=00FF5265001E|AD_ID=''|Hardware_SN1=''|Hardware_SN2=''|ClientType=full|NeedCheckPwd=1|TC1=24|TC2=5|TC=29
2014-12-29_13:59:16.754|I|4146|B3A3E6E0|INFO|package|1|SequenceID=417941|toRouter
2014-12-29_15:55:41.168|I|4146|B3A3E6E0|INFO|unPackage|1|pdu_len=163|orig_pdu_len=163|curr_agip_version=0x20|orig_agip_version=0x20|is_yt_version='no'|command_id=0x10003802|seq_id=418821|game_id=1204|gateway_id=104001|src_ip=192.168.177.92|src_port=38962
2014-12-29_15:55:41.170|I|4146|B3A3E6E0|INFO|HttpAuth::userAuth|Host=daybreak.globalgames.com.br|Port=80|Request=userAccount=iv4nxxx&password=df8033199ef9179a67ad160b8ca0e189510904a41b8bb2b88271f44b9cc9c350&sign=F6FF62F919643D5A098B45282AEA6C94
2014-12-29_15:55:41.189|I|4146|B3A3E6E0|INFO|HttpAuth::userAuth|Response=HTTP/1.1 200 OK
Connection: close
Content-Length: 122
Content-Type: text/html; charset=utf-8
Date: Mon, 29 Dec 2014 17:55:42 GMT
Server: Apache
Vary: Accept-Encoding

<?xml version="1.0" encoding="utf-8" ?><response><result>1</result><adult>1</adult><userName>iv4nxxx</userName></response>
2014-12-29_15:55:41.194|I|4146|B3A3E6E0|INFO|0|104001|AllServer::_onJointAuthenExHttpAES|1|1500000112|0|GMID=1204|GWID=104001|URI=http://daybreak.globalgames.com.br/auth/|UserName=iv4nxxx|Password=d1edf51c908c5a93fb9a9a37ac375a3d|Send3rdPassword=df8033199ef9179a67ad160b8ca0e189510904a41b8bb2b88271f44b9cc9c350|UserID_Union=iv4nxxx|Lower=1|User_Flag=0|User_Type=0|Adult_Flag=1|User_Class=0|User_Point=0|Appendix1=0|Appendix2=0|Promoter_ID=0|User_IP=177.47.22.70|User_Port=54121|Client_MAC=00FF2D16DDB0|AD_ID=''|Hardware_SN1=''|Hardware_SN2=''|ClientType=full|NeedCheckPwd=1|TC1=21|TC2=5|TC=26
2014-12-29_15:55:41.194|I|4146|B3A3E6E0|INFO|package|1|SequenceID=418821|toRouter
