2015-03-17_09:53:27.381|I|4146|B3A3E6E0|INFO|unPackage|1|pdu_len=163|orig_pdu_len=163|curr_agip_version=0x20|orig_agip_version=0x20|is_yt_version='no'|command_id=0x10003802|seq_id=427076|game_id=1204|gateway_id=104001|src_ip=192.168.177.92|src_port=38768
2015-03-17_09:53:27.384|I|4146|B3A3E6E0|INFO|HttpAuth::userAuth|Host=daybreak.globalgames.com.br|Port=80|Request=userAccount=iv4nxxx&password=df8033199ef9179a67ad160b8ca0e189510904a41b8bb2b88271f44b9cc9c350&sign=F6FF62F919643D5A098B45282AEA6C94
2015-03-17_09:53:27.403|I|4146|B3A3E6E0|INFO|HttpAuth::userAuth|Response=HTTP/1.1 200 OK
Connection: close
Content-Length: 122
Content-Type: text/html; charset=utf-8
Date: Tue, 17 Mar 2015 12:53:28 GMT
Server: Apache
Vary: Accept-Encoding

<?xml version="1.0" encoding="utf-8" ?><response><result>1</result><adult>1</adult><userName>iv4nxxx</userName></response>
2015-03-17_09:53:27.408|I|4146|B3A3E6E0|INFO|0|104001|AllServer::_onJointAuthenExHttpAES|1|1500000112|0|GMID=1204|GWID=104001|URI=http://daybreak.globalgames.com.br/auth/|UserName=iv4nxxx|Password=d1edf51c908c5a93fb9a9a37ac375a3d|Send3rdPassword=df8033199ef9179a67ad160b8ca0e189510904a41b8bb2b88271f44b9cc9c350|UserID_Union=iv4nxxx|Lower=1|User_Flag=0|User_Type=0|Adult_Flag=1|User_Class=0|User_Point=0|Appendix1=0|Appendix2=0|Promoter_ID=0|User_IP=189.34.136.230|User_Port=55303|Client_MAC=00FF2D16DDB0|AD_ID=''|Hardware_SN1=''|Hardware_SN2=''|ClientType=full|NeedCheckPwd=1|TC1=22|TC2=5|TC=27
2015-03-17_09:53:27.408|I|4146|B3A3E6E0|INFO|package|1|SequenceID=427076|toRouter
2015-03-17_10:06:59.582|I|4146|B3A3E6E0|INFO|unPackage|1|pdu_len=168|orig_pdu_len=168|curr_agip_version=0x20|orig_agip_version=0x20|is_yt_version='no'|command_id=0x10003802|seq_id=427215|game_id=1204|gateway_id=104001|src_ip=192.168.177.92|src_port=38768
2015-03-17_10:06:59.584|I|4146|B3A3E6E0|INFO|HttpAuth::userAuth|Host=daybreak.globalgames.com.br|Port=80|Request=userAccount=dragao879852&password=9dea1d78d63b4aa75e69ccfc9be282784375c5527357fcc987c859b74ac0198d&sign=F4161ED890F5877DA5D4FBF1D411E839
2015-03-17_10:06:59.605|I|4146|B3A3E6E0|INFO|HttpAuth::userAuth|Response=HTTP/1.1 200 OK
Connection: close
Content-Length: 127
Content-Type: text/html; charset=utf-8
Date: Tue, 17 Mar 2015 13:07:00 GMT
Server: Apache
Vary: Accept-Encoding

<?xml version="1.0" encoding="utf-8" ?><response><result>1</result><adult>1</adult><userName>dragao879852</userName></response>
2015-03-17_10:06:59.610|I|4146|B3A3E6E0|INFO|0|104001|AllServer::_onJointAuthenExHttpAES|1|1500000005|0|GMID=1204|GWID=104001|URI=http://daybreak.globalgames.com.br/auth/|UserName=dragao879852|Password=24188b3b45130415a05d962c7e867b5b|Send3rdPassword=9dea1d78d63b4aa75e69ccfc9be282784375c5527357fcc987c859b74ac0198d|UserID_Union=dragao879852|Lower=1|User_Flag=0|User_Type=0|Adult_Flag=1|User_Class=0|User_Point=0|Appendix1=0|Appendix2=0|Promoter_ID=0|User_IP=177.47.22.70|User_Port=61122|Client_MAC=00FFAC426D72|AD_ID=''|Hardware_SN1=''|Hardware_SN2=''|ClientType=full|NeedCheckPwd=1|TC1=23|TC2=5|TC=28
2015-03-17_10:06:59.610|I|4146|B3A3E6E0|INFO|package|1|SequenceID=427215|toRouter
2015-03-17_10:09:11.731|I|4146|B3A3E6E0|INFO|unPackage|1|pdu_len=163|orig_pdu_len=163|curr_agip_version=0x20|orig_agip_version=0x20|is_yt_version='no'|command_id=0x10003802|seq_id=427252|game_id=1204|gateway_id=104001|src_ip=192.168.177.92|src_port=38768
2015-03-17_10:09:11.732|I|4146|B3A3E6E0|INFO|HttpAuth::userAuth|Host=daybreak.globalgames.com.br|Port=80|Request=userAccount=pedrao6&password=54f776888a662f8a57afa20e8912f3e51eb87604d132b03f9f134c5f28b350eb&sign=17936324D761E94CF77D129AE26F5735
2015-03-17_10:09:11.751|I|4146|B3A3E6E0|INFO|HttpAuth::userAuth|Response=HTTP/1.1 200 OK
Connection: close
Content-Length: 122
Content-Type: text/html; charset=utf-8
Date: Tue, 17 Mar 2015 13:09:12 GMT
Server: Apache
Vary: Accept-Encoding

<?xml version="1.0" encoding="utf-8" ?><response><result>1</result><adult>1</adult><userName>pedrao6</userName></response>
2015-03-17_10:09:11.756|I|4146|B3A3E6E0|INFO|0|104001|AllServer::_onJointAuthenExHttpAES|1|1500000027|0|GMID=1204|GWID=104001|URI=http://daybreak.globalgames.com.br/auth/|UserName=pedrao6|Password=ce2a2695252bc30e81d6a7585ce02fe1|Send3rdPassword=54f776888a662f8a57afa20e8912f3e51eb87604d132b03f9f134c5f28b350eb|UserID_Union=pedrao6|Lower=1|User_Flag=0|User_Type=0|Adult_Flag=1|User_Class=0|User_Point=0|Appendix1=0|Appendix2=0|Promoter_ID=0|User_IP=189.34.136.230|User_Port=55384|Client_MAC=00FF11903B28|AD_ID=''|Hardware_SN1=''|Hardware_SN2=''|ClientType=full|NeedCheckPwd=1|TC1=20|TC2=5|TC=25
2015-03-17_10:09:11.756|I|4146|B3A3E6E0|INFO|package|1|SequenceID=427252|toRouter
2015-03-17_10:41:22.034|I|4146|B3A3E6E0|INFO|unPackage|1|pdu_len=163|orig_pdu_len=163|curr_agip_version=0x20|orig_agip_version=0x20|is_yt_version='no'|command_id=0x10003802|seq_id=427784|game_id=1204|gateway_id=104001|src_ip=192.168.177.92|src_port=38768
2015-03-17_10:41:22.037|I|4146|B3A3E6E0|INFO|HttpAuth::userAuth|Host=daybreak.globalgames.com.br|Port=80|Request=userAccount=iv4nxxx&password=df8033199ef9179a67ad160b8ca0e189510904a41b8bb2b88271f44b9cc9c350&sign=F6FF62F919643D5A098B45282AEA6C94
2015-03-17_10:41:22.056|I|4146|B3A3E6E0|INFO|HttpAuth::userAuth|Response=HTTP/1.1 200 OK
Connection: close
Content-Length: 122
Content-Type: text/html; charset=utf-8
Date: Tue, 17 Mar 2015 13:41:23 GMT
Server: Apache
Vary: Accept-Encoding

<?xml version="1.0" encoding="utf-8" ?><response><result>1</result><adult>1</adult><userName>iv4nxxx</userName></response>
2015-03-17_10:41:22.060|I|4146|B3A3E6E0|INFO|0|104001|AllServer::_onJointAuthenExHttpAES|1|1500000112|0|GMID=1204|GWID=104001|URI=http://daybreak.globalgames.com.br/auth/|UserName=iv4nxxx|Password=d1edf51c908c5a93fb9a9a37ac375a3d|Send3rdPassword=df8033199ef9179a67ad160b8ca0e189510904a41b8bb2b88271f44b9cc9c350|UserID_Union=iv4nxxx|Lower=1|User_Flag=0|User_Type=0|Adult_Flag=1|User_Class=0|User_Point=0|Appendix1=0|Appendix2=0|Promoter_ID=0|User_IP=189.34.136.230|User_Port=62534|Client_MAC=00FF2D16DDB0|AD_ID=''|Hardware_SN1=''|Hardware_SN2=''|ClientType=full|NeedCheckPwd=1|TC1=21|TC2=4|TC=25
2015-03-17_10:41:22.060|I|4146|B3A3E6E0|INFO|package|1|SequenceID=427784|toRouter
2015-03-17_10:42:29.278|I|4146|B3A3E6E0|INFO|unPackage|1|pdu_len=163|orig_pdu_len=163|curr_agip_version=0x20|orig_agip_version=0x20|is_yt_version='no'|command_id=0x10003802|seq_id=427795|game_id=1204|gateway_id=104001|src_ip=192.168.177.92|src_port=38768
2015-03-17_10:42:29.281|I|4146|B3A3E6E0|INFO|HttpAuth::userAuth|Host=daybreak.globalgames.com.br|Port=80|Request=userAccount=pedrao6&password=54f776888a662f8a57afa20e8912f3e51eb87604d132b03f9f134c5f28b350eb&sign=17936324D761E94CF77D129AE26F5735
2015-03-17_10:42:29.300|I|4146|B3A3E6E0|INFO|HttpAuth::userAuth|Response=HTTP/1.1 200 OK
Connection: close
Content-Length: 122
Content-Type: text/html; charset=utf-8
Date: Tue, 17 Mar 2015 13:42:30 GMT
Server: Apache
Vary: Accept-Encoding

<?xml version="1.0" encoding="utf-8" ?><response><result>1</result><adult>1</adult><userName>pedrao6</userName></response>
2015-03-17_10:42:29.304|I|4146|B3A3E6E0|INFO|0|104001|AllServer::_onJointAuthenExHttpAES|1|1500000027|0|GMID=1204|GWID=104001|URI=http://daybreak.globalgames.com.br/auth/|UserName=pedrao6|Password=ce2a2695252bc30e81d6a7585ce02fe1|Send3rdPassword=54f776888a662f8a57afa20e8912f3e51eb87604d132b03f9f134c5f28b350eb|UserID_Union=pedrao6|Lower=1|User_Flag=0|User_Type=0|Adult_Flag=1|User_Class=0|User_Point=0|Appendix1=0|Appendix2=0|Promoter_ID=0|User_IP=189.34.136.230|User_Port=58934|Client_MAC=00FF11903B28|AD_ID=''|Hardware_SN1=''|Hardware_SN2=''|ClientType=full|NeedCheckPwd=1|TC1=22|TC2=4|TC=26
2015-03-17_10:42:29.305|I|4146|B3A3E6E0|INFO|package|1|SequenceID=427795|toRouter
2015-03-17_16:46:58.186|I|4146|B3A3E6E0|INFO|unPackage|1|pdu_len=166|orig_pdu_len=166|curr_agip_version=0x20|orig_agip_version=0x20|is_yt_version='no'|command_id=0x10003802|seq_id=480251|game_id=1204|gateway_id=104001|src_ip=192.168.177.92|src_port=38768
2015-03-17_16:46:58.189|I|4146|B3A3E6E0|INFO|HttpAuth::userAuth|Host=daybreak.globalgames.com.br|Port=80|Request=userAccount=andersongg&password=6ca4b545ec99c4edd3293b83078f4c79a9f0a2a9f1ba68ea0351b0d0d4ffae57&sign=2640EC98230C3E08F412CA15CB0D705B
2015-03-17_16:46:58.211|I|4146|B3A3E6E0|INFO|HttpAuth::userAuth|Response=HTTP/1.1 200 OK
Connection: close
Content-Length: 125
Content-Type: text/html; charset=utf-8
Date: Tue, 17 Mar 2015 19:46:59 GMT
Server: Apache
Vary: Accept-Encoding

<?xml version="1.0" encoding="utf-8" ?><response><result>1</result><adult>1</adult><userName>andersongg</userName></response>
2015-03-17_16:46:58.216|I|4146|B3A3E6E0|INFO|0|104001|AllServer::_onJointAuthenExHttpAES|1|1500000006|0|GMID=1204|GWID=104001|URI=http://daybreak.globalgames.com.br/auth/|UserName=andersongg|Password=640156a929a2966b9f8ec76b15e71994|Send3rdPassword=6ca4b545ec99c4edd3293b83078f4c79a9f0a2a9f1ba68ea0351b0d0d4ffae57|UserID_Union=andersongg|Lower=1|User_Flag=0|User_Type=0|Adult_Flag=1|User_Class=0|User_Point=0|Appendix1=0|Appendix2=0|Promoter_ID=0|User_IP=189.34.136.230|User_Port=54907|Client_MAC=00FF11903B28|AD_ID=''|Hardware_SN1=''|Hardware_SN2=''|ClientType=full|NeedCheckPwd=1|TC1=25|TC2=5|TC=30
2015-03-17_16:46:58.216|I|4146|B3A3E6E0|INFO|package|1|SequenceID=480251|toRouter
2015-03-17_16:47:35.583|I|4146|B3A3E6E0|INFO|unPackage|1|pdu_len=168|orig_pdu_len=168|curr_agip_version=0x20|orig_agip_version=0x20|is_yt_version='no'|command_id=0x10003802|seq_id=480257|game_id=1204|gateway_id=104001|src_ip=192.168.177.92|src_port=38768
2015-03-17_16:47:35.583|I|4146|B3A3E6E0|INFO|HttpAuth::userAuth|Host=daybreak.globalgames.com.br|Port=80|Request=userAccount=dragon879852&password=6ca4b545ec99c4edd3293b83078f4c79a9f0a2a9f1ba68ea0351b0d0d4ffae57&sign=7EDA221C7EB94DE1937CAB8B7A07E376
2015-03-17_16:47:35.601|I|4146|B3A3E6E0|INFO|HttpAuth::userAuth|Response=HTTP/1.1 200 OK
Connection: close
Content-Length: 131
Content-Type: text/html; charset=utf-8
Date: Tue, 17 Mar 2015 19:47:36 GMT
Server: Apache
Vary: Accept-Encoding

<?xml version="1.0" encoding="utf-8" ?><response><result>-1812</result><adult>1</adult><userName>dragon879852</userName></response>
2015-03-17_16:47:35.601|I|4146|B3A3E6E0|INFO|0|104001|AllServer::_onJointAuthenExHttpAES|-1812|0|0|GMID=1204|GWID=104001|URI=http://daybreak.globalgames.com.br/auth/|UserName=dragon879852|Password=640156a929a2966b9f8ec76b15e71994|Send3rdPassword=6ca4b545ec99c4edd3293b83078f4c79a9f0a2a9f1ba68ea0351b0d0d4ffae57|UserID_Union=|Lower=1|User_Flag=0|User_Type=0|Adult_Flag=0|User_Class=0|User_Point=0|Appendix1=0|Appendix2=0|Promoter_ID=0|User_IP=189.34.136.230|User_Port=54913|Client_MAC=00FF11903B28|AD_ID=''|Hardware_SN1=''|Hardware_SN2=''|ClientType=full|NeedCheckPwd=1|TC1=18|TC2=0|TC=18
2015-03-17_16:47:35.601|I|4146|B3A3E6E0|INFO|package|1|SequenceID=480257|toRouter
2015-03-17_16:47:48.686|I|4146|B3A3E6E0|INFO|unPackage|1|pdu_len=168|orig_pdu_len=168|curr_agip_version=0x20|orig_agip_version=0x20|is_yt_version='no'|command_id=0x10003802|seq_id=480259|game_id=1204|gateway_id=104001|src_ip=192.168.177.92|src_port=38768
2015-03-17_16:47:48.687|I|4146|B3A3E6E0|INFO|HttpAuth::userAuth|Host=daybreak.globalgames.com.br|Port=80|Request=userAccount=dragon879852&password=54f776888a662f8a57afa20e8912f3e51eb87604d132b03f9f134c5f28b350eb&sign=E3EE688169D5EF048B92993355516B4E
2015-03-17_16:47:48.705|I|4146|B3A3E6E0|INFO|HttpAuth::userAuth|Response=HTTP/1.1 200 OK
Connection: close
Content-Length: 131
Content-Type: text/html; charset=utf-8
Date: Tue, 17 Mar 2015 19:47:49 GMT
Server: Apache
Vary: Accept-Encoding

<?xml version="1.0" encoding="utf-8" ?><response><result>-1812</result><adult>1</adult><userName>dragon879852</userName></response>
2015-03-17_16:47:48.705|I|4146|B3A3E6E0|INFO|0|104001|AllServer::_onJointAuthenExHttpAES|-1812|0|0|GMID=1204|GWID=104001|URI=http://daybreak.globalgames.com.br/auth/|UserName=dragon879852|Password=ce2a2695252bc30e81d6a7585ce02fe1|Send3rdPassword=54f776888a662f8a57afa20e8912f3e51eb87604d132b03f9f134c5f28b350eb|UserID_Union=|Lower=1|User_Flag=0|User_Type=0|Adult_Flag=0|User_Class=0|User_Point=0|Appendix1=0|Appendix2=0|Promoter_ID=0|User_IP=189.34.136.230|User_Port=54915|Client_MAC=00FF11903B28|AD_ID=''|Hardware_SN1=''|Hardware_SN2=''|ClientType=full|NeedCheckPwd=1|TC1=19|TC2=0|TC=19
2015-03-17_16:47:48.705|I|4146|B3A3E6E0|INFO|package|1|SequenceID=480259|toRouter
