2014-01-07_04:01:12.962|I|32450|B7F7B6E0|INFO|unPackage|1|pdu_len=166|orig_pdu_len=166|curr_agip_version=0x20|orig_agip_version=0x20|is_yt_version='no'|command_id=0x10003802|seq_id=43476|game_id=1204|gateway_id=104001|src_ip=192.168.177.92|src_port=46347
2014-01-07_04:01:12.966|I|32450|B7F7B6E0|INFO|HttpAuth::userAuth|Host=daybreak.globalgames.com.br|Port=80|Request=userAccount=globalgames&password=f7b5f871ae9dfc275b36ac4ef793964cdc0a7ef41a22f0075444b48a71a41c68&sign=51DDE1EE0AB99D998F3692B440FCBFB3
2014-01-07_04:01:13.201|I|32450|B7F7B6E0|INFO|HttpAuth::userAuth|Response=HTTP/1.1 200 OK
Connection: close
Content-Length: 126
Content-Type: text/html; charset=utf-8
Date: Tue, 07 Jan 2014 06:14:29 GMT
Server: Apache
Vary: Accept-Encoding

<?xml version="1.0" encoding="utf-8" ?><response><result>1</result><adult>1</adult><userName>globalgames</userName></response>
2014-01-07_04:01:13.208|I|32450|B7F7B6E0|INFO|0|104001|AllServer::_onJointAuthenExHttpAES|1|1500000000|0|GMID=1204|GWID=104001|URI=http://daybreak.globalgames.com.br/auth/|UserName=globalgames|Password=c0447052a1be8c51ba30681a7b89281d|Send3rdPassword=f7b5f871ae9dfc275b36ac4ef793964cdc0a7ef41a22f0075444b48a71a41c68|UserID_Union=globalgames|Lower=1|User_Flag=0|User_Type=0|Adult_Flag=1|User_Class=0|User_Point=0|Appendix1=0|Appendix2=0|Promoter_ID=0|User_IP=218.213.93.70|User_Port=4156|Client_MAC=00FFA440723E|AD_ID=''|Hardware_SN1=''|Hardware_SN2=''|ClientType=full|NeedCheckPwd=1|TC1=238|TC2=7|TC=245
2014-01-07_04:01:13.208|I|32450|B7F7B6E0|INFO|package|1|SequenceID=43476|toRouter
2014-01-07_08:27:49.611|I|32450|B7F7B6E0|INFO|unPackage|1|pdu_len=163|orig_pdu_len=163|curr_agip_version=0x20|orig_agip_version=0x20|is_yt_version='no'|command_id=0x10003802|seq_id=45463|game_id=1204|gateway_id=104001|src_ip=192.168.177.92|src_port=46347
2014-01-07_08:27:49.614|I|32450|B7F7B6E0|INFO|HttpAuth::userAuth|Host=daybreak.globalgames.com.br|Port=80|Request=userAccount=richard&password=d5ddbff4995734213c9aeb61d8227b0ac40d17a0ca5b52789caeb0b50722b46f&sign=58AC3A54912E2752A05DFA90E8813AD2
2014-01-07_08:27:49.878|I|32450|B7F7B6E0|INFO|HttpAuth::userAuth|Response=HTTP/1.1 200 OK
Connection: close
Content-Length: 122
Content-Type: text/html; charset=utf-8
Date: Tue, 07 Jan 2014 10:41:06 GMT
Server: Apache
Vary: Accept-Encoding

<?xml version="1.0" encoding="utf-8" ?><response><result>1</result><adult>1</adult><userName>richard</userName></response>
2014-01-07_08:27:49.884|I|32450|B7F7B6E0|INFO|0|104001|AllServer::_onJointAuthenExHttpAES|1|1500000010|0|GMID=1204|GWID=104001|URI=http://daybreak.globalgames.com.br/auth/|UserName=richard|Password=b45441068b0371dad184621bf09b7e4e|Send3rdPassword=d5ddbff4995734213c9aeb61d8227b0ac40d17a0ca5b52789caeb0b50722b46f|UserID_Union=richard|Lower=1|User_Flag=0|User_Type=0|Adult_Flag=1|User_Class=0|User_Point=0|Appendix1=0|Appendix2=0|Promoter_ID=0|User_IP=177.134.6.18|User_Port=49277|Client_MAC=00FF6B35BD7B|AD_ID=''|Hardware_SN1=''|Hardware_SN2=''|ClientType=full|NeedCheckPwd=1|TC1=266|TC2=6|TC=273
2014-01-07_08:27:49.884|I|32450|B7F7B6E0|INFO|package|1|SequenceID=45463|toRouter
2014-01-07_08:39:39.059|I|32450|B7F7B6E0|INFO|unPackage|1|pdu_len=163|orig_pdu_len=163|curr_agip_version=0x20|orig_agip_version=0x20|is_yt_version='no'|command_id=0x10003802|seq_id=45553|game_id=1204|gateway_id=104001|src_ip=192.168.177.92|src_port=46347
2014-01-07_08:39:39.061|I|32450|B7F7B6E0|INFO|HttpAuth::userAuth|Host=daybreak.globalgames.com.br|Port=80|Request=userAccount=pedrao6&password=f7b5f871ae9dfc275b36ac4ef793964cdc0a7ef41a22f0075444b48a71a41c68&sign=C903D2C350F82FE608269A8B28D30B40
2014-01-07_08:39:39.151|I|32450|B7F7B6E0|INFO|HttpAuth::userAuth|Response=HTTP/1.1 200 OK
Connection: close
Content-Length: 122
Content-Type: text/html; charset=utf-8
Date: Tue, 07 Jan 2014 10:52:56 GMT
Server: Apache
Vary: Accept-Encoding

<?xml version="1.0" encoding="utf-8" ?><response><result>1</result><adult>1</adult><userName>pedrao6</userName></response>
2014-01-07_08:39:39.158|I|32450|B7F7B6E0|INFO|0|104001|AllServer::_onJointAuthenExHttpAES|1|1500000027|0|GMID=1204|GWID=104001|URI=http://daybreak.globalgames.com.br/auth/|UserName=pedrao6|Password=c0447052a1be8c51ba30681a7b89281d|Send3rdPassword=f7b5f871ae9dfc275b36ac4ef793964cdc0a7ef41a22f0075444b48a71a41c68|UserID_Union=pedrao6|Lower=1|User_Flag=0|User_Type=0|Adult_Flag=1|User_Class=0|User_Point=0|Appendix1=0|Appendix2=0|Promoter_ID=0|User_IP=177.134.6.18|User_Port=49941|Client_MAC=00FF3655D22E|AD_ID=''|Hardware_SN1=''|Hardware_SN2=''|ClientType=full|NeedCheckPwd=1|TC1=91|TC2=7|TC=98
2014-01-07_08:39:39.158|I|32450|B7F7B6E0|INFO|package|1|SequenceID=45553|toRouter
2014-01-07_09:13:25.908|I|32450|B7F7B6E0|INFO|unPackage|1|pdu_len=165|orig_pdu_len=165|curr_agip_version=0x20|orig_agip_version=0x20|is_yt_version='no'|command_id=0x10003802|seq_id=45807|game_id=1204|gateway_id=104001|src_ip=192.168.177.92|src_port=46347
2014-01-07_09:13:25.911|I|32450|B7F7B6E0|INFO|HttpAuth::userAuth|Host=daybreak.globalgames.com.br|Port=80|Request=userAccount=polaris13&password=dda307357d5122bb087d86a76b597f0ecb43957559922cf1a410b3867c657033&sign=390FB1FEB22B6FAD0068C4D6918337DD
2014-01-07_09:13:26.047|I|32450|B7F7B6E0|INFO|HttpAuth::userAuth|Response=HTTP/1.1 200 OK
Connection: close
Content-Length: 124
Content-Type: text/html; charset=utf-8
Date: Tue, 07 Jan 2014 11:26:43 GMT
Server: Apache
Vary: Accept-Encoding

<?xml version="1.0" encoding="utf-8" ?><response><result>1</result><adult>1</adult><userName>polaris13</userName></response>
2014-01-07_09:13:26.053|I|32450|B7F7B6E0|INFO|0|104001|AllServer::_onJointAuthenExHttpAES|1|1500000020|0|GMID=1204|GWID=104001|URI=http://daybreak.globalgames.com.br/auth/|UserName=polaris13|Password=c3c7fdc199544358827fa0cbb78c235d|Send3rdPassword=dda307357d5122bb087d86a76b597f0ecb43957559922cf1a410b3867c657033|UserID_Union=polaris13|Lower=1|User_Flag=0|User_Type=0|Adult_Flag=1|User_Class=0|User_Point=0|Appendix1=0|Appendix2=0|Promoter_ID=0|User_IP=177.134.6.18|User_Port=53390|Client_MAC=1EC9D31E3393|AD_ID=''|Hardware_SN1=''|Hardware_SN2=''|ClientType=full|NeedCheckPwd=1|TC1=139|TC2=6|TC=145
2014-01-07_09:13:26.053|I|32450|B7F7B6E0|INFO|package|1|SequenceID=45807|toRouter
2014-01-07_09:23:47.110|I|32450|B7F7B6E0|INFO|unPackage|1|pdu_len=163|orig_pdu_len=163|curr_agip_version=0x20|orig_agip_version=0x20|is_yt_version='no'|command_id=0x10003802|seq_id=45887|game_id=1204|gateway_id=104001|src_ip=192.168.177.92|src_port=46347
2014-01-07_09:23:47.113|I|32450|B7F7B6E0|INFO|HttpAuth::userAuth|Host=daybreak.globalgames.com.br|Port=80|Request=userAccount=richard&password=d5ddbff4995734213c9aeb61d8227b0ac40d17a0ca5b52789caeb0b50722b46f&sign=58AC3A54912E2752A05DFA90E8813AD2
2014-01-07_09:23:47.216|I|32450|B7F7B6E0|INFO|HttpAuth::userAuth|Response=HTTP/1.1 200 OK
Connection: close
Content-Length: 122
Content-Type: text/html; charset=utf-8
Date: Tue, 07 Jan 2014 11:37:04 GMT
Server: Apache
Vary: Accept-Encoding

<?xml version="1.0" encoding="utf-8" ?><response><result>1</result><adult>1</adult><userName>richard</userName></response>
2014-01-07_09:23:47.222|I|32450|B7F7B6E0|INFO|0|104001|AllServer::_onJointAuthenExHttpAES|1|1500000010|0|GMID=1204|GWID=104001|URI=http://daybreak.globalgames.com.br/auth/|UserName=richard|Password=b45441068b0371dad184621bf09b7e4e|Send3rdPassword=d5ddbff4995734213c9aeb61d8227b0ac40d17a0ca5b52789caeb0b50722b46f|UserID_Union=richard|Lower=1|User_Flag=0|User_Type=0|Adult_Flag=1|User_Class=0|User_Point=0|Appendix1=0|Appendix2=0|Promoter_ID=0|User_IP=177.134.6.27|User_Port=60525|Client_MAC=00FF6B35BD7B|AD_ID=''|Hardware_SN1=''|Hardware_SN2=''|ClientType=full|NeedCheckPwd=1|TC1=106|TC2=6|TC=112
2014-01-07_09:23:47.222|I|32450|B7F7B6E0|INFO|package|1|SequenceID=45887|toRouter
2014-01-07_09:23:47.816|I|32450|B7F7B6E0|INFO|unPackage|1|pdu_len=163|orig_pdu_len=163|curr_agip_version=0x20|orig_agip_version=0x20|is_yt_version='no'|command_id=0x10003802|seq_id=45888|game_id=1204|gateway_id=104001|src_ip=192.168.177.92|src_port=46347
2014-01-07_09:23:47.816|I|32450|B7F7B6E0|INFO|HttpAuth::userAuth|Host=daybreak.globalgames.com.br|Port=80|Request=userAccount=pedrao6&password=f7b5f871ae9dfc275b36ac4ef793964cdc0a7ef41a22f0075444b48a71a41c68&sign=C903D2C350F82FE608269A8B28D30B40
2014-01-07_09:23:47.881|I|32450|B7F7B6E0|INFO|HttpAuth::userAuth|Response=HTTP/1.1 200 OK
Connection: close
Content-Length: 122
Content-Type: text/html; charset=utf-8
Date: Tue, 07 Jan 2014 11:37:04 GMT
Server: Apache
Vary: Accept-Encoding

<?xml version="1.0" encoding="utf-8" ?><response><result>1</result><adult>1</adult><userName>pedrao6</userName></response>
2014-01-07_09:23:47.887|I|32450|B7F7B6E0|INFO|0|104001|AllServer::_onJointAuthenExHttpAES|1|1500000027|0|GMID=1204|GWID=104001|URI=http://daybreak.globalgames.com.br/auth/|UserName=pedrao6|Password=c0447052a1be8c51ba30681a7b89281d|Send3rdPassword=f7b5f871ae9dfc275b36ac4ef793964cdc0a7ef41a22f0075444b48a71a41c68|UserID_Union=pedrao6|Lower=1|User_Flag=0|User_Type=0|Adult_Flag=1|User_Class=0|User_Point=0|Appendix1=0|Appendix2=0|Promoter_ID=0|User_IP=177.134.6.27|User_Port=50885|Client_MAC=00FF3655D22E|AD_ID=''|Hardware_SN1=''|Hardware_SN2=''|ClientType=full|NeedCheckPwd=1|TC1=65|TC2=6|TC=71
2014-01-07_09:23:47.887|I|32450|B7F7B6E0|INFO|package|1|SequenceID=45888|toRouter
2014-01-07_09:47:52.661|I|32450|B7F7B6E0|INFO|unPackage|1|pdu_len=163|orig_pdu_len=163|curr_agip_version=0x20|orig_agip_version=0x20|is_yt_version='no'|command_id=0x10003802|seq_id=46070|game_id=1204|gateway_id=104001|src_ip=192.168.177.92|src_port=46347
2014-01-07_09:47:52.686|I|32450|B7F7B6E0|INFO|HttpAuth::userAuth|Host=daybreak.globalgames.com.br|Port=80|Request=userAccount=pedrao10&password=f7b5f871ae9dfc275b36ac4ef793964cdc0a7ef41a22f0075444b48a71a41c68&sign=07787E1F443A92FF4A3F3FD3E80253F8
2014-01-07_09:47:53.077|I|32450|B7F7B6E0|INFO|HttpAuth::userAuth|Response=HTTP/1.1 500 Internal Server Error
Connection: close
Content-Length: 510
Content-Type: text/html; charset=utf-8
Date: Tue, 07 Jan 2014 12:01:09 GMT
Headtitle: 
Headtitle: 
Server: Apache
Vary: Accept-Encoding

<!DOCTYPE html><html xml:lang="pt-br" lang="pt-br" xmlns="http://www.w3.org/1999/xhtml" xmlns:fb="http://www.facebook.com/2008/fbml" xmlns:og="http://opengraph.org/schema/"><head>        <title>Day Break :: Global Games - A sua publisher de jogos online!</title></head><body><form method="post" action="/api/"><input type="text" name="userAccount" value=""/><input type="password" name="password" value=""/><input type="submit" name="sbt" value="Enviar"/></form></body></html>
2014-01-07_09:47:53.077|I|32450|B7F7B6E0|INFO|HttpAuth::parseRecvStr|failed|not find response node
2014-01-07_09:47:53.077|I|32450|B7F7B6E0|INFO|0|104001|AllServer::_onJointAuthenExHttpAES|-1811|0|0|GMID=1204|GWID=104001|URI=http://daybreak.globalgames.com.br/auth/|UserName=pedrao10|Password=c0447052a1be8c51ba30681a7b89281d|Send3rdPassword=f7b5f871ae9dfc275b36ac4ef793964cdc0a7ef41a22f0075444b48a71a41c68|UserID_Union=|Lower=1|User_Flag=0|User_Type=0|Adult_Flag=0|User_Class=0|User_Point=0|Appendix1=0|Appendix2=0|Promoter_ID=0|User_IP=177.134.6.27|User_Port=1024|Client_MAC=00FF3655D22E|AD_ID=''|Hardware_SN1=''|Hardware_SN2=''|ClientType=full|NeedCheckPwd=1|TC1=415|TC2=0|TC=416
2014-01-07_09:47:53.077|I|32450|B7F7B6E0|INFO|package|1|SequenceID=46070|toRouter
2014-01-07_09:48:37.561|I|32450|B7F7B6E0|INFO|unPackage|1|pdu_len=164|orig_pdu_len=164|curr_agip_version=0x20|orig_agip_version=0x20|is_yt_version='no'|command_id=0x10003802|seq_id=46077|game_id=1204|gateway_id=104001|src_ip=192.168.177.92|src_port=46347
2014-01-07_09:48:37.562|I|32450|B7F7B6E0|INFO|HttpAuth::userAuth|Host=daybreak.globalgames.com.br|Port=80|Request=userAccount=pedrao10&password=f7b5f871ae9dfc275b36ac4ef793964cdc0a7ef41a22f0075444b48a71a41c68&sign=07787E1F443A92FF4A3F3FD3E80253F8
2014-01-07_09:48:37.641|I|32450|B7F7B6E0|INFO|HttpAuth::userAuth|Response=HTTP/1.1 200 OK
Connection: close
Content-Length: 123
Content-Type: text/html; charset=utf-8
Date: Tue, 07 Jan 2014 12:01:54 GMT
Server: Apache
Vary: Accept-Encoding

<?xml version="1.0" encoding="utf-8" ?><response><result>1</result><adult>1</adult><userName>pedrao10</userName></response>
2014-01-07_09:48:37.648|I|32450|B7F7B6E0|INFO|0|104001|AllServer::_onJointAuthenExHttpAES|1|1500000044|0|GMID=1204|GWID=104001|URI=http://daybreak.globalgames.com.br/auth/|UserName=pedrao10|Password=c0447052a1be8c51ba30681a7b89281d|Send3rdPassword=f7b5f871ae9dfc275b36ac4ef793964cdc0a7ef41a22f0075444b48a71a41c68|UserID_Union=pedrao10|Lower=1|User_Flag=0|User_Type=0|Adult_Flag=1|User_Class=0|User_Point=0|Appendix1=0|Appendix2=0|Promoter_ID=0|User_IP=177.134.6.27|User_Port=60330|Client_MAC=00FF3655D22E|AD_ID=''|Hardware_SN1=''|Hardware_SN2=''|ClientType=full|NeedCheckPwd=1|TC1=81|TC2=6|TC=87
2014-01-07_09:48:37.648|I|32450|B7F7B6E0|INFO|package|1|SequenceID=46077|toRouter
2014-01-07_09:48:45.660|I|32450|B7F7B6E0|INFO|unPackage|1|pdu_len=165|orig_pdu_len=165|curr_agip_version=0x20|orig_agip_version=0x20|is_yt_version='no'|command_id=0x10003802|seq_id=46079|game_id=1204|gateway_id=104001|src_ip=192.168.177.92|src_port=46347
2014-01-07_09:48:45.660|I|32450|B7F7B6E0|INFO|HttpAuth::userAuth|Host=daybreak.globalgames.com.br|Port=80|Request=userAccount=polaris13&password=dda307357d5122bb087d86a76b597f0ecb43957559922cf1a410b3867c657033&sign=390FB1FEB22B6FAD0068C4D6918337DD
2014-01-07_09:48:45.730|I|32450|B7F7B6E0|INFO|HttpAuth::userAuth|Response=HTTP/1.1 200 OK
Connection: close
Content-Length: 124
Content-Type: text/html; charset=utf-8
Date: Tue, 07 Jan 2014 12:02:02 GMT
Server: Apache
Vary: Accept-Encoding

<?xml version="1.0" encoding="utf-8" ?><response><result>1</result><adult>1</adult><userName>polaris13</userName></response>
2014-01-07_09:48:45.737|I|32450|B7F7B6E0|INFO|0|104001|AllServer::_onJointAuthenExHttpAES|1|1500000020|0|GMID=1204|GWID=104001|URI=http://daybreak.globalgames.com.br/auth/|UserName=polaris13|Password=c3c7fdc199544358827fa0cbb78c235d|Send3rdPassword=dda307357d5122bb087d86a76b597f0ecb43957559922cf1a410b3867c657033|UserID_Union=polaris13|Lower=1|User_Flag=0|User_Type=0|Adult_Flag=1|User_Class=0|User_Point=0|Appendix1=0|Appendix2=0|Promoter_ID=0|User_IP=177.134.6.27|User_Port=54695|Client_MAC=1EC9D31E3393|AD_ID=''|Hardware_SN1=''|Hardware_SN2=''|ClientType=full|NeedCheckPwd=1|TC1=71|TC2=6|TC=77
2014-01-07_09:48:45.737|I|32450|B7F7B6E0|INFO|package|1|SequenceID=46079|toRouter
2014-01-07_09:52:26.258|I|32450|B7F7B6E0|INFO|unPackage|1|pdu_len=164|orig_pdu_len=164|curr_agip_version=0x20|orig_agip_version=0x20|is_yt_version='no'|command_id=0x10003802|seq_id=46112|game_id=1204|gateway_id=104001|src_ip=192.168.177.92|src_port=46347
2014-01-07_09:52:26.259|I|32450|B7F7B6E0|INFO|HttpAuth::userAuth|Host=daybreak.globalgames.com.br|Port=80|Request=userAccount=teste111&password=4a973ecf5d4b1be743e35dd2d03a161f5d53896d6a962cee7c09055c678822a8&sign=8071B42FD64FBA41D74FC925ED65027D
2014-01-07_09:52:26.352|I|32450|B7F7B6E0|INFO|HttpAuth::userAuth|Response=HTTP/1.1 200 OK
Connection: close
Content-Length: 123
Content-Type: text/html; charset=utf-8
Date: Tue, 07 Jan 2014 12:05:43 GMT
Server: Apache
Vary: Accept-Encoding

<?xml version="1.0" encoding="utf-8" ?><response><result>1</result><adult>1</adult><userName>teste111</userName></response>
2014-01-07_09:52:26.360|I|32450|B7F7B6E0|INFO|0|104001|AllServer::_onJointAuthenExHttpAES|1|1500000045|0|GMID=1204|GWID=104001|URI=http://daybreak.globalgames.com.br/auth/|UserName=teste111|Password=07753ed041bdf1e598507acecb8ad1c1|Send3rdPassword=4a973ecf5d4b1be743e35dd2d03a161f5d53896d6a962cee7c09055c678822a8|UserID_Union=teste111|Lower=1|User_Flag=0|User_Type=0|Adult_Flag=1|User_Class=0|User_Point=0|Appendix1=0|Appendix2=0|Promoter_ID=0|User_IP=177.134.6.27|User_Port=56323|Client_MAC=00FF6B35BD7B|AD_ID=''|Hardware_SN1=''|Hardware_SN2=''|ClientType=full|NeedCheckPwd=1|TC1=94|TC2=8|TC=102
2014-01-07_09:52:26.360|I|32450|B7F7B6E0|INFO|package|1|SequenceID=46112|toRouter
2014-01-07_13:03:33.254|I|32450|B7F7B6E0|INFO|unPackage|1|pdu_len=163|orig_pdu_len=163|curr_agip_version=0x20|orig_agip_version=0x20|is_yt_version='no'|command_id=0x10003802|seq_id=47540|game_id=1204|gateway_id=104001|src_ip=192.168.177.92|src_port=46347
2014-01-07_13:03:33.257|I|32450|B7F7B6E0|INFO|HttpAuth::userAuth|Host=daybreak.globalgames.com.br|Port=80|Request=userAccount=richard&password=d5ddbff4995734213c9aeb61d8227b0ac40d17a0ca5b52789caeb0b50722b46f&sign=58AC3A54912E2752A05DFA90E8813AD2
2014-01-07_13:03:33.500|I|32450|B7F7B6E0|INFO|HttpAuth::userAuth|Response=HTTP/1.1 200 OK
Connection: close
Content-Length: 122
Content-Type: text/html; charset=utf-8
Date: Tue, 07 Jan 2014 15:16:50 GMT
Server: Apache
Vary: Accept-Encoding

<?xml version="1.0" encoding="utf-8" ?><response><result>1</result><adult>1</adult><userName>richard</userName></response>
2014-01-07_13:03:33.506|I|32450|B7F7B6E0|INFO|0|104001|AllServer::_onJointAuthenExHttpAES|1|1500000010|0|GMID=1204|GWID=104001|URI=http://daybreak.globalgames.com.br/auth/|UserName=richard|Password=b45441068b0371dad184621bf09b7e4e|Send3rdPassword=d5ddbff4995734213c9aeb61d8227b0ac40d17a0ca5b52789caeb0b50722b46f|UserID_Union=richard|Lower=1|User_Flag=0|User_Type=0|Adult_Flag=1|User_Class=0|User_Point=0|Appendix1=0|Appendix2=0|Promoter_ID=0|User_IP=177.134.6.27|User_Port=56948|Client_MAC=00FF6B35BD7B|AD_ID=''|Hardware_SN1=''|Hardware_SN2=''|ClientType=full|NeedCheckPwd=1|TC1=245|TC2=6|TC=251
2014-01-07_13:03:33.506|I|32450|B7F7B6E0|INFO|package|1|SequenceID=47540|toRouter
2014-01-07_13:03:44.306|I|32450|B7F7B6E0|INFO|unPackage|1|pdu_len=164|orig_pdu_len=164|curr_agip_version=0x20|orig_agip_version=0x20|is_yt_version='no'|command_id=0x10003802|seq_id=47543|game_id=1204|gateway_id=104001|src_ip=192.168.177.92|src_port=46347
2014-01-07_13:03:44.307|I|32450|B7F7B6E0|INFO|HttpAuth::userAuth|Host=daybreak.globalgames.com.br|Port=80|Request=userAccount=richard1&password=d5ddbff4995734213c9aeb61d8227b0ac40d17a0ca5b52789caeb0b50722b46f&sign=E94DFBCF2D468F66AEB9327B8A289F34
2014-01-07_13:03:44.373|I|32450|B7F7B6E0|INFO|HttpAuth::userAuth|Response=HTTP/1.1 200 OK
Connection: close
Content-Length: 123
Content-Type: text/html; charset=utf-8
Date: Tue, 07 Jan 2014 15:17:01 GMT
Server: Apache
Vary: Accept-Encoding

<?xml version="1.0" encoding="utf-8" ?><response><result>1</result><adult>1</adult><userName>richard1</userName></response>
2014-01-07_13:03:44.379|I|32450|B7F7B6E0|INFO|0|104001|AllServer::_onJointAuthenExHttpAES|1|1500000009|0|GMID=1204|GWID=104001|URI=http://daybreak.globalgames.com.br/auth/|UserName=richard1|Password=b45441068b0371dad184621bf09b7e4e|Send3rdPassword=d5ddbff4995734213c9aeb61d8227b0ac40d17a0ca5b52789caeb0b50722b46f|UserID_Union=richard1|Lower=1|User_Flag=0|User_Type=0|Adult_Flag=1|User_Class=0|User_Point=0|Appendix1=0|Appendix2=0|Promoter_ID=0|User_IP=177.134.6.27|User_Port=56950|Client_MAC=00FF6B35BD7B|AD_ID=''|Hardware_SN1=''|Hardware_SN2=''|ClientType=full|NeedCheckPwd=1|TC1=67|TC2=6|TC=73
2014-01-07_13:03:44.379|I|32450|B7F7B6E0|INFO|package|1|SequenceID=47543|toRouter
2014-01-07_13:05:51.959|I|32450|B7F7B6E0|INFO|unPackage|1|pdu_len=164|orig_pdu_len=164|curr_agip_version=0x20|orig_agip_version=0x20|is_yt_version='no'|command_id=0x10003802|seq_id=47562|game_id=1204|gateway_id=104001|src_ip=192.168.177.92|src_port=46347
2014-01-07_13:05:51.962|I|32450|B7F7B6E0|INFO|HttpAuth::userAuth|Host=daybreak.globalgames.com.br|Port=80|Request=userAccount=richard2&password=d5ddbff4995734213c9aeb61d8227b0ac40d17a0ca5b52789caeb0b50722b46f&sign=7E89DCA4A566D5842F8080B9021E1EBE
2014-01-07_13:05:52.074|I|32450|B7F7B6E0|INFO|HttpAuth::userAuth|Response=HTTP/1.1 200 OK
Connection: close
Content-Length: 127
Content-Type: text/html; charset=utf-8
Date: Tue, 07 Jan 2014 15:19:09 GMT
Server: Apache
Vary: Accept-Encoding

<?xml version="1.0" encoding="utf-8" ?><response><result>-1812</result><adult>1</adult><userName>richard2</userName></response>
2014-01-07_13:05:52.074|I|32450|B7F7B6E0|INFO|0|104001|AllServer::_onJointAuthenExHttpAES|-1812|0|0|GMID=1204|GWID=104001|URI=http://daybreak.globalgames.com.br/auth/|UserName=richard2|Password=b45441068b0371dad184621bf09b7e4e|Send3rdPassword=d5ddbff4995734213c9aeb61d8227b0ac40d17a0ca5b52789caeb0b50722b46f|UserID_Union=|Lower=1|User_Flag=0|User_Type=0|Adult_Flag=0|User_Class=0|User_Point=0|Appendix1=0|Appendix2=0|Promoter_ID=0|User_IP=177.134.6.27|User_Port=56968|Client_MAC=00FF6B35BD7B|AD_ID=''|Hardware_SN1=''|Hardware_SN2=''|ClientType=full|NeedCheckPwd=1|TC1=115|TC2=0|TC=115
2014-01-07_13:05:52.074|I|32450|B7F7B6E0|INFO|package|1|SequenceID=47562|toRouter
2014-01-07_13:14:06.860|I|32450|B7F7B6E0|INFO|unPackage|1|pdu_len=164|orig_pdu_len=164|curr_agip_version=0x20|orig_agip_version=0x20|is_yt_version='no'|command_id=0x10003802|seq_id=47624|game_id=1204|gateway_id=104001|src_ip=192.168.177.92|src_port=46347
2014-01-07_13:14:06.863|I|32450|B7F7B6E0|INFO|HttpAuth::userAuth|Host=daybreak.globalgames.com.br|Port=80|Request=userAccount=richard3&password=d5ddbff4995734213c9aeb61d8227b0ac40d17a0ca5b52789caeb0b50722b46f&sign=764A13913BAAD88B15C5F33AE47B6521
2014-01-07_13:14:06.957|I|32450|B7F7B6E0|INFO|HttpAuth::userAuth|Response=HTTP/1.1 200 OK
Connection: close
Content-Length: 123
Content-Type: text/html; charset=utf-8
Date: Tue, 07 Jan 2014 15:27:24 GMT
Server: Apache
Vary: Accept-Encoding

<?xml version="1.0" encoding="utf-8" ?><response><result>1</result><adult>1</adult><userName>richard3</userName></response>
2014-01-07_13:14:06.964|I|32450|B7F7B6E0|INFO|0|104001|AllServer::_onJointAuthenExHttpAES|1|1500000007|0|GMID=1204|GWID=104001|URI=http://daybreak.globalgames.com.br/auth/|UserName=richard3|Password=b45441068b0371dad184621bf09b7e4e|Send3rdPassword=d5ddbff4995734213c9aeb61d8227b0ac40d17a0ca5b52789caeb0b50722b46f|UserID_Union=richard3|Lower=1|User_Flag=0|User_Type=0|Adult_Flag=1|User_Class=0|User_Point=0|Appendix1=0|Appendix2=0|Promoter_ID=0|User_IP=177.134.6.27|User_Port=57007|Client_MAC=00FF6B35BD7B|AD_ID=''|Hardware_SN1=''|Hardware_SN2=''|ClientType=full|NeedCheckPwd=1|TC1=96|TC2=7|TC=103
2014-01-07_13:14:06.964|I|32450|B7F7B6E0|INFO|package|1|SequenceID=47624|toRouter
2014-01-07_13:15:26.909|I|32450|B7F7B6E0|INFO|unPackage|1|pdu_len=163|orig_pdu_len=163|curr_agip_version=0x20|orig_agip_version=0x20|is_yt_version='no'|command_id=0x10003802|seq_id=47637|game_id=1204|gateway_id=104001|src_ip=192.168.177.92|src_port=46347
2014-01-07_13:15:26.910|I|32450|B7F7B6E0|INFO|HttpAuth::userAuth|Host=daybreak.globalgames.com.br|Port=80|Request=userAccount=richard&password=d5ddbff4995734213c9aeb61d8227b0ac40d17a0ca5b52789caeb0b50722b46f&sign=58AC3A54912E2752A05DFA90E8813AD2
2014-01-07_13:15:26.999|I|32450|B7F7B6E0|INFO|HttpAuth::userAuth|Response=HTTP/1.1 200 OK
Connection: close
Content-Length: 122
Content-Type: text/html; charset=utf-8
Date: Tue, 07 Jan 2014 15:28:44 GMT
Server: Apache
Vary: Accept-Encoding

<?xml version="1.0" encoding="utf-8" ?><response><result>1</result><adult>1</adult><userName>richard</userName></response>
2014-01-07_13:15:27.005|I|32450|B7F7B6E0|INFO|0|104001|AllServer::_onJointAuthenExHttpAES|1|1500000010|0|GMID=1204|GWID=104001|URI=http://daybreak.globalgames.com.br/auth/|UserName=richard|Password=b45441068b0371dad184621bf09b7e4e|Send3rdPassword=d5ddbff4995734213c9aeb61d8227b0ac40d17a0ca5b52789caeb0b50722b46f|UserID_Union=richard|Lower=1|User_Flag=0|User_Type=0|Adult_Flag=1|User_Class=0|User_Point=0|Appendix1=0|Appendix2=0|Promoter_ID=0|User_IP=177.134.6.27|User_Port=57014|Client_MAC=00FF6B35BD7B|AD_ID=''|Hardware_SN1=''|Hardware_SN2=''|ClientType=full|NeedCheckPwd=1|TC1=90|TC2=6|TC=96
2014-01-07_13:15:27.005|I|32450|B7F7B6E0|INFO|package|1|SequenceID=47637|toRouter
2014-01-07_14:15:14.304|I|32450|B7F7B6E0|INFO|unPackage|1|pdu_len=163|orig_pdu_len=163|curr_agip_version=0x20|orig_agip_version=0x20|is_yt_version='no'|command_id=0x10003802|seq_id=48085|game_id=1204|gateway_id=104001|src_ip=192.168.177.92|src_port=46347
2014-01-07_14:15:14.306|I|32450|B7F7B6E0|INFO|HttpAuth::userAuth|Host=daybreak.globalgames.com.br|Port=80|Request=userAccount=test111&password=d5ddbff4995734213c9aeb61d8227b0ac40d17a0ca5b52789caeb0b50722b46f&sign=105B9726C260756FB449BFB5055A64A0
2014-01-07_14:15:14.423|I|32450|B7F7B6E0|INFO|HttpAuth::userAuth|Response=HTTP/1.1 200 OK
Connection: close
Content-Length: 126
Content-Type: text/html; charset=utf-8
Date: Tue, 07 Jan 2014 16:28:32 GMT
Server: Apache
Vary: Accept-Encoding

<?xml version="1.0" encoding="utf-8" ?><response><result>-1812</result><adult>1</adult><userName>test111</userName></response>
2014-01-07_14:15:14.424|I|32450|B7F7B6E0|INFO|0|104001|AllServer::_onJointAuthenExHttpAES|-1812|0|0|GMID=1204|GWID=104001|URI=http://daybreak.globalgames.com.br/auth/|UserName=test111|Password=b45441068b0371dad184621bf09b7e4e|Send3rdPassword=d5ddbff4995734213c9aeb61d8227b0ac40d17a0ca5b52789caeb0b50722b46f|UserID_Union=|Lower=1|User_Flag=0|User_Type=0|Adult_Flag=0|User_Class=0|User_Point=0|Appendix1=0|Appendix2=0|Promoter_ID=0|User_IP=177.134.6.27|User_Port=57291|Client_MAC=00FF6B35BD7B|AD_ID=''|Hardware_SN1=''|Hardware_SN2=''|ClientType=full|NeedCheckPwd=1|TC1=120|TC2=0|TC=120
2014-01-07_14:15:14.424|I|32450|B7F7B6E0|INFO|package|1|SequenceID=48085|toRouter
2014-01-07_14:15:21.106|I|32450|B7F7B6E0|INFO|unPackage|1|pdu_len=164|orig_pdu_len=164|curr_agip_version=0x20|orig_agip_version=0x20|is_yt_version='no'|command_id=0x10003802|seq_id=48087|game_id=1204|gateway_id=104001|src_ip=192.168.177.92|src_port=46347
2014-01-07_14:15:21.106|I|32450|B7F7B6E0|INFO|HttpAuth::userAuth|Host=daybreak.globalgames.com.br|Port=80|Request=userAccount=teste111&password=4a973ecf5d4b1be743e35dd2d03a161f5d53896d6a962cee7c09055c678822a8&sign=8071B42FD64FBA41D74FC925ED65027D
2014-01-07_14:15:21.195|I|32450|B7F7B6E0|INFO|HttpAuth::userAuth|Response=HTTP/1.1 200 OK
Connection: close
Content-Length: 123
Content-Type: text/html; charset=utf-8
Date: Tue, 07 Jan 2014 16:28:38 GMT
Server: Apache
Vary: Accept-Encoding

<?xml version="1.0" encoding="utf-8" ?><response><result>1</result><adult>1</adult><userName>teste111</userName></response>
2014-01-07_14:15:21.201|I|32450|B7F7B6E0|INFO|0|104001|AllServer::_onJointAuthenExHttpAES|1|1500000045|0|GMID=1204|GWID=104001|URI=http://daybreak.globalgames.com.br/auth/|UserName=teste111|Password=07753ed041bdf1e598507acecb8ad1c1|Send3rdPassword=4a973ecf5d4b1be743e35dd2d03a161f5d53896d6a962cee7c09055c678822a8|UserID_Union=teste111|Lower=1|User_Flag=0|User_Type=0|Adult_Flag=1|User_Class=0|User_Point=0|Appendix1=0|Appendix2=0|Promoter_ID=0|User_IP=177.134.6.27|User_Port=57293|Client_MAC=00FF6B35BD7B|AD_ID=''|Hardware_SN1=''|Hardware_SN2=''|ClientType=full|NeedCheckPwd=1|TC1=89|TC2=6|TC=95
2014-01-07_14:15:21.201|I|32450|B7F7B6E0|INFO|package|1|SequenceID=48087|toRouter
2014-01-07_16:58:39.162|I|32450|B7F7B6E0|INFO|unPackage|1|pdu_len=163|orig_pdu_len=163|curr_agip_version=0x20|orig_agip_version=0x20|is_yt_version='no'|command_id=0x10003802|seq_id=49303|game_id=1204|gateway_id=104001|src_ip=192.168.177.92|src_port=46347
2014-01-07_16:58:39.166|I|32450|B7F7B6E0|INFO|HttpAuth::userAuth|Host=daybreak.globalgames.com.br|Port=80|Request=userAccount=richard&password=d5ddbff4995734213c9aeb61d8227b0ac40d17a0ca5b52789caeb0b50722b46f&sign=58AC3A54912E2752A05DFA90E8813AD2
2014-01-07_16:58:39.618|I|32450|B7F7B6E0|INFO|HttpAuth::userAuth|Response=HTTP/1.1 200 OK
Connection: close
Content-Length: 122
Content-Type: text/html; charset=utf-8
Date: Tue, 07 Jan 2014 19:11:57 GMT
Server: Apache
Vary: Accept-Encoding

<?xml version="1.0" encoding="utf-8" ?><response><result>1</result><adult>1</adult><userName>richard</userName></response>
2014-01-07_16:58:39.625|I|32450|B7F7B6E0|INFO|0|104001|AllServer::_onJointAuthenExHttpAES|1|1500000010|0|GMID=1204|GWID=104001|URI=http://daybreak.globalgames.com.br/auth/|UserName=richard|Password=b45441068b0371dad184621bf09b7e4e|Send3rdPassword=d5ddbff4995734213c9aeb61d8227b0ac40d17a0ca5b52789caeb0b50722b46f|UserID_Union=richard|Lower=1|User_Flag=0|User_Type=0|Adult_Flag=1|User_Class=0|User_Point=0|Appendix1=0|Appendix2=0|Promoter_ID=0|User_IP=177.134.6.27|User_Port=58511|Client_MAC=00FF6B35BD7B|AD_ID=''|Hardware_SN1=''|Hardware_SN2=''|ClientType=full|NeedCheckPwd=1|TC1=455|TC2=7|TC=463
2014-01-07_16:58:39.625|I|32450|B7F7B6E0|INFO|package|1|SequenceID=49303|toRouter
2014-01-07_17:33:54.060|I|32450|B7F7B6E0|INFO|unPackage|1|pdu_len=163|orig_pdu_len=163|curr_agip_version=0x20|orig_agip_version=0x20|is_yt_version='no'|command_id=0x10003802|seq_id=49569|game_id=1204|gateway_id=104001|src_ip=192.168.177.92|src_port=46347
2014-01-07_17:33:54.065|I|32450|B7F7B6E0|INFO|HttpAuth::userAuth|Host=daybreak.globalgames.com.br|Port=80|Request=userAccount=pedrao6&password=f7b5f871ae9dfc275b36ac4ef793964cdc0a7ef41a22f0075444b48a71a41c68&sign=C903D2C350F82FE608269A8B28D30B40
2014-01-07_17:33:54.167|I|32450|B7F7B6E0|INFO|HttpAuth::userAuth|Response=HTTP/1.1 200 OK
Connection: close
Content-Length: 122
Content-Type: text/html; charset=utf-8
Date: Tue, 07 Jan 2014 19:47:12 GMT
Server: Apache
Vary: Accept-Encoding

<?xml version="1.0" encoding="utf-8" ?><response><result>1</result><adult>1</adult><userName>pedrao6</userName></response>
2014-01-07_17:33:54.174|I|32450|B7F7B6E0|INFO|0|104001|AllServer::_onJointAuthenExHttpAES|1|1500000027|0|GMID=1204|GWID=104001|URI=http://daybreak.globalgames.com.br/auth/|UserName=pedrao6|Password=c0447052a1be8c51ba30681a7b89281d|Send3rdPassword=f7b5f871ae9dfc275b36ac4ef793964cdc0a7ef41a22f0075444b48a71a41c68|UserID_Union=pedrao6|Lower=1|User_Flag=0|User_Type=0|Adult_Flag=1|User_Class=0|User_Point=0|Appendix1=0|Appendix2=0|Promoter_ID=0|User_IP=177.134.6.27|User_Port=49896|Client_MAC=00FF3655D22E|AD_ID=''|Hardware_SN1=''|Hardware_SN2=''|ClientType=full|NeedCheckPwd=1|TC1=107|TC2=7|TC=114
2014-01-07_17:33:54.174|I|32450|B7F7B6E0|INFO|package|1|SequenceID=49569|toRouter
