2015-01-08_01:24:05.070|I|4146|B3A3E6E0|INFO|unPackage|1|pdu_len=163|orig_pdu_len=163|curr_agip_version=0x20|orig_agip_version=0x20|is_yt_version='no'|command_id=0x10003802|seq_id=520819|game_id=1204|gateway_id=104001|src_ip=192.168.177.92|src_port=38962
2015-01-08_01:24:05.072|I|4146|B3A3E6E0|INFO|HttpAuth::userAuth|Host=daybreak.globalgames.com.br|Port=80|Request=userAccount=desflag&password=43c57a4630802a40734803671b6b7929fb8230caae0bc3d6a8e04cff6e7699b9&sign=0311FF437DCEE4191292D37FBBF50FA4
2015-01-08_01:24:05.095|I|4146|B3A3E6E0|INFO|HttpAuth::userAuth|Response=HTTP/1.1 200 OK
Connection: close
Content-Length: 122
Content-Type: text/html; charset=utf-8
Date: Thu, 08 Jan 2015 03:24:06 GMT
Server: Apache
Vary: Accept-Encoding

<?xml version="1.0" encoding="utf-8" ?><response><result>1</result><adult>1</adult><userName>desflag</userName></response>
2015-01-08_01:24:05.100|I|4146|B3A3E6E0|INFO|0|104001|AllServer::_onJointAuthenExHttpAES|1|1500000114|0|GMID=1204|GWID=104001|URI=http://daybreak.globalgames.com.br/auth/|UserName=desflag|Password=b57e68a53d607d0019f744da566839f6|Send3rdPassword=43c57a4630802a40734803671b6b7929fb8230caae0bc3d6a8e04cff6e7699b9|UserID_Union=desflag|Lower=1|User_Flag=0|User_Type=0|Adult_Flag=1|User_Class=0|User_Point=0|Appendix1=0|Appendix2=0|Promoter_ID=0|User_IP=179.176.15.70|User_Port=63464|Client_MAC=E03F49E4C7E3|AD_ID=''|Hardware_SN1=''|Hardware_SN2=''|ClientType=full|NeedCheckPwd=1|TC1=24|TC2=5|TC=29
2015-01-08_01:24:05.100|I|4146|B3A3E6E0|INFO|package|1|SequenceID=520819|toRouter
2015-01-08_09:50:57.277|I|4146|B3A3E6E0|INFO|unPackage|1|pdu_len=164|orig_pdu_len=164|curr_agip_version=0x20|orig_agip_version=0x20|is_yt_version='no'|command_id=0x10003802|seq_id=525314|game_id=1204|gateway_id=104001|src_ip=192.168.177.92|src_port=38962
2015-01-08_09:50:57.280|I|4146|B3A3E6E0|INFO|HttpAuth::userAuth|Host=daybreak.globalgames.com.br|Port=80|Request=userAccount=pedrao13&password=54f776888a662f8a57afa20e8912f3e51eb87604d132b03f9f134c5f28b350eb&sign=D8E9A66199FCD5397145CA36931B78B3
2015-01-08_09:50:57.302|I|4146|B3A3E6E0|INFO|HttpAuth::userAuth|Response=HTTP/1.1 200 OK
Connection: close
Content-Length: 123
Content-Type: text/html; charset=utf-8
Date: Thu, 08 Jan 2015 11:50:58 GMT
Server: Apache
Vary: Accept-Encoding

<?xml version="1.0" encoding="utf-8" ?><response><result>1</result><adult>1</adult><userName>pedrao13</userName></response>
2015-01-08_09:50:57.307|I|4146|B3A3E6E0|INFO|0|104001|AllServer::_onJointAuthenExHttpAES|1|1500000068|0|GMID=1204|GWID=104001|URI=http://daybreak.globalgames.com.br/auth/|UserName=pedrao13|Password=ce2a2695252bc30e81d6a7585ce02fe1|Send3rdPassword=54f776888a662f8a57afa20e8912f3e51eb87604d132b03f9f134c5f28b350eb|UserID_Union=pedrao13|Lower=1|User_Flag=0|User_Type=0|Adult_Flag=1|User_Class=0|User_Point=0|Appendix1=0|Appendix2=0|Promoter_ID=0|User_IP=177.200.247.248|User_Port=62612|Client_MAC=00FF5265001E|AD_ID=''|Hardware_SN1=''|Hardware_SN2=''|ClientType=full|NeedCheckPwd=1|TC1=25|TC2=5|TC=30
2015-01-08_09:50:57.307|I|4146|B3A3E6E0|INFO|package|1|SequenceID=525314|toRouter
2015-01-08_09:59:58.373|I|4146|B3A3E6E0|INFO|unPackage|1|pdu_len=163|orig_pdu_len=163|curr_agip_version=0x20|orig_agip_version=0x20|is_yt_version='no'|command_id=0x10003802|seq_id=525384|game_id=1204|gateway_id=104001|src_ip=192.168.177.92|src_port=38962
2015-01-08_09:59:58.376|I|4146|B3A3E6E0|INFO|HttpAuth::userAuth|Host=daybreak.globalgames.com.br|Port=80|Request=userAccount=iv4nxxx&password=df8033199ef9179a67ad160b8ca0e189510904a41b8bb2b88271f44b9cc9c350&sign=F6FF62F919643D5A098B45282AEA6C94
2015-01-08_09:59:58.400|I|4146|B3A3E6E0|INFO|HttpAuth::userAuth|Response=HTTP/1.1 200 OK
Connection: close
Content-Length: 122
Content-Type: text/html; charset=utf-8
Date: Thu, 08 Jan 2015 11:59:59 GMT
Server: Apache
Vary: Accept-Encoding

<?xml version="1.0" encoding="utf-8" ?><response><result>1</result><adult>1</adult><userName>iv4nxxx</userName></response>
2015-01-08_09:59:58.405|I|4146|B3A3E6E0|INFO|0|104001|AllServer::_onJointAuthenExHttpAES|1|1500000112|0|GMID=1204|GWID=104001|URI=http://daybreak.globalgames.com.br/auth/|UserName=iv4nxxx|Password=d1edf51c908c5a93fb9a9a37ac375a3d|Send3rdPassword=df8033199ef9179a67ad160b8ca0e189510904a41b8bb2b88271f44b9cc9c350|UserID_Union=iv4nxxx|Lower=1|User_Flag=0|User_Type=0|Adult_Flag=1|User_Class=0|User_Point=0|Appendix1=0|Appendix2=0|Promoter_ID=0|User_IP=177.47.22.70|User_Port=62641|Client_MAC=00FF2D16DDB0|AD_ID=''|Hardware_SN1=''|Hardware_SN2=''|ClientType=full|NeedCheckPwd=1|TC1=26|TC2=5|TC=32
2015-01-08_09:59:58.405|I|4146|B3A3E6E0|INFO|package|1|SequenceID=525384|toRouter
2015-01-08_21:46:22.270|I|4146|B3A3E6E0|INFO|unPackage|1|pdu_len=163|orig_pdu_len=163|curr_agip_version=0x20|orig_agip_version=0x20|is_yt_version='no'|command_id=0x10003802|seq_id=530689|game_id=1204|gateway_id=104001|src_ip=192.168.177.92|src_port=38962
2015-01-08_21:46:22.272|I|4146|B3A3E6E0|INFO|HttpAuth::userAuth|Host=daybreak.globalgames.com.br|Port=80|Request=userAccount=desflag&password=43c57a4630802a40734803671b6b7929fb8230caae0bc3d6a8e04cff6e7699b9&sign=0311FF437DCEE4191292D37FBBF50FA4
2015-01-08_21:46:22.296|I|4146|B3A3E6E0|INFO|HttpAuth::userAuth|Response=HTTP/1.1 200 OK
Connection: close
Content-Length: 122
Content-Type: text/html; charset=utf-8
Date: Thu, 08 Jan 2015 23:46:23 GMT
Server: Apache
Vary: Accept-Encoding

<?xml version="1.0" encoding="utf-8" ?><response><result>1</result><adult>1</adult><userName>desflag</userName></response>
2015-01-08_21:46:22.301|I|4146|B3A3E6E0|INFO|0|104001|AllServer::_onJointAuthenExHttpAES|1|1500000114|0|GMID=1204|GWID=104001|URI=http://daybreak.globalgames.com.br/auth/|UserName=desflag|Password=b57e68a53d607d0019f744da566839f6|Send3rdPassword=43c57a4630802a40734803671b6b7929fb8230caae0bc3d6a8e04cff6e7699b9|UserID_Union=desflag|Lower=1|User_Flag=0|User_Type=0|Adult_Flag=1|User_Class=0|User_Point=0|Appendix1=0|Appendix2=0|Promoter_ID=0|User_IP=131.221.226.5|User_Port=62065|Client_MAC=E03F49E4C7E3|AD_ID=''|Hardware_SN1=''|Hardware_SN2=''|ClientType=full|NeedCheckPwd=1|TC1=26|TC2=5|TC=31
2015-01-08_21:46:22.301|I|4146|B3A3E6E0|INFO|package|1|SequenceID=530689|toRouter
