2014-07-19_00:14:12.415|I|4146|B3A3E6E0|INFO|unPackage|1|pdu_len=163|orig_pdu_len=163|curr_agip_version=0x20|orig_agip_version=0x20|is_yt_version='no'|command_id=0x10003802|seq_id=82544|game_id=1204|gateway_id=104001|src_ip=192.168.177.92|src_port=34589
2014-07-19_00:14:12.417|I|4146|B3A3E6E0|INFO|HttpAuth::userAuth|Host=daybreak.globalgames.com.br|Port=80|Request=userAccount=renangg&password=09e9fdf413aaf9e18814aad8e1b6dded37d8de14f81f69a8cd3f34b1cdbd54e5&sign=6F63791508077C40EB5D722E90AAEDAB
2014-07-19_00:14:12.468|I|4146|B3A3E6E0|INFO|HttpAuth::userAuth|Response=HTTP/1.1 200 OK
Connection: close
Content-Length: 122
Content-Type: text/html; charset=utf-8
Date: Thu, 17 Jul 2014 03:00:04 GMT
Server: Apache
Vary: Accept-Encoding

<?xml version="1.0" encoding="utf-8" ?><response><result>1</result><adult>1</adult><userName>renangg</userName></response>
2014-07-19_00:14:12.472|I|4146|B3A3E6E0|INFO|0|104001|AllServer::_onJointAuthenExHttpAES|1|1500000100|0|GMID=1204|GWID=104001|URI=http://daybreak.globalgames.com.br/auth/|UserName=renangg|Password=a064a9f8f1fca077cf47b6e91ad488d0|Send3rdPassword=09e9fdf413aaf9e18814aad8e1b6dded37d8de14f81f69a8cd3f34b1cdbd54e5|UserID_Union=renangg|Lower=1|User_Flag=0|User_Type=0|Adult_Flag=1|User_Class=0|User_Point=0|Appendix1=0|Appendix2=0|Promoter_ID=0|User_IP=177.47.22.70|User_Port=51507|Client_MAC=00FF68C9B0DC|AD_ID=''|Hardware_SN1=''|Hardware_SN2=''|ClientType=full|NeedCheckPwd=1|TC1=53|TC2=4|TC=57
2014-07-19_00:14:12.472|I|4146|B3A3E6E0|INFO|package|1|SequenceID=82544|toRouter
2014-07-19_00:20:13.362|I|4146|B3A3E6E0|INFO|unPackage|1|pdu_len=163|orig_pdu_len=163|curr_agip_version=0x20|orig_agip_version=0x20|is_yt_version='no'|command_id=0x10003802|seq_id=82592|game_id=1204|gateway_id=104001|src_ip=192.168.177.92|src_port=34589
2014-07-19_00:20:13.364|I|4146|B3A3E6E0|INFO|HttpAuth::userAuth|Host=daybreak.globalgames.com.br|Port=80|Request=userAccount=renangg&password=09e9fdf413aaf9e18814aad8e1b6dded37d8de14f81f69a8cd3f34b1cdbd54e5&sign=6F63791508077C40EB5D722E90AAEDAB
2014-07-19_00:20:13.399|I|4146|B3A3E6E0|INFO|HttpAuth::userAuth|Response=HTTP/1.1 200 OK
Connection: close
Content-Length: 122
Content-Type: text/html; charset=utf-8
Date: Thu, 17 Jul 2014 03:06:07 GMT
Server: Apache
Vary: Accept-Encoding

<?xml version="1.0" encoding="utf-8" ?><response><result>1</result><adult>1</adult><userName>renangg</userName></response>
2014-07-19_00:20:13.403|I|4146|B3A3E6E0|INFO|0|104001|AllServer::_onJointAuthenExHttpAES|1|1500000100|0|GMID=1204|GWID=104001|URI=http://daybreak.globalgames.com.br/auth/|UserName=renangg|Password=a064a9f8f1fca077cf47b6e91ad488d0|Send3rdPassword=09e9fdf413aaf9e18814aad8e1b6dded37d8de14f81f69a8cd3f34b1cdbd54e5|UserID_Union=renangg|Lower=1|User_Flag=0|User_Type=0|Adult_Flag=1|User_Class=0|User_Point=0|Appendix1=0|Appendix2=0|Promoter_ID=0|User_IP=177.47.22.70|User_Port=52159|Client_MAC=00FF68C9B0DC|AD_ID=''|Hardware_SN1=''|Hardware_SN2=''|ClientType=full|NeedCheckPwd=1|TC1=37|TC2=4|TC=41
2014-07-19_00:20:13.403|I|4146|B3A3E6E0|INFO|package|1|SequenceID=82592|toRouter
2014-07-19_06:08:24.685|I|4146|B3A3E6E0|INFO|unPackage|1|pdu_len=161|orig_pdu_len=161|curr_agip_version=0x20|orig_agip_version=0x20|is_yt_version='no'|command_id=0x10003802|seq_id=85184|game_id=1204|gateway_id=104001|src_ip=192.168.177.92|src_port=34589
2014-07-19_06:08:24.688|I|4146|B3A3E6E0|INFO|HttpAuth::userAuth|Host=daybreak.globalgames.com.br|Port=80|Request=userAccount=felipe&password=00ee7a03d3cbfb2ceca8fc6994356c206a5a0cc85d77a57dd6840be0c85539c9&sign=ACE5553385357B4E33AE528BA8E7AB7A
2014-07-19_06:08:24.716|I|4146|B3A3E6E0|INFO|HttpAuth::userAuth|Response=HTTP/1.1 200 OK
Connection: close
Content-Length: 125
Content-Type: text/html; charset=utf-8
Date: Thu, 17 Jul 2014 08:56:20 GMT
Server: Apache
Vary: Accept-Encoding

<?xml version="1.0" encoding="utf-8" ?><response><result>-1815</result><adult>1</adult><userName>felipe</userName></response>
2014-07-19_06:08:24.716|I|4146|B3A3E6E0|INFO|0|104001|AllServer::_onJointAuthenExHttpAES|-1815|0|0|GMID=1204|GWID=104001|URI=http://daybreak.globalgames.com.br/auth/|UserName=felipe|Password=5086b87ce4eb0aa4b1aea02339d88693|Send3rdPassword=00ee7a03d3cbfb2ceca8fc6994356c206a5a0cc85d77a57dd6840be0c85539c9|UserID_Union=|Lower=1|User_Flag=0|User_Type=0|Adult_Flag=0|User_Class=0|User_Point=0|Appendix1=0|Appendix2=0|Promoter_ID=0|User_IP=113.208.129.60|User_Port=3724|Client_MAC=00FF09FF3A4D|AD_ID=''|Hardware_SN1=''|Hardware_SN2=''|ClientType=full|NeedCheckPwd=1|TC1=30|TC2=0|TC=30
2014-07-19_06:08:24.716|I|4146|B3A3E6E0|INFO|package|1|SequenceID=85184|toRouter
2014-07-19_06:08:41.846|I|4146|B3A3E6E0|INFO|unPackage|1|pdu_len=163|orig_pdu_len=163|curr_agip_version=0x20|orig_agip_version=0x20|is_yt_version='no'|command_id=0x10003802|seq_id=85188|game_id=1204|gateway_id=104001|src_ip=192.168.177.92|src_port=34589
2014-07-19_06:08:41.846|I|4146|B3A3E6E0|INFO|HttpAuth::userAuth|Host=daybreak.globalgames.com.br|Port=80|Request=userAccount=jjuslulu&password=1f53d3d7ee074012e25eaaf018f4fb39c5d3fb9a5e9f71b0538f762f1782671b&sign=E86A2D45971542E2F79875A410CAD9AD
2014-07-19_06:08:41.877|I|4146|B3A3E6E0|INFO|HttpAuth::userAuth|Response=HTTP/1.1 200 OK
Connection: close
Content-Length: 123
Content-Type: text/html; charset=utf-8
Date: Thu, 17 Jul 2014 08:56:37 GMT
Server: Apache
Vary: Accept-Encoding

<?xml version="1.0" encoding="utf-8" ?><response><result>1</result><adult>1</adult><userName>jjuslulu</userName></response>
2014-07-19_06:08:41.888|I|4146|B3A3E6E0|INFO|0|104001|AllServer::_onJointAuthenExHttpAES|1|1500000101|0|GMID=1204|GWID=104001|URI=http://daybreak.globalgames.com.br/auth/|UserName=jjuslulu|Password=034b7565e17710751f769a07e48c5419|Send3rdPassword=1f53d3d7ee074012e25eaaf018f4fb39c5d3fb9a5e9f71b0538f762f1782671b|UserID_Union=jjuslulu|Lower=1|User_Flag=0|User_Type=0|Adult_Flag=1|User_Class=0|User_Point=0|Appendix1=0|Appendix2=0|Promoter_ID=0|User_IP=113.208.129.60|User_Port=3735|Client_MAC=00FF09FF3A4D|AD_ID=''|Hardware_SN1=''|Hardware_SN2=''|ClientType=full|NeedCheckPwd=1|TC1=31|TC2=11|TC=42
2014-07-19_06:08:41.888|I|4146|B3A3E6E0|INFO|package|1|SequenceID=85188|toRouter
2014-07-19_09:27:07.291|I|4146|B3A3E6E0|INFO|unPackage|1|pdu_len=162|orig_pdu_len=162|curr_agip_version=0x20|orig_agip_version=0x20|is_yt_version='no'|command_id=0x10003802|seq_id=86669|game_id=1204|gateway_id=104001|src_ip=192.168.177.92|src_port=34589
2014-07-19_09:27:07.294|I|4146|B3A3E6E0|INFO|HttpAuth::userAuth|Host=daybreak.globalgames.com.br|Port=80|Request=userAccount=pedro6&password=a1ebfa99a7bcc9e2167c5e6c52968e369375ce792d1a3e53f74e00c4dbc40a08&sign=66A26D0EB25BBB3DAF425955D7AE1322
2014-07-19_09:27:07.469|I|4146|B3A3E6E0|INFO|HttpAuth::userAuth|Response=HTTP/1.1 200 OK
Connection: close
Content-Length: 125
Content-Type: text/html; charset=utf-8
Date: Thu, 17 Jul 2014 12:16:12 GMT
Server: Apache
Vary: Accept-Encoding

<?xml version="1.0" encoding="utf-8" ?><response><result>-1812</result><adult>1</adult><userName>pedro6</userName></response>
2014-07-19_09:27:07.469|I|4146|B3A3E6E0|INFO|0|104001|AllServer::_onJointAuthenExHttpAES|-1812|0|0|GMID=1204|GWID=104001|URI=http://daybreak.globalgames.com.br/auth/|UserName=pedro6|Password=d7557567513282b9153de0a2b8aaf125|Send3rdPassword=a1ebfa99a7bcc9e2167c5e6c52968e369375ce792d1a3e53f74e00c4dbc40a08|UserID_Union=|Lower=1|User_Flag=0|User_Type=0|Adult_Flag=0|User_Class=0|User_Point=0|Appendix1=0|Appendix2=0|Promoter_ID=0|User_IP=189.34.132.34|User_Port=60809|Client_MAC=00FF11903B28|AD_ID=''|Hardware_SN1=''|Hardware_SN2=''|ClientType=full|NeedCheckPwd=1|TC1=178|TC2=0|TC=178
2014-07-19_09:27:07.469|I|4146|B3A3E6E0|INFO|package|1|SequenceID=86669|toRouter
2014-07-19_09:27:19.351|I|4146|B3A3E6E0|INFO|unPackage|1|pdu_len=162|orig_pdu_len=162|curr_agip_version=0x20|orig_agip_version=0x20|is_yt_version='no'|command_id=0x10003802|seq_id=86671|game_id=1204|gateway_id=104001|src_ip=192.168.177.92|src_port=34589
2014-07-19_09:27:19.352|I|4146|B3A3E6E0|INFO|HttpAuth::userAuth|Host=daybreak.globalgames.com.br|Port=80|Request=userAccount=pedro6&password=a1ebfa99a7bcc9e2167c5e6c52968e369375ce792d1a3e53f74e00c4dbc40a08&sign=66A26D0EB25BBB3DAF425955D7AE1322
2014-07-19_09:27:19.454|I|4146|B3A3E6E0|INFO|HttpAuth::userAuth|Response=HTTP/1.1 200 OK
Connection: close
Content-Length: 125
Content-Type: text/html; charset=utf-8
Date: Thu, 17 Jul 2014 12:16:24 GMT
Server: Apache
Vary: Accept-Encoding

<?xml version="1.0" encoding="utf-8" ?><response><result>-1812</result><adult>1</adult><userName>pedro6</userName></response>
2014-07-19_09:27:19.454|I|4146|B3A3E6E0|INFO|0|104001|AllServer::_onJointAuthenExHttpAES|-1812|0|0|GMID=1204|GWID=104001|URI=http://daybreak.globalgames.com.br/auth/|UserName=pedro6|Password=d7557567513282b9153de0a2b8aaf125|Send3rdPassword=a1ebfa99a7bcc9e2167c5e6c52968e369375ce792d1a3e53f74e00c4dbc40a08|UserID_Union=|Lower=1|User_Flag=0|User_Type=0|Adult_Flag=0|User_Class=0|User_Point=0|Appendix1=0|Appendix2=0|Promoter_ID=0|User_IP=189.34.132.34|User_Port=60811|Client_MAC=00FF11903B28|AD_ID=''|Hardware_SN1=''|Hardware_SN2=''|ClientType=full|NeedCheckPwd=1|TC1=103|TC2=0|TC=103
2014-07-19_09:27:19.454|I|4146|B3A3E6E0|INFO|package|1|SequenceID=86671|toRouter
2014-07-19_09:27:32.560|I|4146|B3A3E6E0|INFO|unPackage|1|pdu_len=162|orig_pdu_len=162|curr_agip_version=0x20|orig_agip_version=0x20|is_yt_version='no'|command_id=0x10003802|seq_id=86674|game_id=1204|gateway_id=104001|src_ip=192.168.177.92|src_port=34589
2014-07-19_09:27:32.561|I|4146|B3A3E6E0|INFO|HttpAuth::userAuth|Host=daybreak.globalgames.com.br|Port=80|Request=userAccount=pedro7&password=a1ebfa99a7bcc9e2167c5e6c52968e369375ce792d1a3e53f74e00c4dbc40a08&sign=82E719DD781A3739DC82FFFD52C35ACB
2014-07-19_09:27:32.601|I|4146|B3A3E6E0|INFO|HttpAuth::userAuth|Response=HTTP/1.1 200 OK
Connection: close
Content-Length: 125
Content-Type: text/html; charset=utf-8
Date: Thu, 17 Jul 2014 12:16:37 GMT
Server: Apache
Vary: Accept-Encoding

<?xml version="1.0" encoding="utf-8" ?><response><result>-1812</result><adult>1</adult><userName>pedro7</userName></response>
2014-07-19_09:27:32.601|I|4146|B3A3E6E0|INFO|0|104001|AllServer::_onJointAuthenExHttpAES|-1812|0|0|GMID=1204|GWID=104001|URI=http://daybreak.globalgames.com.br/auth/|UserName=pedro7|Password=d7557567513282b9153de0a2b8aaf125|Send3rdPassword=a1ebfa99a7bcc9e2167c5e6c52968e369375ce792d1a3e53f74e00c4dbc40a08|UserID_Union=|Lower=1|User_Flag=0|User_Type=0|Adult_Flag=0|User_Class=0|User_Point=0|Appendix1=0|Appendix2=0|Promoter_ID=0|User_IP=189.34.132.34|User_Port=60813|Client_MAC=00FF11903B28|AD_ID=''|Hardware_SN1=''|Hardware_SN2=''|ClientType=full|NeedCheckPwd=1|TC1=41|TC2=0|TC=41
2014-07-19_09:27:32.601|I|4146|B3A3E6E0|INFO|package|1|SequenceID=86674|toRouter
2014-07-19_09:27:45.816|I|4146|B3A3E6E0|INFO|unPackage|1|pdu_len=162|orig_pdu_len=162|curr_agip_version=0x20|orig_agip_version=0x20|is_yt_version='no'|command_id=0x10003802|seq_id=86677|game_id=1204|gateway_id=104001|src_ip=192.168.177.92|src_port=34589
2014-07-19_09:27:45.816|I|4146|B3A3E6E0|INFO|HttpAuth::userAuth|Host=daybreak.globalgames.com.br|Port=80|Request=userAccount=pedro6&password=a1ebfa99a7bcc9e2167c5e6c52968e369375ce792d1a3e53f74e00c4dbc40a08&sign=66A26D0EB25BBB3DAF425955D7AE1322
2014-07-19_09:27:45.853|I|4146|B3A3E6E0|INFO|HttpAuth::userAuth|Response=HTTP/1.1 200 OK
Connection: close
Content-Length: 125
Content-Type: text/html; charset=utf-8
Date: Thu, 17 Jul 2014 12:16:51 GMT
Server: Apache
Vary: Accept-Encoding

<?xml version="1.0" encoding="utf-8" ?><response><result>-1812</result><adult>1</adult><userName>pedro6</userName></response>
2014-07-19_09:27:45.853|I|4146|B3A3E6E0|INFO|0|104001|AllServer::_onJointAuthenExHttpAES|-1812|0|0|GMID=1204|GWID=104001|URI=http://daybreak.globalgames.com.br/auth/|UserName=pedro6|Password=d7557567513282b9153de0a2b8aaf125|Send3rdPassword=a1ebfa99a7bcc9e2167c5e6c52968e369375ce792d1a3e53f74e00c4dbc40a08|UserID_Union=|Lower=1|User_Flag=0|User_Type=0|Adult_Flag=0|User_Class=0|User_Point=0|Appendix1=0|Appendix2=0|Promoter_ID=0|User_IP=189.34.132.34|User_Port=60814|Client_MAC=00FF11903B28|AD_ID=''|Hardware_SN1=''|Hardware_SN2=''|ClientType=full|NeedCheckPwd=1|TC1=37|TC2=0|TC=37
2014-07-19_09:27:45.853|I|4146|B3A3E6E0|INFO|package|1|SequenceID=86677|toRouter
2014-07-19_09:27:56.906|I|4146|B3A3E6E0|INFO|unPackage|1|pdu_len=163|orig_pdu_len=163|curr_agip_version=0x20|orig_agip_version=0x20|is_yt_version='no'|command_id=0x10003802|seq_id=86679|game_id=1204|gateway_id=104001|src_ip=192.168.177.92|src_port=34589
2014-07-19_09:27:56.907|I|4146|B3A3E6E0|INFO|HttpAuth::userAuth|Host=daybreak.globalgames.com.br|Port=80|Request=userAccount=pedrao6&password=a1ebfa99a7bcc9e2167c5e6c52968e369375ce792d1a3e53f74e00c4dbc40a08&sign=EE5545964F47172744EC8BF723A7A073
2014-07-19_09:27:56.940|I|4146|B3A3E6E0|INFO|HttpAuth::userAuth|Response=HTTP/1.1 200 OK
Connection: close
Content-Length: 122
Content-Type: text/html; charset=utf-8
Date: Thu, 17 Jul 2014 12:17:02 GMT
Server: Apache
Vary: Accept-Encoding

<?xml version="1.0" encoding="utf-8" ?><response><result>1</result><adult>1</adult><userName>pedrao6</userName></response>
2014-07-19_09:27:56.945|I|4146|B3A3E6E0|INFO|0|104001|AllServer::_onJointAuthenExHttpAES|1|1500000027|0|GMID=1204|GWID=104001|URI=http://daybreak.globalgames.com.br/auth/|UserName=pedrao6|Password=d7557567513282b9153de0a2b8aaf125|Send3rdPassword=a1ebfa99a7bcc9e2167c5e6c52968e369375ce792d1a3e53f74e00c4dbc40a08|UserID_Union=pedrao6|Lower=1|User_Flag=0|User_Type=0|Adult_Flag=1|User_Class=0|User_Point=0|Appendix1=0|Appendix2=0|Promoter_ID=0|User_IP=189.34.132.34|User_Port=60815|Client_MAC=00FF11903B28|AD_ID=''|Hardware_SN1=''|Hardware_SN2=''|ClientType=full|NeedCheckPwd=1|TC1=34|TC2=5|TC=39
2014-07-19_09:27:56.945|I|4146|B3A3E6E0|INFO|package|1|SequenceID=86679|toRouter
2014-07-19_09:56:06.954|I|4146|B3A3E6E0|INFO|unPackage|1|pdu_len=163|orig_pdu_len=163|curr_agip_version=0x20|orig_agip_version=0x20|is_yt_version='no'|command_id=0x10003802|seq_id=86890|game_id=1204|gateway_id=104001|src_ip=192.168.177.92|src_port=34589
2014-07-19_09:56:06.956|I|4146|B3A3E6E0|INFO|HttpAuth::userAuth|Host=daybreak.globalgames.com.br|Port=80|Request=userAccount=renangg&password=09e9fdf413aaf9e18814aad8e1b6dded37d8de14f81f69a8cd3f34b1cdbd54e5&sign=6F63791508077C40EB5D722E90AAEDAB
2014-07-19_09:56:06.991|I|4146|B3A3E6E0|INFO|HttpAuth::userAuth|Response=HTTP/1.1 200 OK
Connection: close
Content-Length: 122
Content-Type: text/html; charset=utf-8
Date: Thu, 17 Jul 2014 12:45:22 GMT
Server: Apache
Vary: Accept-Encoding

<?xml version="1.0" encoding="utf-8" ?><response><result>1</result><adult>1</adult><userName>renangg</userName></response>
2014-07-19_09:56:06.995|I|4146|B3A3E6E0|INFO|0|104001|AllServer::_onJointAuthenExHttpAES|1|1500000100|0|GMID=1204|GWID=104001|URI=http://daybreak.globalgames.com.br/auth/|UserName=renangg|Password=a064a9f8f1fca077cf47b6e91ad488d0|Send3rdPassword=09e9fdf413aaf9e18814aad8e1b6dded37d8de14f81f69a8cd3f34b1cdbd54e5|UserID_Union=renangg|Lower=1|User_Flag=0|User_Type=0|Adult_Flag=1|User_Class=0|User_Point=0|Appendix1=0|Appendix2=0|Promoter_ID=0|User_IP=177.47.22.70|User_Port=49890|Client_MAC=00FF2D16DDB0|AD_ID=''|Hardware_SN1=''|Hardware_SN2=''|ClientType=full|NeedCheckPwd=1|TC1=37|TC2=4|TC=41
2014-07-19_09:56:06.995|I|4146|B3A3E6E0|INFO|package|1|SequenceID=86890|toRouter
2014-07-19_10:31:07.824|I|4146|B3A3E6E0|INFO|unPackage|1|pdu_len=168|orig_pdu_len=168|curr_agip_version=0x20|orig_agip_version=0x20|is_yt_version='no'|command_id=0x10003802|seq_id=87198|game_id=1204|gateway_id=104001|src_ip=192.168.177.92|src_port=34589
2014-07-19_10:31:07.826|I|4146|B3A3E6E0|INFO|HttpAuth::userAuth|Host=daybreak.globalgames.com.br|Port=80|Request=userAccount=dragao879852&password=9dea1d78d63b4aa75e69ccfc9be282784375c5527357fcc987c859b74ac0198d&sign=F4161ED890F5877DA5D4FBF1D411E839
2014-07-19_10:31:07.862|I|4146|B3A3E6E0|INFO|HttpAuth::userAuth|Response=HTTP/1.1 200 OK
Connection: close
Content-Length: 127
Content-Type: text/html; charset=utf-8
Date: Thu, 17 Jul 2014 13:20:35 GMT
Server: Apache
Vary: Accept-Encoding

<?xml version="1.0" encoding="utf-8" ?><response><result>1</result><adult>1</adult><userName>dragao879852</userName></response>
2014-07-19_10:31:07.867|I|4146|B3A3E6E0|INFO|0|104001|AllServer::_onJointAuthenExHttpAES|1|1500000005|0|GMID=1204|GWID=104001|URI=http://daybreak.globalgames.com.br/auth/|UserName=dragao879852|Password=24188b3b45130415a05d962c7e867b5b|Send3rdPassword=9dea1d78d63b4aa75e69ccfc9be282784375c5527357fcc987c859b74ac0198d|UserID_Union=dragao879852|Lower=1|User_Flag=0|User_Type=0|Adult_Flag=1|User_Class=0|User_Point=0|Appendix1=0|Appendix2=0|Promoter_ID=0|User_IP=189.34.132.34|User_Port=50600|Client_MAC=00FF836BCE2B|AD_ID=''|Hardware_SN1=''|Hardware_SN2=''|ClientType=full|NeedCheckPwd=1|TC1=38|TC2=5|TC=43
2014-07-19_10:31:07.867|I|4146|B3A3E6E0|INFO|package|1|SequenceID=87198|toRouter
2014-07-19_10:36:17.877|I|4146|B3A3E6E0|INFO|unPackage|1|pdu_len=166|orig_pdu_len=166|curr_agip_version=0x20|orig_agip_version=0x20|is_yt_version='no'|command_id=0x10003802|seq_id=87257|game_id=1204|gateway_id=104001|src_ip=192.168.177.92|src_port=34589
2014-07-19_10:36:17.879|I|4146|B3A3E6E0|INFO|HttpAuth::userAuth|Host=daybreak.globalgames.com.br|Port=80|Request=userAccount=andersongg&password=6ca4b545ec99c4edd3293b83078f4c79a9f0a2a9f1ba68ea0351b0d0d4ffae57&sign=2640EC98230C3E08F412CA15CB0D705B
2014-07-19_10:36:17.907|I|4146|B3A3E6E0|INFO|HttpAuth::userAuth|Response=HTTP/1.1 200 OK
Connection: close
Content-Length: 125
Content-Type: text/html; charset=utf-8
Date: Thu, 17 Jul 2014 13:25:47 GMT
Server: Apache
Vary: Accept-Encoding

<?xml version="1.0" encoding="utf-8" ?><response><result>1</result><adult>1</adult><userName>andersongg</userName></response>
2014-07-19_10:36:17.912|I|4146|B3A3E6E0|INFO|0|104001|AllServer::_onJointAuthenExHttpAES|1|1500000006|0|GMID=1204|GWID=104001|URI=http://daybreak.globalgames.com.br/auth/|UserName=andersongg|Password=640156a929a2966b9f8ec76b15e71994|Send3rdPassword=6ca4b545ec99c4edd3293b83078f4c79a9f0a2a9f1ba68ea0351b0d0d4ffae57|UserID_Union=andersongg|Lower=1|User_Flag=0|User_Type=0|Adult_Flag=1|User_Class=0|User_Point=0|Appendix1=0|Appendix2=0|Promoter_ID=0|User_IP=189.34.132.34|User_Port=50667|Client_MAC=00FF836BCE2B|AD_ID=''|Hardware_SN1=''|Hardware_SN2=''|ClientType=full|NeedCheckPwd=1|TC1=31|TC2=4|TC=35
2014-07-19_10:36:17.912|I|4146|B3A3E6E0|INFO|package|1|SequenceID=87257|toRouter
2014-07-19_10:38:06.936|I|4146|B3A3E6E0|INFO|unPackage|1|pdu_len=164|orig_pdu_len=164|curr_agip_version=0x20|orig_agip_version=0x20|is_yt_version='no'|command_id=0x10003802|seq_id=87273|game_id=1204|gateway_id=104001|src_ip=192.168.177.92|src_port=34589
2014-07-19_10:38:06.936|I|4146|B3A3E6E0|INFO|HttpAuth::userAuth|Host=daybreak.globalgames.com.br|Port=80|Request=userAccount=richard3&password=d5ddbff4995734213c9aeb61d8227b0ac40d17a0ca5b52789caeb0b50722b46f&sign=764A13913BAAD88B15C5F33AE47B6521
2014-07-19_10:38:06.968|I|4146|B3A3E6E0|INFO|HttpAuth::userAuth|Response=HTTP/1.1 200 OK
Connection: close
Content-Length: 123
Content-Type: text/html; charset=utf-8
Date: Thu, 17 Jul 2014 13:27:36 GMT
Server: Apache
Vary: Accept-Encoding

<?xml version="1.0" encoding="utf-8" ?><response><result>1</result><adult>1</adult><userName>richard3</userName></response>
2014-07-19_10:38:06.973|I|4146|B3A3E6E0|INFO|0|104001|AllServer::_onJointAuthenExHttpAES|1|1500000007|0|GMID=1204|GWID=104001|URI=http://daybreak.globalgames.com.br/auth/|UserName=richard3|Password=b45441068b0371dad184621bf09b7e4e|Send3rdPassword=d5ddbff4995734213c9aeb61d8227b0ac40d17a0ca5b52789caeb0b50722b46f|UserID_Union=richard3|Lower=1|User_Flag=0|User_Type=0|Adult_Flag=1|User_Class=0|User_Point=0|Appendix1=0|Appendix2=0|Promoter_ID=0|User_IP=189.34.132.34|User_Port=50763|Client_MAC=00FF836BCE2B|AD_ID=''|Hardware_SN1=''|Hardware_SN2=''|ClientType=full|NeedCheckPwd=1|TC1=32|TC2=5|TC=37
2014-07-19_10:38:06.973|I|4146|B3A3E6E0|INFO|package|1|SequenceID=87273|toRouter
2014-07-19_10:51:49.428|I|4146|B3A3E6E0|INFO|unPackage|1|pdu_len=166|orig_pdu_len=166|curr_agip_version=0x20|orig_agip_version=0x20|is_yt_version='no'|command_id=0x10003802|seq_id=87378|game_id=1204|gateway_id=104001|src_ip=192.168.177.92|src_port=34589
2014-07-19_10:51:49.429|I|4146|B3A3E6E0|INFO|HttpAuth::userAuth|Host=daybreak.globalgames.com.br|Port=80|Request=userAccount=andersongg&password=6ca4b545ec99c4edd3293b83078f4c79a9f0a2a9f1ba68ea0351b0d0d4ffae57&sign=2640EC98230C3E08F412CA15CB0D705B
2014-07-19_10:51:49.465|I|4146|B3A3E6E0|INFO|HttpAuth::userAuth|Response=HTTP/1.1 200 OK
Connection: close
Content-Length: 125
Content-Type: text/html; charset=utf-8
Date: Thu, 17 Jul 2014 13:41:24 GMT
Server: Apache
Vary: Accept-Encoding

<?xml version="1.0" encoding="utf-8" ?><response><result>1</result><adult>1</adult><userName>andersongg</userName></response>
2014-07-19_10:51:49.469|I|4146|B3A3E6E0|INFO|0|104001|AllServer::_onJointAuthenExHttpAES|1|1500000006|0|GMID=1204|GWID=104001|URI=http://daybreak.globalgames.com.br/auth/|UserName=andersongg|Password=640156a929a2966b9f8ec76b15e71994|Send3rdPassword=6ca4b545ec99c4edd3293b83078f4c79a9f0a2a9f1ba68ea0351b0d0d4ffae57|UserID_Union=andersongg|Lower=1|User_Flag=0|User_Type=0|Adult_Flag=1|User_Class=0|User_Point=0|Appendix1=0|Appendix2=0|Promoter_ID=0|User_IP=189.34.132.34|User_Port=51002|Client_MAC=00FF836BCE2B|AD_ID=''|Hardware_SN1=''|Hardware_SN2=''|ClientType=full|NeedCheckPwd=1|TC1=37|TC2=4|TC=41
2014-07-19_10:51:49.470|I|4146|B3A3E6E0|INFO|package|1|SequenceID=87378|toRouter
2014-07-19_15:15:32.881|I|4146|B3A3E6E0|INFO|unPackage|1|pdu_len=163|orig_pdu_len=163|curr_agip_version=0x20|orig_agip_version=0x20|is_yt_version='no'|command_id=0x10003802|seq_id=89473|game_id=1204|gateway_id=104001|src_ip=192.168.177.92|src_port=34589
2014-07-19_15:15:32.884|I|4146|B3A3E6E0|INFO|HttpAuth::userAuth|Host=daybreak.globalgames.com.br|Port=80|Request=userAccount=richard&password=d5ddbff4995734213c9aeb61d8227b0ac40d17a0ca5b52789caeb0b50722b46f&sign=58AC3A54912E2752A05DFA90E8813AD2
2014-07-19_15:15:32.913|I|4146|B3A3E6E0|INFO|HttpAuth::userAuth|Response=HTTP/1.1 200 OK
Connection: close
Content-Length: 122
Content-Type: text/html; charset=utf-8
Date: Thu, 17 Jul 2014 18:06:39 GMT
Server: Apache
Vary: Accept-Encoding

<?xml version="1.0" encoding="utf-8" ?><response><result>1</result><adult>1</adult><userName>richard</userName></response>
2014-07-19_15:15:32.918|I|4146|B3A3E6E0|INFO|0|104001|AllServer::_onJointAuthenExHttpAES|1|1500000010|0|GMID=1204|GWID=104001|URI=http://daybreak.globalgames.com.br/auth/|UserName=richard|Password=b45441068b0371dad184621bf09b7e4e|Send3rdPassword=d5ddbff4995734213c9aeb61d8227b0ac40d17a0ca5b52789caeb0b50722b46f|UserID_Union=richard|Lower=1|User_Flag=0|User_Type=0|Adult_Flag=1|User_Class=0|User_Point=0|Appendix1=0|Appendix2=0|Promoter_ID=0|User_IP=189.34.132.34|User_Port=64273|Client_MAC=00FF11903B28|AD_ID=''|Hardware_SN1=''|Hardware_SN2=''|ClientType=full|NeedCheckPwd=1|TC1=32|TC2=5|TC=37
2014-07-19_15:15:32.918|I|4146|B3A3E6E0|INFO|package|1|SequenceID=89473|toRouter
2014-07-19_16:42:32.969|I|4146|B3A3E6E0|INFO|unPackage|1|pdu_len=163|orig_pdu_len=163|curr_agip_version=0x20|orig_agip_version=0x20|is_yt_version='no'|command_id=0x10003802|seq_id=90126|game_id=1204|gateway_id=104001|src_ip=192.168.177.92|src_port=34589
2014-07-19_16:42:32.971|I|4146|B3A3E6E0|INFO|HttpAuth::userAuth|Host=daybreak.globalgames.com.br|Port=80|Request=userAccount=pedrao6&password=a1ebfa99a7bcc9e2167c5e6c52968e369375ce792d1a3e53f74e00c4dbc40a08&sign=EE5545964F47172744EC8BF723A7A073
2014-07-19_16:42:33.001|I|4146|B3A3E6E0|INFO|HttpAuth::userAuth|Response=HTTP/1.1 200 OK
Connection: close
Content-Length: 122
Content-Type: text/html; charset=utf-8
Date: Thu, 17 Jul 2014 19:34:10 GMT
Server: Apache
Vary: Accept-Encoding

<?xml version="1.0" encoding="utf-8" ?><response><result>1</result><adult>1</adult><userName>pedrao6</userName></response>
2014-07-19_16:42:33.006|I|4146|B3A3E6E0|INFO|0|104001|AllServer::_onJointAuthenExHttpAES|1|1500000027|0|GMID=1204|GWID=104001|URI=http://daybreak.globalgames.com.br/auth/|UserName=pedrao6|Password=d7557567513282b9153de0a2b8aaf125|Send3rdPassword=a1ebfa99a7bcc9e2167c5e6c52968e369375ce792d1a3e53f74e00c4dbc40a08|UserID_Union=pedrao6|Lower=1|User_Flag=0|User_Type=0|Adult_Flag=1|User_Class=0|User_Point=0|Appendix1=0|Appendix2=0|Promoter_ID=0|User_IP=189.34.132.34|User_Port=65018|Client_MAC=00FF11903B28|AD_ID=''|Hardware_SN1=''|Hardware_SN2=''|ClientType=full|NeedCheckPwd=1|TC1=32|TC2=5|TC=37
2014-07-19_16:42:33.006|I|4146|B3A3E6E0|INFO|package|1|SequenceID=90126|toRouter
2014-07-19_23:57:48.801|I|4146|B3A3E6E0|INFO|unPackage|1|pdu_len=168|orig_pdu_len=168|curr_agip_version=0x20|orig_agip_version=0x20|is_yt_version='no'|command_id=0x10003802|seq_id=93366|game_id=1204|gateway_id=104001|src_ip=192.168.177.92|src_port=34589
2014-07-19_23:57:48.804|I|4146|B3A3E6E0|INFO|HttpAuth::userAuth|Host=daybreak.globalgames.com.br|Port=80|Request=userAccount=dragao879852&password=9dea1d78d63b4aa75e69ccfc9be282784375c5527357fcc987c859b74ac0198d&sign=F4161ED890F5877DA5D4FBF1D411E839
2014-07-19_23:57:48.832|I|4146|B3A3E6E0|INFO|HttpAuth::userAuth|Response=HTTP/1.1 200 OK
Connection: close
Content-Length: 127
Content-Type: text/html; charset=utf-8
Date: Fri, 18 Jul 2014 02:51:58 GMT
Server: Apache
Vary: Accept-Encoding

<?xml version="1.0" encoding="utf-8" ?><response><result>1</result><adult>1</adult><userName>dragao879852</userName></response>
2014-07-19_23:57:48.837|I|4146|B3A3E6E0|INFO|0|104001|AllServer::_onJointAuthenExHttpAES|1|1500000005|0|GMID=1204|GWID=104001|URI=http://daybreak.globalgames.com.br/auth/|UserName=dragao879852|Password=24188b3b45130415a05d962c7e867b5b|Send3rdPassword=9dea1d78d63b4aa75e69ccfc9be282784375c5527357fcc987c859b74ac0198d|UserID_Union=dragao879852|Lower=1|User_Flag=0|User_Type=0|Adult_Flag=1|User_Class=0|User_Point=0|Appendix1=0|Appendix2=0|Promoter_ID=0|User_IP=177.47.22.70|User_Port=51660|Client_MAC=00FFBC60B12D|AD_ID=''|Hardware_SN1=''|Hardware_SN2=''|ClientType=full|NeedCheckPwd=1|TC1=31|TC2=5|TC=36
2014-07-19_23:57:48.837|I|4146|B3A3E6E0|INFO|package|1|SequenceID=93366|toRouter
