2015-02-11_11:50:11.939|I|4146|B3A3E6E0|INFO|unPackage|1|pdu_len=163|orig_pdu_len=163|curr_agip_version=0x20|orig_agip_version=0x20|is_yt_version='no'|command_id=0x10003802|seq_id=340847|game_id=1204|gateway_id=104001|src_ip=192.168.177.92|src_port=40255
2015-02-11_11:50:11.941|I|4146|B3A3E6E0|INFO|HttpAuth::userAuth|Host=daybreak.globalgames.com.br|Port=80|Request=userAccount=pedrao6&password=54f776888a662f8a57afa20e8912f3e51eb87604d132b03f9f134c5f28b350eb&sign=17936324D761E94CF77D129AE26F5735
2015-02-11_11:50:11.969|I|4146|B3A3E6E0|INFO|HttpAuth::userAuth|Response=HTTP/1.1 200 OK
Connection: close
Content-Length: 122
Content-Type: text/html; charset=utf-8
Date: Wed, 11 Feb 2015 13:50:13 GMT
Server: Apache
Vary: Accept-Encoding

<?xml version="1.0" encoding="utf-8" ?><response><result>1</result><adult>1</adult><userName>pedrao6</userName></response>
2015-02-11_11:50:11.983|I|4146|B3A3E6E0|INFO|0|104001|AllServer::_onJointAuthenExHttpAES|1|1500000027|0|GMID=1204|GWID=104001|URI=http://daybreak.globalgames.com.br/auth/|UserName=pedrao6|Password=ce2a2695252bc30e81d6a7585ce02fe1|Send3rdPassword=54f776888a662f8a57afa20e8912f3e51eb87604d132b03f9f134c5f28b350eb|UserID_Union=pedrao6|Lower=1|User_Flag=0|User_Type=0|Adult_Flag=1|User_Class=0|User_Point=0|Appendix1=0|Appendix2=0|Promoter_ID=0|User_IP=187.106.125.102|User_Port=60029|Client_MAC=00FF11903B28|AD_ID=''|Hardware_SN1=''|Hardware_SN2=''|ClientType=full|NeedCheckPwd=1|TC1=30|TC2=14|TC=44
2015-02-11_11:50:11.983|I|4146|B3A3E6E0|INFO|package|1|SequenceID=340847|toRouter
2015-02-11_14:09:01.592|I|4146|B3A3E6E0|INFO|unPackage|1|pdu_len=168|orig_pdu_len=168|curr_agip_version=0x20|orig_agip_version=0x20|is_yt_version='no'|command_id=0x10003802|seq_id=341901|game_id=1204|gateway_id=104001|src_ip=192.168.177.92|src_port=40255
2015-02-11_14:09:01.593|I|4146|B3A3E6E0|INFO|HttpAuth::userAuth|Host=daybreak.globalgames.com.br|Port=80|Request=userAccount=dragao879852&password=9dea1d78d63b4aa75e69ccfc9be282784375c5527357fcc987c859b74ac0198d&sign=F4161ED890F5877DA5D4FBF1D411E839
2015-02-11_14:09:01.613|I|4146|B3A3E6E0|INFO|HttpAuth::userAuth|Response=HTTP/1.1 200 OK
Connection: close
Content-Length: 127
Content-Type: text/html; charset=utf-8
Date: Wed, 11 Feb 2015 16:09:02 GMT
Server: Apache
Vary: Accept-Encoding

<?xml version="1.0" encoding="utf-8" ?><response><result>1</result><adult>1</adult><userName>dragao879852</userName></response>
2015-02-11_14:09:01.618|I|4146|B3A3E6E0|INFO|0|104001|AllServer::_onJointAuthenExHttpAES|1|1500000005|0|GMID=1204|GWID=104001|URI=http://daybreak.globalgames.com.br/auth/|UserName=dragao879852|Password=24188b3b45130415a05d962c7e867b5b|Send3rdPassword=9dea1d78d63b4aa75e69ccfc9be282784375c5527357fcc987c859b74ac0198d|UserID_Union=dragao879852|Lower=1|User_Flag=0|User_Type=0|Adult_Flag=1|User_Class=0|User_Point=0|Appendix1=0|Appendix2=0|Promoter_ID=0|User_IP=177.47.22.70|User_Port=58558|Client_MAC=00FFAC426D72|AD_ID=''|Hardware_SN1=''|Hardware_SN2=''|ClientType=full|NeedCheckPwd=1|TC1=21|TC2=5|TC=26
2015-02-11_14:09:01.618|I|4146|B3A3E6E0|INFO|package|1|SequenceID=341901|toRouter
2015-02-11_15:53:58.338|I|4146|B3A3E6E0|INFO|unPackage|1|pdu_len=163|orig_pdu_len=163|curr_agip_version=0x20|orig_agip_version=0x20|is_yt_version='no'|command_id=0x10003802|seq_id=342685|game_id=1204|gateway_id=104001|src_ip=192.168.177.92|src_port=40255
2015-02-11_15:53:58.339|I|4146|B3A3E6E0|INFO|HttpAuth::userAuth|Host=daybreak.globalgames.com.br|Port=80|Request=userAccount=pedrao7&password=54f776888a662f8a57afa20e8912f3e51eb87604d132b03f9f134c5f28b350eb&sign=9467D3F5166215E4BABC4209B1C2E67A
2015-02-11_15:53:58.369|I|4146|B3A3E6E0|INFO|HttpAuth::userAuth|Response=HTTP/1.1 200 OK
Connection: close
Content-Length: 122
Content-Type: text/html; charset=utf-8
Date: Wed, 11 Feb 2015 17:53:59 GMT
Server: Apache
Vary: Accept-Encoding

<?xml version="1.0" encoding="utf-8" ?><response><result>1</result><adult>1</adult><userName>pedrao7</userName></response>
2015-02-11_15:53:58.374|I|4146|B3A3E6E0|INFO|0|104001|AllServer::_onJointAuthenExHttpAES|1|1500000040|0|GMID=1204|GWID=104001|URI=http://daybreak.globalgames.com.br/auth/|UserName=pedrao7|Password=ce2a2695252bc30e81d6a7585ce02fe1|Send3rdPassword=54f776888a662f8a57afa20e8912f3e51eb87604d132b03f9f134c5f28b350eb|UserID_Union=pedrao7|Lower=1|User_Flag=0|User_Type=0|Adult_Flag=1|User_Class=0|User_Point=0|Appendix1=0|Appendix2=0|Promoter_ID=0|User_IP=177.200.247.248|User_Port=64963|Client_MAC=00FF5265001E|AD_ID=''|Hardware_SN1=''|Hardware_SN2=''|ClientType=full|NeedCheckPwd=1|TC1=31|TC2=5|TC=36
2015-02-11_15:53:58.374|I|4146|B3A3E6E0|INFO|package|1|SequenceID=342685|toRouter
2015-02-11_15:55:04.840|I|4146|B3A3E6E0|INFO|unPackage|1|pdu_len=164|orig_pdu_len=164|curr_agip_version=0x20|orig_agip_version=0x20|is_yt_version='no'|command_id=0x10003802|seq_id=342696|game_id=1204|gateway_id=104001|src_ip=192.168.177.92|src_port=40255
2015-02-11_15:55:04.841|I|4146|B3A3E6E0|INFO|HttpAuth::userAuth|Host=daybreak.globalgames.com.br|Port=80|Request=userAccount=pedrao13&password=54f776888a662f8a57afa20e8912f3e51eb87604d132b03f9f134c5f28b350eb&sign=D8E9A66199FCD5397145CA36931B78B3
2015-02-11_15:55:04.864|I|4146|B3A3E6E0|INFO|HttpAuth::userAuth|Response=HTTP/1.1 200 OK
Connection: close
Content-Length: 123
Content-Type: text/html; charset=utf-8
Date: Wed, 11 Feb 2015 17:55:06 GMT
Server: Apache
Vary: Accept-Encoding

<?xml version="1.0" encoding="utf-8" ?><response><result>1</result><adult>1</adult><userName>pedrao13</userName></response>
2015-02-11_15:55:04.869|I|4146|B3A3E6E0|INFO|0|104001|AllServer::_onJointAuthenExHttpAES|1|1500000068|0|GMID=1204|GWID=104001|URI=http://daybreak.globalgames.com.br/auth/|UserName=pedrao13|Password=ce2a2695252bc30e81d6a7585ce02fe1|Send3rdPassword=54f776888a662f8a57afa20e8912f3e51eb87604d132b03f9f134c5f28b350eb|UserID_Union=pedrao13|Lower=1|User_Flag=0|User_Type=0|Adult_Flag=1|User_Class=0|User_Point=0|Appendix1=0|Appendix2=0|Promoter_ID=0|User_IP=177.200.247.248|User_Port=64964|Client_MAC=00FF5265001E|AD_ID=''|Hardware_SN1=''|Hardware_SN2=''|ClientType=full|NeedCheckPwd=1|TC1=24|TC2=5|TC=29
2015-02-11_15:55:04.869|I|4146|B3A3E6E0|INFO|package|1|SequenceID=342696|toRouter
2015-02-11_15:57:44.588|I|4146|B3A3E6E0|INFO|unPackage|1|pdu_len=163|orig_pdu_len=163|curr_agip_version=0x20|orig_agip_version=0x20|is_yt_version='no'|command_id=0x10003802|seq_id=342717|game_id=1204|gateway_id=104001|src_ip=192.168.177.92|src_port=40255
2015-02-11_15:57:44.589|I|4146|B3A3E6E0|INFO|HttpAuth::userAuth|Host=daybreak.globalgames.com.br|Port=80|Request=userAccount=pedrao6&password=54f776888a662f8a57afa20e8912f3e51eb87604d132b03f9f134c5f28b350eb&sign=17936324D761E94CF77D129AE26F5735
2015-02-11_15:57:44.613|I|4146|B3A3E6E0|INFO|HttpAuth::userAuth|Response=HTTP/1.1 200 OK
Connection: close
Content-Length: 122
Content-Type: text/html; charset=utf-8
Date: Wed, 11 Feb 2015 17:57:45 GMT
Server: Apache
Vary: Accept-Encoding

<?xml version="1.0" encoding="utf-8" ?><response><result>1</result><adult>1</adult><userName>pedrao6</userName></response>
2015-02-11_15:57:44.617|I|4146|B3A3E6E0|INFO|0|104001|AllServer::_onJointAuthenExHttpAES|1|1500000027|0|GMID=1204|GWID=104001|URI=http://daybreak.globalgames.com.br/auth/|UserName=pedrao6|Password=ce2a2695252bc30e81d6a7585ce02fe1|Send3rdPassword=54f776888a662f8a57afa20e8912f3e51eb87604d132b03f9f134c5f28b350eb|UserID_Union=pedrao6|Lower=1|User_Flag=0|User_Type=0|Adult_Flag=1|User_Class=0|User_Point=0|Appendix1=0|Appendix2=0|Promoter_ID=0|User_IP=187.106.125.102|User_Port=54299|Client_MAC=00FF11903B28|AD_ID=''|Hardware_SN1=''|Hardware_SN2=''|ClientType=full|NeedCheckPwd=1|TC1=24|TC2=4|TC=29
2015-02-11_15:57:44.618|I|4146|B3A3E6E0|INFO|package|1|SequenceID=342717|toRouter
2015-02-11_16:29:15.037|I|4146|B3A3E6E0|INFO|unPackage|1|pdu_len=168|orig_pdu_len=168|curr_agip_version=0x20|orig_agip_version=0x20|is_yt_version='no'|command_id=0x10003802|seq_id=342956|game_id=1204|gateway_id=104001|src_ip=192.168.177.92|src_port=40255
2015-02-11_16:29:15.039|I|4146|B3A3E6E0|INFO|HttpAuth::userAuth|Host=daybreak.globalgames.com.br|Port=80|Request=userAccount=dragao879852&password=9dea1d78d63b4aa75e69ccfc9be282784375c5527357fcc987c859b74ac0198d&sign=F4161ED890F5877DA5D4FBF1D411E839
2015-02-11_16:29:15.059|I|4146|B3A3E6E0|INFO|HttpAuth::userAuth|Response=HTTP/1.1 200 OK
Connection: close
Content-Length: 127
Content-Type: text/html; charset=utf-8
Date: Wed, 11 Feb 2015 18:29:16 GMT
Server: Apache
Vary: Accept-Encoding

<?xml version="1.0" encoding="utf-8" ?><response><result>1</result><adult>1</adult><userName>dragao879852</userName></response>
2015-02-11_16:29:15.063|I|4146|B3A3E6E0|INFO|0|104001|AllServer::_onJointAuthenExHttpAES|1|1500000005|0|GMID=1204|GWID=104001|URI=http://daybreak.globalgames.com.br/auth/|UserName=dragao879852|Password=24188b3b45130415a05d962c7e867b5b|Send3rdPassword=9dea1d78d63b4aa75e69ccfc9be282784375c5527357fcc987c859b74ac0198d|UserID_Union=dragao879852|Lower=1|User_Flag=0|User_Type=0|Adult_Flag=1|User_Class=0|User_Point=0|Appendix1=0|Appendix2=0|Promoter_ID=0|User_IP=177.47.22.70|User_Port=53361|Client_MAC=00FFAC426D72|AD_ID=''|Hardware_SN1=''|Hardware_SN2=''|ClientType=full|NeedCheckPwd=1|TC1=22|TC2=4|TC=26
2015-02-11_16:29:15.063|I|4146|B3A3E6E0|INFO|package|1|SequenceID=342956|toRouter
2015-02-11_16:40:18.144|I|4146|B3A3E6E0|INFO|unPackage|1|pdu_len=163|orig_pdu_len=163|curr_agip_version=0x20|orig_agip_version=0x20|is_yt_version='no'|command_id=0x10003802|seq_id=343042|game_id=1204|gateway_id=104001|src_ip=192.168.177.92|src_port=40255
2015-02-11_16:40:18.146|I|4146|B3A3E6E0|INFO|HttpAuth::userAuth|Host=daybreak.globalgames.com.br|Port=80|Request=userAccount=iv4nxxx&password=df8033199ef9179a67ad160b8ca0e189510904a41b8bb2b88271f44b9cc9c350&sign=F6FF62F919643D5A098B45282AEA6C94
2015-02-11_16:40:18.170|I|4146|B3A3E6E0|INFO|HttpAuth::userAuth|Response=HTTP/1.1 200 OK
Connection: close
Content-Length: 122
Content-Type: text/html; charset=utf-8
Date: Wed, 11 Feb 2015 18:40:19 GMT
Server: Apache
Vary: Accept-Encoding

<?xml version="1.0" encoding="utf-8" ?><response><result>1</result><adult>1</adult><userName>iv4nxxx</userName></response>
2015-02-11_16:40:18.175|I|4146|B3A3E6E0|INFO|0|104001|AllServer::_onJointAuthenExHttpAES|1|1500000112|0|GMID=1204|GWID=104001|URI=http://daybreak.globalgames.com.br/auth/|UserName=iv4nxxx|Password=d1edf51c908c5a93fb9a9a37ac375a3d|Send3rdPassword=df8033199ef9179a67ad160b8ca0e189510904a41b8bb2b88271f44b9cc9c350|UserID_Union=iv4nxxx|Lower=1|User_Flag=0|User_Type=0|Adult_Flag=1|User_Class=0|User_Point=0|Appendix1=0|Appendix2=0|Promoter_ID=0|User_IP=177.47.22.70|User_Port=56290|Client_MAC=00FF2D16DDB0|AD_ID=''|Hardware_SN1=''|Hardware_SN2=''|ClientType=full|NeedCheckPwd=1|TC1=26|TC2=5|TC=31
2015-02-11_16:40:18.175|I|4146|B3A3E6E0|INFO|package|1|SequenceID=343042|toRouter
