2015-05-12_11:05:03.385|I|4146|B3A3E6E0|INFO|unPackage|1|pdu_len=168|orig_pdu_len=168|curr_agip_version=0x20|orig_agip_version=0x20|is_yt_version='no'|command_id=0x10003802|seq_id=314593|game_id=1204|gateway_id=104001|src_ip=192.168.177.92|src_port=42881
2015-05-12_11:05:03.388|I|4146|B3A3E6E0|INFO|HttpAuth::userAuth|Host=daybreak.globalgames.com.br|Port=80|Request=userAccount=dragao879852&password=9dea1d78d63b4aa75e69ccfc9be282784375c5527357fcc987c859b74ac0198d&sign=F4161ED890F5877DA5D4FBF1D411E839
2015-05-12_11:05:03.409|I|4146|B3A3E6E0|INFO|HttpAuth::userAuth|Response=HTTP/1.1 200 OK
Connection: close
Content-Length: 127
Content-Type: text/html; charset=utf-8
Date: Tue, 12 May 2015 14:05:04 GMT
Server: Apache
Vary: Accept-Encoding

<?xml version="1.0" encoding="utf-8" ?><response><result>1</result><adult>1</adult><userName>dragao879852</userName></response>
2015-05-12_11:05:03.414|I|4146|B3A3E6E0|INFO|0|104001|AllServer::_onJointAuthenExHttpAES|1|1500000005|0|GMID=1204|GWID=104001|URI=http://daybreak.globalgames.com.br/auth/|UserName=dragao879852|Password=24188b3b45130415a05d962c7e867b5b|Send3rdPassword=9dea1d78d63b4aa75e69ccfc9be282784375c5527357fcc987c859b74ac0198d|UserID_Union=dragao879852|Lower=1|User_Flag=0|User_Type=0|Adult_Flag=1|User_Class=0|User_Point=0|Appendix1=0|Appendix2=0|Promoter_ID=0|User_IP=177.47.22.70|User_Port=63997|Client_MAC=00FFAC426D72|AD_ID=''|Hardware_SN1=''|Hardware_SN2=''|ClientType=full|NeedCheckPwd=1|TC1=24|TC2=5|TC=29
2015-05-12_11:05:03.414|I|4146|B3A3E6E0|INFO|package|1|SequenceID=314593|toRouter
2015-05-12_13:42:13.436|I|4146|B3A3E6E0|INFO|unPackage|1|pdu_len=163|orig_pdu_len=163|curr_agip_version=0x20|orig_agip_version=0x20|is_yt_version='no'|command_id=0x10003802|seq_id=315764|game_id=1204|gateway_id=104001|src_ip=192.168.177.92|src_port=42881
2015-05-12_13:42:13.437|I|4146|B3A3E6E0|INFO|HttpAuth::userAuth|Host=daybreak.globalgames.com.br|Port=80|Request=userAccount=pedrao6&password=54f776888a662f8a57afa20e8912f3e51eb87604d132b03f9f134c5f28b350eb&sign=17936324D761E94CF77D129AE26F5735
2015-05-12_13:42:13.458|I|4146|B3A3E6E0|INFO|HttpAuth::userAuth|Response=HTTP/1.1 200 OK
Connection: close
Content-Length: 122
Content-Type: text/html; charset=utf-8
Date: Tue, 12 May 2015 16:42:14 GMT
Server: Apache
Vary: Accept-Encoding

<?xml version="1.0" encoding="utf-8" ?><response><result>1</result><adult>1</adult><userName>pedrao6</userName></response>
2015-05-12_13:42:13.462|I|4146|B3A3E6E0|INFO|0|104001|AllServer::_onJointAuthenExHttpAES|1|1500000027|0|GMID=1204|GWID=104001|URI=http://daybreak.globalgames.com.br/auth/|UserName=pedrao6|Password=ce2a2695252bc30e81d6a7585ce02fe1|Send3rdPassword=54f776888a662f8a57afa20e8912f3e51eb87604d132b03f9f134c5f28b350eb|UserID_Union=pedrao6|Lower=1|User_Flag=0|User_Type=0|Adult_Flag=1|User_Class=0|User_Point=0|Appendix1=0|Appendix2=0|Promoter_ID=0|User_IP=189.34.132.93|User_Port=49898|Client_MAC=00FF11903B28|AD_ID=''|Hardware_SN1=''|Hardware_SN2=''|ClientType=full|NeedCheckPwd=1|TC1=22|TC2=4|TC=26
2015-05-12_13:42:13.462|I|4146|B3A3E6E0|INFO|package|1|SequenceID=315764|toRouter
