2014-01-02_08:12:33.753|I|32450|B7F7B6E0|INFO|unPackage|1|pdu_len=163|orig_pdu_len=163|curr_agip_version=0x20|orig_agip_version=0x20|is_yt_version='no'|command_id=0x10003802|seq_id=137823|game_id=1204|gateway_id=104001|src_ip=192.168.177.92|src_port=58918
2014-01-02_08:12:33.755|I|32450|B7F7B6E0|INFO|HttpAuth::userAuth|Host=daybreak.globalgames.com.br|Port=80|Request=userAccount=pedrao6&password=f7b5f871ae9dfc275b36ac4ef793964cdc0a7ef41a22f0075444b48a71a41c68&sign=C903D2C350F82FE608269A8B28D30B40
2014-01-02_08:12:34.062|I|32450|B7F7B6E0|INFO|HttpAuth::userAuth|Response=HTTP/1.1 200 OK
Connection: close
Content-Length: 122
Content-Type: text/html; charset=utf-8
Date: Thu, 02 Jan 2014 10:25:36 GMT
Server: Apache
Vary: Accept-Encoding

<?xml version="1.0" encoding="utf-8" ?><response><result>1</result><adult>1</adult><userName>pedrao6</userName></response>
2014-01-02_08:12:34.070|I|32450|B7F7B6E0|INFO|0|104001|AllServer::_onJointAuthenExHttpAES|1|1500000027|0|GMID=1204|GWID=104001|URI=http://daybreak.globalgames.com.br/auth/|UserName=pedrao6|Password=c0447052a1be8c51ba30681a7b89281d|Send3rdPassword=f7b5f871ae9dfc275b36ac4ef793964cdc0a7ef41a22f0075444b48a71a41c68|UserID_Union=pedrao6|Lower=1|User_Flag=0|User_Type=0|Adult_Flag=1|User_Class=0|User_Point=0|Appendix1=0|Appendix2=0|Promoter_ID=0|User_IP=177.134.24.235|User_Port=49876|Client_MAC=00FF3655D22E|AD_ID=''|Hardware_SN1=''|Hardware_SN2=''|ClientType=full|NeedCheckPwd=1|TC1=309|TC2=8|TC=317
2014-01-02_08:12:34.070|I|32450|B7F7B6E0|INFO|package|1|SequenceID=137823|toRouter
2014-01-02_08:41:47.808|I|32450|B7F7B6E0|INFO|unPackage|1|pdu_len=165|orig_pdu_len=165|curr_agip_version=0x20|orig_agip_version=0x20|is_yt_version='no'|command_id=0x10003802|seq_id=138042|game_id=1204|gateway_id=104001|src_ip=192.168.177.92|src_port=58918
2014-01-02_08:41:47.810|I|32450|B7F7B6E0|INFO|HttpAuth::userAuth|Host=daybreak.globalgames.com.br|Port=80|Request=userAccount=polaris13&password=dda307357d5122bb087d86a76b597f0ecb43957559922cf1a410b3867c657033&sign=390FB1FEB22B6FAD0068C4D6918337DD
2014-01-02_08:41:47.872|I|32450|B7F7B6E0|INFO|HttpAuth::userAuth|Response=HTTP/1.1 200 OK
Connection: close
Content-Length: 124
Content-Type: text/html; charset=utf-8
Date: Thu, 02 Jan 2014 10:54:50 GMT
Server: Apache
Vary: Accept-Encoding

<?xml version="1.0" encoding="utf-8" ?><response><result>1</result><adult>1</adult><userName>polaris13</userName></response>
2014-01-02_08:41:47.879|I|32450|B7F7B6E0|INFO|0|104001|AllServer::_onJointAuthenExHttpAES|1|1500000020|0|GMID=1204|GWID=104001|URI=http://daybreak.globalgames.com.br/auth/|UserName=polaris13|Password=c3c7fdc199544358827fa0cbb78c235d|Send3rdPassword=dda307357d5122bb087d86a76b597f0ecb43957559922cf1a410b3867c657033|UserID_Union=polaris13|Lower=1|User_Flag=0|User_Type=0|Adult_Flag=1|User_Class=0|User_Point=0|Appendix1=0|Appendix2=0|Promoter_ID=0|User_IP=177.134.24.235|User_Port=61704|Client_MAC=1EC9D31E3393|AD_ID=''|Hardware_SN1=''|Hardware_SN2=''|ClientType=full|NeedCheckPwd=1|TC1=64|TC2=7|TC=71
2014-01-02_08:41:47.879|I|32450|B7F7B6E0|INFO|package|1|SequenceID=138042|toRouter
2014-01-02_08:42:23.656|I|32450|B7F7B6E0|INFO|unPackage|1|pdu_len=165|orig_pdu_len=165|curr_agip_version=0x20|orig_agip_version=0x20|is_yt_version='no'|command_id=0x10003802|seq_id=138047|game_id=1204|gateway_id=104001|src_ip=192.168.177.92|src_port=58918
2014-01-02_08:42:23.657|I|32450|B7F7B6E0|INFO|HttpAuth::userAuth|Host=daybreak.globalgames.com.br|Port=80|Request=userAccount=polaris13&password=dda307357d5122bb087d86a76b597f0ecb43957559922cf1a410b3867c657033&sign=390FB1FEB22B6FAD0068C4D6918337DD
2014-01-02_08:42:23.718|I|32450|B7F7B6E0|INFO|HttpAuth::userAuth|Response=HTTP/1.1 200 OK
Connection: close
Content-Length: 124
Content-Type: text/html; charset=utf-8
Date: Thu, 02 Jan 2014 10:55:26 GMT
Server: Apache
Vary: Accept-Encoding

<?xml version="1.0" encoding="utf-8" ?><response><result>1</result><adult>1</adult><userName>polaris13</userName></response>
2014-01-02_08:42:23.729|I|32450|B7F7B6E0|INFO|0|104001|AllServer::_onJointAuthenExHttpAES|1|1500000020|0|GMID=1204|GWID=104001|URI=http://daybreak.globalgames.com.br/auth/|UserName=polaris13|Password=c3c7fdc199544358827fa0cbb78c235d|Send3rdPassword=dda307357d5122bb087d86a76b597f0ecb43957559922cf1a410b3867c657033|UserID_Union=polaris13|Lower=1|User_Flag=0|User_Type=0|Adult_Flag=1|User_Class=0|User_Point=0|Appendix1=0|Appendix2=0|Promoter_ID=0|User_IP=177.134.24.235|User_Port=61762|Client_MAC=1EC9D31E3393|AD_ID=''|Hardware_SN1=''|Hardware_SN2=''|ClientType=full|NeedCheckPwd=1|TC1=62|TC2=11|TC=73
2014-01-02_08:42:23.730|I|32450|B7F7B6E0|INFO|package|1|SequenceID=138047|toRouter
2014-01-02_08:42:50.756|I|32450|B7F7B6E0|INFO|unPackage|1|pdu_len=163|orig_pdu_len=163|curr_agip_version=0x20|orig_agip_version=0x20|is_yt_version='no'|command_id=0x10003802|seq_id=138053|game_id=1204|gateway_id=104001|src_ip=192.168.177.92|src_port=58918
2014-01-02_08:42:50.757|I|32450|B7F7B6E0|INFO|HttpAuth::userAuth|Host=daybreak.globalgames.com.br|Port=80|Request=userAccount=richard&password=d5ddbff4995734213c9aeb61d8227b0ac40d17a0ca5b52789caeb0b50722b46f&sign=58AC3A54912E2752A05DFA90E8813AD2
2014-01-02_08:42:50.830|I|32450|B7F7B6E0|INFO|HttpAuth::userAuth|Response=HTTP/1.1 200 OK
Connection: close
Content-Length: 122
Content-Type: text/html; charset=utf-8
Date: Thu, 02 Jan 2014 10:55:53 GMT
Server: Apache
Vary: Accept-Encoding

<?xml version="1.0" encoding="utf-8" ?><response><result>1</result><adult>1</adult><userName>richard</userName></response>
2014-01-02_08:42:50.837|I|32450|B7F7B6E0|INFO|0|104001|AllServer::_onJointAuthenExHttpAES|1|1500000010|0|GMID=1204|GWID=104001|URI=http://daybreak.globalgames.com.br/auth/|UserName=richard|Password=b45441068b0371dad184621bf09b7e4e|Send3rdPassword=d5ddbff4995734213c9aeb61d8227b0ac40d17a0ca5b52789caeb0b50722b46f|UserID_Union=richard|Lower=1|User_Flag=0|User_Type=0|Adult_Flag=1|User_Class=0|User_Point=0|Appendix1=0|Appendix2=0|Promoter_ID=0|User_IP=177.134.24.235|User_Port=54319|Client_MAC=00FF6B35BD7B|AD_ID=''|Hardware_SN1=''|Hardware_SN2=''|ClientType=full|NeedCheckPwd=1|TC1=74|TC2=7|TC=81
2014-01-02_08:42:50.837|I|32450|B7F7B6E0|INFO|package|1|SequenceID=138053|toRouter
2014-01-02_08:47:06.960|I|32450|B7F7B6E0|INFO|unPackage|1|pdu_len=165|orig_pdu_len=165|curr_agip_version=0x20|orig_agip_version=0x20|is_yt_version='no'|command_id=0x10003802|seq_id=138088|game_id=1204|gateway_id=104001|src_ip=192.168.177.92|src_port=58918
2014-01-02_08:47:06.962|I|32450|B7F7B6E0|INFO|HttpAuth::userAuth|Host=daybreak.globalgames.com.br|Port=80|Request=userAccount=polaris13&password=dda307357d5122bb087d86a76b597f0ecb43957559922cf1a410b3867c657033&sign=390FB1FEB22B6FAD0068C4D6918337DD
2014-01-02_08:47:07.065|I|32450|B7F7B6E0|INFO|HttpAuth::userAuth|Response=HTTP/1.1 200 OK
Connection: close
Content-Length: 124
Content-Type: text/html; charset=utf-8
Date: Thu, 02 Jan 2014 11:00:10 GMT
Server: Apache
Vary: Accept-Encoding

<?xml version="1.0" encoding="utf-8" ?><response><result>1</result><adult>1</adult><userName>polaris13</userName></response>
2014-01-02_08:47:07.071|I|32450|B7F7B6E0|INFO|0|104001|AllServer::_onJointAuthenExHttpAES|1|1500000020|0|GMID=1204|GWID=104001|URI=http://daybreak.globalgames.com.br/auth/|UserName=polaris13|Password=c3c7fdc199544358827fa0cbb78c235d|Send3rdPassword=dda307357d5122bb087d86a76b597f0ecb43957559922cf1a410b3867c657033|UserID_Union=polaris13|Lower=1|User_Flag=0|User_Type=0|Adult_Flag=1|User_Class=0|User_Point=0|Appendix1=0|Appendix2=0|Promoter_ID=0|User_IP=177.134.24.235|User_Port=61937|Client_MAC=1EC9D31E3393|AD_ID=''|Hardware_SN1=''|Hardware_SN2=''|ClientType=full|NeedCheckPwd=1|TC1=105|TC2=6|TC=111
2014-01-02_08:47:07.071|I|32450|B7F7B6E0|INFO|package|1|SequenceID=138088|toRouter
2014-01-02_10:16:42.303|I|32450|B7F7B6E0|INFO|unPackage|1|pdu_len=165|orig_pdu_len=165|curr_agip_version=0x20|orig_agip_version=0x20|is_yt_version='no'|command_id=0x10003802|seq_id=138757|game_id=1204|gateway_id=104001|src_ip=192.168.177.92|src_port=58918
2014-01-02_10:16:42.305|I|32450|B7F7B6E0|INFO|HttpAuth::userAuth|Host=daybreak.globalgames.com.br|Port=80|Request=userAccount=polaris13&password=dda307357d5122bb087d86a76b597f0ecb43957559922cf1a410b3867c657033&sign=390FB1FEB22B6FAD0068C4D6918337DD
2014-01-02_10:16:42.566|I|32450|B7F7B6E0|INFO|HttpAuth::userAuth|Response=HTTP/1.1 200 OK
Connection: close
Content-Length: 124
Content-Type: text/html; charset=utf-8
Date: Thu, 02 Jan 2014 12:29:45 GMT
Server: Apache
Vary: Accept-Encoding

<?xml version="1.0" encoding="utf-8" ?><response><result>1</result><adult>1</adult><userName>polaris13</userName></response>
2014-01-02_10:16:42.573|I|32450|B7F7B6E0|INFO|0|104001|AllServer::_onJointAuthenExHttpAES|1|1500000020|0|GMID=1204|GWID=104001|URI=http://daybreak.globalgames.com.br/auth/|UserName=polaris13|Password=c3c7fdc199544358827fa0cbb78c235d|Send3rdPassword=dda307357d5122bb087d86a76b597f0ecb43957559922cf1a410b3867c657033|UserID_Union=polaris13|Lower=1|User_Flag=0|User_Type=0|Adult_Flag=1|User_Class=0|User_Point=0|Appendix1=0|Appendix2=0|Promoter_ID=0|User_IP=177.134.24.235|User_Port=52658|Client_MAC=1EC9D31E3393|AD_ID=''|Hardware_SN1=''|Hardware_SN2=''|ClientType=full|NeedCheckPwd=1|TC1=262|TC2=7|TC=270
2014-01-02_10:16:42.573|I|32450|B7F7B6E0|INFO|package|1|SequenceID=138757|toRouter
