2013-12-21_12:54:46.575|I|32450|B7F7B6E0|INFO|unPackage|1|pdu_len=165|orig_pdu_len=165|curr_agip_version=0x20|orig_agip_version=0x20|is_yt_version='no'|command_id=0x10003802|seq_id=11244|game_id=1204|gateway_id=104001|src_ip=192.168.177.92|src_port=58918
2013-12-21_12:54:46.577|I|32450|B7F7B6E0|INFO|HttpAuth::userAuth|Host=daybreak.globalgames.com.br|Port=80|Request=userAccount=polaris13&password=538f924ede8eaf24efc9f5476b55a6d9c0001f397e8e1109389dbbccb68c1db3&sign=1CC55E2A1F2ED8357CEE325131A530BF
2013-12-21_12:54:46.804|I|32450|B7F7B6E0|INFO|HttpAuth::userAuth|Response=HTTP/1.1 200 OK
Connection: close
Content-Length: 128
Content-Type: text/html; charset=utf-8
Date: Sat, 21 Dec 2013 15:07:16 GMT
Server: Apache
Vary: Accept-Encoding

<?xml version="1.0" encoding="utf-8" ?><response><result>-1815</result><adult>1</adult><userName>polaris13</userName></response>
2013-12-21_12:54:46.804|I|32450|B7F7B6E0|INFO|0|104001|AllServer::_onJointAuthenExHttpAES|-1815|0|0|GMID=1204|GWID=104001|URI=http://daybreak.globalgames.com.br/auth/|UserName=polaris13|Password=2f8dcf528a39963e29783476b78299ec|Send3rdPassword=538f924ede8eaf24efc9f5476b55a6d9c0001f397e8e1109389dbbccb68c1db3|UserID_Union=|Lower=1|User_Flag=0|User_Type=0|Adult_Flag=0|User_Class=0|User_Point=0|Appendix1=0|Appendix2=0|Promoter_ID=0|User_IP=177.41.207.114|User_Port=56076|Client_MAC=1EC9D31E3393|AD_ID=''|Hardware_SN1=''|Hardware_SN2=''|ClientType=full|NeedCheckPwd=1|TC1=229|TC2=0|TC=229
2013-12-21_12:54:46.804|I|32450|B7F7B6E0|INFO|package|1|SequenceID=11244|toRouter
2013-12-21_12:55:06.377|I|32450|B7F7B6E0|INFO|unPackage|1|pdu_len=165|orig_pdu_len=165|curr_agip_version=0x20|orig_agip_version=0x20|is_yt_version='no'|command_id=0x10003802|seq_id=11247|game_id=1204|gateway_id=104001|src_ip=192.168.177.92|src_port=58918
2013-12-21_12:55:06.377|I|32450|B7F7B6E0|INFO|HttpAuth::userAuth|Host=daybreak.globalgames.com.br|Port=80|Request=userAccount=polaris13&password=dda307357d5122bb087d86a76b597f0ecb43957559922cf1a410b3867c657033&sign=390FB1FEB22B6FAD0068C4D6918337DD
2013-12-21_12:55:06.457|I|32450|B7F7B6E0|INFO|HttpAuth::userAuth|Response=HTTP/1.1 200 OK
Connection: close
Content-Length: 124
Content-Type: text/html; charset=utf-8
Date: Sat, 21 Dec 2013 15:07:36 GMT
Server: Apache
Vary: Accept-Encoding

<?xml version="1.0" encoding="utf-8" ?><response><result>1</result><adult>1</adult><userName>polaris13</userName></response>
2013-12-21_12:55:06.464|I|32450|B7F7B6E0|INFO|0|104001|AllServer::_onJointAuthenExHttpAES|1|1500000020|0|GMID=1204|GWID=104001|URI=http://daybreak.globalgames.com.br/auth/|UserName=polaris13|Password=c3c7fdc199544358827fa0cbb78c235d|Send3rdPassword=dda307357d5122bb087d86a76b597f0ecb43957559922cf1a410b3867c657033|UserID_Union=polaris13|Lower=1|User_Flag=0|User_Type=0|Adult_Flag=1|User_Class=0|User_Point=0|Appendix1=0|Appendix2=0|Promoter_ID=0|User_IP=177.41.207.114|User_Port=56078|Client_MAC=1EC9D31E3393|AD_ID=''|Hardware_SN1=''|Hardware_SN2=''|ClientType=full|NeedCheckPwd=1|TC1=80|TC2=7|TC=87
2013-12-21_12:55:06.464|I|32450|B7F7B6E0|INFO|package|1|SequenceID=11247|toRouter
