2014-04-19_21:33:29.298|I|4146|B3A3E6E0|INFO|Server::registMyService|cmd id = 0x10003802
2014-04-19_21:33:29.311|I|4146|B3A3E6E0|INFO|Service|GameID=1204
2014-04-19_21:33:29.312|I|4146|028C6B90|INFO|AllServer::initIPMap::getIPCount|0|
2014-04-19_21:33:29.312|I|4146|028C6B90|INFO|AllServer::getIPCount|1|ip_total=0|ip_size=0|TC_SORT=0|TC=1
2014-04-19_21:33:29.316|I|4146|B3A3E6E0|INFO|GateID=0x9999|APPID=0x7|GameId=4b4|Initializing GateClient Success!
2014-04-19_21:33:29.316|I|4146|B3A3E6E0|INFO|AllServer is running now!
2014-04-19_21:33:29.331|I|4146|B3A3E6E0|INFO|Server::refreshNetwork|1|connect Addr=(127.0.0.1:19999)
2014-04-19_21:33:29.331|I|4146|B3A3E6E0|INFO|Server::onConnectOK|1|Addr=(127.0.0.1:19999)
2014-04-19_21:55:22.014|I|4146|B3A3E6E0|INFO|unPackage|1|pdu_len=162|orig_pdu_len=162|curr_agip_version=0x20|orig_agip_version=0x20|is_yt_version='no'|command_id=0x10003802|seq_id=17|game_id=1204|gateway_id=104001|src_ip=192.168.177.92|src_port=56276
2014-04-19_21:55:22.290|I|4146|B3A3E6E0|INFO|HttpAuth::userAuth|Host=daybreak.globalgames.com.br|Port=80|Request=userAccount=felipe&password=54f776888a662f8a57afa20e8912f3e51eb87604d132b03f9f134c5f28b350eb&sign=536B25EC9D6C3B27A5F8FEDBC9383464
2014-04-19_21:55:22.327|I|4146|B3A3E6E0|INFO|HttpAuth::userAuth|Response=HTTP/1.1 200 OK
Connection: close
Content-Length: 121
Content-Type: text/html; charset=utf-8
Date: Thu, 17 Apr 2014 00:04:58 GMT
Server: Apache
Vary: Accept-Encoding

<?xml version="1.0" encoding="utf-8" ?><response><result>1</result><adult>1</adult><userName>felipe</userName></response>
2014-04-19_21:55:22.401|I|4146|B3A3E6E0|INFO|0|104001|AllServer::_onJointAuthenExHttpAES|1|1500000060|0|GMID=1204|GWID=104001|URI=http://daybreak.globalgames.com.br/auth/|UserName=felipe|Password=ce2a2695252bc30e81d6a7585ce02fe1|Send3rdPassword=54f776888a662f8a57afa20e8912f3e51eb87604d132b03f9f134c5f28b350eb|UserID_Union=felipe|Lower=1|User_Flag=0|User_Type=0|Adult_Flag=1|User_Class=0|User_Point=0|Appendix1=0|Appendix2=0|Promoter_ID=0|User_IP=187.21.255.166|User_Port=60087|Client_MAC=E4CE8F25AB99|AD_ID=''|Hardware_SN1=''|Hardware_SN2=''|ClientType=full|NeedCheckPwd=1|TC1=300|TC2=74|TC=387
2014-04-19_21:55:22.401|I|4146|B3A3E6E0|INFO|package|1|SequenceID=17|toRouter
