2014-01-12_11:13:55.211|I|32450|B7F7B6E0|INFO|unPackage|1|pdu_len=165|orig_pdu_len=165|curr_agip_version=0x20|orig_agip_version=0x20|is_yt_version='no'|command_id=0x10003802|seq_id=23283|game_id=1204|gateway_id=104001|src_ip=192.168.177.92|src_port=58557
2014-01-12_11:13:55.213|I|32450|B7F7B6E0|INFO|HttpAuth::userAuth|Host=daybreak.globalgames.com.br|Port=80|Request=userAccount=edmatheus&password=1a71138a3c9086e3b862e4f3a535ddb8e589d81e642e8a9fde5efc397ab2299d&sign=C4C68DA9245C4BBA605E9C175C9CCC1A
2014-01-12_11:13:55.432|I|32450|B7F7B6E0|INFO|HttpAuth::userAuth|Response=HTTP/1.1 200 OK
Connection: close
Content-Length: 128
Content-Type: text/html; charset=utf-8
Date: Sun, 12 Jan 2014 13:27:26 GMT
Server: Apache
Vary: Accept-Encoding

<?xml version="1.0" encoding="utf-8" ?><response><result>-1812</result><adult>1</adult><userName>edmatheus</userName></response>
2014-01-12_11:13:55.432|I|32450|B7F7B6E0|INFO|0|104001|AllServer::_onJointAuthenExHttpAES|-1812|0|0|GMID=1204|GWID=104001|URI=http://daybreak.globalgames.com.br/auth/|UserName=edmatheus|Password=e14d0315e00e2d4837c7e622be6179d2|Send3rdPassword=1a71138a3c9086e3b862e4f3a535ddb8e589d81e642e8a9fde5efc397ab2299d|UserID_Union=|Lower=1|User_Flag=0|User_Type=0|Adult_Flag=0|User_Class=0|User_Point=0|Appendix1=0|Appendix2=0|Promoter_ID=0|User_IP=189.24.115.102|User_Port=53536|Client_MAC=6CF049F9CAEF|AD_ID=''|Hardware_SN1=''|Hardware_SN2=''|ClientType=full|NeedCheckPwd=1|TC1=221|TC2=0|TC=221
2014-01-12_11:13:55.432|I|32450|B7F7B6E0|INFO|package|1|SequenceID=23283|toRouter
2014-01-12_11:14:10.310|I|32450|B7F7B6E0|INFO|unPackage|1|pdu_len=165|orig_pdu_len=165|curr_agip_version=0x20|orig_agip_version=0x20|is_yt_version='no'|command_id=0x10003802|seq_id=23286|game_id=1204|gateway_id=104001|src_ip=192.168.177.92|src_port=58557
2014-01-12_11:14:10.311|I|32450|B7F7B6E0|INFO|HttpAuth::userAuth|Host=daybreak.globalgames.com.br|Port=80|Request=userAccount=edmatheus&password=89502b12ff3e9b1bf619ad9aba5c32b6ea70269eb566c74dadbe02924b2d497e&sign=93C791156B4FF89C5407B617E93A8982
2014-01-12_11:14:10.373|I|32450|B7F7B6E0|INFO|HttpAuth::userAuth|Response=HTTP/1.1 200 OK
Connection: close
Content-Length: 128
Content-Type: text/html; charset=utf-8
Date: Sun, 12 Jan 2014 13:27:41 GMT
Server: Apache
Vary: Accept-Encoding

<?xml version="1.0" encoding="utf-8" ?><response><result>-1812</result><adult>1</adult><userName>edmatheus</userName></response>
2014-01-12_11:14:10.373|I|32450|B7F7B6E0|INFO|0|104001|AllServer::_onJointAuthenExHttpAES|-1812|0|0|GMID=1204|GWID=104001|URI=http://daybreak.globalgames.com.br/auth/|UserName=edmatheus|Password=b1ace50b70655b751dd71ca5c997c784|Send3rdPassword=89502b12ff3e9b1bf619ad9aba5c32b6ea70269eb566c74dadbe02924b2d497e|UserID_Union=|Lower=1|User_Flag=0|User_Type=0|Adult_Flag=0|User_Class=0|User_Point=0|Appendix1=0|Appendix2=0|Promoter_ID=0|User_IP=189.24.115.102|User_Port=53552|Client_MAC=6CF049F9CAEF|AD_ID=''|Hardware_SN1=''|Hardware_SN2=''|ClientType=full|NeedCheckPwd=1|TC1=63|TC2=0|TC=63
2014-01-12_11:14:10.373|I|32450|B7F7B6E0|INFO|package|1|SequenceID=23286|toRouter
