2014-06-14_05:29:09.134|I|4146|B3A3E6E0|INFO|unPackage|1|pdu_len=166|orig_pdu_len=166|curr_agip_version=0x20|orig_agip_version=0x20|is_yt_version='no'|command_id=0x10003802|seq_id=123588|game_id=1204|gateway_id=104001|src_ip=192.168.177.92|src_port=37221
2014-06-14_05:29:09.137|I|4146|B3A3E6E0|INFO|HttpAuth::userAuth|Host=daybreak.globalgames.com.br|Port=80|Request=userAccount=andersongg&password=6ca4b545ec99c4edd3293b83078f4c79a9f0a2a9f1ba68ea0351b0d0d4ffae57&sign=2640EC98230C3E08F412CA15CB0D705B
2014-06-14_05:29:09.176|I|4146|B3A3E6E0|INFO|HttpAuth::userAuth|Response=HTTP/1.1 200 OK
Connection: close
Content-Length: 125
Content-Type: text/html; charset=utf-8
Date: Fri, 13 Jun 2014 11:54:15 GMT
Server: Apache
Vary: Accept-Encoding

<?xml version="1.0" encoding="utf-8" ?><response><result>1</result><adult>1</adult><userName>andersongg</userName></response>
2014-06-14_05:29:09.181|I|4146|B3A3E6E0|INFO|0|104001|AllServer::_onJointAuthenExHttpAES|1|1500000006|0|GMID=1204|GWID=104001|URI=http://daybreak.globalgames.com.br/auth/|UserName=andersongg|Password=640156a929a2966b9f8ec76b15e71994|Send3rdPassword=6ca4b545ec99c4edd3293b83078f4c79a9f0a2a9f1ba68ea0351b0d0d4ffae57|UserID_Union=andersongg|Lower=1|User_Flag=0|User_Type=0|Adult_Flag=1|User_Class=0|User_Point=0|Appendix1=0|Appendix2=0|Promoter_ID=0|User_IP=189.34.132.34|User_Port=49585|Client_MAC=00FF836BCE2B|AD_ID=''|Hardware_SN1=''|Hardware_SN2=''|ClientType=full|NeedCheckPwd=1|TC1=42|TC2=5|TC=47
2014-06-14_05:29:09.181|I|4146|B3A3E6E0|INFO|package|1|SequenceID=123588|toRouter
2014-06-14_05:57:19.072|I|4146|B3A3E6E0|INFO|unPackage|1|pdu_len=166|orig_pdu_len=166|curr_agip_version=0x20|orig_agip_version=0x20|is_yt_version='no'|command_id=0x10003802|seq_id=123803|game_id=1204|gateway_id=104001|src_ip=192.168.177.92|src_port=37221
2014-06-14_05:57:19.074|I|4146|B3A3E6E0|INFO|HttpAuth::userAuth|Host=daybreak.globalgames.com.br|Port=80|Request=userAccount=andersongg&password=6ca4b545ec99c4edd3293b83078f4c79a9f0a2a9f1ba68ea0351b0d0d4ffae57&sign=2640EC98230C3E08F412CA15CB0D705B
2014-06-14_05:57:19.257|I|4146|B3A3E6E0|INFO|HttpAuth::userAuth|Response=HTTP/1.1 200 OK
Connection: close
Content-Length: 125
Content-Type: text/html; charset=utf-8
Date: Fri, 13 Jun 2014 12:22:34 GMT
Server: Apache
Vary: Accept-Encoding

<?xml version="1.0" encoding="utf-8" ?><response><result>1</result><adult>1</adult><userName>andersongg</userName></response>
2014-06-14_05:57:19.261|I|4146|B3A3E6E0|INFO|0|104001|AllServer::_onJointAuthenExHttpAES|1|1500000006|0|GMID=1204|GWID=104001|URI=http://daybreak.globalgames.com.br/auth/|UserName=andersongg|Password=640156a929a2966b9f8ec76b15e71994|Send3rdPassword=6ca4b545ec99c4edd3293b83078f4c79a9f0a2a9f1ba68ea0351b0d0d4ffae57|UserID_Union=andersongg|Lower=1|User_Flag=0|User_Type=0|Adult_Flag=1|User_Class=0|User_Point=0|Appendix1=0|Appendix2=0|Promoter_ID=0|User_IP=189.34.132.34|User_Port=50100|Client_MAC=00FF836BCE2B|AD_ID=''|Hardware_SN1=''|Hardware_SN2=''|ClientType=full|NeedCheckPwd=1|TC1=185|TC2=4|TC=189
2014-06-14_05:57:19.261|I|4146|B3A3E6E0|INFO|package|1|SequenceID=123803|toRouter
2014-06-14_06:04:43.694|I|4146|B3A3E6E0|INFO|unPackage|1|pdu_len=166|orig_pdu_len=166|curr_agip_version=0x20|orig_agip_version=0x20|is_yt_version='no'|command_id=0x10003802|seq_id=18|game_id=1204|gateway_id=104001|src_ip=192.168.177.92|src_port=48103
2014-06-14_06:04:43.697|I|4146|B3A3E6E0|INFO|HttpAuth::userAuth|Host=daybreak.globalgames.com.br|Port=80|Request=userAccount=andersongg&password=6ca4b545ec99c4edd3293b83078f4c79a9f0a2a9f1ba68ea0351b0d0d4ffae57&sign=2640EC98230C3E08F412CA15CB0D705B
2014-06-14_06:04:43.764|I|4146|B3A3E6E0|INFO|HttpAuth::userAuth|Response=HTTP/1.1 200 OK
Connection: close
Content-Length: 125
Content-Type: text/html; charset=utf-8
Date: Fri, 13 Jun 2014 12:30:02 GMT
Server: Apache
Vary: Accept-Encoding

<?xml version="1.0" encoding="utf-8" ?><response><result>1</result><adult>1</adult><userName>andersongg</userName></response>
2014-06-14_06:04:43.768|I|4146|B3A3E6E0|INFO|0|104001|AllServer::_onJointAuthenExHttpAES|1|1500000006|0|GMID=1204|GWID=104001|URI=http://daybreak.globalgames.com.br/auth/|UserName=andersongg|Password=640156a929a2966b9f8ec76b15e71994|Send3rdPassword=6ca4b545ec99c4edd3293b83078f4c79a9f0a2a9f1ba68ea0351b0d0d4ffae57|UserID_Union=andersongg|Lower=1|User_Flag=0|User_Type=0|Adult_Flag=1|User_Class=0|User_Point=0|Appendix1=0|Appendix2=0|Promoter_ID=0|User_IP=189.34.132.34|User_Port=50238|Client_MAC=00FF836BCE2B|AD_ID=''|Hardware_SN1=''|Hardware_SN2=''|ClientType=full|NeedCheckPwd=1|TC1=70|TC2=4|TC=74
2014-06-14_06:04:43.769|I|4146|B3A3E6E0|INFO|package|1|SequenceID=18|toRouter
2014-06-14_06:05:12.484|I|4146|B3A3E6E0|INFO|unPackage|1|pdu_len=163|orig_pdu_len=163|curr_agip_version=0x20|orig_agip_version=0x20|is_yt_version='no'|command_id=0x10003802|seq_id=23|game_id=1204|gateway_id=104001|src_ip=192.168.177.92|src_port=48103
2014-06-14_06:05:12.484|I|4146|B3A3E6E0|INFO|HttpAuth::userAuth|Host=daybreak.globalgames.com.br|Port=80|Request=userAccount=richard&password=d5ddbff4995734213c9aeb61d8227b0ac40d17a0ca5b52789caeb0b50722b46f&sign=58AC3A54912E2752A05DFA90E8813AD2
2014-06-14_06:05:12.519|I|4146|B3A3E6E0|INFO|HttpAuth::userAuth|Response=HTTP/1.1 200 OK
Connection: close
Content-Length: 122
Content-Type: text/html; charset=utf-8
Date: Fri, 13 Jun 2014 12:30:31 GMT
Server: Apache
Vary: Accept-Encoding

<?xml version="1.0" encoding="utf-8" ?><response><result>1</result><adult>1</adult><userName>richard</userName></response>
2014-06-14_06:05:12.524|I|4146|B3A3E6E0|INFO|0|104001|AllServer::_onJointAuthenExHttpAES|1|1500000010|0|GMID=1204|GWID=104001|URI=http://daybreak.globalgames.com.br/auth/|UserName=richard|Password=b45441068b0371dad184621bf09b7e4e|Send3rdPassword=d5ddbff4995734213c9aeb61d8227b0ac40d17a0ca5b52789caeb0b50722b46f|UserID_Union=richard|Lower=1|User_Flag=0|User_Type=0|Adult_Flag=1|User_Class=0|User_Point=0|Appendix1=0|Appendix2=0|Promoter_ID=0|User_IP=189.34.132.34|User_Port=49762|Client_MAC=00FF6B35BD7B|AD_ID=''|Hardware_SN1=''|Hardware_SN2=''|ClientType=full|NeedCheckPwd=1|TC1=35|TC2=5|TC=40
2014-06-14_06:05:12.524|I|4146|B3A3E6E0|INFO|package|1|SequenceID=23|toRouter
2014-06-14_06:08:33.791|I|4146|B3A3E6E0|INFO|unPackage|1|pdu_len=166|orig_pdu_len=166|curr_agip_version=0x20|orig_agip_version=0x20|is_yt_version='no'|command_id=0x10003802|seq_id=52|game_id=1204|gateway_id=104001|src_ip=192.168.177.92|src_port=48103
2014-06-14_06:08:33.794|I|4146|B3A3E6E0|INFO|HttpAuth::userAuth|Host=daybreak.globalgames.com.br|Port=80|Request=userAccount=andersongg&password=6ca4b545ec99c4edd3293b83078f4c79a9f0a2a9f1ba68ea0351b0d0d4ffae57&sign=2640EC98230C3E08F412CA15CB0D705B
2014-06-14_06:08:33.823|I|4146|B3A3E6E0|INFO|HttpAuth::userAuth|Response=HTTP/1.1 200 OK
Connection: close
Content-Length: 125
Content-Type: text/html; charset=utf-8
Date: Fri, 13 Jun 2014 12:33:53 GMT
Server: Apache
Vary: Accept-Encoding

<?xml version="1.0" encoding="utf-8" ?><response><result>1</result><adult>1</adult><userName>andersongg</userName></response>
2014-06-14_06:08:33.828|I|4146|B3A3E6E0|INFO|0|104001|AllServer::_onJointAuthenExHttpAES|1|1500000006|0|GMID=1204|GWID=104001|URI=http://daybreak.globalgames.com.br/auth/|UserName=andersongg|Password=640156a929a2966b9f8ec76b15e71994|Send3rdPassword=6ca4b545ec99c4edd3293b83078f4c79a9f0a2a9f1ba68ea0351b0d0d4ffae57|UserID_Union=andersongg|Lower=1|User_Flag=0|User_Type=0|Adult_Flag=1|User_Class=0|User_Point=0|Appendix1=0|Appendix2=0|Promoter_ID=0|User_IP=189.34.132.34|User_Port=50313|Client_MAC=00FF836BCE2B|AD_ID=''|Hardware_SN1=''|Hardware_SN2=''|ClientType=full|NeedCheckPwd=1|TC1=32|TC2=4|TC=36
2014-06-14_06:08:33.828|I|4146|B3A3E6E0|INFO|package|1|SequenceID=52|toRouter
2014-06-14_06:26:10.997|I|4146|B3A3E6E0|INFO|unPackage|1|pdu_len=164|orig_pdu_len=164|curr_agip_version=0x20|orig_agip_version=0x20|is_yt_version='no'|command_id=0x10003802|seq_id=186|game_id=1204|gateway_id=104001|src_ip=192.168.177.92|src_port=48103
2014-06-14_06:26:10.998|I|4146|B3A3E6E0|INFO|HttpAuth::userAuth|Host=daybreak.globalgames.com.br|Port=80|Request=userAccount=richard3&password=d5ddbff4995734213c9aeb61d8227b0ac40d17a0ca5b52789caeb0b50722b46f&sign=764A13913BAAD88B15C5F33AE47B6521
2014-06-14_06:26:11.287|I|4146|B3A3E6E0|INFO|HttpAuth::userAuth|Response=HTTP/1.1 200 OK
Connection: close
Content-Length: 123
Content-Type: text/html; charset=utf-8
Date: Fri, 13 Jun 2014 12:51:36 GMT
Server: Apache
Vary: Accept-Encoding

<?xml version="1.0" encoding="utf-8" ?><response><result>1</result><adult>1</adult><userName>richard3</userName></response>
2014-06-14_06:26:11.292|I|4146|B3A3E6E0|INFO|0|104001|AllServer::_onJointAuthenExHttpAES|1|1500000007|0|GMID=1204|GWID=104001|URI=http://daybreak.globalgames.com.br/auth/|UserName=richard3|Password=b45441068b0371dad184621bf09b7e4e|Send3rdPassword=d5ddbff4995734213c9aeb61d8227b0ac40d17a0ca5b52789caeb0b50722b46f|UserID_Union=richard3|Lower=1|User_Flag=0|User_Type=0|Adult_Flag=1|User_Class=0|User_Point=0|Appendix1=0|Appendix2=0|Promoter_ID=0|User_IP=189.34.132.34|User_Port=49876|Client_MAC=00FF6B35BD7B|AD_ID=''|Hardware_SN1=''|Hardware_SN2=''|ClientType=full|NeedCheckPwd=1|TC1=291|TC2=4|TC=295
2014-06-14_06:26:11.292|I|4146|B3A3E6E0|INFO|package|1|SequenceID=186|toRouter
2014-06-14_06:32:27.387|I|4146|B3A3E6E0|INFO|unPackage|1|pdu_len=163|orig_pdu_len=163|curr_agip_version=0x20|orig_agip_version=0x20|is_yt_version='no'|command_id=0x10003802|seq_id=239|game_id=1204|gateway_id=104001|src_ip=192.168.177.92|src_port=48103
2014-06-14_06:32:27.391|I|4146|B3A3E6E0|INFO|HttpAuth::userAuth|Host=daybreak.globalgames.com.br|Port=80|Request=userAccount=richard&password=d5ddbff4995734213c9aeb61d8227b0ac40d17a0ca5b52789caeb0b50722b46f&sign=58AC3A54912E2752A05DFA90E8813AD2
2014-06-14_06:32:27.424|I|4146|B3A3E6E0|INFO|HttpAuth::userAuth|Response=HTTP/1.1 200 OK
Connection: close
Content-Length: 122
Content-Type: text/html; charset=utf-8
Date: Fri, 13 Jun 2014 12:57:55 GMT
Server: Apache
Vary: Accept-Encoding

<?xml version="1.0" encoding="utf-8" ?><response><result>1</result><adult>1</adult><userName>richard</userName></response>
2014-06-14_06:32:27.429|I|4146|B3A3E6E0|INFO|0|104001|AllServer::_onJointAuthenExHttpAES|1|1500000010|0|GMID=1204|GWID=104001|URI=http://daybreak.globalgames.com.br/auth/|UserName=richard|Password=b45441068b0371dad184621bf09b7e4e|Send3rdPassword=d5ddbff4995734213c9aeb61d8227b0ac40d17a0ca5b52789caeb0b50722b46f|UserID_Union=richard|Lower=1|User_Flag=0|User_Type=0|Adult_Flag=1|User_Class=0|User_Point=0|Appendix1=0|Appendix2=0|Promoter_ID=0|User_IP=189.34.132.34|User_Port=49900|Client_MAC=00FF6B35BD7B|AD_ID=''|Hardware_SN1=''|Hardware_SN2=''|ClientType=full|NeedCheckPwd=1|TC1=36|TC2=5|TC=41
2014-06-14_06:32:27.429|I|4146|B3A3E6E0|INFO|package|1|SequenceID=239|toRouter
2014-06-14_06:40:32.718|I|4146|B3A3E6E0|INFO|unPackage|1|pdu_len=164|orig_pdu_len=164|curr_agip_version=0x20|orig_agip_version=0x20|is_yt_version='no'|command_id=0x10003802|seq_id=327|game_id=1204|gateway_id=104001|src_ip=192.168.177.92|src_port=48103
2014-06-14_06:40:32.721|I|4146|B3A3E6E0|INFO|HttpAuth::userAuth|Host=daybreak.globalgames.com.br|Port=80|Request=userAccount=richard3&password=d5ddbff4995734213c9aeb61d8227b0ac40d17a0ca5b52789caeb0b50722b46f&sign=764A13913BAAD88B15C5F33AE47B6521
2014-06-14_06:40:32.761|I|4146|B3A3E6E0|INFO|HttpAuth::userAuth|Response=HTTP/1.1 200 OK
Connection: close
Content-Length: 123
Content-Type: text/html; charset=utf-8
Date: Fri, 13 Jun 2014 13:06:03 GMT
Server: Apache
Vary: Accept-Encoding

<?xml version="1.0" encoding="utf-8" ?><response><result>1</result><adult>1</adult><userName>richard3</userName></response>
2014-06-14_06:40:32.766|I|4146|B3A3E6E0|INFO|0|104001|AllServer::_onJointAuthenExHttpAES|1|1500000007|0|GMID=1204|GWID=104001|URI=http://daybreak.globalgames.com.br/auth/|UserName=richard3|Password=b45441068b0371dad184621bf09b7e4e|Send3rdPassword=d5ddbff4995734213c9aeb61d8227b0ac40d17a0ca5b52789caeb0b50722b46f|UserID_Union=richard3|Lower=1|User_Flag=0|User_Type=0|Adult_Flag=1|User_Class=0|User_Point=0|Appendix1=0|Appendix2=0|Promoter_ID=0|User_IP=189.34.132.34|User_Port=49929|Client_MAC=00FF6B35BD7B|AD_ID=''|Hardware_SN1=''|Hardware_SN2=''|ClientType=full|NeedCheckPwd=1|TC1=43|TC2=5|TC=48
2014-06-14_06:40:32.766|I|4146|B3A3E6E0|INFO|package|1|SequenceID=327|toRouter
2014-06-14_06:43:04.612|I|4146|B3A3E6E0|INFO|unPackage|1|pdu_len=163|orig_pdu_len=163|curr_agip_version=0x20|orig_agip_version=0x20|is_yt_version='no'|command_id=0x10003802|seq_id=349|game_id=1204|gateway_id=104001|src_ip=192.168.177.92|src_port=48103
2014-06-14_06:43:04.613|I|4146|B3A3E6E0|INFO|HttpAuth::userAuth|Host=daybreak.globalgames.com.br|Port=80|Request=userAccount=richard&password=d5ddbff4995734213c9aeb61d8227b0ac40d17a0ca5b52789caeb0b50722b46f&sign=58AC3A54912E2752A05DFA90E8813AD2
2014-06-14_06:43:04.642|I|4146|B3A3E6E0|INFO|HttpAuth::userAuth|Response=HTTP/1.1 200 OK
Connection: close
Content-Length: 122
Content-Type: text/html; charset=utf-8
Date: Fri, 13 Jun 2014 13:08:36 GMT
Server: Apache
Vary: Accept-Encoding

<?xml version="1.0" encoding="utf-8" ?><response><result>1</result><adult>1</adult><userName>richard</userName></response>
2014-06-14_06:43:04.647|I|4146|B3A3E6E0|INFO|0|104001|AllServer::_onJointAuthenExHttpAES|1|1500000010|0|GMID=1204|GWID=104001|URI=http://daybreak.globalgames.com.br/auth/|UserName=richard|Password=b45441068b0371dad184621bf09b7e4e|Send3rdPassword=d5ddbff4995734213c9aeb61d8227b0ac40d17a0ca5b52789caeb0b50722b46f|UserID_Union=richard|Lower=1|User_Flag=0|User_Type=0|Adult_Flag=1|User_Class=0|User_Point=0|Appendix1=0|Appendix2=0|Promoter_ID=0|User_IP=189.34.132.34|User_Port=49938|Client_MAC=00FF6B35BD7B|AD_ID=''|Hardware_SN1=''|Hardware_SN2=''|ClientType=full|NeedCheckPwd=1|TC1=30|TC2=5|TC=35
2014-06-14_06:43:04.647|I|4146|B3A3E6E0|INFO|package|1|SequenceID=349|toRouter
2014-06-14_06:43:31.272|I|4146|B3A3E6E0|INFO|unPackage|1|pdu_len=166|orig_pdu_len=166|curr_agip_version=0x20|orig_agip_version=0x20|is_yt_version='no'|command_id=0x10003802|seq_id=355|game_id=1204|gateway_id=104001|src_ip=192.168.177.92|src_port=48103
2014-06-14_06:43:31.272|I|4146|B3A3E6E0|INFO|HttpAuth::userAuth|Host=daybreak.globalgames.com.br|Port=80|Request=userAccount=andersongg&password=6ca4b545ec99c4edd3293b83078f4c79a9f0a2a9f1ba68ea0351b0d0d4ffae57&sign=2640EC98230C3E08F412CA15CB0D705B
2014-06-14_06:43:31.313|I|4146|B3A3E6E0|INFO|HttpAuth::userAuth|Response=HTTP/1.1 200 OK
Connection: close
Content-Length: 125
Content-Type: text/html; charset=utf-8
Date: Fri, 13 Jun 2014 13:09:03 GMT
Server: Apache
Vary: Accept-Encoding

<?xml version="1.0" encoding="utf-8" ?><response><result>1</result><adult>1</adult><userName>andersongg</userName></response>
2014-06-14_06:43:31.317|I|4146|B3A3E6E0|INFO|0|104001|AllServer::_onJointAuthenExHttpAES|1|1500000006|0|GMID=1204|GWID=104001|URI=http://daybreak.globalgames.com.br/auth/|UserName=andersongg|Password=640156a929a2966b9f8ec76b15e71994|Send3rdPassword=6ca4b545ec99c4edd3293b83078f4c79a9f0a2a9f1ba68ea0351b0d0d4ffae57|UserID_Union=andersongg|Lower=1|User_Flag=0|User_Type=0|Adult_Flag=1|User_Class=0|User_Point=0|Appendix1=0|Appendix2=0|Promoter_ID=0|User_IP=189.34.132.34|User_Port=50799|Client_MAC=00FF836BCE2B|AD_ID=''|Hardware_SN1=''|Hardware_SN2=''|ClientType=full|NeedCheckPwd=1|TC1=41|TC2=4|TC=45
2014-06-14_06:43:31.317|I|4146|B3A3E6E0|INFO|package|1|SequenceID=355|toRouter
2014-06-14_07:11:01.841|I|4146|B3A3E6E0|INFO|unPackage|1|pdu_len=166|orig_pdu_len=166|curr_agip_version=0x20|orig_agip_version=0x20|is_yt_version='no'|command_id=0x10003802|seq_id=563|game_id=1204|gateway_id=104001|src_ip=192.168.177.92|src_port=48103
2014-06-14_07:11:01.842|I|4146|B3A3E6E0|INFO|HttpAuth::userAuth|Host=daybreak.globalgames.com.br|Port=80|Request=userAccount=richard501&password=4a973ecf5d4b1be743e35dd2d03a161f5d53896d6a962cee7c09055c678822a8&sign=66CB4B6EBAB17DC4143BF158A333E805
2014-06-14_07:11:01.953|I|4146|B3A3E6E0|INFO|HttpAuth::userAuth|Response=HTTP/1.1 200 OK
Connection: close
Content-Length: 125
Content-Type: text/html; charset=utf-8
Date: Fri, 13 Jun 2014 13:36:43 GMT
Server: Apache
Vary: Accept-Encoding

<?xml version="1.0" encoding="utf-8" ?><response><result>1</result><adult>1</adult><userName>richard501</userName></response>
2014-06-14_07:11:01.958|I|4146|B3A3E6E0|INFO|0|104001|AllServer::_onJointAuthenExHttpAES|1|1500000095|0|GMID=1204|GWID=104001|URI=http://daybreak.globalgames.com.br/auth/|UserName=richard501|Password=07753ed041bdf1e598507acecb8ad1c1|Send3rdPassword=4a973ecf5d4b1be743e35dd2d03a161f5d53896d6a962cee7c09055c678822a8|UserID_Union=richard501|Lower=1|User_Flag=0|User_Type=0|Adult_Flag=1|User_Class=0|User_Point=0|Appendix1=0|Appendix2=0|Promoter_ID=0|User_IP=189.34.132.34|User_Port=50202|Client_MAC=00FF6B35BD7B|AD_ID=''|Hardware_SN1=''|Hardware_SN2=''|ClientType=full|NeedCheckPwd=1|TC1=112|TC2=5|TC=117
2014-06-14_07:11:01.958|I|4146|B3A3E6E0|INFO|package|1|SequenceID=563|toRouter
2014-06-14_07:12:08.096|I|4146|B3A3E6E0|INFO|unPackage|1|pdu_len=166|orig_pdu_len=166|curr_agip_version=0x20|orig_agip_version=0x20|is_yt_version='no'|command_id=0x10003802|seq_id=575|game_id=1204|gateway_id=104001|src_ip=192.168.177.92|src_port=48103
2014-06-14_07:12:08.096|I|4146|B3A3E6E0|INFO|HttpAuth::userAuth|Host=daybreak.globalgames.com.br|Port=80|Request=userAccount=andersongg&password=6ca4b545ec99c4edd3293b83078f4c79a9f0a2a9f1ba68ea0351b0d0d4ffae57&sign=2640EC98230C3E08F412CA15CB0D705B
2014-06-14_07:12:08.128|I|4146|B3A3E6E0|INFO|HttpAuth::userAuth|Response=HTTP/1.1 200 OK
Connection: close
Content-Length: 125
Content-Type: text/html; charset=utf-8
Date: Fri, 13 Jun 2014 13:37:50 GMT
Server: Apache
Vary: Accept-Encoding

<?xml version="1.0" encoding="utf-8" ?><response><result>1</result><adult>1</adult><userName>andersongg</userName></response>
2014-06-14_07:12:08.132|I|4146|B3A3E6E0|INFO|0|104001|AllServer::_onJointAuthenExHttpAES|1|1500000006|0|GMID=1204|GWID=104001|URI=http://daybreak.globalgames.com.br/auth/|UserName=andersongg|Password=640156a929a2966b9f8ec76b15e71994|Send3rdPassword=6ca4b545ec99c4edd3293b83078f4c79a9f0a2a9f1ba68ea0351b0d0d4ffae57|UserID_Union=andersongg|Lower=1|User_Flag=0|User_Type=0|Adult_Flag=1|User_Class=0|User_Point=0|Appendix1=0|Appendix2=0|Promoter_ID=0|User_IP=177.47.22.70|User_Port=51451|Client_MAC=00FF836BCE2B|AD_ID=''|Hardware_SN1=''|Hardware_SN2=''|ClientType=full|NeedCheckPwd=1|TC1=32|TC2=4|TC=36
2014-06-14_07:12:08.132|I|4146|B3A3E6E0|INFO|package|1|SequenceID=575|toRouter
2014-06-14_07:15:33.977|I|4146|B3A3E6E0|INFO|unPackage|1|pdu_len=168|orig_pdu_len=168|curr_agip_version=0x20|orig_agip_version=0x20|is_yt_version='no'|command_id=0x10003802|seq_id=605|game_id=1204|gateway_id=104001|src_ip=192.168.177.92|src_port=48103
2014-06-14_07:15:33.977|I|4146|B3A3E6E0|INFO|HttpAuth::userAuth|Host=daybreak.globalgames.com.br|Port=80|Request=userAccount=dragao879852&password=c3472435fabb6492a24473988afb5052466775c7352c039d2061b92a6cb3aa88&sign=EBFDD0ABA1F7F88FFF4AC7E1244DFAB1
2014-06-14_07:15:36.280|I|4146|B3A3E6E0|INFO|HttpAuth::userAuth|Response=HTTP/1.1 200 OK
Connection: close
Content-Length: 131
Content-Type: text/html; charset=utf-8
Date: Fri, 13 Jun 2014 13:41:17 GMT
Server: Apache
Vary: Accept-Encoding

<?xml version="1.0" encoding="utf-8" ?><response><result>-1815</result><adult>1</adult><userName>dragao879852</userName></response>
2014-06-14_07:15:36.280|I|4146|B3A3E6E0|INFO|0|104001|AllServer::_onJointAuthenExHttpAES|-1815|0|0|GMID=1204|GWID=104001|URI=http://daybreak.globalgames.com.br/auth/|UserName=dragao879852|Password=56349752c1816bcf7f25dcf0348ccf23|Send3rdPassword=c3472435fabb6492a24473988afb5052466775c7352c039d2061b92a6cb3aa88|UserID_Union=|Lower=1|User_Flag=0|User_Type=0|Adult_Flag=0|User_Class=0|User_Point=0|Appendix1=0|Appendix2=0|Promoter_ID=0|User_IP=177.47.22.70|User_Port=51563|Client_MAC=00FF836BCE2B|AD_ID=''|Hardware_SN1=''|Hardware_SN2=''|ClientType=full|NeedCheckPwd=1|TC1=2303|TC2=0|TC=2303
2014-06-14_07:15:36.280|I|4146|B3A3E6E0|INFO|package|1|SequenceID=605|toRouter
2014-06-14_07:15:56.862|I|4146|B3A3E6E0|INFO|unPackage|1|pdu_len=168|orig_pdu_len=168|curr_agip_version=0x20|orig_agip_version=0x20|is_yt_version='no'|command_id=0x10003802|seq_id=609|game_id=1204|gateway_id=104001|src_ip=192.168.177.92|src_port=48103
2014-06-14_07:15:56.863|I|4146|B3A3E6E0|INFO|HttpAuth::userAuth|Host=daybreak.globalgames.com.br|Port=80|Request=userAccount=dragao879852&password=9dea1d78d63b4aa75e69ccfc9be282784375c5527357fcc987c859b74ac0198d&sign=F4161ED890F5877DA5D4FBF1D411E839
2014-06-14_07:15:59.851|I|4146|B3A3E6E0|INFO|0|104001|AllServer::_onJointAuthenExHttpAES|-1811|0|0|GMID=1204|GWID=104001|URI=http://daybreak.globalgames.com.br/auth/|UserName=dragao879852|Password=24188b3b45130415a05d962c7e867b5b|Send3rdPassword=9dea1d78d63b4aa75e69ccfc9be282784375c5527357fcc987c859b74ac0198d|UserID_Union=|Lower=1|User_Flag=0|User_Type=0|Adult_Flag=0|User_Class=0|User_Point=0|Appendix1=0|Appendix2=0|Promoter_ID=0|User_IP=177.47.22.70|User_Port=51568|Client_MAC=00FF836BCE2B|AD_ID=''|Hardware_SN1=''|Hardware_SN2=''|ClientType=full|NeedCheckPwd=1|TC1=2989|TC2=0|TC=2989
2014-06-14_07:15:59.852|I|4146|B3A3E6E0|INFO|package|1|SequenceID=609|toRouter
2014-06-14_07:16:10.877|I|4146|B3A3E6E0|INFO|unPackage|1|pdu_len=168|orig_pdu_len=168|curr_agip_version=0x20|orig_agip_version=0x20|is_yt_version='no'|command_id=0x10003802|seq_id=612|game_id=1204|gateway_id=104001|src_ip=192.168.177.92|src_port=48103
2014-06-14_07:16:10.877|I|4146|B3A3E6E0|INFO|HttpAuth::userAuth|Host=daybreak.globalgames.com.br|Port=80|Request=userAccount=dragao879852&password=9dea1d78d63b4aa75e69ccfc9be282784375c5527357fcc987c859b74ac0198d&sign=F4161ED890F5877DA5D4FBF1D411E839
2014-06-14_07:16:13.856|I|4146|B3A3E6E0|INFO|0|104001|AllServer::_onJointAuthenExHttpAES|-1811|0|0|GMID=1204|GWID=104001|URI=http://daybreak.globalgames.com.br/auth/|UserName=dragao879852|Password=24188b3b45130415a05d962c7e867b5b|Send3rdPassword=9dea1d78d63b4aa75e69ccfc9be282784375c5527357fcc987c859b74ac0198d|UserID_Union=|Lower=1|User_Flag=0|User_Type=0|Adult_Flag=0|User_Class=0|User_Point=0|Appendix1=0|Appendix2=0|Promoter_ID=0|User_IP=177.47.22.70|User_Port=51577|Client_MAC=00FF836BCE2B|AD_ID=''|Hardware_SN1=''|Hardware_SN2=''|ClientType=full|NeedCheckPwd=1|TC1=2979|TC2=0|TC=2979
2014-06-14_07:16:13.856|I|4146|B3A3E6E0|INFO|package|1|SequenceID=612|toRouter
2014-06-14_07:16:28.607|I|4146|B3A3E6E0|INFO|unPackage|1|pdu_len=168|orig_pdu_len=168|curr_agip_version=0x20|orig_agip_version=0x20|is_yt_version='no'|command_id=0x10003802|seq_id=615|game_id=1204|gateway_id=104001|src_ip=192.168.177.92|src_port=48103
2014-06-14_07:16:28.607|I|4146|B3A3E6E0|INFO|HttpAuth::userAuth|Host=daybreak.globalgames.com.br|Port=80|Request=userAccount=dragao879852&password=9dea1d78d63b4aa75e69ccfc9be282784375c5527357fcc987c859b74ac0198d&sign=F4161ED890F5877DA5D4FBF1D411E839
2014-06-14_07:16:28.639|I|4146|B3A3E6E0|INFO|HttpAuth::userAuth|Response=HTTP/1.1 200 OK
Connection: close
Content-Length: 127
Content-Type: text/html; charset=utf-8
Date: Fri, 13 Jun 2014 13:42:12 GMT
Server: Apache
Vary: Accept-Encoding

<?xml version="1.0" encoding="utf-8" ?><response><result>1</result><adult>1</adult><userName>dragao879852</userName></response>
2014-06-14_07:16:28.643|I|4146|B3A3E6E0|INFO|0|104001|AllServer::_onJointAuthenExHttpAES|1|1500000005|0|GMID=1204|GWID=104001|URI=http://daybreak.globalgames.com.br/auth/|UserName=dragao879852|Password=24188b3b45130415a05d962c7e867b5b|Send3rdPassword=9dea1d78d63b4aa75e69ccfc9be282784375c5527357fcc987c859b74ac0198d|UserID_Union=dragao879852|Lower=1|User_Flag=0|User_Type=0|Adult_Flag=1|User_Class=0|User_Point=0|Appendix1=0|Appendix2=0|Promoter_ID=0|User_IP=177.47.22.70|User_Port=51590|Client_MAC=00FF836BCE2B|AD_ID=''|Hardware_SN1=''|Hardware_SN2=''|ClientType=full|NeedCheckPwd=1|TC1=32|TC2=4|TC=36
2014-06-14_07:16:28.643|I|4146|B3A3E6E0|INFO|package|1|SequenceID=615|toRouter
2014-06-14_07:21:21.055|I|4146|B3A3E6E0|INFO|unPackage|1|pdu_len=164|orig_pdu_len=164|curr_agip_version=0x20|orig_agip_version=0x20|is_yt_version='no'|command_id=0x10003802|seq_id=654|game_id=1204|gateway_id=104001|src_ip=192.168.177.92|src_port=48103
2014-06-14_07:21:21.058|I|4146|B3A3E6E0|INFO|HttpAuth::userAuth|Host=daybreak.globalgames.com.br|Port=80|Request=userAccount=richard3&password=d5ddbff4995734213c9aeb61d8227b0ac40d17a0ca5b52789caeb0b50722b46f&sign=764A13913BAAD88B15C5F33AE47B6521
2014-06-14_07:21:21.093|I|4146|B3A3E6E0|INFO|HttpAuth::userAuth|Response=HTTP/1.1 200 OK
Connection: close
Content-Length: 123
Content-Type: text/html; charset=utf-8
Date: Fri, 13 Jun 2014 13:47:06 GMT
Server: Apache
Vary: Accept-Encoding

<?xml version="1.0" encoding="utf-8" ?><response><result>1</result><adult>1</adult><userName>richard3</userName></response>
2014-06-14_07:21:21.098|I|4146|B3A3E6E0|INFO|0|104001|AllServer::_onJointAuthenExHttpAES|1|1500000007|0|GMID=1204|GWID=104001|URI=http://daybreak.globalgames.com.br/auth/|UserName=richard3|Password=b45441068b0371dad184621bf09b7e4e|Send3rdPassword=d5ddbff4995734213c9aeb61d8227b0ac40d17a0ca5b52789caeb0b50722b46f|UserID_Union=richard3|Lower=1|User_Flag=0|User_Type=0|Adult_Flag=1|User_Class=0|User_Point=0|Appendix1=0|Appendix2=0|Promoter_ID=0|User_IP=189.34.132.34|User_Port=50272|Client_MAC=00FF6B35BD7B|AD_ID=''|Hardware_SN1=''|Hardware_SN2=''|ClientType=full|NeedCheckPwd=1|TC1=38|TC2=5|TC=43
2014-06-14_07:21:21.098|I|4146|B3A3E6E0|INFO|package|1|SequenceID=654|toRouter
2014-06-14_11:29:20.365|I|4146|B3A3E6E0|INFO|unPackage|1|pdu_len=166|orig_pdu_len=166|curr_agip_version=0x20|orig_agip_version=0x20|is_yt_version='no'|command_id=0x10003802|seq_id=2526|game_id=1204|gateway_id=104001|src_ip=192.168.177.92|src_port=48103
2014-06-14_11:29:20.368|I|4146|B3A3E6E0|INFO|HttpAuth::userAuth|Host=daybreak.globalgames.com.br|Port=80|Request=userAccount=andersongg&password=6ca4b545ec99c4edd3293b83078f4c79a9f0a2a9f1ba68ea0351b0d0d4ffae57&sign=2640EC98230C3E08F412CA15CB0D705B
2014-06-14_11:29:20.405|I|4146|B3A3E6E0|INFO|HttpAuth::userAuth|Response=HTTP/1.1 200 OK
Connection: close
Content-Length: 125
Content-Type: text/html; charset=utf-8
Date: Fri, 13 Jun 2014 17:56:32 GMT
Server: Apache
Vary: Accept-Encoding

<?xml version="1.0" encoding="utf-8" ?><response><result>1</result><adult>1</adult><userName>andersongg</userName></response>
2014-06-14_11:29:20.409|I|4146|B3A3E6E0|INFO|0|104001|AllServer::_onJointAuthenExHttpAES|1|1500000006|0|GMID=1204|GWID=104001|URI=http://daybreak.globalgames.com.br/auth/|UserName=andersongg|Password=640156a929a2966b9f8ec76b15e71994|Send3rdPassword=6ca4b545ec99c4edd3293b83078f4c79a9f0a2a9f1ba68ea0351b0d0d4ffae57|UserID_Union=andersongg|Lower=1|User_Flag=0|User_Type=0|Adult_Flag=1|User_Class=0|User_Point=0|Appendix1=0|Appendix2=0|Promoter_ID=0|User_IP=177.47.22.70|User_Port=60671|Client_MAC=00FF836BCE2B|AD_ID=''|Hardware_SN1=''|Hardware_SN2=''|ClientType=full|NeedCheckPwd=1|TC1=40|TC2=4|TC=44
2014-06-14_11:29:20.409|I|4146|B3A3E6E0|INFO|package|1|SequenceID=2526|toRouter
2014-06-14_11:37:17.392|I|4146|B3A3E6E0|INFO|unPackage|1|pdu_len=166|orig_pdu_len=166|curr_agip_version=0x20|orig_agip_version=0x20|is_yt_version='no'|command_id=0x10003802|seq_id=2589|game_id=1204|gateway_id=104001|src_ip=192.168.177.92|src_port=48103
2014-06-14_11:37:17.395|I|4146|B3A3E6E0|INFO|HttpAuth::userAuth|Host=daybreak.globalgames.com.br|Port=80|Request=userAccount=anderaongg&password=6ca4b545ec99c4edd3293b83078f4c79a9f0a2a9f1ba68ea0351b0d0d4ffae57&sign=8E3A245924EACDE54645E73C4E80C9DC
2014-06-14_11:37:17.431|I|4146|B3A3E6E0|INFO|HttpAuth::userAuth|Response=HTTP/1.1 200 OK
Connection: close
Content-Length: 129
Content-Type: text/html; charset=utf-8
Date: Fri, 13 Jun 2014 18:04:32 GMT
Server: Apache
Vary: Accept-Encoding

<?xml version="1.0" encoding="utf-8" ?><response><result>-1812</result><adult>1</adult><userName>anderaongg</userName></response>
2014-06-14_11:37:17.431|I|4146|B3A3E6E0|INFO|0|104001|AllServer::_onJointAuthenExHttpAES|-1812|0|0|GMID=1204|GWID=104001|URI=http://daybreak.globalgames.com.br/auth/|UserName=anderaongg|Password=640156a929a2966b9f8ec76b15e71994|Send3rdPassword=6ca4b545ec99c4edd3293b83078f4c79a9f0a2a9f1ba68ea0351b0d0d4ffae57|UserID_Union=|Lower=1|User_Flag=0|User_Type=0|Adult_Flag=0|User_Class=0|User_Point=0|Appendix1=0|Appendix2=0|Promoter_ID=0|User_IP=177.47.22.70|User_Port=61138|Client_MAC=00FF836BCE2B|AD_ID=''|Hardware_SN1=''|Hardware_SN2=''|ClientType=full|NeedCheckPwd=1|TC1=39|TC2=0|TC=39
2014-06-14_11:37:17.431|I|4146|B3A3E6E0|INFO|package|1|SequenceID=2589|toRouter
2014-06-14_11:37:28.073|I|4146|B3A3E6E0|INFO|unPackage|1|pdu_len=166|orig_pdu_len=166|curr_agip_version=0x20|orig_agip_version=0x20|is_yt_version='no'|command_id=0x10003802|seq_id=2591|game_id=1204|gateway_id=104001|src_ip=192.168.177.92|src_port=48103
2014-06-14_11:37:28.073|I|4146|B3A3E6E0|INFO|HttpAuth::userAuth|Host=daybreak.globalgames.com.br|Port=80|Request=userAccount=andersongg&password=6ca4b545ec99c4edd3293b83078f4c79a9f0a2a9f1ba68ea0351b0d0d4ffae57&sign=2640EC98230C3E08F412CA15CB0D705B
2014-06-14_11:37:28.105|I|4146|B3A3E6E0|INFO|HttpAuth::userAuth|Response=HTTP/1.1 200 OK
Connection: close
Content-Length: 125
Content-Type: text/html; charset=utf-8
Date: Fri, 13 Jun 2014 18:04:42 GMT
Server: Apache
Vary: Accept-Encoding

<?xml version="1.0" encoding="utf-8" ?><response><result>1</result><adult>1</adult><userName>andersongg</userName></response>
2014-06-14_11:37:28.109|I|4146|B3A3E6E0|INFO|0|104001|AllServer::_onJointAuthenExHttpAES|1|1500000006|0|GMID=1204|GWID=104001|URI=http://daybreak.globalgames.com.br/auth/|UserName=andersongg|Password=640156a929a2966b9f8ec76b15e71994|Send3rdPassword=6ca4b545ec99c4edd3293b83078f4c79a9f0a2a9f1ba68ea0351b0d0d4ffae57|UserID_Union=andersongg|Lower=1|User_Flag=0|User_Type=0|Adult_Flag=1|User_Class=0|User_Point=0|Appendix1=0|Appendix2=0|Promoter_ID=0|User_IP=177.47.22.70|User_Port=61151|Client_MAC=00FF836BCE2B|AD_ID=''|Hardware_SN1=''|Hardware_SN2=''|ClientType=full|NeedCheckPwd=1|TC1=32|TC2=4|TC=36
2014-06-14_11:37:28.109|I|4146|B3A3E6E0|INFO|package|1|SequenceID=2591|toRouter
2014-06-14_13:12:33.035|I|4146|B3A3E6E0|INFO|unPackage|1|pdu_len=166|orig_pdu_len=166|curr_agip_version=0x20|orig_agip_version=0x20|is_yt_version='no'|command_id=0x10003802|seq_id=3305|game_id=1204|gateway_id=104001|src_ip=192.168.177.92|src_port=48103
2014-06-14_13:12:33.038|I|4146|B3A3E6E0|INFO|HttpAuth::userAuth|Host=daybreak.globalgames.com.br|Port=80|Request=userAccount=andersongg&password=6ca4b545ec99c4edd3293b83078f4c79a9f0a2a9f1ba68ea0351b0d0d4ffae57&sign=2640EC98230C3E08F412CA15CB0D705B
2014-06-14_13:12:33.070|I|4146|B3A3E6E0|INFO|HttpAuth::userAuth|Response=HTTP/1.1 200 OK
Connection: close
Content-Length: 125
Content-Type: text/html; charset=utf-8
Date: Fri, 13 Jun 2014 19:40:21 GMT
Server: Apache
Vary: Accept-Encoding

<?xml version="1.0" encoding="utf-8" ?><response><result>1</result><adult>1</adult><userName>andersongg</userName></response>
2014-06-14_13:12:33.074|I|4146|B3A3E6E0|INFO|0|104001|AllServer::_onJointAuthenExHttpAES|1|1500000006|0|GMID=1204|GWID=104001|URI=http://daybreak.globalgames.com.br/auth/|UserName=andersongg|Password=640156a929a2966b9f8ec76b15e71994|Send3rdPassword=6ca4b545ec99c4edd3293b83078f4c79a9f0a2a9f1ba68ea0351b0d0d4ffae57|UserID_Union=andersongg|Lower=1|User_Flag=0|User_Type=0|Adult_Flag=1|User_Class=0|User_Point=0|Appendix1=0|Appendix2=0|Promoter_ID=0|User_IP=177.47.22.70|User_Port=50721|Client_MAC=00FF836BCE2B|AD_ID=''|Hardware_SN1=''|Hardware_SN2=''|ClientType=full|NeedCheckPwd=1|TC1=35|TC2=4|TC=39
2014-06-14_13:12:33.074|I|4146|B3A3E6E0|INFO|package|1|SequenceID=3305|toRouter
2014-06-14_14:08:12.002|I|4146|B3A3E6E0|INFO|unPackage|1|pdu_len=166|orig_pdu_len=166|curr_agip_version=0x20|orig_agip_version=0x20|is_yt_version='no'|command_id=0x10003802|seq_id=3724|game_id=1204|gateway_id=104001|src_ip=192.168.177.92|src_port=48103
2014-06-14_14:08:12.005|I|4146|B3A3E6E0|INFO|HttpAuth::userAuth|Host=daybreak.globalgames.com.br|Port=80|Request=userAccount=andersongg&password=6ca4b545ec99c4edd3293b83078f4c79a9f0a2a9f1ba68ea0351b0d0d4ffae57&sign=2640EC98230C3E08F412CA15CB0D705B
2014-06-14_14:08:12.051|I|4146|B3A3E6E0|INFO|HttpAuth::userAuth|Response=HTTP/1.1 200 OK
Connection: close
Content-Length: 125
Content-Type: text/html; charset=utf-8
Date: Fri, 13 Jun 2014 20:36:19 GMT
Server: Apache
Vary: Accept-Encoding

<?xml version="1.0" encoding="utf-8" ?><response><result>1</result><adult>1</adult><userName>andersongg</userName></response>
2014-06-14_14:08:12.055|I|4146|B3A3E6E0|INFO|0|104001|AllServer::_onJointAuthenExHttpAES|1|1500000006|0|GMID=1204|GWID=104001|URI=http://daybreak.globalgames.com.br/auth/|UserName=andersongg|Password=640156a929a2966b9f8ec76b15e71994|Send3rdPassword=6ca4b545ec99c4edd3293b83078f4c79a9f0a2a9f1ba68ea0351b0d0d4ffae57|UserID_Union=andersongg|Lower=1|User_Flag=0|User_Type=0|Adult_Flag=1|User_Class=0|User_Point=0|Appendix1=0|Appendix2=0|Promoter_ID=0|User_IP=177.47.22.70|User_Port=54153|Client_MAC=00FF836BCE2B|AD_ID=''|Hardware_SN1=''|Hardware_SN2=''|ClientType=full|NeedCheckPwd=1|TC1=49|TC2=4|TC=53
2014-06-14_14:08:12.055|I|4146|B3A3E6E0|INFO|package|1|SequenceID=3724|toRouter
2014-06-14_14:28:05.164|I|4146|B3A3E6E0|INFO|unPackage|1|pdu_len=166|orig_pdu_len=166|curr_agip_version=0x20|orig_agip_version=0x20|is_yt_version='no'|command_id=0x10003802|seq_id=3876|game_id=1204|gateway_id=104001|src_ip=192.168.177.92|src_port=48103
2014-06-14_14:28:05.167|I|4146|B3A3E6E0|INFO|HttpAuth::userAuth|Host=daybreak.globalgames.com.br|Port=80|Request=userAccount=andersongg&password=e22113990794f05561513e7c46a96e436e49806bd275c359e1a2c362e371692a&sign=55293710FC2C3C2D825C8B1982FBFF3A
2014-06-14_14:28:05.199|I|4146|B3A3E6E0|INFO|HttpAuth::userAuth|Response=HTTP/1.1 200 OK
Connection: close
Content-Length: 129
Content-Type: text/html; charset=utf-8
Date: Fri, 13 Jun 2014 20:56:19 GMT
Server: Apache
Vary: Accept-Encoding

<?xml version="1.0" encoding="utf-8" ?><response><result>-1815</result><adult>1</adult><userName>andersongg</userName></response>
2014-06-14_14:28:05.199|I|4146|B3A3E6E0|INFO|0|104001|AllServer::_onJointAuthenExHttpAES|-1815|0|0|GMID=1204|GWID=104001|URI=http://daybreak.globalgames.com.br/auth/|UserName=andersongg|Password=c377bf35b2c84a521062aa58177ce0bb|Send3rdPassword=e22113990794f05561513e7c46a96e436e49806bd275c359e1a2c362e371692a|UserID_Union=|Lower=1|User_Flag=0|User_Type=0|Adult_Flag=0|User_Class=0|User_Point=0|Appendix1=0|Appendix2=0|Promoter_ID=0|User_IP=177.47.22.70|User_Port=54577|Client_MAC=00FF836BCE2B|AD_ID=''|Hardware_SN1=''|Hardware_SN2=''|ClientType=full|NeedCheckPwd=1|TC1=35|TC2=0|TC=35
2014-06-14_14:28:05.199|I|4146|B3A3E6E0|INFO|package|1|SequenceID=3876|toRouter
2014-06-14_14:28:16.081|I|4146|B3A3E6E0|INFO|unPackage|1|pdu_len=166|orig_pdu_len=166|curr_agip_version=0x20|orig_agip_version=0x20|is_yt_version='no'|command_id=0x10003802|seq_id=3878|game_id=1204|gateway_id=104001|src_ip=192.168.177.92|src_port=48103
2014-06-14_14:28:16.082|I|4146|B3A3E6E0|INFO|HttpAuth::userAuth|Host=daybreak.globalgames.com.br|Port=80|Request=userAccount=andersongg&password=6ca4b545ec99c4edd3293b83078f4c79a9f0a2a9f1ba68ea0351b0d0d4ffae57&sign=2640EC98230C3E08F412CA15CB0D705B
2014-06-14_14:28:18.431|I|4146|B3A3E6E0|INFO|HttpAuth::userAuth|Response=HTTP/1.1 200 OK
Connection: close
Content-Length: 125
Content-Type: text/html; charset=utf-8
Date: Fri, 13 Jun 2014 20:56:30 GMT
Server: Apache
Vary: Accept-Encoding

<?xml version="1.0" encoding="utf-8" ?><response><result>1</result><adult>1</adult><userName>andersongg</userName></response>
2014-06-14_14:28:18.435|I|4146|B3A3E6E0|INFO|0|104001|AllServer::_onJointAuthenExHttpAES|1|1500000006|0|GMID=1204|GWID=104001|URI=http://daybreak.globalgames.com.br/auth/|UserName=andersongg|Password=640156a929a2966b9f8ec76b15e71994|Send3rdPassword=6ca4b545ec99c4edd3293b83078f4c79a9f0a2a9f1ba68ea0351b0d0d4ffae57|UserID_Union=andersongg|Lower=1|User_Flag=0|User_Type=0|Adult_Flag=1|User_Class=0|User_Point=0|Appendix1=0|Appendix2=0|Promoter_ID=0|User_IP=177.47.22.70|User_Port=54588|Client_MAC=00FF836BCE2B|AD_ID=''|Hardware_SN1=''|Hardware_SN2=''|ClientType=full|NeedCheckPwd=1|TC1=2350|TC2=4|TC=2354
2014-06-14_14:28:18.435|I|4146|B3A3E6E0|INFO|package|1|SequenceID=3878|toRouter
