2014-04-03_08:31:32.056|I|32450|B7F7B6E0|INFO|unPackage|1|pdu_len=163|orig_pdu_len=163|curr_agip_version=0x20|orig_agip_version=0x20|is_yt_version='no'|command_id=0x10003802|seq_id=84423|game_id=1204|gateway_id=104001|src_ip=192.168.177.92|src_port=59390
2014-04-03_08:31:32.060|I|32450|B7F7B6E0|INFO|HttpAuth::userAuth|Host=daybreak.globalgames.com.br|Port=80|Request=userAccount=pedrao6&password=f7b5f871ae9dfc275b36ac4ef793964cdc0a7ef41a22f0075444b48a71a41c68&sign=C903D2C350F82FE608269A8B28D30B40
2014-04-03_08:31:32.150|I|32450|B7F7B6E0|INFO|HttpAuth::userAuth|Response=HTTP/1.1 200 OK
Connection: close
Content-Length: 122
Content-Type: text/html; charset=utf-8
Date: Thu, 03 Apr 2014 11:48:46 GMT
Server: Apache
Vary: Accept-Encoding

<?xml version="1.0" encoding="utf-8" ?><response><result>1</result><adult>1</adult><userName>pedrao6</userName></response>
2014-04-03_08:31:32.157|I|32450|B7F7B6E0|INFO|0|104001|AllServer::_onJointAuthenExHttpAES|1|1500000027|0|GMID=1204|GWID=104001|URI=http://daybreak.globalgames.com.br/auth/|UserName=pedrao6|Password=c0447052a1be8c51ba30681a7b89281d|Send3rdPassword=f7b5f871ae9dfc275b36ac4ef793964cdc0a7ef41a22f0075444b48a71a41c68|UserID_Union=pedrao6|Lower=1|User_Flag=0|User_Type=0|Adult_Flag=1|User_Class=0|User_Point=0|Appendix1=0|Appendix2=0|Promoter_ID=0|User_IP=189.34.140.118|User_Port=62582|Client_MAC=C61731FE4111|AD_ID=''|Hardware_SN1=''|Hardware_SN2=''|ClientType=full|NeedCheckPwd=1|TC1=94|TC2=7|TC=101
2014-04-03_08:31:32.157|I|32450|B7F7B6E0|INFO|package|1|SequenceID=84423|toRouter
2014-04-03_09:01:24.553|I|32450|B7F7B6E0|INFO|unPackage|1|pdu_len=165|orig_pdu_len=165|curr_agip_version=0x20|orig_agip_version=0x20|is_yt_version='no'|command_id=0x10003802|seq_id=87068|game_id=1204|gateway_id=104001|src_ip=192.168.177.92|src_port=59390
2014-04-03_09:01:24.557|I|32450|B7F7B6E0|INFO|HttpAuth::userAuth|Host=daybreak.globalgames.com.br|Port=80|Request=userAccount=polaris13&password=dda307357d5122bb087d86a76b597f0ecb43957559922cf1a410b3867c657033&sign=390FB1FEB22B6FAD0068C4D6918337DD
2014-04-03_09:01:24.594|I|32450|B7F7B6E0|INFO|HttpAuth::userAuth|Response=HTTP/1.1 200 OK
Connection: close
Content-Length: 124
Content-Type: text/html; charset=utf-8
Date: Thu, 03 Apr 2014 12:18:38 GMT
Server: Apache
Vary: Accept-Encoding

<?xml version="1.0" encoding="utf-8" ?><response><result>1</result><adult>1</adult><userName>polaris13</userName></response>
2014-04-03_09:01:24.601|I|32450|B7F7B6E0|INFO|0|104001|AllServer::_onJointAuthenExHttpAES|1|1500000020|0|GMID=1204|GWID=104001|URI=http://daybreak.globalgames.com.br/auth/|UserName=polaris13|Password=c3c7fdc199544358827fa0cbb78c235d|Send3rdPassword=dda307357d5122bb087d86a76b597f0ecb43957559922cf1a410b3867c657033|UserID_Union=polaris13|Lower=1|User_Flag=0|User_Type=0|Adult_Flag=1|User_Class=0|User_Point=0|Appendix1=0|Appendix2=0|Promoter_ID=0|User_IP=189.34.140.118|User_Port=54464|Client_MAC=1EC9D31E3393|AD_ID=''|Hardware_SN1=''|Hardware_SN2=''|ClientType=full|NeedCheckPwd=1|TC1=40|TC2=7|TC=48
2014-04-03_09:01:24.601|I|32450|B7F7B6E0|INFO|package|1|SequenceID=87068|toRouter
2014-04-03_09:08:40.851|I|32450|B7F7B6E0|INFO|unPackage|1|pdu_len=163|orig_pdu_len=163|curr_agip_version=0x20|orig_agip_version=0x20|is_yt_version='no'|command_id=0x10003802|seq_id=88611|game_id=1204|gateway_id=104001|src_ip=192.168.177.92|src_port=59390
2014-04-03_09:08:40.854|I|32450|B7F7B6E0|INFO|HttpAuth::userAuth|Host=daybreak.globalgames.com.br|Port=80|Request=userAccount=richard&password=d5ddbff4995734213c9aeb61d8227b0ac40d17a0ca5b52789caeb0b50722b46f&sign=58AC3A54912E2752A05DFA90E8813AD2
2014-04-03_09:08:40.890|I|32450|B7F7B6E0|INFO|HttpAuth::userAuth|Response=HTTP/1.1 200 OK
Connection: close
Content-Length: 122
Content-Type: text/html; charset=utf-8
Date: Thu, 03 Apr 2014 12:25:54 GMT
Server: Apache
Vary: Accept-Encoding

<?xml version="1.0" encoding="utf-8" ?><response><result>1</result><adult>1</adult><userName>richard</userName></response>
2014-04-03_09:08:40.897|I|32450|B7F7B6E0|INFO|0|104001|AllServer::_onJointAuthenExHttpAES|1|1500000010|0|GMID=1204|GWID=104001|URI=http://daybreak.globalgames.com.br/auth/|UserName=richard|Password=b45441068b0371dad184621bf09b7e4e|Send3rdPassword=d5ddbff4995734213c9aeb61d8227b0ac40d17a0ca5b52789caeb0b50722b46f|UserID_Union=richard|Lower=1|User_Flag=0|User_Type=0|Adult_Flag=1|User_Class=0|User_Point=0|Appendix1=0|Appendix2=0|Promoter_ID=0|User_IP=189.34.140.118|User_Port=49541|Client_MAC=00FF6B35BD7B|AD_ID=''|Hardware_SN1=''|Hardware_SN2=''|ClientType=full|NeedCheckPwd=1|TC1=39|TC2=7|TC=46
2014-04-03_09:08:40.897|I|32450|B7F7B6E0|INFO|package|1|SequenceID=88611|toRouter
2014-04-03_09:25:00.956|I|32450|B7F7B6E0|INFO|unPackage|1|pdu_len=163|orig_pdu_len=163|curr_agip_version=0x20|orig_agip_version=0x20|is_yt_version='no'|command_id=0x10003802|seq_id=89346|game_id=1204|gateway_id=104001|src_ip=192.168.177.92|src_port=59390
2014-04-03_09:25:00.960|I|32450|B7F7B6E0|INFO|HttpAuth::userAuth|Host=daybreak.globalgames.com.br|Port=80|Request=userAccount=pedrao6&password=f7b5f871ae9dfc275b36ac4ef793964cdc0a7ef41a22f0075444b48a71a41c68&sign=C903D2C350F82FE608269A8B28D30B40
2014-04-03_09:25:00.997|I|32450|B7F7B6E0|INFO|HttpAuth::userAuth|Response=HTTP/1.1 200 OK
Connection: close
Content-Length: 122
Content-Type: text/html; charset=utf-8
Date: Thu, 03 Apr 2014 12:42:15 GMT
Server: Apache
Vary: Accept-Encoding

<?xml version="1.0" encoding="utf-8" ?><response><result>1</result><adult>1</adult><userName>pedrao6</userName></response>
2014-04-03_09:25:01.012|I|32450|B7F7B6E0|INFO|0|104001|AllServer::_onJointAuthenExHttpAES|1|1500000027|0|GMID=1204|GWID=104001|URI=http://daybreak.globalgames.com.br/auth/|UserName=pedrao6|Password=c0447052a1be8c51ba30681a7b89281d|Send3rdPassword=f7b5f871ae9dfc275b36ac4ef793964cdc0a7ef41a22f0075444b48a71a41c68|UserID_Union=pedrao6|Lower=1|User_Flag=0|User_Type=0|Adult_Flag=1|User_Class=0|User_Point=0|Appendix1=0|Appendix2=0|Promoter_ID=0|User_IP=189.34.140.118|User_Port=62810|Client_MAC=C61731FE4111|AD_ID=''|Hardware_SN1=''|Hardware_SN2=''|ClientType=full|NeedCheckPwd=1|TC1=40|TC2=15|TC=56
2014-04-03_09:25:01.013|I|32450|B7F7B6E0|INFO|package|1|SequenceID=89346|toRouter
2014-04-03_09:30:27.951|I|32450|B7F7B6E0|INFO|unPackage|1|pdu_len=163|orig_pdu_len=163|curr_agip_version=0x20|orig_agip_version=0x20|is_yt_version='no'|command_id=0x10003802|seq_id=89417|game_id=1204|gateway_id=104001|src_ip=192.168.177.92|src_port=59390
2014-04-03_09:30:27.952|I|32450|B7F7B6E0|INFO|HttpAuth::userAuth|Host=daybreak.globalgames.com.br|Port=80|Request=userAccount=pedrao6&password=f7b5f871ae9dfc275b36ac4ef793964cdc0a7ef41a22f0075444b48a71a41c68&sign=C903D2C350F82FE608269A8B28D30B40
2014-04-03_09:30:27.982|I|32450|B7F7B6E0|INFO|HttpAuth::userAuth|Response=HTTP/1.1 200 OK
Connection: close
Content-Length: 122
Content-Type: text/html; charset=utf-8
Date: Thu, 03 Apr 2014 12:47:42 GMT
Server: Apache
Vary: Accept-Encoding

<?xml version="1.0" encoding="utf-8" ?><response><result>1</result><adult>1</adult><userName>pedrao6</userName></response>
2014-04-03_09:30:27.989|I|32450|B7F7B6E0|INFO|0|104001|AllServer::_onJointAuthenExHttpAES|1|1500000027|0|GMID=1204|GWID=104001|URI=http://daybreak.globalgames.com.br/auth/|UserName=pedrao6|Password=c0447052a1be8c51ba30681a7b89281d|Send3rdPassword=f7b5f871ae9dfc275b36ac4ef793964cdc0a7ef41a22f0075444b48a71a41c68|UserID_Union=pedrao6|Lower=1|User_Flag=0|User_Type=0|Adult_Flag=1|User_Class=0|User_Point=0|Appendix1=0|Appendix2=0|Promoter_ID=0|User_IP=189.34.140.118|User_Port=61196|Client_MAC=C61731FE4111|AD_ID=''|Hardware_SN1=''|Hardware_SN2=''|ClientType=full|NeedCheckPwd=1|TC1=31|TC2=7|TC=38
2014-04-03_09:30:27.989|I|32450|B7F7B6E0|INFO|package|1|SequenceID=89417|toRouter
2014-04-03_10:32:13.355|I|32450|B7F7B6E0|INFO|unPackage|1|pdu_len=164|orig_pdu_len=164|curr_agip_version=0x20|orig_agip_version=0x20|is_yt_version='no'|command_id=0x10003802|seq_id=100101|game_id=1204|gateway_id=104001|src_ip=192.168.177.92|src_port=59390
2014-04-03_10:32:13.359|I|32450|B7F7B6E0|INFO|HttpAuth::userAuth|Host=daybreak.globalgames.com.br|Port=80|Request=userAccount=richard3&password=d5ddbff4995734213c9aeb61d8227b0ac40d17a0ca5b52789caeb0b50722b46f&sign=764A13913BAAD88B15C5F33AE47B6521
2014-04-03_10:32:13.447|I|32450|B7F7B6E0|INFO|HttpAuth::userAuth|Response=HTTP/1.1 200 OK
Connection: close
Content-Length: 123
Content-Type: text/html; charset=utf-8
Date: Thu, 03 Apr 2014 13:49:27 GMT
Server: Apache
Vary: Accept-Encoding

<?xml version="1.0" encoding="utf-8" ?><response><result>1</result><adult>1</adult><userName>richard3</userName></response>
2014-04-03_10:32:13.454|I|32450|B7F7B6E0|INFO|0|104001|AllServer::_onJointAuthenExHttpAES|1|1500000007|0|GMID=1204|GWID=104001|URI=http://daybreak.globalgames.com.br/auth/|UserName=richard3|Password=b45441068b0371dad184621bf09b7e4e|Send3rdPassword=d5ddbff4995734213c9aeb61d8227b0ac40d17a0ca5b52789caeb0b50722b46f|UserID_Union=richard3|Lower=1|User_Flag=0|User_Type=0|Adult_Flag=1|User_Class=0|User_Point=0|Appendix1=0|Appendix2=0|Promoter_ID=0|User_IP=189.34.140.118|User_Port=50057|Client_MAC=00FF6B35BD7B|AD_ID=''|Hardware_SN1=''|Hardware_SN2=''|ClientType=full|NeedCheckPwd=1|TC1=93|TC2=6|TC=99
2014-04-03_10:32:13.454|I|32450|B7F7B6E0|INFO|package|1|SequenceID=100101|toRouter
2014-04-03_13:54:57.404|I|32450|B7F7B6E0|INFO|unPackage|1|pdu_len=164|orig_pdu_len=164|curr_agip_version=0x20|orig_agip_version=0x20|is_yt_version='no'|command_id=0x10003802|seq_id=135555|game_id=1204|gateway_id=104001|src_ip=192.168.177.92|src_port=59390
2014-04-03_13:54:57.405|I|32450|B7F7B6E0|INFO|HttpAuth::userAuth|Host=daybreak.globalgames.com.br|Port=80|Request=userAccount=richard3&password=d5ddbff4995734213c9aeb61d8227b0ac40d17a0ca5b52789caeb0b50722b46f&sign=764A13913BAAD88B15C5F33AE47B6521
2014-04-03_13:54:57.491|I|32450|B7F7B6E0|INFO|HttpAuth::userAuth|Response=HTTP/1.1 200 OK
Connection: close
Content-Length: 123
Content-Type: text/html; charset=utf-8
Date: Thu, 03 Apr 2014 17:12:12 GMT
Server: Apache
Vary: Accept-Encoding

<?xml version="1.0" encoding="utf-8" ?><response><result>1</result><adult>1</adult><userName>richard3</userName></response>
2014-04-03_13:54:57.498|I|32450|B7F7B6E0|INFO|0|104001|AllServer::_onJointAuthenExHttpAES|1|1500000007|0|GMID=1204|GWID=104001|URI=http://daybreak.globalgames.com.br/auth/|UserName=richard3|Password=b45441068b0371dad184621bf09b7e4e|Send3rdPassword=d5ddbff4995734213c9aeb61d8227b0ac40d17a0ca5b52789caeb0b50722b46f|UserID_Union=richard3|Lower=1|User_Flag=0|User_Type=0|Adult_Flag=1|User_Class=0|User_Point=0|Appendix1=0|Appendix2=0|Promoter_ID=0|User_IP=189.34.140.118|User_Port=51115|Client_MAC=00FF6B35BD7B|AD_ID=''|Hardware_SN1=''|Hardware_SN2=''|ClientType=full|NeedCheckPwd=1|TC1=87|TC2=7|TC=94
2014-04-03_13:54:57.498|I|32450|B7F7B6E0|INFO|package|1|SequenceID=135555|toRouter
2014-04-03_13:55:00.153|I|32450|B7F7B6E0|INFO|unPackage|1|pdu_len=163|orig_pdu_len=163|curr_agip_version=0x20|orig_agip_version=0x20|is_yt_version='no'|command_id=0x10003802|seq_id=135557|game_id=1204|gateway_id=104001|src_ip=192.168.177.92|src_port=59390
2014-04-03_13:55:00.153|I|32450|B7F7B6E0|INFO|HttpAuth::userAuth|Host=daybreak.globalgames.com.br|Port=80|Request=userAccount=richard&password=d5ddbff4995734213c9aeb61d8227b0ac40d17a0ca5b52789caeb0b50722b46f&sign=58AC3A54912E2752A05DFA90E8813AD2
2014-04-03_13:55:00.181|I|32450|B7F7B6E0|INFO|HttpAuth::userAuth|Response=HTTP/1.1 200 OK
Connection: close
Content-Length: 122
Content-Type: text/html; charset=utf-8
Date: Thu, 03 Apr 2014 17:12:14 GMT
Server: Apache
Vary: Accept-Encoding

<?xml version="1.0" encoding="utf-8" ?><response><result>1</result><adult>1</adult><userName>richard</userName></response>
2014-04-03_13:55:00.187|I|32450|B7F7B6E0|INFO|0|104001|AllServer::_onJointAuthenExHttpAES|1|1500000010|0|GMID=1204|GWID=104001|URI=http://daybreak.globalgames.com.br/auth/|UserName=richard|Password=b45441068b0371dad184621bf09b7e4e|Send3rdPassword=d5ddbff4995734213c9aeb61d8227b0ac40d17a0ca5b52789caeb0b50722b46f|UserID_Union=richard|Lower=1|User_Flag=0|User_Type=0|Adult_Flag=1|User_Class=0|User_Point=0|Appendix1=0|Appendix2=0|Promoter_ID=0|User_IP=189.34.140.118|User_Port=51116|Client_MAC=00FF6B35BD7B|AD_ID=''|Hardware_SN1=''|Hardware_SN2=''|ClientType=full|NeedCheckPwd=1|TC1=28|TC2=6|TC=34
2014-04-03_13:55:00.188|I|32450|B7F7B6E0|INFO|package|1|SequenceID=135557|toRouter
2014-04-03_13:55:47.402|I|32450|B7F7B6E0|INFO|unPackage|1|pdu_len=165|orig_pdu_len=165|curr_agip_version=0x20|orig_agip_version=0x20|is_yt_version='no'|command_id=0x10003802|seq_id=135565|game_id=1204|gateway_id=104001|src_ip=192.168.177.92|src_port=59390
2014-04-03_13:55:47.403|I|32450|B7F7B6E0|INFO|HttpAuth::userAuth|Host=daybreak.globalgames.com.br|Port=80|Request=userAccount=polaris13&password=dda307357d5122bb087d86a76b597f0ecb43957559922cf1a410b3867c657033&sign=390FB1FEB22B6FAD0068C4D6918337DD
2014-04-03_13:55:47.431|I|32450|B7F7B6E0|INFO|HttpAuth::userAuth|Response=HTTP/1.1 200 OK
Connection: close
Content-Length: 124
Content-Type: text/html; charset=utf-8
Date: Thu, 03 Apr 2014 17:13:02 GMT
Server: Apache
Vary: Accept-Encoding

<?xml version="1.0" encoding="utf-8" ?><response><result>1</result><adult>1</adult><userName>polaris13</userName></response>
2014-04-03_13:55:47.437|I|32450|B7F7B6E0|INFO|0|104001|AllServer::_onJointAuthenExHttpAES|1|1500000020|0|GMID=1204|GWID=104001|URI=http://daybreak.globalgames.com.br/auth/|UserName=polaris13|Password=c3c7fdc199544358827fa0cbb78c235d|Send3rdPassword=dda307357d5122bb087d86a76b597f0ecb43957559922cf1a410b3867c657033|UserID_Union=polaris13|Lower=1|User_Flag=0|User_Type=0|Adult_Flag=1|User_Class=0|User_Point=0|Appendix1=0|Appendix2=0|Promoter_ID=0|User_IP=189.34.140.118|User_Port=60970|Client_MAC=1EC9D31E3393|AD_ID=''|Hardware_SN1=''|Hardware_SN2=''|ClientType=full|NeedCheckPwd=1|TC1=29|TC2=6|TC=35
2014-04-03_13:55:47.437|I|32450|B7F7B6E0|INFO|package|1|SequenceID=135565|toRouter
2014-04-03_13:58:17.250|I|32450|B7F7B6E0|INFO|unPackage|1|pdu_len=163|orig_pdu_len=163|curr_agip_version=0x20|orig_agip_version=0x20|is_yt_version='no'|command_id=0x10003802|seq_id=135586|game_id=1204|gateway_id=104001|src_ip=192.168.177.92|src_port=59390
2014-04-03_13:58:17.251|I|32450|B7F7B6E0|INFO|HttpAuth::userAuth|Host=daybreak.globalgames.com.br|Port=80|Request=userAccount=pedrao6&password=f7b5f871ae9dfc275b36ac4ef793964cdc0a7ef41a22f0075444b48a71a41c68&sign=C903D2C350F82FE608269A8B28D30B40
2014-04-03_13:58:17.289|I|32450|B7F7B6E0|INFO|HttpAuth::userAuth|Response=HTTP/1.1 200 OK
Connection: close
Content-Length: 122
Content-Type: text/html; charset=utf-8
Date: Thu, 03 Apr 2014 17:15:31 GMT
Server: Apache
Vary: Accept-Encoding

<?xml version="1.0" encoding="utf-8" ?><response><result>1</result><adult>1</adult><userName>pedrao6</userName></response>
2014-04-03_13:58:17.295|I|32450|B7F7B6E0|INFO|0|104001|AllServer::_onJointAuthenExHttpAES|1|1500000027|0|GMID=1204|GWID=104001|URI=http://daybreak.globalgames.com.br/auth/|UserName=pedrao6|Password=c0447052a1be8c51ba30681a7b89281d|Send3rdPassword=f7b5f871ae9dfc275b36ac4ef793964cdc0a7ef41a22f0075444b48a71a41c68|UserID_Union=pedrao6|Lower=1|User_Flag=0|User_Type=0|Adult_Flag=1|User_Class=0|User_Point=0|Appendix1=0|Appendix2=0|Promoter_ID=0|User_IP=189.34.140.118|User_Port=64064|Client_MAC=C61731FE4111|AD_ID=''|Hardware_SN1=''|Hardware_SN2=''|ClientType=full|NeedCheckPwd=1|TC1=39|TC2=6|TC=45
2014-04-03_13:58:17.295|I|32450|B7F7B6E0|INFO|package|1|SequenceID=135586|toRouter
2014-04-03_14:12:39.005|I|32450|B7F7B6E0|INFO|unPackage|1|pdu_len=163|orig_pdu_len=163|curr_agip_version=0x20|orig_agip_version=0x20|is_yt_version='no'|command_id=0x10003802|seq_id=135693|game_id=1204|gateway_id=104001|src_ip=192.168.177.92|src_port=59390
2014-04-03_14:12:39.008|I|32450|B7F7B6E0|INFO|HttpAuth::userAuth|Host=daybreak.globalgames.com.br|Port=80|Request=userAccount=pedrao6&password=f7b5f871ae9dfc275b36ac4ef793964cdc0a7ef41a22f0075444b48a71a41c68&sign=C903D2C350F82FE608269A8B28D30B40
2014-04-03_14:12:39.045|I|32450|B7F7B6E0|INFO|HttpAuth::userAuth|Response=HTTP/1.1 200 OK
Connection: close
Content-Length: 122
Content-Type: text/html; charset=utf-8
Date: Thu, 03 Apr 2014 17:29:53 GMT
Server: Apache
Vary: Accept-Encoding

<?xml version="1.0" encoding="utf-8" ?><response><result>1</result><adult>1</adult><userName>pedrao6</userName></response>
2014-04-03_14:12:39.051|I|32450|B7F7B6E0|INFO|0|104001|AllServer::_onJointAuthenExHttpAES|1|1500000027|0|GMID=1204|GWID=104001|URI=http://daybreak.globalgames.com.br/auth/|UserName=pedrao6|Password=c0447052a1be8c51ba30681a7b89281d|Send3rdPassword=f7b5f871ae9dfc275b36ac4ef793964cdc0a7ef41a22f0075444b48a71a41c68|UserID_Union=pedrao6|Lower=1|User_Flag=0|User_Type=0|Adult_Flag=1|User_Class=0|User_Point=0|Appendix1=0|Appendix2=0|Promoter_ID=0|User_IP=189.34.140.118|User_Port=64175|Client_MAC=C61731FE4111|AD_ID=''|Hardware_SN1=''|Hardware_SN2=''|ClientType=full|NeedCheckPwd=1|TC1=40|TC2=5|TC=46
2014-04-03_14:12:39.051|I|32450|B7F7B6E0|INFO|package|1|SequenceID=135693|toRouter
2014-04-03_14:23:25.551|I|32450|B7F7B6E0|INFO|unPackage|1|pdu_len=162|orig_pdu_len=162|curr_agip_version=0x20|orig_agip_version=0x20|is_yt_version='no'|command_id=0x10003802|seq_id=135777|game_id=1204|gateway_id=104001|src_ip=192.168.177.92|src_port=59390
2014-04-03_14:23:25.554|I|32450|B7F7B6E0|INFO|HttpAuth::userAuth|Host=daybreak.globalgames.com.br|Port=80|Request=userAccount=felipe&password=54f776888a662f8a57afa20e8912f3e51eb87604d132b03f9f134c5f28b350eb&sign=536B25EC9D6C3B27A5F8FEDBC9383464
2014-04-03_14:23:25.607|I|32450|B7F7B6E0|INFO|HttpAuth::userAuth|Response=HTTP/1.1 200 OK
Connection: close
Content-Length: 121
Content-Type: text/html; charset=utf-8
Date: Thu, 03 Apr 2014 17:40:40 GMT
Server: Apache
Vary: Accept-Encoding

<?xml version="1.0" encoding="utf-8" ?><response><result>1</result><adult>1</adult><userName>felipe</userName></response>
2014-04-03_14:23:25.615|I|32450|B7F7B6E0|INFO|0|104001|AllServer::_onJointAuthenExHttpAES|1|1500000060|0|GMID=1204|GWID=104001|URI=http://daybreak.globalgames.com.br/auth/|UserName=felipe|Password=ce2a2695252bc30e81d6a7585ce02fe1|Send3rdPassword=54f776888a662f8a57afa20e8912f3e51eb87604d132b03f9f134c5f28b350eb|UserID_Union=felipe|Lower=1|User_Flag=0|User_Type=0|Adult_Flag=1|User_Class=0|User_Point=0|Appendix1=0|Appendix2=0|Promoter_ID=0|User_IP=189.34.140.118|User_Port=49194|Client_MAC=000C29B5017F|AD_ID=''|Hardware_SN1=''|Hardware_SN2=''|ClientType=full|NeedCheckPwd=1|TC1=56|TC2=8|TC=64
2014-04-03_14:23:25.615|I|32450|B7F7B6E0|INFO|package|1|SequenceID=135777|toRouter
2014-04-03_14:55:27.154|I|32450|B7F7B6E0|INFO|unPackage|1|pdu_len=164|orig_pdu_len=164|curr_agip_version=0x20|orig_agip_version=0x20|is_yt_version='no'|command_id=0x10003802|seq_id=136026|game_id=1204|gateway_id=104001|src_ip=192.168.177.92|src_port=59390
2014-04-03_14:55:27.156|I|32450|B7F7B6E0|INFO|HttpAuth::userAuth|Host=daybreak.globalgames.com.br|Port=80|Request=userAccount=richard3&password=d5ddbff4995734213c9aeb61d8227b0ac40d17a0ca5b52789caeb0b50722b46f&sign=764A13913BAAD88B15C5F33AE47B6521
2014-04-03_14:55:27.194|I|32450|B7F7B6E0|INFO|HttpAuth::userAuth|Response=HTTP/1.1 200 OK
Connection: close
Content-Length: 123
Content-Type: text/html; charset=utf-8
Date: Thu, 03 Apr 2014 18:12:41 GMT
Server: Apache
Vary: Accept-Encoding

<?xml version="1.0" encoding="utf-8" ?><response><result>1</result><adult>1</adult><userName>richard3</userName></response>
2014-04-03_14:55:27.200|I|32450|B7F7B6E0|INFO|0|104001|AllServer::_onJointAuthenExHttpAES|1|1500000007|0|GMID=1204|GWID=104001|URI=http://daybreak.globalgames.com.br/auth/|UserName=richard3|Password=b45441068b0371dad184621bf09b7e4e|Send3rdPassword=d5ddbff4995734213c9aeb61d8227b0ac40d17a0ca5b52789caeb0b50722b46f|UserID_Union=richard3|Lower=1|User_Flag=0|User_Type=0|Adult_Flag=1|User_Class=0|User_Point=0|Appendix1=0|Appendix2=0|Promoter_ID=0|User_IP=189.34.140.118|User_Port=51546|Client_MAC=00FF6B35BD7B|AD_ID=''|Hardware_SN1=''|Hardware_SN2=''|ClientType=full|NeedCheckPwd=1|TC1=40|TC2=6|TC=46
2014-04-03_14:55:27.200|I|32450|B7F7B6E0|INFO|package|1|SequenceID=136026|toRouter
2014-04-03_15:15:35.153|I|32450|B7F7B6E0|INFO|unPackage|1|pdu_len=164|orig_pdu_len=164|curr_agip_version=0x20|orig_agip_version=0x20|is_yt_version='no'|command_id=0x10003802|seq_id=136179|game_id=1204|gateway_id=104001|src_ip=192.168.177.92|src_port=59390
2014-04-03_15:15:35.155|I|32450|B7F7B6E0|INFO|HttpAuth::userAuth|Host=daybreak.globalgames.com.br|Port=80|Request=userAccount=bibizika&password=9ba9fabc6c990b3ec88b7079c3d7c6c98f51f9be26954a28358f8b478c516b0d&sign=62358966EF21A31FD364EC8034C3D092
2014-04-03_15:15:35.192|I|32450|B7F7B6E0|INFO|HttpAuth::userAuth|Response=HTTP/1.1 200 OK
Connection: close
Content-Length: 123
Content-Type: text/html; charset=utf-8
Date: Thu, 03 Apr 2014 18:32:49 GMT
Server: Apache
Vary: Accept-Encoding

<?xml version="1.0" encoding="utf-8" ?><response><result>1</result><adult>1</adult><userName>bibizika</userName></response>
2014-04-03_15:15:35.199|I|32450|B7F7B6E0|INFO|0|104001|AllServer::_onJointAuthenExHttpAES|1|1500000052|0|GMID=1204|GWID=104001|URI=http://daybreak.globalgames.com.br/auth/|UserName=bibizika|Password=c3febbdcb0130af4807bf0941fa4acc4|Send3rdPassword=9ba9fabc6c990b3ec88b7079c3d7c6c98f51f9be26954a28358f8b478c516b0d|UserID_Union=bibizika|Lower=1|User_Flag=0|User_Type=0|Adult_Flag=1|User_Class=0|User_Point=0|Appendix1=0|Appendix2=0|Promoter_ID=0|User_IP=177.47.22.70|User_Port=57960|Client_MAC=00FFDCB872A3|AD_ID=''|Hardware_SN1=''|Hardware_SN2=''|ClientType=full|NeedCheckPwd=1|TC1=39|TC2=6|TC=45
2014-04-03_15:15:35.199|I|32450|B7F7B6E0|INFO|package|1|SequenceID=136179|toRouter
2014-04-03_15:16:22.554|I|32450|B7F7B6E0|INFO|unPackage|1|pdu_len=166|orig_pdu_len=166|curr_agip_version=0x20|orig_agip_version=0x20|is_yt_version='no'|command_id=0x10003802|seq_id=136187|game_id=1204|gateway_id=104001|src_ip=192.168.177.92|src_port=59390
2014-04-03_15:16:22.554|I|32450|B7F7B6E0|INFO|HttpAuth::userAuth|Host=daybreak.globalgames.com.br|Port=80|Request=userAccount=richard230&password=4a973ecf5d4b1be743e35dd2d03a161f5d53896d6a962cee7c09055c678822a8&sign=68C30E45AB8248E8BAA6587BDC806451
2014-04-03_15:16:22.582|I|32450|B7F7B6E0|INFO|HttpAuth::userAuth|Response=HTTP/1.1 200 OK
Connection: close
Content-Length: 125
Content-Type: text/html; charset=utf-8
Date: Thu, 03 Apr 2014 18:33:37 GMT
Server: Apache
Vary: Accept-Encoding

<?xml version="1.0" encoding="utf-8" ?><response><result>1</result><adult>1</adult><userName>richard230</userName></response>
2014-04-03_15:16:22.592|I|32450|B7F7B6E0|INFO|0|104001|AllServer::_onJointAuthenExHttpAES|1|1500000080|0|GMID=1204|GWID=104001|URI=http://daybreak.globalgames.com.br/auth/|UserName=richard230|Password=07753ed041bdf1e598507acecb8ad1c1|Send3rdPassword=4a973ecf5d4b1be743e35dd2d03a161f5d53896d6a962cee7c09055c678822a8|UserID_Union=richard230|Lower=1|User_Flag=0|User_Type=0|Adult_Flag=1|User_Class=0|User_Point=0|Appendix1=0|Appendix2=0|Promoter_ID=0|User_IP=189.34.140.118|User_Port=51660|Client_MAC=00FF6B35BD7B|AD_ID=''|Hardware_SN1=''|Hardware_SN2=''|ClientType=full|NeedCheckPwd=1|TC1=28|TC2=10|TC=38
2014-04-03_15:16:22.592|I|32450|B7F7B6E0|INFO|package|1|SequenceID=136187|toRouter
2014-04-03_15:20:43.607|I|32450|B7F7B6E0|INFO|unPackage|1|pdu_len=165|orig_pdu_len=165|curr_agip_version=0x20|orig_agip_version=0x20|is_yt_version='no'|command_id=0x10003802|seq_id=138169|game_id=1204|gateway_id=104001|src_ip=192.168.177.92|src_port=59390
2014-04-03_15:20:43.607|I|32450|B7F7B6E0|INFO|HttpAuth::userAuth|Host=daybreak.globalgames.com.br|Port=80|Request=userAccount=polaris13&password=dda307357d5122bb087d86a76b597f0ecb43957559922cf1a410b3867c657033&sign=390FB1FEB22B6FAD0068C4D6918337DD
2014-04-03_15:20:43.634|I|32450|B7F7B6E0|INFO|HttpAuth::userAuth|Response=HTTP/1.1 200 OK
Connection: close
Content-Length: 124
Content-Type: text/html; charset=utf-8
Date: Thu, 03 Apr 2014 18:37:58 GMT
Server: Apache
Vary: Accept-Encoding

<?xml version="1.0" encoding="utf-8" ?><response><result>1</result><adult>1</adult><userName>polaris13</userName></response>
2014-04-03_15:20:43.640|I|32450|B7F7B6E0|INFO|0|104001|AllServer::_onJointAuthenExHttpAES|1|1500000020|0|GMID=1204|GWID=104001|URI=http://daybreak.globalgames.com.br/auth/|UserName=polaris13|Password=c3c7fdc199544358827fa0cbb78c235d|Send3rdPassword=dda307357d5122bb087d86a76b597f0ecb43957559922cf1a410b3867c657033|UserID_Union=polaris13|Lower=1|User_Flag=0|User_Type=0|Adult_Flag=1|User_Class=0|User_Point=0|Appendix1=0|Appendix2=0|Promoter_ID=0|User_IP=189.34.140.118|User_Port=56260|Client_MAC=1EC9D31E3393|AD_ID=''|Hardware_SN1=''|Hardware_SN2=''|ClientType=full|NeedCheckPwd=1|TC1=27|TC2=6|TC=33
2014-04-03_15:20:43.640|I|32450|B7F7B6E0|INFO|package|1|SequenceID=138169|toRouter
2014-04-03_15:39:51.603|I|32450|B7F7B6E0|INFO|unPackage|1|pdu_len=165|orig_pdu_len=165|curr_agip_version=0x20|orig_agip_version=0x20|is_yt_version='no'|command_id=0x10003802|seq_id=144326|game_id=1204|gateway_id=104001|src_ip=192.168.177.92|src_port=59390
2014-04-03_15:39:51.606|I|32450|B7F7B6E0|INFO|HttpAuth::userAuth|Host=daybreak.globalgames.com.br|Port=80|Request=userAccount=polaris13&password=651ec040b0414c8759f8159997cbd491eb4232f8fb9577881b18a8227b259222&sign=C97F2C06D3E1E3047D3B9684C20960EA
2014-04-03_15:39:51.645|I|32450|B7F7B6E0|INFO|HttpAuth::userAuth|Response=HTTP/1.1 200 OK
Connection: close
Content-Length: 128
Content-Type: text/html; charset=utf-8
Date: Thu, 03 Apr 2014 18:57:06 GMT
Server: Apache
Vary: Accept-Encoding

<?xml version="1.0" encoding="utf-8" ?><response><result>-1815</result><adult>1</adult><userName>polaris13</userName></response>
2014-04-03_15:39:51.646|I|32450|B7F7B6E0|INFO|0|104001|AllServer::_onJointAuthenExHttpAES|-1815|0|0|GMID=1204|GWID=104001|URI=http://daybreak.globalgames.com.br/auth/|UserName=polaris13|Password=379120234161ec55683e23fbfd907500|Send3rdPassword=651ec040b0414c8759f8159997cbd491eb4232f8fb9577881b18a8227b259222|UserID_Union=|Lower=1|User_Flag=0|User_Type=0|Adult_Flag=0|User_Class=0|User_Point=0|Appendix1=0|Appendix2=0|Promoter_ID=0|User_IP=189.34.140.118|User_Port=50998|Client_MAC=1EC9D31E3393|AD_ID=''|Hardware_SN1=''|Hardware_SN2=''|ClientType=full|NeedCheckPwd=1|TC1=43|TC2=0|TC=43
2014-04-03_15:39:51.646|I|32450|B7F7B6E0|INFO|package|1|SequenceID=144326|toRouter
2014-04-03_15:46:07.453|I|32450|B7F7B6E0|INFO|unPackage|1|pdu_len=166|orig_pdu_len=166|curr_agip_version=0x20|orig_agip_version=0x20|is_yt_version='no'|command_id=0x10003802|seq_id=147473|game_id=1204|gateway_id=104001|src_ip=192.168.177.92|src_port=59390
2014-04-03_15:46:07.456|I|32450|B7F7B6E0|INFO|HttpAuth::userAuth|Host=daybreak.globalgames.com.br|Port=80|Request=userAccount=andersongg&password=6ca4b545ec99c4edd3293b83078f4c79a9f0a2a9f1ba68ea0351b0d0d4ffae57&sign=2640EC98230C3E08F412CA15CB0D705B
2014-04-03_15:46:07.492|I|32450|B7F7B6E0|INFO|HttpAuth::userAuth|Response=HTTP/1.1 200 OK
Connection: close
Content-Length: 125
Content-Type: text/html; charset=utf-8
Date: Thu, 03 Apr 2014 19:03:22 GMT
Server: Apache
Vary: Accept-Encoding

<?xml version="1.0" encoding="utf-8" ?><response><result>1</result><adult>1</adult><userName>andersongg</userName></response>
2014-04-03_15:46:07.499|I|32450|B7F7B6E0|INFO|0|104001|AllServer::_onJointAuthenExHttpAES|1|1500000006|0|GMID=1204|GWID=104001|URI=http://daybreak.globalgames.com.br/auth/|UserName=andersongg|Password=640156a929a2966b9f8ec76b15e71994|Send3rdPassword=6ca4b545ec99c4edd3293b83078f4c79a9f0a2a9f1ba68ea0351b0d0d4ffae57|UserID_Union=andersongg|Lower=1|User_Flag=0|User_Type=0|Adult_Flag=1|User_Class=0|User_Point=0|Appendix1=0|Appendix2=0|Promoter_ID=0|User_IP=177.47.22.70|User_Port=58980|Client_MAC=00FF836BCE2B|AD_ID=''|Hardware_SN1=''|Hardware_SN2=''|ClientType=full|NeedCheckPwd=1|TC1=39|TC2=7|TC=46
2014-04-03_15:46:07.499|I|32450|B7F7B6E0|INFO|package|1|SequenceID=147473|toRouter
2014-04-03_15:48:35.306|I|32450|B7F7B6E0|INFO|unPackage|1|pdu_len=162|orig_pdu_len=162|curr_agip_version=0x20|orig_agip_version=0x20|is_yt_version='no'|command_id=0x10003802|seq_id=148381|game_id=1204|gateway_id=104001|src_ip=192.168.177.92|src_port=59390
2014-04-03_15:48:35.307|I|32450|B7F7B6E0|INFO|HttpAuth::userAuth|Host=daybreak.globalgames.com.br|Port=80|Request=userAccount=felipe&password=54f776888a662f8a57afa20e8912f3e51eb87604d132b03f9f134c5f28b350eb&sign=536B25EC9D6C3B27A5F8FEDBC9383464
2014-04-03_15:48:35.334|I|32450|B7F7B6E0|INFO|HttpAuth::userAuth|Response=HTTP/1.1 200 OK
Connection: close
Content-Length: 121
Content-Type: text/html; charset=utf-8
Date: Thu, 03 Apr 2014 19:05:50 GMT
Server: Apache
Vary: Accept-Encoding

<?xml version="1.0" encoding="utf-8" ?><response><result>1</result><adult>1</adult><userName>felipe</userName></response>
2014-04-03_15:48:35.340|I|32450|B7F7B6E0|INFO|0|104001|AllServer::_onJointAuthenExHttpAES|1|1500000060|0|GMID=1204|GWID=104001|URI=http://daybreak.globalgames.com.br/auth/|UserName=felipe|Password=ce2a2695252bc30e81d6a7585ce02fe1|Send3rdPassword=54f776888a662f8a57afa20e8912f3e51eb87604d132b03f9f134c5f28b350eb|UserID_Union=felipe|Lower=1|User_Flag=0|User_Type=0|Adult_Flag=1|User_Class=0|User_Point=0|Appendix1=0|Appendix2=0|Promoter_ID=0|User_IP=189.34.140.118|User_Port=49206|Client_MAC=000C29B5017F|AD_ID=''|Hardware_SN1=''|Hardware_SN2=''|ClientType=full|NeedCheckPwd=1|TC1=27|TC2=6|TC=34
2014-04-03_15:48:35.340|I|32450|B7F7B6E0|INFO|package|1|SequenceID=148381|toRouter
2014-04-03_16:15:16.506|I|32450|B7F7B6E0|INFO|unPackage|1|pdu_len=165|orig_pdu_len=165|curr_agip_version=0x20|orig_agip_version=0x20|is_yt_version='no'|command_id=0x10003802|seq_id=158574|game_id=1204|gateway_id=104001|src_ip=192.168.177.92|src_port=59390
2014-04-03_16:15:16.509|I|32450|B7F7B6E0|INFO|HttpAuth::userAuth|Host=daybreak.globalgames.com.br|Port=80|Request=userAccount=polaris13&password=dda307357d5122bb087d86a76b597f0ecb43957559922cf1a410b3867c657033&sign=390FB1FEB22B6FAD0068C4D6918337DD
2014-04-03_16:15:16.593|I|32450|B7F7B6E0|INFO|HttpAuth::userAuth|Response=HTTP/1.1 200 OK
Connection: close
Content-Length: 124
Content-Type: text/html; charset=utf-8
Date: Thu, 03 Apr 2014 19:32:31 GMT
Server: Apache
Vary: Accept-Encoding

<?xml version="1.0" encoding="utf-8" ?><response><result>1</result><adult>1</adult><userName>polaris13</userName></response>
2014-04-03_16:15:16.600|I|32450|B7F7B6E0|INFO|0|104001|AllServer::_onJointAuthenExHttpAES|1|1500000020|0|GMID=1204|GWID=104001|URI=http://daybreak.globalgames.com.br/auth/|UserName=polaris13|Password=c3c7fdc199544358827fa0cbb78c235d|Send3rdPassword=dda307357d5122bb087d86a76b597f0ecb43957559922cf1a410b3867c657033|UserID_Union=polaris13|Lower=1|User_Flag=0|User_Type=0|Adult_Flag=1|User_Class=0|User_Point=0|Appendix1=0|Appendix2=0|Promoter_ID=0|User_IP=189.34.140.118|User_Port=60850|Client_MAC=1EC9D31E3393|AD_ID=''|Hardware_SN1=''|Hardware_SN2=''|ClientType=full|NeedCheckPwd=1|TC1=87|TC2=7|TC=94
2014-04-03_16:15:16.600|I|32450|B7F7B6E0|INFO|package|1|SequenceID=158574|toRouter
2014-04-03_16:32:38.697|I|32450|B7F7B6E0|INFO|unPackage|1|pdu_len=165|orig_pdu_len=165|curr_agip_version=0x20|orig_agip_version=0x20|is_yt_version='no'|command_id=0x10003802|seq_id=160743|game_id=1204|gateway_id=104001|src_ip=192.168.177.92|src_port=59390
2014-04-03_16:32:38.698|I|32450|B7F7B6E0|INFO|HttpAuth::userAuth|Host=daybreak.globalgames.com.br|Port=80|Request=userAccount=polaris13&password=dda307357d5122bb087d86a76b597f0ecb43957559922cf1a410b3867c657033&sign=390FB1FEB22B6FAD0068C4D6918337DD
2014-04-03_16:32:38.749|I|32450|B7F7B6E0|INFO|HttpAuth::userAuth|Response=HTTP/1.1 200 OK
Connection: close
Content-Length: 124
Content-Type: text/html; charset=utf-8
Date: Thu, 03 Apr 2014 19:49:53 GMT
Server: Apache
Vary: Accept-Encoding

<?xml version="1.0" encoding="utf-8" ?><response><result>1</result><adult>1</adult><userName>polaris13</userName></response>
2014-04-03_16:32:38.756|I|32450|B7F7B6E0|INFO|0|104001|AllServer::_onJointAuthenExHttpAES|1|1500000020|0|GMID=1204|GWID=104001|URI=http://daybreak.globalgames.com.br/auth/|UserName=polaris13|Password=c3c7fdc199544358827fa0cbb78c235d|Send3rdPassword=dda307357d5122bb087d86a76b597f0ecb43957559922cf1a410b3867c657033|UserID_Union=polaris13|Lower=1|User_Flag=0|User_Type=0|Adult_Flag=1|User_Class=0|User_Point=0|Appendix1=0|Appendix2=0|Promoter_ID=0|User_IP=189.34.140.118|User_Port=51938|Client_MAC=1EC9D31E3393|AD_ID=''|Hardware_SN1=''|Hardware_SN2=''|ClientType=full|NeedCheckPwd=1|TC1=53|TC2=6|TC=59
2014-04-03_16:32:38.756|I|32450|B7F7B6E0|INFO|package|1|SequenceID=160743|toRouter
2014-04-03_16:36:45.951|I|32450|B7F7B6E0|INFO|unPackage|1|pdu_len=165|orig_pdu_len=165|curr_agip_version=0x20|orig_agip_version=0x20|is_yt_version='no'|command_id=0x10003802|seq_id=160776|game_id=1204|gateway_id=104001|src_ip=192.168.177.92|src_port=59390
2014-04-03_16:36:45.953|I|32450|B7F7B6E0|INFO|HttpAuth::userAuth|Host=daybreak.globalgames.com.br|Port=80|Request=userAccount=polaris13&password=dda307357d5122bb087d86a76b597f0ecb43957559922cf1a410b3867c657033&sign=390FB1FEB22B6FAD0068C4D6918337DD
2014-04-03_16:36:45.984|I|32450|B7F7B6E0|INFO|HttpAuth::userAuth|Response=HTTP/1.1 200 OK
Connection: close
Content-Length: 124
Content-Type: text/html; charset=utf-8
Date: Thu, 03 Apr 2014 19:54:00 GMT
Server: Apache
Vary: Accept-Encoding

<?xml version="1.0" encoding="utf-8" ?><response><result>1</result><adult>1</adult><userName>polaris13</userName></response>
2014-04-03_16:36:45.991|I|32450|B7F7B6E0|INFO|0|104001|AllServer::_onJointAuthenExHttpAES|1|1500000020|0|GMID=1204|GWID=104001|URI=http://daybreak.globalgames.com.br/auth/|UserName=polaris13|Password=c3c7fdc199544358827fa0cbb78c235d|Send3rdPassword=dda307357d5122bb087d86a76b597f0ecb43957559922cf1a410b3867c657033|UserID_Union=polaris13|Lower=1|User_Flag=0|User_Type=0|Adult_Flag=1|User_Class=0|User_Point=0|Appendix1=0|Appendix2=0|Promoter_ID=0|User_IP=189.34.140.118|User_Port=49940|Client_MAC=1EC9D31E3393|AD_ID=''|Hardware_SN1=''|Hardware_SN2=''|ClientType=full|NeedCheckPwd=1|TC1=34|TC2=6|TC=40
2014-04-03_16:36:45.991|I|32450|B7F7B6E0|INFO|package|1|SequenceID=160776|toRouter
2014-04-03_17:27:52.902|I|32450|B7F7B6E0|INFO|unPackage|1|pdu_len=164|orig_pdu_len=164|curr_agip_version=0x20|orig_agip_version=0x20|is_yt_version='no'|command_id=0x10003802|seq_id=163147|game_id=1204|gateway_id=104001|src_ip=192.168.177.92|src_port=59390
2014-04-03_17:27:52.903|I|32450|B7F7B6E0|INFO|HttpAuth::userAuth|Host=daybreak.globalgames.com.br|Port=80|Request=userAccount=richard3&password=d5ddbff4995734213c9aeb61d8227b0ac40d17a0ca5b52789caeb0b50722b46f&sign=764A13913BAAD88B15C5F33AE47B6521
2014-04-03_17:27:52.939|I|32450|B7F7B6E0|INFO|HttpAuth::userAuth|Response=HTTP/1.1 200 OK
Connection: close
Content-Length: 123
Content-Type: text/html; charset=utf-8
Date: Thu, 03 Apr 2014 20:45:07 GMT
Server: Apache
Vary: Accept-Encoding

<?xml version="1.0" encoding="utf-8" ?><response><result>1</result><adult>1</adult><userName>richard3</userName></response>
2014-04-03_17:27:52.946|I|32450|B7F7B6E0|INFO|0|104001|AllServer::_onJointAuthenExHttpAES|1|1500000007|0|GMID=1204|GWID=104001|URI=http://daybreak.globalgames.com.br/auth/|UserName=richard3|Password=b45441068b0371dad184621bf09b7e4e|Send3rdPassword=d5ddbff4995734213c9aeb61d8227b0ac40d17a0ca5b52789caeb0b50722b46f|UserID_Union=richard3|Lower=1|User_Flag=0|User_Type=0|Adult_Flag=1|User_Class=0|User_Point=0|Appendix1=0|Appendix2=0|Promoter_ID=0|User_IP=189.34.140.118|User_Port=63652|Client_MAC=00FF6B35BD7B|AD_ID=''|Hardware_SN1=''|Hardware_SN2=''|ClientType=full|NeedCheckPwd=1|TC1=38|TC2=6|TC=44
2014-04-03_17:27:52.946|I|32450|B7F7B6E0|INFO|package|1|SequenceID=163147|toRouter
