2014-05-13_09:50:25.169|I|4146|B3A3E6E0|INFO|unPackage|1|pdu_len=163|orig_pdu_len=163|curr_agip_version=0x20|orig_agip_version=0x20|is_yt_version='no'|command_id=0x10003802|seq_id=38877|game_id=1204|gateway_id=104001|src_ip=192.168.177.92|src_port=38563
2014-05-13_09:50:25.171|I|4146|B3A3E6E0|INFO|HttpAuth::userAuth|Host=daybreak.globalgames.com.br|Port=80|Request=userAccount=pedrao6&password=a1ebfa99a7bcc9e2167c5e6c52968e369375ce792d1a3e53f74e00c4dbc40a08&sign=EE5545964F47172744EC8BF723A7A073
2014-05-13_09:50:25.198|I|4146|B3A3E6E0|INFO|HttpAuth::userAuth|Response=HTTP/1.1 200 OK
Connection: close
Content-Length: 122
Content-Type: text/html; charset=utf-8
Date: Mon, 12 May 2014 12:20:20 GMT
Server: Apache
Vary: Accept-Encoding

<?xml version="1.0" encoding="utf-8" ?><response><result>1</result><adult>1</adult><userName>pedrao6</userName></response>
2014-05-13_09:50:25.203|I|4146|B3A3E6E0|INFO|0|104001|AllServer::_onJointAuthenExHttpAES|1|1500000027|0|GMID=1204|GWID=104001|URI=http://daybreak.globalgames.com.br/auth/|UserName=pedrao6|Password=d7557567513282b9153de0a2b8aaf125|Send3rdPassword=a1ebfa99a7bcc9e2167c5e6c52968e369375ce792d1a3e53f74e00c4dbc40a08|UserID_Union=pedrao6|Lower=1|User_Flag=0|User_Type=0|Adult_Flag=1|User_Class=0|User_Point=0|Appendix1=0|Appendix2=0|Promoter_ID=0|User_IP=179.215.89.170|User_Port=64901|Client_MAC=C61731FE4111|AD_ID=''|Hardware_SN1=''|Hardware_SN2=''|ClientType=full|NeedCheckPwd=1|TC1=29|TC2=5|TC=34
2014-05-13_09:50:25.203|I|4146|B3A3E6E0|INFO|package|1|SequenceID=38877|toRouter
2014-05-13_11:07:56.452|I|4146|B3A3E6E0|INFO|unPackage|1|pdu_len=163|orig_pdu_len=163|curr_agip_version=0x20|orig_agip_version=0x20|is_yt_version='no'|command_id=0x10003802|seq_id=39462|game_id=1204|gateway_id=104001|src_ip=192.168.177.92|src_port=38563
2014-05-13_11:07:56.455|I|4146|B3A3E6E0|INFO|HttpAuth::userAuth|Host=daybreak.globalgames.com.br|Port=80|Request=userAccount=richard&password=d5ddbff4995734213c9aeb61d8227b0ac40d17a0ca5b52789caeb0b50722b46f&sign=58AC3A54912E2752A05DFA90E8813AD2
2014-05-13_11:07:56.482|I|4146|B3A3E6E0|INFO|HttpAuth::userAuth|Response=HTTP/1.1 200 OK
Connection: close
Content-Length: 122
Content-Type: text/html; charset=utf-8
Date: Mon, 12 May 2014 13:38:18 GMT
Server: Apache
Vary: Accept-Encoding

<?xml version="1.0" encoding="utf-8" ?><response><result>1</result><adult>1</adult><userName>richard</userName></response>
2014-05-13_11:07:56.486|I|4146|B3A3E6E0|INFO|0|104001|AllServer::_onJointAuthenExHttpAES|1|1500000010|0|GMID=1204|GWID=104001|URI=http://daybreak.globalgames.com.br/auth/|UserName=richard|Password=b45441068b0371dad184621bf09b7e4e|Send3rdPassword=d5ddbff4995734213c9aeb61d8227b0ac40d17a0ca5b52789caeb0b50722b46f|UserID_Union=richard|Lower=1|User_Flag=0|User_Type=0|Adult_Flag=1|User_Class=0|User_Point=0|Appendix1=0|Appendix2=0|Promoter_ID=0|User_IP=179.215.89.170|User_Port=49936|Client_MAC=00FF6B35BD7B|AD_ID=''|Hardware_SN1=''|Hardware_SN2=''|ClientType=full|NeedCheckPwd=1|TC1=30|TC2=4|TC=34
2014-05-13_11:07:56.486|I|4146|B3A3E6E0|INFO|package|1|SequenceID=39462|toRouter
2014-05-13_12:41:06.025|I|4146|B3A3E6E0|INFO|unPackage|1|pdu_len=163|orig_pdu_len=163|curr_agip_version=0x20|orig_agip_version=0x20|is_yt_version='no'|command_id=0x10003802|seq_id=40165|game_id=1204|gateway_id=104001|src_ip=192.168.177.92|src_port=38563
2014-05-13_12:41:06.028|I|4146|B3A3E6E0|INFO|HttpAuth::userAuth|Host=daybreak.globalgames.com.br|Port=80|Request=userAccount=richard&password=d5ddbff4995734213c9aeb61d8227b0ac40d17a0ca5b52789caeb0b50722b46f&sign=58AC3A54912E2752A05DFA90E8813AD2
2014-05-13_12:41:06.055|I|4146|B3A3E6E0|INFO|HttpAuth::userAuth|Response=HTTP/1.1 200 OK
Connection: close
Content-Length: 122
Content-Type: text/html; charset=utf-8
Date: Mon, 12 May 2014 15:12:00 GMT
Server: Apache
Vary: Accept-Encoding

<?xml version="1.0" encoding="utf-8" ?><response><result>1</result><adult>1</adult><userName>richard</userName></response>
2014-05-13_12:41:06.059|I|4146|B3A3E6E0|INFO|0|104001|AllServer::_onJointAuthenExHttpAES|1|1500000010|0|GMID=1204|GWID=104001|URI=http://daybreak.globalgames.com.br/auth/|UserName=richard|Password=b45441068b0371dad184621bf09b7e4e|Send3rdPassword=d5ddbff4995734213c9aeb61d8227b0ac40d17a0ca5b52789caeb0b50722b46f|UserID_Union=richard|Lower=1|User_Flag=0|User_Type=0|Adult_Flag=1|User_Class=0|User_Point=0|Appendix1=0|Appendix2=0|Promoter_ID=0|User_IP=179.215.89.170|User_Port=62132|Client_MAC=00FF6B35BD7B|AD_ID=''|Hardware_SN1=''|Hardware_SN2=''|ClientType=full|NeedCheckPwd=1|TC1=30|TC2=4|TC=34
2014-05-13_12:41:06.059|I|4146|B3A3E6E0|INFO|package|1|SequenceID=40165|toRouter
2014-05-13_14:12:06.311|I|4146|B3A3E6E0|INFO|unPackage|1|pdu_len=163|orig_pdu_len=163|curr_agip_version=0x20|orig_agip_version=0x20|is_yt_version='no'|command_id=0x10003802|seq_id=40847|game_id=1204|gateway_id=104001|src_ip=192.168.177.92|src_port=38563
2014-05-13_14:12:06.314|I|4146|B3A3E6E0|INFO|HttpAuth::userAuth|Host=daybreak.globalgames.com.br|Port=80|Request=userAccount=richard&password=d5ddbff4995734213c9aeb61d8227b0ac40d17a0ca5b52789caeb0b50722b46f&sign=58AC3A54912E2752A05DFA90E8813AD2
2014-05-13_14:12:06.436|I|4146|B3A3E6E0|INFO|HttpAuth::userAuth|Response=HTTP/1.1 200 OK
Connection: close
Content-Length: 122
Content-Type: text/html; charset=utf-8
Date: Mon, 12 May 2014 16:43:32 GMT
Server: Apache
Vary: Accept-Encoding

<?xml version="1.0" encoding="utf-8" ?><response><result>1</result><adult>1</adult><userName>richard</userName></response>
2014-05-13_14:12:06.441|I|4146|B3A3E6E0|INFO|0|104001|AllServer::_onJointAuthenExHttpAES|1|1500000010|0|GMID=1204|GWID=104001|URI=http://daybreak.globalgames.com.br/auth/|UserName=richard|Password=b45441068b0371dad184621bf09b7e4e|Send3rdPassword=d5ddbff4995734213c9aeb61d8227b0ac40d17a0ca5b52789caeb0b50722b46f|UserID_Union=richard|Lower=1|User_Flag=0|User_Type=0|Adult_Flag=1|User_Class=0|User_Point=0|Appendix1=0|Appendix2=0|Promoter_ID=0|User_IP=179.215.89.170|User_Port=62430|Client_MAC=00FF6B35BD7B|AD_ID=''|Hardware_SN1=''|Hardware_SN2=''|ClientType=full|NeedCheckPwd=1|TC1=125|TC2=5|TC=130
2014-05-13_14:12:06.441|I|4146|B3A3E6E0|INFO|package|1|SequenceID=40847|toRouter
2014-05-13_15:40:55.528|I|4146|B3A3E6E0|INFO|unPackage|1|pdu_len=163|orig_pdu_len=163|curr_agip_version=0x20|orig_agip_version=0x20|is_yt_version='no'|command_id=0x10003802|seq_id=41513|game_id=1204|gateway_id=104001|src_ip=192.168.177.92|src_port=38563
2014-05-13_15:40:55.530|I|4146|B3A3E6E0|INFO|HttpAuth::userAuth|Host=daybreak.globalgames.com.br|Port=80|Request=userAccount=pedrao6&password=a1ebfa99a7bcc9e2167c5e6c52968e369375ce792d1a3e53f74e00c4dbc40a08&sign=EE5545964F47172744EC8BF723A7A073
2014-05-13_15:40:55.558|I|4146|B3A3E6E0|INFO|HttpAuth::userAuth|Response=HTTP/1.1 200 OK
Connection: close
Content-Length: 122
Content-Type: text/html; charset=utf-8
Date: Mon, 12 May 2014 18:12:53 GMT
Server: Apache
Vary: Accept-Encoding

<?xml version="1.0" encoding="utf-8" ?><response><result>1</result><adult>1</adult><userName>pedrao6</userName></response>
2014-05-13_15:40:55.562|I|4146|B3A3E6E0|INFO|0|104001|AllServer::_onJointAuthenExHttpAES|1|1500000027|0|GMID=1204|GWID=104001|URI=http://daybreak.globalgames.com.br/auth/|UserName=pedrao6|Password=d7557567513282b9153de0a2b8aaf125|Send3rdPassword=a1ebfa99a7bcc9e2167c5e6c52968e369375ce792d1a3e53f74e00c4dbc40a08|UserID_Union=pedrao6|Lower=1|User_Flag=0|User_Type=0|Adult_Flag=1|User_Class=0|User_Point=0|Appendix1=0|Appendix2=0|Promoter_ID=0|User_IP=179.215.89.170|User_Port=51885|Client_MAC=C61731FE4111|AD_ID=''|Hardware_SN1=''|Hardware_SN2=''|ClientType=full|NeedCheckPwd=1|TC1=30|TC2=4|TC=34
2014-05-13_15:40:55.562|I|4146|B3A3E6E0|INFO|package|1|SequenceID=41513|toRouter
2014-05-13_15:48:38.956|I|4146|B3A3E6E0|INFO|unPackage|1|pdu_len=163|orig_pdu_len=163|curr_agip_version=0x20|orig_agip_version=0x20|is_yt_version='no'|command_id=0x10003802|seq_id=41574|game_id=1204|gateway_id=104001|src_ip=192.168.177.92|src_port=38563
2014-05-13_15:48:38.959|I|4146|B3A3E6E0|INFO|HttpAuth::userAuth|Host=daybreak.globalgames.com.br|Port=80|Request=userAccount=pedrao7&password=a1ebfa99a7bcc9e2167c5e6c52968e369375ce792d1a3e53f74e00c4dbc40a08&sign=AD6540B583731E220BD24740F98355E0
2014-05-13_15:48:38.979|I|4146|B3A3E6E0|INFO|HttpAuth::userAuth|Response=HTTP/1.1 200 OK
Connection: close
Content-Length: 122
Content-Type: text/html; charset=utf-8
Date: Mon, 12 May 2014 18:20:39 GMT
Server: Apache
Vary: Accept-Encoding

<?xml version="1.0" encoding="utf-8" ?><response><result>1</result><adult>1</adult><userName>pedrao7</userName></response>
2014-05-13_15:48:38.983|I|4146|B3A3E6E0|INFO|0|104001|AllServer::_onJointAuthenExHttpAES|1|1500000040|0|GMID=1204|GWID=104001|URI=http://daybreak.globalgames.com.br/auth/|UserName=pedrao7|Password=d7557567513282b9153de0a2b8aaf125|Send3rdPassword=a1ebfa99a7bcc9e2167c5e6c52968e369375ce792d1a3e53f74e00c4dbc40a08|UserID_Union=pedrao7|Lower=1|User_Flag=0|User_Type=0|Adult_Flag=1|User_Class=0|User_Point=0|Appendix1=0|Appendix2=0|Promoter_ID=0|User_IP=179.215.89.170|User_Port=49214|Client_MAC=00FF0A4FAD54|AD_ID=''|Hardware_SN1=''|Hardware_SN2=''|ClientType=full|NeedCheckPwd=1|TC1=23|TC2=4|TC=27
2014-05-13_15:48:38.983|I|4146|B3A3E6E0|INFO|package|1|SequenceID=41574|toRouter
2014-05-13_15:49:23.290|I|4146|B3A3E6E0|INFO|unPackage|1|pdu_len=163|orig_pdu_len=163|curr_agip_version=0x20|orig_agip_version=0x20|is_yt_version='no'|command_id=0x10003802|seq_id=41581|game_id=1204|gateway_id=104001|src_ip=192.168.177.92|src_port=38563
2014-05-13_15:49:23.291|I|4146|B3A3E6E0|INFO|HttpAuth::userAuth|Host=daybreak.globalgames.com.br|Port=80|Request=userAccount=pedrao8&password=a1ebfa99a7bcc9e2167c5e6c52968e369375ce792d1a3e53f74e00c4dbc40a08&sign=D961A074D5C96F721F2638EDEC9AA5DD
2014-05-13_15:49:23.329|I|4146|B3A3E6E0|INFO|HttpAuth::userAuth|Response=HTTP/1.1 200 OK
Connection: close
Content-Length: 122
Content-Type: text/html; charset=utf-8
Date: Mon, 12 May 2014 18:21:23 GMT
Server: Apache
Vary: Accept-Encoding

<?xml version="1.0" encoding="utf-8" ?><response><result>1</result><adult>1</adult><userName>pedrao8</userName></response>
2014-05-13_15:49:23.333|I|4146|B3A3E6E0|INFO|0|104001|AllServer::_onJointAuthenExHttpAES|1|1500000043|0|GMID=1204|GWID=104001|URI=http://daybreak.globalgames.com.br/auth/|UserName=pedrao8|Password=d7557567513282b9153de0a2b8aaf125|Send3rdPassword=a1ebfa99a7bcc9e2167c5e6c52968e369375ce792d1a3e53f74e00c4dbc40a08|UserID_Union=pedrao8|Lower=1|User_Flag=0|User_Type=0|Adult_Flag=1|User_Class=0|User_Point=0|Appendix1=0|Appendix2=0|Promoter_ID=0|User_IP=179.215.89.170|User_Port=49231|Client_MAC=00FF0A4FAD54|AD_ID=''|Hardware_SN1=''|Hardware_SN2=''|ClientType=full|NeedCheckPwd=1|TC1=39|TC2=4|TC=43
2014-05-13_15:49:23.333|I|4146|B3A3E6E0|INFO|package|1|SequenceID=41581|toRouter
2014-05-13_15:50:16.927|I|4146|B3A3E6E0|INFO|unPackage|1|pdu_len=163|orig_pdu_len=163|curr_agip_version=0x20|orig_agip_version=0x20|is_yt_version='no'|command_id=0x10003802|seq_id=41590|game_id=1204|gateway_id=104001|src_ip=192.168.177.92|src_port=38563
2014-05-13_15:50:16.927|I|4146|B3A3E6E0|INFO|HttpAuth::userAuth|Host=daybreak.globalgames.com.br|Port=80|Request=userAccount=pedrao9&password=a1ebfa99a7bcc9e2167c5e6c52968e369375ce792d1a3e53f74e00c4dbc40a08&sign=60268BCE9BB5956DC250F0CB63C50083
2014-05-13_15:50:19.736|I|4146|B3A3E6E0|INFO|HttpAuth::userAuth|Response=HTTP/1.1 200 OK
Connection: close
Content-Length: 122
Content-Type: text/html; charset=utf-8
Date: Mon, 12 May 2014 18:22:17 GMT
Server: Apache
Vary: Accept-Encoding

<?xml version="1.0" encoding="utf-8" ?><response><result>1</result><adult>1</adult><userName>pedrao9</userName></response>
2014-05-13_15:50:19.740|I|4146|B3A3E6E0|INFO|0|104001|AllServer::_onJointAuthenExHttpAES|1|1500000046|0|GMID=1204|GWID=104001|URI=http://daybreak.globalgames.com.br/auth/|UserName=pedrao9|Password=d7557567513282b9153de0a2b8aaf125|Send3rdPassword=a1ebfa99a7bcc9e2167c5e6c52968e369375ce792d1a3e53f74e00c4dbc40a08|UserID_Union=pedrao9|Lower=1|User_Flag=0|User_Type=0|Adult_Flag=1|User_Class=0|User_Point=0|Appendix1=0|Appendix2=0|Promoter_ID=0|User_IP=179.215.89.170|User_Port=49248|Client_MAC=00FF0A4FAD54|AD_ID=''|Hardware_SN1=''|Hardware_SN2=''|ClientType=full|NeedCheckPwd=1|TC1=2810|TC2=3|TC=2813
2014-05-13_15:50:19.741|I|4146|B3A3E6E0|INFO|package|1|SequenceID=41590|toRouter
2014-05-13_15:50:34.874|I|4146|B3A3E6E0|INFO|unPackage|1|pdu_len=164|orig_pdu_len=164|curr_agip_version=0x20|orig_agip_version=0x20|is_yt_version='no'|command_id=0x10003802|seq_id=41594|game_id=1204|gateway_id=104001|src_ip=192.168.177.92|src_port=38563
2014-05-13_15:50:34.875|I|4146|B3A3E6E0|INFO|HttpAuth::userAuth|Host=daybreak.globalgames.com.br|Port=80|Request=userAccount=pedrao10&password=a1ebfa99a7bcc9e2167c5e6c52968e369375ce792d1a3e53f74e00c4dbc40a08&sign=008842DCD091C2B414F482F869B46F93
2014-05-13_15:50:34.902|I|4146|B3A3E6E0|INFO|HttpAuth::userAuth|Response=HTTP/1.1 200 OK
Connection: close
Content-Length: 123
Content-Type: text/html; charset=utf-8
Date: Mon, 12 May 2014 18:22:35 GMT
Server: Apache
Vary: Accept-Encoding

<?xml version="1.0" encoding="utf-8" ?><response><result>1</result><adult>1</adult><userName>pedrao10</userName></response>
2014-05-13_15:50:34.906|I|4146|B3A3E6E0|INFO|0|104001|AllServer::_onJointAuthenExHttpAES|1|1500000044|0|GMID=1204|GWID=104001|URI=http://daybreak.globalgames.com.br/auth/|UserName=pedrao10|Password=d7557567513282b9153de0a2b8aaf125|Send3rdPassword=a1ebfa99a7bcc9e2167c5e6c52968e369375ce792d1a3e53f74e00c4dbc40a08|UserID_Union=pedrao10|Lower=1|User_Flag=0|User_Type=0|Adult_Flag=1|User_Class=0|User_Point=0|Appendix1=0|Appendix2=0|Promoter_ID=0|User_IP=179.215.89.170|User_Port=49249|Client_MAC=00FF0A4FAD54|AD_ID=''|Hardware_SN1=''|Hardware_SN2=''|ClientType=full|NeedCheckPwd=1|TC1=28|TC2=4|TC=32
2014-05-13_15:50:34.906|I|4146|B3A3E6E0|INFO|package|1|SequenceID=41594|toRouter
2014-05-13_15:51:38.855|I|4146|B3A3E6E0|INFO|unPackage|1|pdu_len=164|orig_pdu_len=164|curr_agip_version=0x20|orig_agip_version=0x20|is_yt_version='no'|command_id=0x10003802|seq_id=41604|game_id=1204|gateway_id=104001|src_ip=192.168.177.92|src_port=38563
2014-05-13_15:51:38.856|I|4146|B3A3E6E0|INFO|HttpAuth::userAuth|Host=daybreak.globalgames.com.br|Port=80|Request=userAccount=pedrao12&password=a1ebfa99a7bcc9e2167c5e6c52968e369375ce792d1a3e53f74e00c4dbc40a08&sign=BF3FE7DA23B03D7F4BA531A2C8A2326F
2014-05-13_15:51:38.883|I|4146|B3A3E6E0|INFO|HttpAuth::userAuth|Response=HTTP/1.1 200 OK
Connection: close
Content-Length: 123
Content-Type: text/html; charset=utf-8
Date: Mon, 12 May 2014 18:23:40 GMT
Server: Apache
Vary: Accept-Encoding

<?xml version="1.0" encoding="utf-8" ?><response><result>1</result><adult>1</adult><userName>pedrao12</userName></response>
2014-05-13_15:51:38.888|I|4146|B3A3E6E0|INFO|0|104001|AllServer::_onJointAuthenExHttpAES|1|1500000054|0|GMID=1204|GWID=104001|URI=http://daybreak.globalgames.com.br/auth/|UserName=pedrao12|Password=d7557567513282b9153de0a2b8aaf125|Send3rdPassword=a1ebfa99a7bcc9e2167c5e6c52968e369375ce792d1a3e53f74e00c4dbc40a08|UserID_Union=pedrao12|Lower=1|User_Flag=0|User_Type=0|Adult_Flag=1|User_Class=0|User_Point=0|Appendix1=0|Appendix2=0|Promoter_ID=0|User_IP=179.215.89.170|User_Port=49270|Client_MAC=00FF0A4FAD54|AD_ID=''|Hardware_SN1=''|Hardware_SN2=''|ClientType=full|NeedCheckPwd=1|TC1=29|TC2=4|TC=33
2014-05-13_15:51:38.888|I|4146|B3A3E6E0|INFO|package|1|SequenceID=41604|toRouter
2014-05-13_15:52:45.374|I|4146|B3A3E6E0|INFO|unPackage|1|pdu_len=164|orig_pdu_len=164|curr_agip_version=0x20|orig_agip_version=0x20|is_yt_version='no'|command_id=0x10003802|seq_id=41614|game_id=1204|gateway_id=104001|src_ip=192.168.177.92|src_port=38563
2014-05-13_15:52:45.375|I|4146|B3A3E6E0|INFO|HttpAuth::userAuth|Host=daybreak.globalgames.com.br|Port=80|Request=userAccount=pedrao13&password=a1ebfa99a7bcc9e2167c5e6c52968e369375ce792d1a3e53f74e00c4dbc40a08&sign=EA5FF750B364DC5B0712BAFEC5E01B85
2014-05-13_15:52:45.541|I|4146|B3A3E6E0|INFO|HttpAuth::userAuth|Response=HTTP/1.1 200 OK
Connection: close
Content-Length: 123
Content-Type: text/html; charset=utf-8
Date: Mon, 12 May 2014 18:24:47 GMT
Server: Apache
Vary: Accept-Encoding

<?xml version="1.0" encoding="utf-8" ?><response><result>1</result><adult>1</adult><userName>pedrao13</userName></response>
2014-05-13_15:52:45.546|I|4146|B3A3E6E0|INFO|0|104001|AllServer::_onJointAuthenExHttpAES|1|1500000068|0|GMID=1204|GWID=104001|URI=http://daybreak.globalgames.com.br/auth/|UserName=pedrao13|Password=d7557567513282b9153de0a2b8aaf125|Send3rdPassword=a1ebfa99a7bcc9e2167c5e6c52968e369375ce792d1a3e53f74e00c4dbc40a08|UserID_Union=pedrao13|Lower=1|User_Flag=0|User_Type=0|Adult_Flag=1|User_Class=0|User_Point=0|Appendix1=0|Appendix2=0|Promoter_ID=0|User_IP=179.215.89.170|User_Port=49282|Client_MAC=00FF0A4FAD54|AD_ID=''|Hardware_SN1=''|Hardware_SN2=''|ClientType=full|NeedCheckPwd=1|TC1=168|TC2=4|TC=172
2014-05-13_15:52:45.546|I|4146|B3A3E6E0|INFO|package|1|SequenceID=41614|toRouter
2014-05-13_16:14:58.183|I|4146|B3A3E6E0|INFO|unPackage|1|pdu_len=166|orig_pdu_len=166|curr_agip_version=0x20|orig_agip_version=0x20|is_yt_version='no'|command_id=0x10003802|seq_id=41782|game_id=1204|gateway_id=104001|src_ip=192.168.177.92|src_port=38563
2014-05-13_16:14:58.186|I|4146|B3A3E6E0|INFO|HttpAuth::userAuth|Host=daybreak.globalgames.com.br|Port=80|Request=userAccount=richard330&password=4a973ecf5d4b1be743e35dd2d03a161f5d53896d6a962cee7c09055c678822a8&sign=4AE386B5072F8A5069CBD43B8E69C6E8
2014-05-13_16:14:58.217|I|4146|B3A3E6E0|INFO|HttpAuth::userAuth|Response=HTTP/1.1 200 OK
Connection: close
Content-Length: 129
Content-Type: text/html; charset=utf-8
Date: Mon, 12 May 2014 18:47:07 GMT
Server: Apache
Vary: Accept-Encoding

<?xml version="1.0" encoding="utf-8" ?><response><result>-1815</result><adult>1</adult><userName>richard330</userName></response>
2014-05-13_16:14:58.217|I|4146|B3A3E6E0|INFO|0|104001|AllServer::_onJointAuthenExHttpAES|-1815|0|0|GMID=1204|GWID=104001|URI=http://daybreak.globalgames.com.br/auth/|UserName=richard330|Password=07753ed041bdf1e598507acecb8ad1c1|Send3rdPassword=4a973ecf5d4b1be743e35dd2d03a161f5d53896d6a962cee7c09055c678822a8|UserID_Union=|Lower=1|User_Flag=0|User_Type=0|Adult_Flag=0|User_Class=0|User_Point=0|Appendix1=0|Appendix2=0|Promoter_ID=0|User_IP=179.215.89.170|User_Port=49311|Client_MAC=00FF0A4FAD54|AD_ID=''|Hardware_SN1=''|Hardware_SN2=''|ClientType=full|NeedCheckPwd=1|TC1=34|TC2=0|TC=34
2014-05-13_16:14:58.217|I|4146|B3A3E6E0|INFO|package|1|SequenceID=41782|toRouter
2014-05-13_16:15:09.294|I|4146|B3A3E6E0|INFO|unPackage|1|pdu_len=164|orig_pdu_len=164|curr_agip_version=0x20|orig_agip_version=0x20|is_yt_version='no'|command_id=0x10003802|seq_id=41784|game_id=1204|gateway_id=104001|src_ip=192.168.177.92|src_port=38563
2014-05-13_16:15:09.294|I|4146|B3A3E6E0|INFO|HttpAuth::userAuth|Host=daybreak.globalgames.com.br|Port=80|Request=userAccount=richard3&password=d5ddbff4995734213c9aeb61d8227b0ac40d17a0ca5b52789caeb0b50722b46f&sign=764A13913BAAD88B15C5F33AE47B6521
2014-05-13_16:15:11.065|I|4146|B3A3E6E0|INFO|HttpAuth::userAuth|Response=HTTP/1.1 200 OK
Connection: close
Content-Length: 123
Content-Type: text/html; charset=utf-8
Date: Mon, 12 May 2014 18:47:20 GMT
Server: Apache
Vary: Accept-Encoding

<?xml version="1.0" encoding="utf-8" ?><response><result>1</result><adult>1</adult><userName>richard3</userName></response>
2014-05-13_16:15:11.070|I|4146|B3A3E6E0|INFO|0|104001|AllServer::_onJointAuthenExHttpAES|1|1500000007|0|GMID=1204|GWID=104001|URI=http://daybreak.globalgames.com.br/auth/|UserName=richard3|Password=b45441068b0371dad184621bf09b7e4e|Send3rdPassword=d5ddbff4995734213c9aeb61d8227b0ac40d17a0ca5b52789caeb0b50722b46f|UserID_Union=richard3|Lower=1|User_Flag=0|User_Type=0|Adult_Flag=1|User_Class=0|User_Point=0|Appendix1=0|Appendix2=0|Promoter_ID=0|User_IP=179.215.89.170|User_Port=49312|Client_MAC=00FF0A4FAD54|AD_ID=''|Hardware_SN1=''|Hardware_SN2=''|ClientType=full|NeedCheckPwd=1|TC1=1771|TC2=5|TC=1776
2014-05-13_16:15:11.070|I|4146|B3A3E6E0|INFO|package|1|SequenceID=41784|toRouter
2014-05-13_16:23:04.937|I|4146|B3A3E6E0|INFO|unPackage|1|pdu_len=164|orig_pdu_len=164|curr_agip_version=0x20|orig_agip_version=0x20|is_yt_version='no'|command_id=0x10003802|seq_id=41847|game_id=1204|gateway_id=104001|src_ip=192.168.177.92|src_port=38563
2014-05-13_16:23:04.939|I|4146|B3A3E6E0|INFO|HttpAuth::userAuth|Host=daybreak.globalgames.com.br|Port=80|Request=userAccount=richard3&password=d5ddbff4995734213c9aeb61d8227b0ac40d17a0ca5b52789caeb0b50722b46f&sign=764A13913BAAD88B15C5F33AE47B6521
2014-05-13_16:23:05.464|I|4146|B3A3E6E0|INFO|HttpAuth::userAuth|Response=HTTP/1.1 200 OK
Connection: close
Content-Length: 123
Content-Type: text/html; charset=utf-8
Date: Mon, 12 May 2014 18:55:17 GMT
Server: Apache
Vary: Accept-Encoding

<?xml version="1.0" encoding="utf-8" ?><response><result>1</result><adult>1</adult><userName>richard3</userName></response>
2014-05-13_16:23:05.469|I|4146|B3A3E6E0|INFO|0|104001|AllServer::_onJointAuthenExHttpAES|1|1500000007|0|GMID=1204|GWID=104001|URI=http://daybreak.globalgames.com.br/auth/|UserName=richard3|Password=b45441068b0371dad184621bf09b7e4e|Send3rdPassword=d5ddbff4995734213c9aeb61d8227b0ac40d17a0ca5b52789caeb0b50722b46f|UserID_Union=richard3|Lower=1|User_Flag=0|User_Type=0|Adult_Flag=1|User_Class=0|User_Point=0|Appendix1=0|Appendix2=0|Promoter_ID=0|User_IP=179.215.89.170|User_Port=62837|Client_MAC=00FF6B35BD7B|AD_ID=''|Hardware_SN1=''|Hardware_SN2=''|ClientType=full|NeedCheckPwd=1|TC1=528|TC2=4|TC=532
2014-05-13_16:23:05.469|I|4146|B3A3E6E0|INFO|package|1|SequenceID=41847|toRouter
2014-05-13_17:45:30.500|I|4146|B3A3E6E0|INFO|unPackage|1|pdu_len=166|orig_pdu_len=166|curr_agip_version=0x20|orig_agip_version=0x20|is_yt_version='no'|command_id=0x10003802|seq_id=42471|game_id=1204|gateway_id=104001|src_ip=192.168.177.92|src_port=38563
2014-05-13_17:45:30.503|I|4146|B3A3E6E0|INFO|HttpAuth::userAuth|Host=daybreak.globalgames.com.br|Port=80|Request=userAccount=richard228&password=4a973ecf5d4b1be743e35dd2d03a161f5d53896d6a962cee7c09055c678822a8&sign=9F9ACE6FA5E0C5A5AED19F52096A689C
2014-05-13_17:45:30.533|I|4146|B3A3E6E0|INFO|HttpAuth::userAuth|Response=HTTP/1.1 200 OK
Connection: close
Content-Length: 125
Content-Type: text/html; charset=utf-8
Date: Mon, 12 May 2014 20:18:11 GMT
Server: Apache
Vary: Accept-Encoding

<?xml version="1.0" encoding="utf-8" ?><response><result>1</result><adult>1</adult><userName>richard228</userName></response>
2014-05-13_17:45:30.543|I|4146|B3A3E6E0|INFO|0|104001|AllServer::_onJointAuthenExHttpAES|1|1500000071|0|GMID=1204|GWID=104001|URI=http://daybreak.globalgames.com.br/auth/|UserName=richard228|Password=07753ed041bdf1e598507acecb8ad1c1|Send3rdPassword=4a973ecf5d4b1be743e35dd2d03a161f5d53896d6a962cee7c09055c678822a8|UserID_Union=richard228|Lower=1|User_Flag=0|User_Type=0|Adult_Flag=1|User_Class=0|User_Point=0|Appendix1=0|Appendix2=0|Promoter_ID=0|User_IP=179.215.89.170|User_Port=49399|Client_MAC=00FF0A4FAD54|AD_ID=''|Hardware_SN1=''|Hardware_SN2=''|ClientType=full|NeedCheckPwd=1|TC1=33|TC2=10|TC=43
2014-05-13_17:45:30.543|I|4146|B3A3E6E0|INFO|package|1|SequenceID=42471|toRouter
2014-05-13_17:47:35.175|I|4146|B3A3E6E0|INFO|unPackage|1|pdu_len=166|orig_pdu_len=166|curr_agip_version=0x20|orig_agip_version=0x20|is_yt_version='no'|command_id=0x10003802|seq_id=42491|game_id=1204|gateway_id=104001|src_ip=192.168.177.92|src_port=38563
2014-05-13_17:47:35.177|I|4146|B3A3E6E0|INFO|HttpAuth::userAuth|Host=daybreak.globalgames.com.br|Port=80|Request=userAccount=richard229&password=4a973ecf5d4b1be743e35dd2d03a161f5d53896d6a962cee7c09055c678822a8&sign=2BB29AB4C28506F482D4178F24571C17
2014-05-13_17:47:35.783|I|4146|B3A3E6E0|INFO|HttpAuth::userAuth|Response=HTTP/1.1 200 OK
Connection: close
Content-Length: 125
Content-Type: text/html; charset=utf-8
Date: Mon, 12 May 2014 20:20:16 GMT
Server: Apache
Vary: Accept-Encoding

<?xml version="1.0" encoding="utf-8" ?><response><result>1</result><adult>1</adult><userName>richard229</userName></response>
2014-05-13_17:47:35.787|I|4146|B3A3E6E0|INFO|0|104001|AllServer::_onJointAuthenExHttpAES|1|1500000078|0|GMID=1204|GWID=104001|URI=http://daybreak.globalgames.com.br/auth/|UserName=richard229|Password=07753ed041bdf1e598507acecb8ad1c1|Send3rdPassword=4a973ecf5d4b1be743e35dd2d03a161f5d53896d6a962cee7c09055c678822a8|UserID_Union=richard229|Lower=1|User_Flag=0|User_Type=0|Adult_Flag=1|User_Class=0|User_Point=0|Appendix1=0|Appendix2=0|Promoter_ID=0|User_IP=179.215.89.170|User_Port=49430|Client_MAC=00FF0A4FAD54|AD_ID=''|Hardware_SN1=''|Hardware_SN2=''|ClientType=full|NeedCheckPwd=1|TC1=608|TC2=4|TC=612
2014-05-13_17:47:35.787|I|4146|B3A3E6E0|INFO|package|1|SequenceID=42491|toRouter
2014-05-13_19:05:11.603|I|4146|B3A3E6E0|INFO|unPackage|1|pdu_len=163|orig_pdu_len=163|curr_agip_version=0x20|orig_agip_version=0x20|is_yt_version='no'|command_id=0x10003802|seq_id=43075|game_id=1204|gateway_id=104001|src_ip=192.168.177.92|src_port=38563
2014-05-13_19:05:11.604|I|4146|B3A3E6E0|INFO|HttpAuth::userAuth|Host=daybreak.globalgames.com.br|Port=80|Request=userAccount=pedrao1&password=a1ebfa99a7bcc9e2167c5e6c52968e369375ce792d1a3e53f74e00c4dbc40a08&sign=967C9737E27EA1C7694911C854EEE00F
2014-05-13_19:05:11.625|I|4146|B3A3E6E0|INFO|HttpAuth::userAuth|Response=HTTP/1.1 200 OK
Connection: close
Content-Length: 122
Content-Type: text/html; charset=utf-8
Date: Mon, 12 May 2014 21:38:20 GMT
Server: Apache
Vary: Accept-Encoding

<?xml version="1.0" encoding="utf-8" ?><response><result>1</result><adult>1</adult><userName>pedrao1</userName></response>
2014-05-13_19:05:11.629|I|4146|B3A3E6E0|INFO|0|104001|AllServer::_onJointAuthenExHttpAES|1|1500000022|0|GMID=1204|GWID=104001|URI=http://daybreak.globalgames.com.br/auth/|UserName=pedrao1|Password=d7557567513282b9153de0a2b8aaf125|Send3rdPassword=a1ebfa99a7bcc9e2167c5e6c52968e369375ce792d1a3e53f74e00c4dbc40a08|UserID_Union=pedrao1|Lower=1|User_Flag=0|User_Type=0|Adult_Flag=1|User_Class=0|User_Point=0|Appendix1=0|Appendix2=0|Promoter_ID=0|User_IP=179.215.89.170|User_Port=50440|Client_MAC=00FFAE32A874|AD_ID=''|Hardware_SN1=''|Hardware_SN2=''|ClientType=full|NeedCheckPwd=1|TC1=22|TC2=4|TC=26
2014-05-13_19:05:11.629|I|4146|B3A3E6E0|INFO|package|1|SequenceID=43075|toRouter
