2014-03-29_00:46:26.769|I|32450|B7F7B6E0|INFO|unPackage|1|pdu_len=166|orig_pdu_len=166|curr_agip_version=0x20|orig_agip_version=0x20|is_yt_version='no'|command_id=0x10003802|seq_id=185554|game_id=1204|gateway_id=104001|src_ip=192.168.177.92|src_port=53790
2014-03-29_00:46:26.772|I|32450|B7F7B6E0|INFO|HttpAuth::userAuth|Host=daybreak.globalgames.com.br|Port=80|Request=userAccount=andersongg&password=6ca4b545ec99c4edd3293b83078f4c79a9f0a2a9f1ba68ea0351b0d0d4ffae57&sign=2640EC98230C3E08F412CA15CB0D705B
2014-03-29_00:46:26.858|I|32450|B7F7B6E0|INFO|HttpAuth::userAuth|Response=HTTP/1.1 200 OK
Connection: close
Content-Length: 125
Content-Type: text/html; charset=utf-8
Date: Sat, 29 Mar 2014 04:03:25 GMT
Server: Apache
Vary: Accept-Encoding

<?xml version="1.0" encoding="utf-8" ?><response><result>1</result><adult>1</adult><userName>andersongg</userName></response>
2014-03-29_00:46:26.864|I|32450|B7F7B6E0|INFO|0|104001|AllServer::_onJointAuthenExHttpAES|1|1500000006|0|GMID=1204|GWID=104001|URI=http://daybreak.globalgames.com.br/auth/|UserName=andersongg|Password=640156a929a2966b9f8ec76b15e71994|Send3rdPassword=6ca4b545ec99c4edd3293b83078f4c79a9f0a2a9f1ba68ea0351b0d0d4ffae57|UserID_Union=andersongg|Lower=1|User_Flag=0|User_Type=0|Adult_Flag=1|User_Class=0|User_Point=0|Appendix1=0|Appendix2=0|Promoter_ID=0|User_IP=189.34.139.82|User_Port=60688|Client_MAC=00FF6E0905A1|AD_ID=''|Hardware_SN1=''|Hardware_SN2=''|ClientType=full|NeedCheckPwd=1|TC1=89|TC2=6|TC=95
2014-03-29_00:46:26.864|I|32450|B7F7B6E0|INFO|package|1|SequenceID=185554|toRouter
2014-03-29_00:47:44.722|I|32450|B7F7B6E0|INFO|unPackage|1|pdu_len=165|orig_pdu_len=165|curr_agip_version=0x20|orig_agip_version=0x20|is_yt_version='no'|command_id=0x10003802|seq_id=185566|game_id=1204|gateway_id=104001|src_ip=192.168.177.92|src_port=53790
2014-03-29_00:47:44.723|I|32450|B7F7B6E0|INFO|HttpAuth::userAuth|Host=daybreak.globalgames.com.br|Port=80|Request=userAccount=gouveiagg&password=c6517e317853acaf8e1fbb8770c59438a5424088a8df177d192b76edda69db1a&sign=74BD05BEA81D79844EC4D6F7127DCA5F
2014-03-29_00:47:44.752|I|32450|B7F7B6E0|INFO|HttpAuth::userAuth|Response=HTTP/1.1 200 OK
Connection: close
Content-Length: 124
Content-Type: text/html; charset=utf-8
Date: Sat, 29 Mar 2014 04:04:43 GMT
Server: Apache
Vary: Accept-Encoding

<?xml version="1.0" encoding="utf-8" ?><response><result>1</result><adult>1</adult><userName>gouveiagg</userName></response>
2014-03-29_00:47:44.759|I|32450|B7F7B6E0|INFO|0|104001|AllServer::_onJointAuthenExHttpAES|1|1500000072|0|GMID=1204|GWID=104001|URI=http://daybreak.globalgames.com.br/auth/|UserName=gouveiagg|Password=4472d606ba7bebf7c76be6a5ce63d1f9|Send3rdPassword=c6517e317853acaf8e1fbb8770c59438a5424088a8df177d192b76edda69db1a|UserID_Union=gouveiagg|Lower=1|User_Flag=0|User_Type=0|Adult_Flag=1|User_Class=0|User_Point=0|Appendix1=0|Appendix2=0|Promoter_ID=0|User_IP=189.34.139.82|User_Port=60702|Client_MAC=00FF6E0905A1|AD_ID=''|Hardware_SN1=''|Hardware_SN2=''|ClientType=full|NeedCheckPwd=1|TC1=30|TC2=7|TC=37
2014-03-29_00:47:44.759|I|32450|B7F7B6E0|INFO|package|1|SequenceID=185566|toRouter
2014-03-29_00:49:16.271|I|32450|B7F7B6E0|INFO|unPackage|1|pdu_len=168|orig_pdu_len=168|curr_agip_version=0x20|orig_agip_version=0x20|is_yt_version='no'|command_id=0x10003802|seq_id=185581|game_id=1204|gateway_id=104001|src_ip=192.168.177.92|src_port=53790
2014-03-29_00:49:16.272|I|32450|B7F7B6E0|INFO|HttpAuth::userAuth|Host=daybreak.globalgames.com.br|Port=80|Request=userAccount=dragao879852&password=c3472435fabb6492a24473988afb5052466775c7352c039d2061b92a6cb3aa88&sign=EBFDD0ABA1F7F88FFF4AC7E1244DFAB1
2014-03-29_00:49:16.310|I|32450|B7F7B6E0|INFO|HttpAuth::userAuth|Response=HTTP/1.1 200 OK
Connection: close
Content-Length: 127
Content-Type: text/html; charset=utf-8
Date: Sat, 29 Mar 2014 04:06:15 GMT
Server: Apache
Vary: Accept-Encoding

<?xml version="1.0" encoding="utf-8" ?><response><result>1</result><adult>1</adult><userName>dragao879852</userName></response>
2014-03-29_00:49:16.316|I|32450|B7F7B6E0|INFO|0|104001|AllServer::_onJointAuthenExHttpAES|1|1500000005|0|GMID=1204|GWID=104001|URI=http://daybreak.globalgames.com.br/auth/|UserName=dragao879852|Password=56349752c1816bcf7f25dcf0348ccf23|Send3rdPassword=c3472435fabb6492a24473988afb5052466775c7352c039d2061b92a6cb3aa88|UserID_Union=dragao879852|Lower=1|User_Flag=0|User_Type=0|Adult_Flag=1|User_Class=0|User_Point=0|Appendix1=0|Appendix2=0|Promoter_ID=0|User_IP=189.34.139.82|User_Port=60704|Client_MAC=00FF6E0905A1|AD_ID=''|Hardware_SN1=''|Hardware_SN2=''|ClientType=full|NeedCheckPwd=1|TC1=39|TC2=6|TC=45
2014-03-29_00:49:16.316|I|32450|B7F7B6E0|INFO|package|1|SequenceID=185581|toRouter
2014-03-29_01:38:48.423|I|32450|B7F7B6E0|INFO|unPackage|1|pdu_len=165|orig_pdu_len=165|curr_agip_version=0x20|orig_agip_version=0x20|is_yt_version='no'|command_id=0x10003802|seq_id=188022|game_id=1204|gateway_id=104001|src_ip=192.168.177.92|src_port=53790
2014-03-29_01:38:48.427|I|32450|B7F7B6E0|INFO|HttpAuth::userAuth|Host=daybreak.globalgames.com.br|Port=80|Request=userAccount=gouveiagg&password=c6517e317853acaf8e1fbb8770c59438a5424088a8df177d192b76edda69db1a&sign=74BD05BEA81D79844EC4D6F7127DCA5F
2014-03-29_01:38:48.466|I|32450|B7F7B6E0|INFO|HttpAuth::userAuth|Response=HTTP/1.1 200 OK
Connection: close
Content-Length: 124
Content-Type: text/html; charset=utf-8
Date: Sat, 29 Mar 2014 04:55:47 GMT
Server: Apache
Vary: Accept-Encoding

<?xml version="1.0" encoding="utf-8" ?><response><result>1</result><adult>1</adult><userName>gouveiagg</userName></response>
2014-03-29_01:38:48.471|I|32450|B7F7B6E0|INFO|0|104001|AllServer::_onJointAuthenExHttpAES|1|1500000072|0|GMID=1204|GWID=104001|URI=http://daybreak.globalgames.com.br/auth/|UserName=gouveiagg|Password=4472d606ba7bebf7c76be6a5ce63d1f9|Send3rdPassword=c6517e317853acaf8e1fbb8770c59438a5424088a8df177d192b76edda69db1a|UserID_Union=gouveiagg|Lower=1|User_Flag=0|User_Type=0|Adult_Flag=1|User_Class=0|User_Point=0|Appendix1=0|Appendix2=0|Promoter_ID=0|User_IP=189.34.139.82|User_Port=60820|Client_MAC=00FF6E0905A1|AD_ID=''|Hardware_SN1=''|Hardware_SN2=''|ClientType=full|NeedCheckPwd=1|TC1=43|TC2=5|TC=48
2014-03-29_01:38:48.471|I|32450|B7F7B6E0|INFO|package|1|SequenceID=188022|toRouter
2014-03-29_01:51:13.822|I|32450|B7F7B6E0|INFO|unPackage|1|pdu_len=163|orig_pdu_len=163|curr_agip_version=0x20|orig_agip_version=0x20|is_yt_version='no'|command_id=0x10003802|seq_id=188120|game_id=1204|gateway_id=104001|src_ip=192.168.177.92|src_port=53790
2014-03-29_01:51:13.825|I|32450|B7F7B6E0|INFO|HttpAuth::userAuth|Host=daybreak.globalgames.com.br|Port=80|Request=userAccount=pedrao6&password=f7b5f871ae9dfc275b36ac4ef793964cdc0a7ef41a22f0075444b48a71a41c68&sign=C903D2C350F82FE608269A8B28D30B40
2014-03-29_01:51:13.863|I|32450|B7F7B6E0|INFO|HttpAuth::userAuth|Response=HTTP/1.1 200 OK
Connection: close
Content-Length: 122
Content-Type: text/html; charset=utf-8
Date: Sat, 29 Mar 2014 05:08:13 GMT
Server: Apache
Vary: Accept-Encoding

<?xml version="1.0" encoding="utf-8" ?><response><result>1</result><adult>1</adult><userName>pedrao6</userName></response>
2014-03-29_01:51:13.869|I|32450|B7F7B6E0|INFO|0|104001|AllServer::_onJointAuthenExHttpAES|1|1500000027|0|GMID=1204|GWID=104001|URI=http://daybreak.globalgames.com.br/auth/|UserName=pedrao6|Password=c0447052a1be8c51ba30681a7b89281d|Send3rdPassword=f7b5f871ae9dfc275b36ac4ef793964cdc0a7ef41a22f0075444b48a71a41c68|UserID_Union=pedrao6|Lower=1|User_Flag=0|User_Type=0|Adult_Flag=1|User_Class=0|User_Point=0|Appendix1=0|Appendix2=0|Promoter_ID=0|User_IP=189.34.243.238|User_Port=57463|Client_MAC=00306733389A|AD_ID=''|Hardware_SN1=''|Hardware_SN2=''|ClientType=full|NeedCheckPwd=1|TC1=41|TC2=6|TC=47
2014-03-29_01:51:13.869|I|32450|B7F7B6E0|INFO|package|1|SequenceID=188120|toRouter
2014-03-29_02:02:49.173|I|32450|B7F7B6E0|INFO|unPackage|1|pdu_len=166|orig_pdu_len=166|curr_agip_version=0x20|orig_agip_version=0x20|is_yt_version='no'|command_id=0x10003802|seq_id=188407|game_id=1204|gateway_id=104001|src_ip=192.168.177.92|src_port=53790
2014-03-29_02:02:49.177|I|32450|B7F7B6E0|INFO|HttpAuth::userAuth|Host=daybreak.globalgames.com.br|Port=80|Request=userAccount=andersongg&password=6ca4b545ec99c4edd3293b83078f4c79a9f0a2a9f1ba68ea0351b0d0d4ffae57&sign=2640EC98230C3E08F412CA15CB0D705B
2014-03-29_02:02:49.216|I|32450|B7F7B6E0|INFO|HttpAuth::userAuth|Response=HTTP/1.1 200 OK
Connection: close
Content-Length: 125
Content-Type: text/html; charset=utf-8
Date: Sat, 29 Mar 2014 05:19:48 GMT
Server: Apache
Vary: Accept-Encoding

<?xml version="1.0" encoding="utf-8" ?><response><result>1</result><adult>1</adult><userName>andersongg</userName></response>
2014-03-29_02:02:49.224|I|32450|B7F7B6E0|INFO|0|104001|AllServer::_onJointAuthenExHttpAES|1|1500000006|0|GMID=1204|GWID=104001|URI=http://daybreak.globalgames.com.br/auth/|UserName=andersongg|Password=640156a929a2966b9f8ec76b15e71994|Send3rdPassword=6ca4b545ec99c4edd3293b83078f4c79a9f0a2a9f1ba68ea0351b0d0d4ffae57|UserID_Union=andersongg|Lower=1|User_Flag=0|User_Type=0|Adult_Flag=1|User_Class=0|User_Point=0|Appendix1=0|Appendix2=0|Promoter_ID=0|User_IP=189.34.139.82|User_Port=60853|Client_MAC=00FF6E0905A1|AD_ID=''|Hardware_SN1=''|Hardware_SN2=''|ClientType=full|NeedCheckPwd=1|TC1=44|TC2=7|TC=51
2014-03-29_02:02:49.224|I|32450|B7F7B6E0|INFO|package|1|SequenceID=188407|toRouter
2014-03-29_06:58:22.067|I|32450|B7F7B6E0|INFO|unPackage|1|pdu_len=168|orig_pdu_len=168|curr_agip_version=0x20|orig_agip_version=0x20|is_yt_version='no'|command_id=0x10003802|seq_id=190609|game_id=1204|gateway_id=104001|src_ip=192.168.177.92|src_port=53790
2014-03-29_06:58:22.071|I|32450|B7F7B6E0|INFO|HttpAuth::userAuth|Host=daybreak.globalgames.com.br|Port=80|Request=userAccount=dragao879852&password=c3472435fabb6492a24473988afb5052466775c7352c039d2061b92a6cb3aa88&sign=EBFDD0ABA1F7F88FFF4AC7E1244DFAB1
2014-03-29_06:58:22.171|I|32450|B7F7B6E0|INFO|HttpAuth::userAuth|Response=HTTP/1.1 200 OK
Connection: close
Content-Length: 127
Content-Type: text/html; charset=utf-8
Date: Sat, 29 Mar 2014 10:15:21 GMT
Server: Apache
Vary: Accept-Encoding

<?xml version="1.0" encoding="utf-8" ?><response><result>1</result><adult>1</adult><userName>dragao879852</userName></response>
2014-03-29_06:58:22.177|I|32450|B7F7B6E0|INFO|0|104001|AllServer::_onJointAuthenExHttpAES|1|1500000005|0|GMID=1204|GWID=104001|URI=http://daybreak.globalgames.com.br/auth/|UserName=dragao879852|Password=56349752c1816bcf7f25dcf0348ccf23|Send3rdPassword=c3472435fabb6492a24473988afb5052466775c7352c039d2061b92a6cb3aa88|UserID_Union=dragao879852|Lower=1|User_Flag=0|User_Type=0|Adult_Flag=1|User_Class=0|User_Point=0|Appendix1=0|Appendix2=0|Promoter_ID=0|User_IP=177.47.22.70|User_Port=61943|Client_MAC=00FF6E0905A1|AD_ID=''|Hardware_SN1=''|Hardware_SN2=''|ClientType=full|NeedCheckPwd=1|TC1=104|TC2=6|TC=110
2014-03-29_06:58:22.177|I|32450|B7F7B6E0|INFO|package|1|SequenceID=190609|toRouter
2014-03-29_08:04:14.367|I|32450|B7F7B6E0|INFO|unPackage|1|pdu_len=166|orig_pdu_len=166|curr_agip_version=0x20|orig_agip_version=0x20|is_yt_version='no'|command_id=0x10003802|seq_id=197344|game_id=1204|gateway_id=104001|src_ip=192.168.177.92|src_port=53790
2014-03-29_08:04:14.371|I|32450|B7F7B6E0|INFO|HttpAuth::userAuth|Host=daybreak.globalgames.com.br|Port=80|Request=userAccount=andersongg&password=6ca4b545ec99c4edd3293b83078f4c79a9f0a2a9f1ba68ea0351b0d0d4ffae57&sign=2640EC98230C3E08F412CA15CB0D705B
2014-03-29_08:04:14.417|I|32450|B7F7B6E0|INFO|HttpAuth::userAuth|Response=HTTP/1.1 200 OK
Connection: close
Content-Length: 125
Content-Type: text/html; charset=utf-8
Date: Sat, 29 Mar 2014 11:21:14 GMT
Server: Apache
Vary: Accept-Encoding

<?xml version="1.0" encoding="utf-8" ?><response><result>1</result><adult>1</adult><userName>andersongg</userName></response>
2014-03-29_08:04:14.423|I|32450|B7F7B6E0|INFO|0|104001|AllServer::_onJointAuthenExHttpAES|1|1500000006|0|GMID=1204|GWID=104001|URI=http://daybreak.globalgames.com.br/auth/|UserName=andersongg|Password=640156a929a2966b9f8ec76b15e71994|Send3rdPassword=6ca4b545ec99c4edd3293b83078f4c79a9f0a2a9f1ba68ea0351b0d0d4ffae57|UserID_Union=andersongg|Lower=1|User_Flag=0|User_Type=0|Adult_Flag=1|User_Class=0|User_Point=0|Appendix1=0|Appendix2=0|Promoter_ID=0|User_IP=177.47.22.70|User_Port=62162|Client_MAC=00FF6E0905A1|AD_ID=''|Hardware_SN1=''|Hardware_SN2=''|ClientType=full|NeedCheckPwd=1|TC1=50|TC2=6|TC=56
2014-03-29_08:04:14.423|I|32450|B7F7B6E0|INFO|package|1|SequenceID=197344|toRouter
2014-03-29_08:26:03.468|I|32450|B7F7B6E0|INFO|unPackage|1|pdu_len=165|orig_pdu_len=165|curr_agip_version=0x20|orig_agip_version=0x20|is_yt_version='no'|command_id=0x10003802|seq_id=197521|game_id=1204|gateway_id=104001|src_ip=192.168.177.92|src_port=53790
2014-03-29_08:26:03.472|I|32450|B7F7B6E0|INFO|HttpAuth::userAuth|Host=daybreak.globalgames.com.br|Port=80|Request=userAccount=gouveiagg&password=c6517e317853acaf8e1fbb8770c59438a5424088a8df177d192b76edda69db1a&sign=74BD05BEA81D79844EC4D6F7127DCA5F
2014-03-29_08:26:03.509|I|32450|B7F7B6E0|INFO|HttpAuth::userAuth|Response=HTTP/1.1 200 OK
Connection: close
Content-Length: 124
Content-Type: text/html; charset=utf-8
Date: Sat, 29 Mar 2014 11:43:03 GMT
Server: Apache
Vary: Accept-Encoding

<?xml version="1.0" encoding="utf-8" ?><response><result>1</result><adult>1</adult><userName>gouveiagg</userName></response>
2014-03-29_08:26:03.516|I|32450|B7F7B6E0|INFO|0|104001|AllServer::_onJointAuthenExHttpAES|1|1500000072|0|GMID=1204|GWID=104001|URI=http://daybreak.globalgames.com.br/auth/|UserName=gouveiagg|Password=4472d606ba7bebf7c76be6a5ce63d1f9|Send3rdPassword=c6517e317853acaf8e1fbb8770c59438a5424088a8df177d192b76edda69db1a|UserID_Union=gouveiagg|Lower=1|User_Flag=0|User_Type=0|Adult_Flag=1|User_Class=0|User_Point=0|Appendix1=0|Appendix2=0|Promoter_ID=0|User_IP=177.47.22.70|User_Port=62263|Client_MAC=00FF6E0905A1|AD_ID=''|Hardware_SN1=''|Hardware_SN2=''|ClientType=full|NeedCheckPwd=1|TC1=41|TC2=7|TC=48
2014-03-29_08:26:03.516|I|32450|B7F7B6E0|INFO|package|1|SequenceID=197521|toRouter
2014-03-29_09:56:20.018|I|32450|B7F7B6E0|INFO|unPackage|1|pdu_len=166|orig_pdu_len=166|curr_agip_version=0x20|orig_agip_version=0x20|is_yt_version='no'|command_id=0x10003802|seq_id=201394|game_id=1204|gateway_id=104001|src_ip=192.168.177.92|src_port=53790
2014-03-29_09:56:20.023|I|32450|B7F7B6E0|INFO|HttpAuth::userAuth|Host=daybreak.globalgames.com.br|Port=80|Request=userAccount=kissinet02&password=9ba9fabc6c990b3ec88b7079c3d7c6c98f51f9be26954a28358f8b478c516b0d&sign=30D1D090FD276B4DF70C7D56481C1691
2014-03-29_09:56:20.105|I|32450|B7F7B6E0|INFO|HttpAuth::userAuth|Response=HTTP/1.1 200 OK
Connection: close
Content-Length: 125
Content-Type: text/html; charset=utf-8
Date: Sat, 29 Mar 2014 13:13:20 GMT
Server: Apache
Vary: Accept-Encoding

<?xml version="1.0" encoding="utf-8" ?><response><result>1</result><adult>1</adult><userName>kissinet02</userName></response>
2014-03-29_09:56:20.111|I|32450|B7F7B6E0|INFO|0|104001|AllServer::_onJointAuthenExHttpAES|1|1500000073|0|GMID=1204|GWID=104001|URI=http://daybreak.globalgames.com.br/auth/|UserName=kissinet02|Password=c3febbdcb0130af4807bf0941fa4acc4|Send3rdPassword=9ba9fabc6c990b3ec88b7079c3d7c6c98f51f9be26954a28358f8b478c516b0d|UserID_Union=kissinet02|Lower=1|User_Flag=0|User_Type=0|Adult_Flag=1|User_Class=0|User_Point=0|Appendix1=0|Appendix2=0|Promoter_ID=0|User_IP=177.41.200.74|User_Port=49798|Client_MAC=00FFFCC874AF|AD_ID=''|Hardware_SN1=''|Hardware_SN2=''|ClientType=full|NeedCheckPwd=1|TC1=86|TC2=6|TC=93
2014-03-29_09:56:20.111|I|32450|B7F7B6E0|INFO|package|1|SequenceID=201394|toRouter
2014-03-29_09:56:50.269|I|32450|B7F7B6E0|INFO|unPackage|1|pdu_len=166|orig_pdu_len=166|curr_agip_version=0x20|orig_agip_version=0x20|is_yt_version='no'|command_id=0x10003802|seq_id=201398|game_id=1204|gateway_id=104001|src_ip=192.168.177.92|src_port=53790
2014-03-29_09:56:50.270|I|32450|B7F7B6E0|INFO|HttpAuth::userAuth|Host=daybreak.globalgames.com.br|Port=80|Request=userAccount=kissinet01&password=9ba9fabc6c990b3ec88b7079c3d7c6c98f51f9be26954a28358f8b478c516b0d&sign=E38179C3DCCC7E59A97803F4976D6610
2014-03-29_09:56:50.298|I|32450|B7F7B6E0|INFO|HttpAuth::userAuth|Response=HTTP/1.1 200 OK
Connection: close
Content-Length: 125
Content-Type: text/html; charset=utf-8
Date: Sat, 29 Mar 2014 13:13:50 GMT
Server: Apache
Vary: Accept-Encoding

<?xml version="1.0" encoding="utf-8" ?><response><result>1</result><adult>1</adult><userName>kissinet01</userName></response>
2014-03-29_09:56:50.304|I|32450|B7F7B6E0|INFO|0|104001|AllServer::_onJointAuthenExHttpAES|1|1500000079|0|GMID=1204|GWID=104001|URI=http://daybreak.globalgames.com.br/auth/|UserName=kissinet01|Password=c3febbdcb0130af4807bf0941fa4acc4|Send3rdPassword=9ba9fabc6c990b3ec88b7079c3d7c6c98f51f9be26954a28358f8b478c516b0d|UserID_Union=kissinet01|Lower=1|User_Flag=0|User_Type=0|Adult_Flag=1|User_Class=0|User_Point=0|Appendix1=0|Appendix2=0|Promoter_ID=0|User_IP=177.41.200.74|User_Port=49800|Client_MAC=00FFFCC874AF|AD_ID=''|Hardware_SN1=''|Hardware_SN2=''|ClientType=full|NeedCheckPwd=1|TC1=30|TC2=5|TC=35
2014-03-29_09:56:50.304|I|32450|B7F7B6E0|INFO|package|1|SequenceID=201398|toRouter
2014-03-29_13:45:38.012|I|32450|B7F7B6E0|INFO|unPackage|1|pdu_len=163|orig_pdu_len=163|curr_agip_version=0x20|orig_agip_version=0x20|is_yt_version='no'|command_id=0x10003802|seq_id=216568|game_id=1204|gateway_id=104001|src_ip=192.168.177.92|src_port=53790
2014-03-29_13:45:38.015|I|32450|B7F7B6E0|INFO|HttpAuth::userAuth|Host=daybreak.globalgames.com.br|Port=80|Request=userAccount=edlindo&password=0d7a26f6f7bf6f45eab4786589a011005cdba94acbe4b8f02f4c173c9838b761&sign=B81677C3515CBBD5B7B41B8E9CAFDE90
2014-03-29_13:45:38.102|I|32450|B7F7B6E0|INFO|HttpAuth::userAuth|Response=HTTP/1.1 200 OK
Connection: close
Content-Length: 122
Content-Type: text/html; charset=utf-8
Date: Sat, 29 Mar 2014 17:02:38 GMT
Server: Apache
Vary: Accept-Encoding

<?xml version="1.0" encoding="utf-8" ?><response><result>1</result><adult>1</adult><userName>edlindo</userName></response>
2014-03-29_13:45:38.107|I|32450|B7F7B6E0|INFO|0|104001|AllServer::_onJointAuthenExHttpAES|1|1500000066|0|GMID=1204|GWID=104001|URI=http://daybreak.globalgames.com.br/auth/|UserName=edlindo|Password=3cebd48330149f6c2499dd0d9f36df9f|Send3rdPassword=0d7a26f6f7bf6f45eab4786589a011005cdba94acbe4b8f02f4c173c9838b761|UserID_Union=edlindo|Lower=1|User_Flag=0|User_Type=0|Adult_Flag=1|User_Class=0|User_Point=0|Appendix1=0|Appendix2=0|Promoter_ID=0|User_IP=189.24.126.247|User_Port=54541|Client_MAC=6CF049F9CAEF|AD_ID=''|Hardware_SN1=''|Hardware_SN2=''|ClientType=full|NeedCheckPwd=1|TC1=91|TC2=4|TC=95
2014-03-29_13:45:38.107|I|32450|B7F7B6E0|INFO|package|1|SequenceID=216568|toRouter
2014-03-29_17:10:54.310|I|32450|B7F7B6E0|INFO|unPackage|1|pdu_len=166|orig_pdu_len=166|curr_agip_version=0x20|orig_agip_version=0x20|is_yt_version='no'|command_id=0x10003802|seq_id=219348|game_id=1204|gateway_id=104001|src_ip=192.168.177.92|src_port=53790
2014-03-29_17:10:54.313|I|32450|B7F7B6E0|INFO|HttpAuth::userAuth|Host=daybreak.globalgames.com.br|Port=80|Request=userAccount=kissinet01&password=9ba9fabc6c990b3ec88b7079c3d7c6c98f51f9be26954a28358f8b478c516b0d&sign=E38179C3DCCC7E59A97803F4976D6610
2014-03-29_17:10:54.395|I|32450|B7F7B6E0|INFO|HttpAuth::userAuth|Response=HTTP/1.1 200 OK
Connection: close
Content-Length: 125
Content-Type: text/html; charset=utf-8
Date: Sat, 29 Mar 2014 20:27:55 GMT
Server: Apache
Vary: Accept-Encoding

<?xml version="1.0" encoding="utf-8" ?><response><result>1</result><adult>1</adult><userName>kissinet01</userName></response>
2014-03-29_17:10:54.401|I|32450|B7F7B6E0|INFO|0|104001|AllServer::_onJointAuthenExHttpAES|1|1500000079|0|GMID=1204|GWID=104001|URI=http://daybreak.globalgames.com.br/auth/|UserName=kissinet01|Password=c3febbdcb0130af4807bf0941fa4acc4|Send3rdPassword=9ba9fabc6c990b3ec88b7079c3d7c6c98f51f9be26954a28358f8b478c516b0d|UserID_Union=kissinet01|Lower=1|User_Flag=0|User_Type=0|Adult_Flag=1|User_Class=0|User_Point=0|Appendix1=0|Appendix2=0|Promoter_ID=0|User_IP=177.41.206.217|User_Port=51703|Client_MAC=00FFFCC874AF|AD_ID=''|Hardware_SN1=''|Hardware_SN2=''|ClientType=full|NeedCheckPwd=1|TC1=85|TC2=6|TC=91
2014-03-29_17:10:54.402|I|32450|B7F7B6E0|INFO|package|1|SequenceID=219348|toRouter
2014-03-29_23:37:07.309|I|32450|B7F7B6E0|INFO|unPackage|1|pdu_len=168|orig_pdu_len=168|curr_agip_version=0x20|orig_agip_version=0x20|is_yt_version='no'|command_id=0x10003802|seq_id=223226|game_id=1204|gateway_id=104001|src_ip=192.168.177.92|src_port=53790
2014-03-29_23:37:07.312|I|32450|B7F7B6E0|INFO|HttpAuth::userAuth|Host=daybreak.globalgames.com.br|Port=80|Request=userAccount=dragao879852&password=c3472435fabb6492a24473988afb5052466775c7352c039d2061b92a6cb3aa88&sign=EBFDD0ABA1F7F88FFF4AC7E1244DFAB1
2014-03-29_23:37:07.395|I|32450|B7F7B6E0|INFO|HttpAuth::userAuth|Response=HTTP/1.1 200 OK
Connection: close
Content-Length: 127
Content-Type: text/html; charset=utf-8
Date: Sun, 30 Mar 2014 02:54:09 GMT
Server: Apache
Vary: Accept-Encoding

<?xml version="1.0" encoding="utf-8" ?><response><result>1</result><adult>1</adult><userName>dragao879852</userName></response>
2014-03-29_23:37:07.405|I|32450|B7F7B6E0|INFO|0|104001|AllServer::_onJointAuthenExHttpAES|1|1500000005|0|GMID=1204|GWID=104001|URI=http://daybreak.globalgames.com.br/auth/|UserName=dragao879852|Password=56349752c1816bcf7f25dcf0348ccf23|Send3rdPassword=c3472435fabb6492a24473988afb5052466775c7352c039d2061b92a6cb3aa88|UserID_Union=dragao879852|Lower=1|User_Flag=0|User_Type=0|Adult_Flag=1|User_Class=0|User_Point=0|Appendix1=0|Appendix2=0|Promoter_ID=0|User_IP=177.47.22.70|User_Port=53568|Client_MAC=00FF6E0905A1|AD_ID=''|Hardware_SN1=''|Hardware_SN2=''|ClientType=full|NeedCheckPwd=1|TC1=86|TC2=10|TC=96
2014-03-29_23:37:07.405|I|32450|B7F7B6E0|INFO|package|1|SequenceID=223226|toRouter
2014-03-29_23:39:06.110|I|32450|B7F7B6E0|INFO|unPackage|1|pdu_len=166|orig_pdu_len=166|curr_agip_version=0x20|orig_agip_version=0x20|is_yt_version='no'|command_id=0x10003802|seq_id=223242|game_id=1204|gateway_id=104001|src_ip=192.168.177.92|src_port=53790
2014-03-29_23:39:06.112|I|32450|B7F7B6E0|INFO|HttpAuth::userAuth|Host=daybreak.globalgames.com.br|Port=80|Request=userAccount=andersongg&password=6ca4b545ec99c4edd3293b83078f4c79a9f0a2a9f1ba68ea0351b0d0d4ffae57&sign=2640EC98230C3E08F412CA15CB0D705B
2014-03-29_23:39:06.144|I|32450|B7F7B6E0|INFO|HttpAuth::userAuth|Response=HTTP/1.1 200 OK
Connection: close
Content-Length: 125
Content-Type: text/html; charset=utf-8
Date: Sun, 30 Mar 2014 02:56:07 GMT
Server: Apache
Vary: Accept-Encoding

<?xml version="1.0" encoding="utf-8" ?><response><result>1</result><adult>1</adult><userName>andersongg</userName></response>
2014-03-29_23:39:06.151|I|32450|B7F7B6E0|INFO|0|104001|AllServer::_onJointAuthenExHttpAES|1|1500000006|0|GMID=1204|GWID=104001|URI=http://daybreak.globalgames.com.br/auth/|UserName=andersongg|Password=640156a929a2966b9f8ec76b15e71994|Send3rdPassword=6ca4b545ec99c4edd3293b83078f4c79a9f0a2a9f1ba68ea0351b0d0d4ffae57|UserID_Union=andersongg|Lower=1|User_Flag=0|User_Type=0|Adult_Flag=1|User_Class=0|User_Point=0|Appendix1=0|Appendix2=0|Promoter_ID=0|User_IP=177.47.22.70|User_Port=53599|Client_MAC=00FF6E0905A1|AD_ID=''|Hardware_SN1=''|Hardware_SN2=''|ClientType=full|NeedCheckPwd=1|TC1=34|TC2=7|TC=41
2014-03-29_23:39:06.151|I|32450|B7F7B6E0|INFO|package|1|SequenceID=223242|toRouter
