2014-05-24_08:28:35.216|I|4146|B3A3E6E0|INFO|unPackage|1|pdu_len=163|orig_pdu_len=163|curr_agip_version=0x20|orig_agip_version=0x20|is_yt_version='no'|command_id=0x10003802|seq_id=19273|game_id=1204|gateway_id=104001|src_ip=192.168.177.92|src_port=46209
2014-05-24_08:28:35.218|I|4146|B3A3E6E0|INFO|HttpAuth::userAuth|Host=daybreak.globalgames.com.br|Port=80|Request=userAccount=richard&password=d5ddbff4995734213c9aeb61d8227b0ac40d17a0ca5b52789caeb0b50722b46f&sign=58AC3A54912E2752A05DFA90E8813AD2
2014-05-24_08:28:35.249|I|4146|B3A3E6E0|INFO|HttpAuth::userAuth|Response=HTTP/1.1 200 OK
Connection: close
Content-Length: 122
Content-Type: text/html; charset=utf-8
Date: Fri, 23 May 2014 11:57:58 GMT
Server: Apache
Vary: Accept-Encoding

<?xml version="1.0" encoding="utf-8" ?><response><result>1</result><adult>1</adult><userName>richard</userName></response>
2014-05-24_08:28:35.254|I|4146|B3A3E6E0|INFO|0|104001|AllServer::_onJointAuthenExHttpAES|1|1500000010|0|GMID=1204|GWID=104001|URI=http://daybreak.globalgames.com.br/auth/|UserName=richard|Password=b45441068b0371dad184621bf09b7e4e|Send3rdPassword=d5ddbff4995734213c9aeb61d8227b0ac40d17a0ca5b52789caeb0b50722b46f|UserID_Union=richard|Lower=1|User_Flag=0|User_Type=0|Adult_Flag=1|User_Class=0|User_Point=0|Appendix1=0|Appendix2=0|Promoter_ID=0|User_IP=187.21.153.49|User_Port=49423|Client_MAC=00FF6B35BD7B|AD_ID=''|Hardware_SN1=''|Hardware_SN2=''|ClientType=full|NeedCheckPwd=1|TC1=33|TC2=5|TC=38
2014-05-24_08:28:35.254|I|4146|B3A3E6E0|INFO|package|1|SequenceID=19273|toRouter
2014-05-24_10:40:26.715|I|4146|B3A3E6E0|INFO|unPackage|1|pdu_len=164|orig_pdu_len=164|curr_agip_version=0x20|orig_agip_version=0x20|is_yt_version='no'|command_id=0x10003802|seq_id=20262|game_id=1204|gateway_id=104001|src_ip=192.168.177.92|src_port=46209
2014-05-24_10:40:26.718|I|4146|B3A3E6E0|INFO|HttpAuth::userAuth|Host=daybreak.globalgames.com.br|Port=80|Request=userAccount=richard3&password=d5ddbff4995734213c9aeb61d8227b0ac40d17a0ca5b52789caeb0b50722b46f&sign=764A13913BAAD88B15C5F33AE47B6521
2014-05-24_10:40:26.751|I|4146|B3A3E6E0|INFO|HttpAuth::userAuth|Response=HTTP/1.1 200 OK
Connection: close
Content-Length: 123
Content-Type: text/html; charset=utf-8
Date: Fri, 23 May 2014 14:10:35 GMT
Server: Apache
Vary: Accept-Encoding

<?xml version="1.0" encoding="utf-8" ?><response><result>1</result><adult>1</adult><userName>richard3</userName></response>
2014-05-24_10:40:26.756|I|4146|B3A3E6E0|INFO|0|104001|AllServer::_onJointAuthenExHttpAES|1|1500000007|0|GMID=1204|GWID=104001|URI=http://daybreak.globalgames.com.br/auth/|UserName=richard3|Password=b45441068b0371dad184621bf09b7e4e|Send3rdPassword=d5ddbff4995734213c9aeb61d8227b0ac40d17a0ca5b52789caeb0b50722b46f|UserID_Union=richard3|Lower=1|User_Flag=0|User_Type=0|Adult_Flag=1|User_Class=0|User_Point=0|Appendix1=0|Appendix2=0|Promoter_ID=0|User_IP=187.21.153.49|User_Port=50709|Client_MAC=00FF6B35BD7B|AD_ID=''|Hardware_SN1=''|Hardware_SN2=''|ClientType=full|NeedCheckPwd=1|TC1=36|TC2=5|TC=41
2014-05-24_10:40:26.756|I|4146|B3A3E6E0|INFO|package|1|SequenceID=20262|toRouter
2014-05-24_10:41:52.989|I|4146|B3A3E6E0|INFO|unPackage|1|pdu_len=163|orig_pdu_len=163|curr_agip_version=0x20|orig_agip_version=0x20|is_yt_version='no'|command_id=0x10003802|seq_id=20278|game_id=1204|gateway_id=104001|src_ip=192.168.177.92|src_port=46209
2014-05-24_10:41:52.990|I|4146|B3A3E6E0|INFO|HttpAuth::userAuth|Host=daybreak.globalgames.com.br|Port=80|Request=userAccount=richard&password=d5ddbff4995734213c9aeb61d8227b0ac40d17a0ca5b52789caeb0b50722b46f&sign=58AC3A54912E2752A05DFA90E8813AD2
2014-05-24_10:41:53.061|I|4146|B3A3E6E0|INFO|HttpAuth::userAuth|Response=HTTP/1.1 200 OK
Connection: close
Content-Length: 122
Content-Type: text/html; charset=utf-8
Date: Fri, 23 May 2014 14:12:02 GMT
Server: Apache
Vary: Accept-Encoding

<?xml version="1.0" encoding="utf-8" ?><response><result>1</result><adult>1</adult><userName>richard</userName></response>
2014-05-24_10:41:53.066|I|4146|B3A3E6E0|INFO|0|104001|AllServer::_onJointAuthenExHttpAES|1|1500000010|0|GMID=1204|GWID=104001|URI=http://daybreak.globalgames.com.br/auth/|UserName=richard|Password=b45441068b0371dad184621bf09b7e4e|Send3rdPassword=d5ddbff4995734213c9aeb61d8227b0ac40d17a0ca5b52789caeb0b50722b46f|UserID_Union=richard|Lower=1|User_Flag=0|User_Type=0|Adult_Flag=1|User_Class=0|User_Point=0|Appendix1=0|Appendix2=0|Promoter_ID=0|User_IP=187.21.153.49|User_Port=50724|Client_MAC=00FF6B35BD7B|AD_ID=''|Hardware_SN1=''|Hardware_SN2=''|ClientType=full|NeedCheckPwd=1|TC1=72|TC2=5|TC=77
2014-05-24_10:41:53.066|I|4146|B3A3E6E0|INFO|package|1|SequenceID=20278|toRouter
2014-05-24_10:42:36.960|I|4146|B3A3E6E0|INFO|unPackage|1|pdu_len=166|orig_pdu_len=166|curr_agip_version=0x20|orig_agip_version=0x20|is_yt_version='no'|command_id=0x10003802|seq_id=20286|game_id=1204|gateway_id=104001|src_ip=192.168.177.92|src_port=46209
2014-05-24_10:42:36.960|I|4146|B3A3E6E0|INFO|HttpAuth::userAuth|Host=daybreak.globalgames.com.br|Port=80|Request=userAccount=richard229&password=4a973ecf5d4b1be743e35dd2d03a161f5d53896d6a962cee7c09055c678822a8&sign=2BB29AB4C28506F482D4178F24571C17
2014-05-24_10:42:36.992|I|4146|B3A3E6E0|INFO|HttpAuth::userAuth|Response=HTTP/1.1 200 OK
Connection: close
Content-Length: 125
Content-Type: text/html; charset=utf-8
Date: Fri, 23 May 2014 14:12:46 GMT
Server: Apache
Vary: Accept-Encoding

<?xml version="1.0" encoding="utf-8" ?><response><result>1</result><adult>1</adult><userName>richard229</userName></response>
2014-05-24_10:42:37.002|I|4146|B3A3E6E0|INFO|0|104001|AllServer::_onJointAuthenExHttpAES|1|1500000078|0|GMID=1204|GWID=104001|URI=http://daybreak.globalgames.com.br/auth/|UserName=richard229|Password=07753ed041bdf1e598507acecb8ad1c1|Send3rdPassword=4a973ecf5d4b1be743e35dd2d03a161f5d53896d6a962cee7c09055c678822a8|UserID_Union=richard229|Lower=1|User_Flag=0|User_Type=0|Adult_Flag=1|User_Class=0|User_Point=0|Appendix1=0|Appendix2=0|Promoter_ID=0|User_IP=187.21.153.49|User_Port=50736|Client_MAC=00FF6B35BD7B|AD_ID=''|Hardware_SN1=''|Hardware_SN2=''|ClientType=full|NeedCheckPwd=1|TC1=38|TC2=4|TC=42
2014-05-24_10:42:37.002|I|4146|B3A3E6E0|INFO|package|1|SequenceID=20286|toRouter
2014-05-24_10:43:41.242|I|4146|B3A3E6E0|INFO|unPackage|1|pdu_len=166|orig_pdu_len=166|curr_agip_version=0x20|orig_agip_version=0x20|is_yt_version='no'|command_id=0x10003802|seq_id=20299|game_id=1204|gateway_id=104001|src_ip=192.168.177.92|src_port=46209
2014-05-24_10:43:41.242|I|4146|B3A3E6E0|INFO|HttpAuth::userAuth|Host=daybreak.globalgames.com.br|Port=80|Request=userAccount=richard228&password=4a973ecf5d4b1be743e35dd2d03a161f5d53896d6a962cee7c09055c678822a8&sign=9F9ACE6FA5E0C5A5AED19F52096A689C
2014-05-24_10:43:41.638|I|4146|B3A3E6E0|INFO|HttpAuth::userAuth|Response=HTTP/1.1 200 OK
Connection: close
Content-Length: 125
Content-Type: text/html; charset=utf-8
Date: Fri, 23 May 2014 14:13:51 GMT
Server: Apache
Vary: Accept-Encoding

<?xml version="1.0" encoding="utf-8" ?><response><result>1</result><adult>1</adult><userName>richard228</userName></response>
2014-05-24_10:43:41.643|I|4146|B3A3E6E0|INFO|0|104001|AllServer::_onJointAuthenExHttpAES|1|1500000071|0|GMID=1204|GWID=104001|URI=http://daybreak.globalgames.com.br/auth/|UserName=richard228|Password=07753ed041bdf1e598507acecb8ad1c1|Send3rdPassword=4a973ecf5d4b1be743e35dd2d03a161f5d53896d6a962cee7c09055c678822a8|UserID_Union=richard228|Lower=1|User_Flag=0|User_Type=0|Adult_Flag=1|User_Class=0|User_Point=0|Appendix1=0|Appendix2=0|Promoter_ID=0|User_IP=187.21.153.49|User_Port=50745|Client_MAC=00FF6B35BD7B|AD_ID=''|Hardware_SN1=''|Hardware_SN2=''|ClientType=full|NeedCheckPwd=1|TC1=396|TC2=5|TC=401
2014-05-24_10:43:41.643|I|4146|B3A3E6E0|INFO|package|1|SequenceID=20299|toRouter
2014-05-24_10:43:59.657|I|4146|B3A3E6E0|INFO|unPackage|1|pdu_len=164|orig_pdu_len=164|curr_agip_version=0x20|orig_agip_version=0x20|is_yt_version='no'|command_id=0x10003802|seq_id=20303|game_id=1204|gateway_id=104001|src_ip=192.168.177.92|src_port=46209
2014-05-24_10:43:59.658|I|4146|B3A3E6E0|INFO|HttpAuth::userAuth|Host=daybreak.globalgames.com.br|Port=80|Request=userAccount=richard3&password=d5ddbff4995734213c9aeb61d8227b0ac40d17a0ca5b52789caeb0b50722b46f&sign=764A13913BAAD88B15C5F33AE47B6521
2014-05-24_10:44:02.633|I|4146|B3A3E6E0|INFO|0|104001|AllServer::_onJointAuthenExHttpAES|-1811|0|0|GMID=1204|GWID=104001|URI=http://daybreak.globalgames.com.br/auth/|UserName=richard3|Password=b45441068b0371dad184621bf09b7e4e|Send3rdPassword=d5ddbff4995734213c9aeb61d8227b0ac40d17a0ca5b52789caeb0b50722b46f|UserID_Union=|Lower=1|User_Flag=0|User_Type=0|Adult_Flag=0|User_Class=0|User_Point=0|Appendix1=0|Appendix2=0|Promoter_ID=0|User_IP=187.21.153.49|User_Port=50747|Client_MAC=00FF6B35BD7B|AD_ID=''|Hardware_SN1=''|Hardware_SN2=''|ClientType=full|NeedCheckPwd=1|TC1=2976|TC2=0|TC=2976
2014-05-24_10:44:02.633|I|4146|B3A3E6E0|INFO|package|1|SequenceID=20303|toRouter
2014-05-24_10:45:57.921|I|4146|B3A3E6E0|INFO|unPackage|1|pdu_len=164|orig_pdu_len=164|curr_agip_version=0x20|orig_agip_version=0x20|is_yt_version='no'|command_id=0x10003802|seq_id=20319|game_id=1204|gateway_id=104001|src_ip=192.168.177.92|src_port=46209
2014-05-24_10:45:57.921|I|4146|B3A3E6E0|INFO|HttpAuth::userAuth|Host=daybreak.globalgames.com.br|Port=80|Request=userAccount=richard3&password=d5ddbff4995734213c9aeb61d8227b0ac40d17a0ca5b52789caeb0b50722b46f&sign=764A13913BAAD88B15C5F33AE47B6521
2014-05-24_10:45:57.960|I|4146|B3A3E6E0|INFO|HttpAuth::userAuth|Response=HTTP/1.1 200 OK
Connection: close
Content-Length: 123
Content-Type: text/html; charset=utf-8
Date: Fri, 23 May 2014 14:16:08 GMT
Server: Apache
Vary: Accept-Encoding

<?xml version="1.0" encoding="utf-8" ?><response><result>1</result><adult>1</adult><userName>richard3</userName></response>
2014-05-24_10:45:57.964|I|4146|B3A3E6E0|INFO|0|104001|AllServer::_onJointAuthenExHttpAES|1|1500000007|0|GMID=1204|GWID=104001|URI=http://daybreak.globalgames.com.br/auth/|UserName=richard3|Password=b45441068b0371dad184621bf09b7e4e|Send3rdPassword=d5ddbff4995734213c9aeb61d8227b0ac40d17a0ca5b52789caeb0b50722b46f|UserID_Union=richard3|Lower=1|User_Flag=0|User_Type=0|Adult_Flag=1|User_Class=0|User_Point=0|Appendix1=0|Appendix2=0|Promoter_ID=0|User_IP=187.21.153.49|User_Port=50762|Client_MAC=00FF6B35BD7B|AD_ID=''|Hardware_SN1=''|Hardware_SN2=''|ClientType=full|NeedCheckPwd=1|TC1=39|TC2=4|TC=43
2014-05-24_10:45:57.964|I|4146|B3A3E6E0|INFO|package|1|SequenceID=20319|toRouter
2014-05-24_11:00:33.637|I|4146|B3A3E6E0|INFO|unPackage|1|pdu_len=163|orig_pdu_len=163|curr_agip_version=0x20|orig_agip_version=0x20|is_yt_version='no'|command_id=0x10003802|seq_id=20433|game_id=1204|gateway_id=104001|src_ip=192.168.177.92|src_port=46209
2014-05-24_11:00:33.639|I|4146|B3A3E6E0|INFO|HttpAuth::userAuth|Host=daybreak.globalgames.com.br|Port=80|Request=userAccount=richard&password=d5ddbff4995734213c9aeb61d8227b0ac40d17a0ca5b52789caeb0b50722b46f&sign=58AC3A54912E2752A05DFA90E8813AD2
2014-05-24_11:00:36.625|I|4146|B3A3E6E0|INFO|0|104001|AllServer::_onJointAuthenExHttpAES|-1811|0|0|GMID=1204|GWID=104001|URI=http://daybreak.globalgames.com.br/auth/|UserName=richard|Password=b45441068b0371dad184621bf09b7e4e|Send3rdPassword=d5ddbff4995734213c9aeb61d8227b0ac40d17a0ca5b52789caeb0b50722b46f|UserID_Union=|Lower=1|User_Flag=0|User_Type=0|Adult_Flag=0|User_Class=0|User_Point=0|Appendix1=0|Appendix2=0|Promoter_ID=0|User_IP=187.21.153.49|User_Port=50819|Client_MAC=00FF6B35BD7B|AD_ID=''|Hardware_SN1=''|Hardware_SN2=''|ClientType=full|NeedCheckPwd=1|TC1=2988|TC2=0|TC=2988
2014-05-24_11:00:36.625|I|4146|B3A3E6E0|INFO|package|1|SequenceID=20433|toRouter
2014-05-24_11:00:49.316|I|4146|B3A3E6E0|INFO|unPackage|1|pdu_len=163|orig_pdu_len=163|curr_agip_version=0x20|orig_agip_version=0x20|is_yt_version='no'|command_id=0x10003802|seq_id=20435|game_id=1204|gateway_id=104001|src_ip=192.168.177.92|src_port=46209
2014-05-24_11:00:49.317|I|4146|B3A3E6E0|INFO|HttpAuth::userAuth|Host=daybreak.globalgames.com.br|Port=80|Request=userAccount=richard&password=d5ddbff4995734213c9aeb61d8227b0ac40d17a0ca5b52789caeb0b50722b46f&sign=58AC3A54912E2752A05DFA90E8813AD2
2014-05-24_11:00:52.304|I|4146|B3A3E6E0|INFO|0|104001|AllServer::_onJointAuthenExHttpAES|-1811|0|0|GMID=1204|GWID=104001|URI=http://daybreak.globalgames.com.br/auth/|UserName=richard|Password=b45441068b0371dad184621bf09b7e4e|Send3rdPassword=d5ddbff4995734213c9aeb61d8227b0ac40d17a0ca5b52789caeb0b50722b46f|UserID_Union=|Lower=1|User_Flag=0|User_Type=0|Adult_Flag=0|User_Class=0|User_Point=0|Appendix1=0|Appendix2=0|Promoter_ID=0|User_IP=187.21.153.49|User_Port=50821|Client_MAC=00FF6B35BD7B|AD_ID=''|Hardware_SN1=''|Hardware_SN2=''|ClientType=full|NeedCheckPwd=1|TC1=2988|TC2=0|TC=2988
2014-05-24_11:00:52.304|I|4146|B3A3E6E0|INFO|package|1|SequenceID=20435|toRouter
2014-05-24_11:01:09.393|I|4146|B3A3E6E0|INFO|unPackage|1|pdu_len=163|orig_pdu_len=163|curr_agip_version=0x20|orig_agip_version=0x20|is_yt_version='no'|command_id=0x10003802|seq_id=20439|game_id=1204|gateway_id=104001|src_ip=192.168.177.92|src_port=46209
2014-05-24_11:01:09.394|I|4146|B3A3E6E0|INFO|HttpAuth::userAuth|Host=daybreak.globalgames.com.br|Port=80|Request=userAccount=richard&password=d5ddbff4995734213c9aeb61d8227b0ac40d17a0ca5b52789caeb0b50722b46f&sign=58AC3A54912E2752A05DFA90E8813AD2
2014-05-24_11:01:09.429|I|4146|B3A3E6E0|INFO|HttpAuth::userAuth|Response=HTTP/1.1 200 OK
Connection: close
Content-Length: 122
Content-Type: text/html; charset=utf-8
Date: Fri, 23 May 2014 14:31:25 GMT
Server: Apache
Vary: Accept-Encoding

<?xml version="1.0" encoding="utf-8" ?><response><result>1</result><adult>1</adult><userName>richard</userName></response>
2014-05-24_11:01:09.435|I|4146|B3A3E6E0|INFO|0|104001|AllServer::_onJointAuthenExHttpAES|1|1500000010|0|GMID=1204|GWID=104001|URI=http://daybreak.globalgames.com.br/auth/|UserName=richard|Password=b45441068b0371dad184621bf09b7e4e|Send3rdPassword=d5ddbff4995734213c9aeb61d8227b0ac40d17a0ca5b52789caeb0b50722b46f|UserID_Union=richard|Lower=1|User_Flag=0|User_Type=0|Adult_Flag=1|User_Class=0|User_Point=0|Appendix1=0|Appendix2=0|Promoter_ID=0|User_IP=187.21.153.49|User_Port=50823|Client_MAC=00FF6B35BD7B|AD_ID=''|Hardware_SN1=''|Hardware_SN2=''|ClientType=full|NeedCheckPwd=1|TC1=35|TC2=6|TC=42
2014-05-24_11:01:09.435|I|4146|B3A3E6E0|INFO|package|1|SequenceID=20439|toRouter
2014-05-24_14:51:11.821|I|4146|B3A3E6E0|INFO|unPackage|1|pdu_len=163|orig_pdu_len=163|curr_agip_version=0x20|orig_agip_version=0x20|is_yt_version='no'|command_id=0x10003802|seq_id=22162|game_id=1204|gateway_id=104001|src_ip=192.168.177.92|src_port=46209
2014-05-24_14:51:11.824|I|4146|B3A3E6E0|INFO|HttpAuth::userAuth|Host=daybreak.globalgames.com.br|Port=80|Request=userAccount=richard&password=d5ddbff4995734213c9aeb61d8227b0ac40d17a0ca5b52789caeb0b50722b46f&sign=58AC3A54912E2752A05DFA90E8813AD2
2014-05-24_14:51:11.851|I|4146|B3A3E6E0|INFO|HttpAuth::userAuth|Response=HTTP/1.1 200 OK
Connection: close
Content-Length: 122
Content-Type: text/html; charset=utf-8
Date: Fri, 23 May 2014 18:23:24 GMT
Server: Apache
Vary: Accept-Encoding

<?xml version="1.0" encoding="utf-8" ?><response><result>1</result><adult>1</adult><userName>richard</userName></response>
2014-05-24_14:51:11.856|I|4146|B3A3E6E0|INFO|0|104001|AllServer::_onJointAuthenExHttpAES|1|1500000010|0|GMID=1204|GWID=104001|URI=http://daybreak.globalgames.com.br/auth/|UserName=richard|Password=b45441068b0371dad184621bf09b7e4e|Send3rdPassword=d5ddbff4995734213c9aeb61d8227b0ac40d17a0ca5b52789caeb0b50722b46f|UserID_Union=richard|Lower=1|User_Flag=0|User_Type=0|Adult_Flag=1|User_Class=0|User_Point=0|Appendix1=0|Appendix2=0|Promoter_ID=0|User_IP=187.21.153.49|User_Port=51825|Client_MAC=00FF6B35BD7B|AD_ID=''|Hardware_SN1=''|Hardware_SN2=''|ClientType=full|NeedCheckPwd=1|TC1=30|TC2=5|TC=35
2014-05-24_14:51:11.856|I|4146|B3A3E6E0|INFO|package|1|SequenceID=22162|toRouter
2014-05-24_16:50:04.534|I|4146|B3A3E6E0|INFO|unPackage|1|pdu_len=163|orig_pdu_len=163|curr_agip_version=0x20|orig_agip_version=0x20|is_yt_version='no'|command_id=0x10003802|seq_id=23054|game_id=1204|gateway_id=104001|src_ip=192.168.177.92|src_port=46209
2014-05-24_16:50:04.545|I|4146|B3A3E6E0|INFO|HttpAuth::userAuth|Host=daybreak.globalgames.com.br|Port=80|Request=userAccount=pedrao6&password=a1ebfa99a7bcc9e2167c5e6c52968e369375ce792d1a3e53f74e00c4dbc40a08&sign=EE5545964F47172744EC8BF723A7A073
2014-05-24_16:50:04.573|I|4146|B3A3E6E0|INFO|HttpAuth::userAuth|Response=HTTP/1.1 200 OK
Connection: close
Content-Length: 122
Content-Type: text/html; charset=utf-8
Date: Fri, 23 May 2014 20:22:59 GMT
Server: Apache
Vary: Accept-Encoding

<?xml version="1.0" encoding="utf-8" ?><response><result>1</result><adult>1</adult><userName>pedrao6</userName></response>
2014-05-24_16:50:04.577|I|4146|B3A3E6E0|INFO|0|104001|AllServer::_onJointAuthenExHttpAES|1|1500000027|0|GMID=1204|GWID=104001|URI=http://daybreak.globalgames.com.br/auth/|UserName=pedrao6|Password=d7557567513282b9153de0a2b8aaf125|Send3rdPassword=a1ebfa99a7bcc9e2167c5e6c52968e369375ce792d1a3e53f74e00c4dbc40a08|UserID_Union=pedrao6|Lower=1|User_Flag=0|User_Type=0|Adult_Flag=1|User_Class=0|User_Point=0|Appendix1=0|Appendix2=0|Promoter_ID=0|User_IP=187.21.153.49|User_Port=52109|Client_MAC=C61731FE4111|AD_ID=''|Hardware_SN1=''|Hardware_SN2=''|ClientType=full|NeedCheckPwd=1|TC1=39|TC2=4|TC=43
2014-05-24_16:50:04.577|I|4146|B3A3E6E0|INFO|package|1|SequenceID=23054|toRouter
2014-05-24_16:55:41.058|I|4146|B3A3E6E0|INFO|unPackage|1|pdu_len=168|orig_pdu_len=168|curr_agip_version=0x20|orig_agip_version=0x20|is_yt_version='no'|command_id=0x10003802|seq_id=23101|game_id=1204|gateway_id=104001|src_ip=192.168.177.92|src_port=46209
2014-05-24_16:55:41.061|I|4146|B3A3E6E0|INFO|HttpAuth::userAuth|Host=daybreak.globalgames.com.br|Port=80|Request=userAccount=dragao879852&password=c3472435fabb6492a24473988afb5052466775c7352c039d2061b92a6cb3aa88&sign=EBFDD0ABA1F7F88FFF4AC7E1244DFAB1
2014-05-24_16:55:41.093|I|4146|B3A3E6E0|INFO|HttpAuth::userAuth|Response=HTTP/1.1 200 OK
Connection: close
Content-Length: 131
Content-Type: text/html; charset=utf-8
Date: Fri, 23 May 2014 20:28:37 GMT
Server: Apache
Vary: Accept-Encoding

<?xml version="1.0" encoding="utf-8" ?><response><result>-1815</result><adult>1</adult><userName>dragao879852</userName></response>
2014-05-24_16:55:41.093|I|4146|B3A3E6E0|INFO|0|104001|AllServer::_onJointAuthenExHttpAES|-1815|0|0|GMID=1204|GWID=104001|URI=http://daybreak.globalgames.com.br/auth/|UserName=dragao879852|Password=56349752c1816bcf7f25dcf0348ccf23|Send3rdPassword=c3472435fabb6492a24473988afb5052466775c7352c039d2061b92a6cb3aa88|UserID_Union=|Lower=1|User_Flag=0|User_Type=0|Adult_Flag=0|User_Class=0|User_Point=0|Appendix1=0|Appendix2=0|Promoter_ID=0|User_IP=177.47.22.70|User_Port=61584|Client_MAC=00FF836BCE2B|AD_ID=''|Hardware_SN1=''|Hardware_SN2=''|ClientType=full|NeedCheckPwd=1|TC1=35|TC2=0|TC=35
2014-05-24_16:55:41.093|I|4146|B3A3E6E0|INFO|package|1|SequenceID=23101|toRouter
2014-05-24_16:55:52.906|I|4146|B3A3E6E0|INFO|unPackage|1|pdu_len=168|orig_pdu_len=168|curr_agip_version=0x20|orig_agip_version=0x20|is_yt_version='no'|command_id=0x10003802|seq_id=23104|game_id=1204|gateway_id=104001|src_ip=192.168.177.92|src_port=46209
2014-05-24_16:55:52.907|I|4146|B3A3E6E0|INFO|HttpAuth::userAuth|Host=daybreak.globalgames.com.br|Port=80|Request=userAccount=dragao879852&password=9dea1d78d63b4aa75e69ccfc9be282784375c5527357fcc987c859b74ac0198d&sign=F4161ED890F5877DA5D4FBF1D411E839
2014-05-24_16:55:52.939|I|4146|B3A3E6E0|INFO|HttpAuth::userAuth|Response=HTTP/1.1 200 OK
Connection: close
Content-Length: 127
Content-Type: text/html; charset=utf-8
Date: Fri, 23 May 2014 20:28:49 GMT
Server: Apache
Vary: Accept-Encoding

<?xml version="1.0" encoding="utf-8" ?><response><result>1</result><adult>1</adult><userName>dragao879852</userName></response>
2014-05-24_16:55:52.944|I|4146|B3A3E6E0|INFO|0|104001|AllServer::_onJointAuthenExHttpAES|1|1500000005|0|GMID=1204|GWID=104001|URI=http://daybreak.globalgames.com.br/auth/|UserName=dragao879852|Password=24188b3b45130415a05d962c7e867b5b|Send3rdPassword=9dea1d78d63b4aa75e69ccfc9be282784375c5527357fcc987c859b74ac0198d|UserID_Union=dragao879852|Lower=1|User_Flag=0|User_Type=0|Adult_Flag=1|User_Class=0|User_Point=0|Appendix1=0|Appendix2=0|Promoter_ID=0|User_IP=177.47.22.70|User_Port=61587|Client_MAC=00FF836BCE2B|AD_ID=''|Hardware_SN1=''|Hardware_SN2=''|ClientType=full|NeedCheckPwd=1|TC1=32|TC2=5|TC=37
2014-05-24_16:55:52.944|I|4146|B3A3E6E0|INFO|package|1|SequenceID=23104|toRouter
