2014-01-22_08:44:33.598|I|32450|B7F7B6E0|INFO|unPackage|1|pdu_len=165|orig_pdu_len=165|curr_agip_version=0x20|orig_agip_version=0x20|is_yt_version='no'|command_id=0x10003802|seq_id=25238|game_id=1204|gateway_id=104001|src_ip=192.168.177.92|src_port=46042
2014-01-22_08:44:33.663|I|32450|B7F7B6E0|INFO|HttpAuth::userAuth|Host=daybreak.globalgames.com.br|Port=80|Request=userAccount=polaris13&password=dda307357d5122bb087d86a76b597f0ecb43957559922cf1a410b3867c657033&sign=390FB1FEB22B6FAD0068C4D6918337DD
2014-01-22_08:44:34.021|I|32450|B7F7B6E0|INFO|HttpAuth::userAuth|Response=HTTP/1.1 200 OK
Connection: close
Content-Length: 124
Content-Type: text/html; charset=utf-8
Date: Wed, 22 Jan 2014 10:58:29 GMT
Server: Apache
Vary: Accept-Encoding

<?xml version="1.0" encoding="utf-8" ?><response><result>1</result><adult>1</adult><userName>polaris13</userName></response>
2014-01-22_08:44:34.129|I|32450|B7F7B6E0|INFO|0|104001|AllServer::_onJointAuthenExHttpAES|1|1500000020|0|GMID=1204|GWID=104001|URI=http://daybreak.globalgames.com.br/auth/|UserName=polaris13|Password=c3c7fdc199544358827fa0cbb78c235d|Send3rdPassword=dda307357d5122bb087d86a76b597f0ecb43957559922cf1a410b3867c657033|UserID_Union=polaris13|Lower=1|User_Flag=0|User_Type=0|Adult_Flag=1|User_Class=0|User_Point=0|Appendix1=0|Appendix2=0|Promoter_ID=0|User_IP=177.134.7.139|User_Port=53712|Client_MAC=1EC9D31E3393|AD_ID=''|Hardware_SN1=''|Hardware_SN2=''|ClientType=full|NeedCheckPwd=1|TC1=393|TC2=85|TC=504
2014-01-22_08:44:34.129|I|32450|B7F7B6E0|INFO|package|1|SequenceID=25238|toRouter
2014-01-22_11:27:00.488|I|32450|B7F7B6E0|INFO|unPackage|1|pdu_len=165|orig_pdu_len=165|curr_agip_version=0x20|orig_agip_version=0x20|is_yt_version='no'|command_id=0x10003802|seq_id=26447|game_id=1204|gateway_id=104001|src_ip=192.168.177.92|src_port=46042
2014-01-22_11:27:00.491|I|32450|B7F7B6E0|INFO|HttpAuth::userAuth|Host=daybreak.globalgames.com.br|Port=80|Request=userAccount=polaris13&password=dda307357d5122bb087d86a76b597f0ecb43957559922cf1a410b3867c657033&sign=390FB1FEB22B6FAD0068C4D6918337DD
2014-01-22_11:27:00.573|I|32450|B7F7B6E0|INFO|HttpAuth::userAuth|Response=HTTP/1.1 200 OK
Connection: close
Content-Length: 124
Content-Type: text/html; charset=utf-8
Date: Wed, 22 Jan 2014 13:40:56 GMT
Server: Apache
Vary: Accept-Encoding

<?xml version="1.0" encoding="utf-8" ?><response><result>1</result><adult>1</adult><userName>polaris13</userName></response>
2014-01-22_11:27:00.583|I|32450|B7F7B6E0|INFO|0|104001|AllServer::_onJointAuthenExHttpAES|1|1500000020|0|GMID=1204|GWID=104001|URI=http://daybreak.globalgames.com.br/auth/|UserName=polaris13|Password=c3c7fdc199544358827fa0cbb78c235d|Send3rdPassword=dda307357d5122bb087d86a76b597f0ecb43957559922cf1a410b3867c657033|UserID_Union=polaris13|Lower=1|User_Flag=0|User_Type=0|Adult_Flag=1|User_Class=0|User_Point=0|Appendix1=0|Appendix2=0|Promoter_ID=0|User_IP=177.134.7.139|User_Port=63087|Client_MAC=1EC9D31E3393|AD_ID=''|Hardware_SN1=''|Hardware_SN2=''|ClientType=full|NeedCheckPwd=1|TC1=85|TC2=10|TC=95
2014-01-22_11:27:00.583|I|32450|B7F7B6E0|INFO|package|1|SequenceID=26447|toRouter
2014-01-22_13:58:31.081|I|32450|B7F7B6E0|INFO|unPackage|1|pdu_len=163|orig_pdu_len=163|curr_agip_version=0x20|orig_agip_version=0x20|is_yt_version='no'|command_id=0x10003802|seq_id=27576|game_id=1204|gateway_id=104001|src_ip=192.168.177.92|src_port=46042
2014-01-22_13:58:31.082|I|32450|B7F7B6E0|INFO|HttpAuth::userAuth|Host=daybreak.globalgames.com.br|Port=80|Request=userAccount=pedrao6&password=c61b74db6ffd8a99e3b2b48346ffda840ccf969b7fbd37f66e548a54a4908631&sign=4ACEDCA660614D464F67B2E2C11AB5E5
2014-01-22_13:58:31.164|I|32450|B7F7B6E0|INFO|HttpAuth::userAuth|Response=HTTP/1.1 200 OK
Connection: close
Content-Length: 126
Content-Type: text/html; charset=utf-8
Date: Wed, 22 Jan 2014 16:12:27 GMT
Server: Apache
Vary: Accept-Encoding

<?xml version="1.0" encoding="utf-8" ?><response><result>-1815</result><adult>1</adult><userName>pedrao6</userName></response>
2014-01-22_13:58:31.164|I|32450|B7F7B6E0|INFO|0|104001|AllServer::_onJointAuthenExHttpAES|-1815|0|0|GMID=1204|GWID=104001|URI=http://daybreak.globalgames.com.br/auth/|UserName=pedrao6|Password=1118633198c87bba65e35fb5c1d82bce|Send3rdPassword=c61b74db6ffd8a99e3b2b48346ffda840ccf969b7fbd37f66e548a54a4908631|UserID_Union=|Lower=1|User_Flag=0|User_Type=0|Adult_Flag=0|User_Class=0|User_Point=0|Appendix1=0|Appendix2=0|Promoter_ID=0|User_IP=177.134.7.139|User_Port=50665|Client_MAC=00FF3655D22E|AD_ID=''|Hardware_SN1=''|Hardware_SN2=''|ClientType=full|NeedCheckPwd=1|TC1=83|TC2=0|TC=83
2014-01-22_13:58:31.164|I|32450|B7F7B6E0|INFO|package|1|SequenceID=27576|toRouter
2014-01-22_13:58:46.083|I|32450|B7F7B6E0|INFO|unPackage|1|pdu_len=163|orig_pdu_len=163|curr_agip_version=0x20|orig_agip_version=0x20|is_yt_version='no'|command_id=0x10003802|seq_id=27579|game_id=1204|gateway_id=104001|src_ip=192.168.177.92|src_port=46042
2014-01-22_13:58:46.083|I|32450|B7F7B6E0|INFO|HttpAuth::userAuth|Host=daybreak.globalgames.com.br|Port=80|Request=userAccount=pedrao6&password=f7b5f871ae9dfc275b36ac4ef793964cdc0a7ef41a22f0075444b48a71a41c68&sign=C903D2C350F82FE608269A8B28D30B40
2014-01-22_13:58:46.107|I|32450|B7F7B6E0|INFO|HttpAuth::userAuth|Response=HTTP/1.1 200 OK
Connection: close
Content-Length: 122
Content-Type: text/html; charset=utf-8
Date: Wed, 22 Jan 2014 16:12:42 GMT
Server: Apache
Vary: Accept-Encoding

<?xml version="1.0" encoding="utf-8" ?><response><result>1</result><adult>1</adult><userName>pedrao6</userName></response>
2014-01-22_13:58:46.130|I|32450|B7F7B6E0|INFO|0|104001|AllServer::_onJointAuthenExHttpAES|1|1500000027|0|GMID=1204|GWID=104001|URI=http://daybreak.globalgames.com.br/auth/|UserName=pedrao6|Password=c0447052a1be8c51ba30681a7b89281d|Send3rdPassword=f7b5f871ae9dfc275b36ac4ef793964cdc0a7ef41a22f0075444b48a71a41c68|UserID_Union=pedrao6|Lower=1|User_Flag=0|User_Type=0|Adult_Flag=1|User_Class=0|User_Point=0|Appendix1=0|Appendix2=0|Promoter_ID=0|User_IP=177.134.7.139|User_Port=50668|Client_MAC=00FF3655D22E|AD_ID=''|Hardware_SN1=''|Hardware_SN2=''|ClientType=full|NeedCheckPwd=1|TC1=24|TC2=23|TC=47
2014-01-22_13:58:46.130|I|32450|B7F7B6E0|INFO|package|1|SequenceID=27579|toRouter
2014-01-22_15:34:05.887|I|32450|B7F7B6E0|INFO|unPackage|1|pdu_len=166|orig_pdu_len=166|curr_agip_version=0x20|orig_agip_version=0x20|is_yt_version='no'|command_id=0x10003802|seq_id=28290|game_id=1204|gateway_id=104001|src_ip=192.168.177.92|src_port=46042
2014-01-22_15:34:05.890|I|32450|B7F7B6E0|INFO|HttpAuth::userAuth|Host=daybreak.globalgames.com.br|Port=80|Request=userAccount=andersongg&password=6ca4b545ec99c4edd3293b83078f4c79a9f0a2a9f1ba68ea0351b0d0d4ffae57&sign=2640EC98230C3E08F412CA15CB0D705B
2014-01-22_15:34:05.929|I|32450|B7F7B6E0|INFO|HttpAuth::userAuth|Response=HTTP/1.1 200 OK
Connection: close
Content-Length: 125
Content-Type: text/html; charset=utf-8
Date: Wed, 22 Jan 2014 17:48:02 GMT
Server: Apache
Vary: Accept-Encoding

<?xml version="1.0" encoding="utf-8" ?><response><result>1</result><adult>1</adult><userName>andersongg</userName></response>
2014-01-22_15:34:05.943|I|32450|B7F7B6E0|INFO|0|104001|AllServer::_onJointAuthenExHttpAES|1|1500000006|0|GMID=1204|GWID=104001|URI=http://daybreak.globalgames.com.br/auth/|UserName=andersongg|Password=640156a929a2966b9f8ec76b15e71994|Send3rdPassword=6ca4b545ec99c4edd3293b83078f4c79a9f0a2a9f1ba68ea0351b0d0d4ffae57|UserID_Union=andersongg|Lower=1|User_Flag=0|User_Type=0|Adult_Flag=1|User_Class=0|User_Point=0|Appendix1=0|Appendix2=0|Promoter_ID=0|User_IP=177.47.22.70|User_Port=51198|Client_MAC=00FF836BCE2B|AD_ID=''|Hardware_SN1=''|Hardware_SN2=''|ClientType=full|NeedCheckPwd=1|TC1=42|TC2=14|TC=56
2014-01-22_15:34:05.943|I|32450|B7F7B6E0|INFO|package|1|SequenceID=28290|toRouter
2014-01-22_18:27:44.430|I|32450|B7F7B6E0|INFO|unPackage|1|pdu_len=163|orig_pdu_len=163|curr_agip_version=0x20|orig_agip_version=0x20|is_yt_version='no'|command_id=0x10003802|seq_id=29585|game_id=1204|gateway_id=104001|src_ip=192.168.177.92|src_port=46042
2014-01-22_18:27:44.432|I|32450|B7F7B6E0|INFO|HttpAuth::userAuth|Host=daybreak.globalgames.com.br|Port=80|Request=userAccount=richard&password=d5ddbff4995734213c9aeb61d8227b0ac40d17a0ca5b52789caeb0b50722b46f&sign=58AC3A54912E2752A05DFA90E8813AD2
2014-01-22_18:27:44.525|I|32450|B7F7B6E0|INFO|HttpAuth::userAuth|Response=HTTP/1.1 200 OK
Connection: close
Content-Length: 122
Content-Type: text/html; charset=utf-8
Date: Wed, 22 Jan 2014 20:41:41 GMT
Server: Apache
Vary: Accept-Encoding

<?xml version="1.0" encoding="utf-8" ?><response><result>1</result><adult>1</adult><userName>richard</userName></response>
2014-01-22_18:27:44.545|I|32450|B7F7B6E0|INFO|0|104001|AllServer::_onJointAuthenExHttpAES|1|1500000010|0|GMID=1204|GWID=104001|URI=http://daybreak.globalgames.com.br/auth/|UserName=richard|Password=b45441068b0371dad184621bf09b7e4e|Send3rdPassword=d5ddbff4995734213c9aeb61d8227b0ac40d17a0ca5b52789caeb0b50722b46f|UserID_Union=richard|Lower=1|User_Flag=0|User_Type=0|Adult_Flag=1|User_Class=0|User_Point=0|Appendix1=0|Appendix2=0|Promoter_ID=0|User_IP=177.134.7.139|User_Port=49503|Client_MAC=00FF6B35BD7B|AD_ID=''|Hardware_SN1=''|Hardware_SN2=''|ClientType=full|NeedCheckPwd=1|TC1=95|TC2=20|TC=115
2014-01-22_18:27:44.545|I|32450|B7F7B6E0|INFO|package|1|SequenceID=29585|toRouter
