2015-01-10_04:44:58.327|I|4146|B3A3E6E0|INFO|unPackage|1|pdu_len=163|orig_pdu_len=163|curr_agip_version=0x20|orig_agip_version=0x20|is_yt_version='no'|command_id=0x10003802|seq_id=545411|game_id=1204|gateway_id=104001|src_ip=192.168.177.92|src_port=38962
2015-01-10_04:44:58.330|I|4146|B3A3E6E0|INFO|HttpAuth::userAuth|Host=daybreak.globalgames.com.br|Port=80|Request=userAccount=desflag&password=43c57a4630802a40734803671b6b7929fb8230caae0bc3d6a8e04cff6e7699b9&sign=0311FF437DCEE4191292D37FBBF50FA4
2015-01-10_04:44:58.354|I|4146|B3A3E6E0|INFO|HttpAuth::userAuth|Response=HTTP/1.1 200 OK
Connection: close
Content-Length: 122
Content-Type: text/html; charset=utf-8
Date: Sat, 10 Jan 2015 06:44:59 GMT
Server: Apache
Vary: Accept-Encoding

<?xml version="1.0" encoding="utf-8" ?><response><result>1</result><adult>1</adult><userName>desflag</userName></response>
2015-01-10_04:44:58.359|I|4146|B3A3E6E0|INFO|0|104001|AllServer::_onJointAuthenExHttpAES|1|1500000114|0|GMID=1204|GWID=104001|URI=http://daybreak.globalgames.com.br/auth/|UserName=desflag|Password=b57e68a53d607d0019f744da566839f6|Send3rdPassword=43c57a4630802a40734803671b6b7929fb8230caae0bc3d6a8e04cff6e7699b9|UserID_Union=desflag|Lower=1|User_Flag=0|User_Type=0|Adult_Flag=1|User_Class=0|User_Point=0|Appendix1=0|Appendix2=0|Promoter_ID=0|User_IP=179.180.101.13|User_Port=51272|Client_MAC=E03F49E4C7E3|AD_ID=''|Hardware_SN1=''|Hardware_SN2=''|ClientType=full|NeedCheckPwd=1|TC1=28|TC2=4|TC=32
2015-01-10_04:44:58.359|I|4146|B3A3E6E0|INFO|package|1|SequenceID=545411|toRouter
2015-01-10_07:44:44.370|I|4146|B3A3E6E0|INFO|unPackage|1|pdu_len=163|orig_pdu_len=163|curr_agip_version=0x20|orig_agip_version=0x20|is_yt_version='no'|command_id=0x10003802|seq_id=546807|game_id=1204|gateway_id=104001|src_ip=192.168.177.92|src_port=38962
2015-01-10_07:44:44.372|I|4146|B3A3E6E0|INFO|HttpAuth::userAuth|Host=daybreak.globalgames.com.br|Port=80|Request=userAccount=desflag&password=43c57a4630802a40734803671b6b7929fb8230caae0bc3d6a8e04cff6e7699b9&sign=0311FF437DCEE4191292D37FBBF50FA4
2015-01-10_07:44:44.420|I|4146|B3A3E6E0|INFO|HttpAuth::userAuth|Response=HTTP/1.1 200 OK
Connection: close
Content-Length: 122
Content-Type: text/html; charset=utf-8
Date: Sat, 10 Jan 2015 09:44:45 GMT
Server: Apache
Vary: Accept-Encoding

<?xml version="1.0" encoding="utf-8" ?><response><result>1</result><adult>1</adult><userName>desflag</userName></response>
2015-01-10_07:44:44.425|I|4146|B3A3E6E0|INFO|0|104001|AllServer::_onJointAuthenExHttpAES|1|1500000114|0|GMID=1204|GWID=104001|URI=http://daybreak.globalgames.com.br/auth/|UserName=desflag|Password=b57e68a53d607d0019f744da566839f6|Send3rdPassword=43c57a4630802a40734803671b6b7929fb8230caae0bc3d6a8e04cff6e7699b9|UserID_Union=desflag|Lower=1|User_Flag=0|User_Type=0|Adult_Flag=1|User_Class=0|User_Point=0|Appendix1=0|Appendix2=0|Promoter_ID=0|User_IP=179.180.101.13|User_Port=55709|Client_MAC=E03F49E4C7E3|AD_ID=''|Hardware_SN1=''|Hardware_SN2=''|ClientType=full|NeedCheckPwd=1|TC1=50|TC2=5|TC=55
2015-01-10_07:44:44.425|I|4146|B3A3E6E0|INFO|package|1|SequenceID=546807|toRouter
