This file contains any messages produced by compilers while
running configure, to aid debugging if configure makes a mistake.

It was created by configure, which was
generated by GNU Autoconf 2.59.  Invocation command line was

  $ ./configure --prefix=/usr/local/libiconv --prefix=/usr/local/libiconv --cache-file=/dev/null --srcdir=.

## --------- ##
## Platform. ##
## --------- ##

hostname = test.erating.db.gg.com.br
uname -m = i686
uname -r = 2.6.18-348.1.1.el5
uname -s = Linux
uname -v = #1 SMP Tue Jan 22 16:24:03 EST 2013

/usr/bin/uname -p = unknown
/bin/uname -X     = unknown

/bin/arch              = i686
/usr/bin/arch -k       = unknown
/usr/convex/getsysinfo = unknown
hostinfo               = unknown
/bin/machine           = unknown
/usr/bin/oslevel       = unknown
/bin/universe          = unknown

PATH: /usr/kerberos/sbin
PATH: /usr/kerberos/bin
PATH: /usr/local/sbin
PATH: /usr/local/bin
PATH: /sbin
PATH: /bin
PATH: /usr/sbin
PATH: /usr/bin
PATH: /root/bin


## ----------- ##
## Core tests. ##
## ----------- ##

configure:1518: checking whether make sets $(MAKE)
configure:1538: result: yes
configure:1600: checking for gcc
configure:1616: found /usr/bin/gcc
configure:1626: result: gcc
configure:1870: checking for C compiler version
configure:1873: gcc --version </dev/null >&5
gcc (GCC) 4.1.2 20080704 (Red Hat 4.1.2-54)
Copyright (C) 2006 Free Software Foundation, Inc.
This is free software; see the source for copying conditions.  There is NO
warranty; not even for MERCHANTABILITY or FITNESS FOR A PARTICULAR PURPOSE.

configure:1876: $? = 0
configure:1878: gcc -v </dev/null >&5
Using built-in specs.
Target: i386-redhat-linux
Configured with: ../configure --prefix=/usr --mandir=/usr/share/man --infodir=/usr/share/info --enable-shared --enable-threads=posix --enable-checking=release --with-system-zlib --enable-__cxa_atexit --disable-libunwind-exceptions --enable-libgcj-multifile --enable-languages=c,c++,objc,obj-c++,java,fortran,ada --enable-java-awt=gtk --disable-dssi --disable-plugin --with-java-home=/usr/lib/jvm/java-1.4.2-gcj-1.4.2.0/jre --with-cpu=generic --host=i386-redhat-linux
Thread model: posix
gcc version 4.1.2 20080704 (Red Hat 4.1.2-54)
configure:1881: $? = 0
configure:1883: gcc -V </dev/null >&5
gcc: '-V' option must have argument
configure:1886: $? = 1
configure:1909: checking for C compiler default output file name
configure:1912: gcc    conftest.c  >&5
configure:1915: $? = 0
configure:1961: result: a.out
configure:1966: checking whether the C compiler works
configure:1972: ./a.out
configure:1975: $? = 0
configure:1992: result: yes
configure:1999: checking whether we are cross compiling
configure:2001: result: no
configure:2004: checking for suffix of executables
configure:2006: gcc -o conftest    conftest.c  >&5
configure:2009: $? = 0
configure:2034: result: 
configure:2040: checking for suffix of object files
configure:2061: gcc -c   conftest.c >&5
configure:2064: $? = 0
configure:2086: result: o
configure:2090: checking whether we are using the GNU C compiler
configure:2114: gcc -c   conftest.c >&5
configure:2120: $? = 0
configure:2124: test -z 
			 || test ! -s conftest.err
configure:2127: $? = 0
configure:2130: test -s conftest.o
configure:2133: $? = 0
configure:2146: result: yes
configure:2152: checking whether gcc accepts -g
configure:2173: gcc -c -g  conftest.c >&5
configure:2179: $? = 0
configure:2183: test -z 
			 || test ! -s conftest.err
configure:2186: $? = 0
configure:2189: test -s conftest.o
configure:2192: $? = 0
configure:2203: result: yes
configure:2220: checking for gcc option to accept ANSI C
configure:2290: gcc  -c -g -O2  conftest.c >&5
configure:2296: $? = 0
configure:2300: test -z 
			 || test ! -s conftest.err
configure:2303: $? = 0
configure:2306: test -s conftest.o
configure:2309: $? = 0
configure:2327: result: none needed
configure:2345: gcc -c -g -O2  conftest.c >&5
conftest.c:2: error: expected '=', ',', ';', 'asm' or '__attribute__' before 'me'
configure:2351: $? = 1
configure: failed program was:
| #ifndef __cplusplus
|   choke me
| #endif
configure:2489: checking how to run the C preprocessor
configure:2524: gcc -E  conftest.c
configure:2530: $? = 0
configure:2562: gcc -E  conftest.c
conftest.c:9:28: error: ac_nonexistent.h: No such file or directory
configure:2568: $? = 1
configure: failed program was:
| /* confdefs.h.  */
| 
| #define PACKAGE_NAME ""
| #define PACKAGE_TARNAME ""
| #define PACKAGE_VERSION ""
| #define PACKAGE_STRING ""
| #define PACKAGE_BUGREPORT ""
| /* end confdefs.h.  */
| #include <ac_nonexistent.h>
configure:2607: result: gcc -E
configure:2631: gcc -E  conftest.c
configure:2637: $? = 0
configure:2669: gcc -E  conftest.c
conftest.c:9:28: error: ac_nonexistent.h: No such file or directory
configure:2675: $? = 1
configure: failed program was:
| /* confdefs.h.  */
| 
| #define PACKAGE_NAME ""
| #define PACKAGE_TARNAME ""
| #define PACKAGE_VERSION ""
| #define PACKAGE_STRING ""
| #define PACKAGE_BUGREPORT ""
| /* end confdefs.h.  */
| #include <ac_nonexistent.h>
configure:2720: checking for egrep
configure:2730: result: grep -E
configure:2736: checking whether gcc needs -traditional
configure:2778: result: no
configure:2798: checking for a BSD-compatible install
configure:2853: result: /usr/bin/install -c
configure:2872: checking build system type
configure:2890: result: i686-pc-linux-gnu
configure:2898: checking host system type
configure:2912: result: i686-pc-linux-gnu
configure:2923: checking whether to activate relocatable installation
configure:2938: result: no
configure:2958: checking for AIX
configure:2980: result: no
configure:2986: checking for ANSI C header files
configure:3011: gcc -c -g -O2  conftest.c >&5
configure:3017: $? = 0
configure:3021: test -z 
			 || test ! -s conftest.err
configure:3024: $? = 0
configure:3027: test -s conftest.o
configure:3030: $? = 0
configure:3119: gcc -o conftest -g -O2   conftest.c  >&5
conftest.c: In function 'main':
conftest.c:27: warning: incompatible implicit declaration of built-in function 'exit'
configure:3122: $? = 0
configure:3124: ./conftest
configure:3127: $? = 0
configure:3142: result: yes
configure:3166: checking for sys/types.h
configure:3182: gcc -c -g -O2  conftest.c >&5
configure:3188: $? = 0
configure:3192: test -z 
			 || test ! -s conftest.err
configure:3195: $? = 0
configure:3198: test -s conftest.o
configure:3201: $? = 0
configure:3212: result: yes
configure:3166: checking for sys/stat.h
configure:3182: gcc -c -g -O2  conftest.c >&5
configure:3188: $? = 0
configure:3192: test -z 
			 || test ! -s conftest.err
configure:3195: $? = 0
configure:3198: test -s conftest.o
configure:3201: $? = 0
configure:3212: result: yes
configure:3166: checking for stdlib.h
configure:3182: gcc -c -g -O2  conftest.c >&5
configure:3188: $? = 0
configure:3192: test -z 
			 || test ! -s conftest.err
configure:3195: $? = 0
configure:3198: test -s conftest.o
configure:3201: $? = 0
configure:3212: result: yes
configure:3166: checking for string.h
configure:3182: gcc -c -g -O2  conftest.c >&5
configure:3188: $? = 0
configure:3192: test -z 
			 || test ! -s conftest.err
configure:3195: $? = 0
configure:3198: test -s conftest.o
configure:3201: $? = 0
configure:3212: result: yes
configure:3166: checking for memory.h
configure:3182: gcc -c -g -O2  conftest.c >&5
configure:3188: $? = 0
configure:3192: test -z 
			 || test ! -s conftest.err
configure:3195: $? = 0
configure:3198: test -s conftest.o
configure:3201: $? = 0
configure:3212: result: yes
configure:3166: checking for strings.h
configure:3182: gcc -c -g -O2  conftest.c >&5
configure:3188: $? = 0
configure:3192: test -z 
			 || test ! -s conftest.err
configure:3195: $? = 0
configure:3198: test -s conftest.o
configure:3201: $? = 0
configure:3212: result: yes
configure:3166: checking for inttypes.h
configure:3182: gcc -c -g -O2  conftest.c >&5
configure:3188: $? = 0
configure:3192: test -z 
			 || test ! -s conftest.err
configure:3195: $? = 0
configure:3198: test -s conftest.o
configure:3201: $? = 0
configure:3212: result: yes
configure:3166: checking for stdint.h
configure:3182: gcc -c -g -O2  conftest.c >&5
configure:3188: $? = 0
configure:3192: test -z 
			 || test ! -s conftest.err
configure:3195: $? = 0
configure:3198: test -s conftest.o
configure:3201: $? = 0
configure:3212: result: yes
configure:3166: checking for unistd.h
configure:3182: gcc -c -g -O2  conftest.c >&5
configure:3188: $? = 0
configure:3192: test -z 
			 || test ! -s conftest.err
configure:3195: $? = 0
configure:3198: test -s conftest.o
configure:3201: $? = 0
configure:3212: result: yes
configure:3234: checking minix/config.h usability
configure:3246: gcc -c -g -O2  conftest.c >&5
conftest.c:54:26: error: minix/config.h: No such file or directory
configure:3252: $? = 1
configure: failed program was:
| /* confdefs.h.  */
| 
| #define PACKAGE_NAME ""
| #define PACKAGE_TARNAME ""
| #define PACKAGE_VERSION ""
| #define PACKAGE_STRING ""
| #define PACKAGE_BUGREPORT ""
| #define INSTALLPREFIX "/usr/local/libiconv"
| #define STDC_HEADERS 1
| #define HAVE_SYS_TYPES_H 1
| #define HAVE_SYS_STAT_H 1
| #define HAVE_STDLIB_H 1
| #define HAVE_STRING_H 1
| #define HAVE_MEMORY_H 1
| #define HAVE_STRINGS_H 1
| #define HAVE_INTTYPES_H 1
| #define HAVE_STDINT_H 1
| #define HAVE_UNISTD_H 1
| /* end confdefs.h.  */
| #include <stdio.h>
| #if HAVE_SYS_TYPES_H
| # include <sys/types.h>
| #endif
| #if HAVE_SYS_STAT_H
| # include <sys/stat.h>
| #endif
| #if STDC_HEADERS
| # include <stdlib.h>
| # include <stddef.h>
| #else
| # if HAVE_STDLIB_H
| #  include <stdlib.h>
| # endif
| #endif
| #if HAVE_STRING_H
| # if !STDC_HEADERS && HAVE_MEMORY_H
| #  include <memory.h>
| # endif
| # include <string.h>
| #endif
| #if HAVE_STRINGS_H
| # include <strings.h>
| #endif
| #if HAVE_INTTYPES_H
| # include <inttypes.h>
| #else
| # if HAVE_STDINT_H
| #  include <stdint.h>
| # endif
| #endif
| #if HAVE_UNISTD_H
| # include <unistd.h>
| #endif
| #include <minix/config.h>
configure:3275: result: no
configure:3279: checking minix/config.h presence
configure:3289: gcc -E  conftest.c
conftest.c:20:26: error: minix/config.h: No such file or directory
configure:3295: $? = 1
configure: failed program was:
| /* confdefs.h.  */
| 
| #define PACKAGE_NAME ""
| #define PACKAGE_TARNAME ""
| #define PACKAGE_VERSION ""
| #define PACKAGE_STRING ""
| #define PACKAGE_BUGREPORT ""
| #define INSTALLPREFIX "/usr/local/libiconv"
| #define STDC_HEADERS 1
| #define HAVE_SYS_TYPES_H 1
| #define HAVE_SYS_STAT_H 1
| #define HAVE_STDLIB_H 1
| #define HAVE_STRING_H 1
| #define HAVE_MEMORY_H 1
| #define HAVE_STRINGS_H 1
| #define HAVE_INTTYPES_H 1
| #define HAVE_STDINT_H 1
| #define HAVE_UNISTD_H 1
| /* end confdefs.h.  */
| #include <minix/config.h>
configure:3315: result: no
configure:3350: checking for minix/config.h
configure:3357: result: no
configure:3386: checking for library containing strerror
configure:3416: gcc -o conftest -g -O2   conftest.c  >&5
configure:3422: $? = 0
configure:3426: test -z 
			 || test ! -s conftest.err
configure:3429: $? = 0
configure:3432: test -s conftest
configure:3435: $? = 0
configure:3505: result: none required
configure:3592: checking for a sed that does not truncate output
configure:3646: result: /bin/sed
configure:3660: checking for ld used by gcc
configure:3727: result: /usr/bin/ld
configure:3736: checking if the linker (/usr/bin/ld) is GNU ld
configure:3751: result: yes
configure:3756: checking for /usr/bin/ld option to reload object files
configure:3763: result: -r
configure:3781: checking for BSD-compatible nm
configure:3823: result: /usr/bin/nm -B
configure:3827: checking whether ln -s works
configure:3831: result: yes
configure:3838: checking how to recognise dependent libraries
configure:4010: result: pass_all
configure:4472: checking dlfcn.h usability
configure:4484: gcc -c -g -O2  conftest.c >&5
configure:4490: $? = 0
configure:4494: test -z 
			 || test ! -s conftest.err
configure:4497: $? = 0
configure:4500: test -s conftest.o
configure:4503: $? = 0
configure:4513: result: yes
configure:4517: checking dlfcn.h presence
configure:4527: gcc -E  conftest.c
configure:4533: $? = 0
configure:4553: result: yes
configure:4588: checking for dlfcn.h
configure:4595: result: yes
configure:4660: checking for g++
configure:4676: found /usr/bin/g++
configure:4686: result: g++
configure:4702: checking for C++ compiler version
configure:4705: g++ --version </dev/null >&5
g++ (GCC) 4.1.2 20080704 (Red Hat 4.1.2-54)
Copyright (C) 2006 Free Software Foundation, Inc.
This is free software; see the source for copying conditions.  There is NO
warranty; not even for MERCHANTABILITY or FITNESS FOR A PARTICULAR PURPOSE.

configure:4708: $? = 0
configure:4710: g++ -v </dev/null >&5
Using built-in specs.
Target: i386-redhat-linux
Configured with: ../configure --prefix=/usr --mandir=/usr/share/man --infodir=/usr/share/info --enable-shared --enable-threads=posix --enable-checking=release --with-system-zlib --enable-__cxa_atexit --disable-libunwind-exceptions --enable-libgcj-multifile --enable-languages=c,c++,objc,obj-c++,java,fortran,ada --enable-java-awt=gtk --disable-dssi --disable-plugin --with-java-home=/usr/lib/jvm/java-1.4.2-gcj-1.4.2.0/jre --with-cpu=generic --host=i386-redhat-linux
Thread model: posix
gcc version 4.1.2 20080704 (Red Hat 4.1.2-54)
configure:4713: $? = 0
configure:4715: g++ -V </dev/null >&5
g++: '-V' option must have argument
configure:4718: $? = 1
configure:4721: checking whether we are using the GNU C++ compiler
configure:4745: g++ -c   conftest.cc >&5
configure:4751: $? = 0
configure:4755: test -z 
			 || test ! -s conftest.err
configure:4758: $? = 0
configure:4761: test -s conftest.o
configure:4764: $? = 0
configure:4777: result: yes
configure:4783: checking whether g++ accepts -g
configure:4804: g++ -c -g  conftest.cc >&5
configure:4810: $? = 0
configure:4814: test -z 
			 || test ! -s conftest.err
configure:4817: $? = 0
configure:4820: test -s conftest.o
configure:4823: $? = 0
configure:4834: result: yes
configure:4876: g++ -c -g -O2  conftest.cc >&5
configure:4882: $? = 0
configure:4886: test -z 
			 || test ! -s conftest.err
configure:4889: $? = 0
configure:4892: test -s conftest.o
configure:4895: $? = 0
configure:4921: g++ -c -g -O2  conftest.cc >&5
conftest.cc: In function 'int main()':
conftest.cc:25: error: 'exit' was not declared in this scope
configure:4927: $? = 1
configure: failed program was:
| /* confdefs.h.  */
| 
| #define PACKAGE_NAME ""
| #define PACKAGE_TARNAME ""
| #define PACKAGE_VERSION ""
| #define PACKAGE_STRING ""
| #define PACKAGE_BUGREPORT ""
| #define INSTALLPREFIX "/usr/local/libiconv"
| #define STDC_HEADERS 1
| #define HAVE_SYS_TYPES_H 1
| #define HAVE_SYS_STAT_H 1
| #define HAVE_STDLIB_H 1
| #define HAVE_STRING_H 1
| #define HAVE_MEMORY_H 1
| #define HAVE_STRINGS_H 1
| #define HAVE_INTTYPES_H 1
| #define HAVE_STDINT_H 1
| #define HAVE_UNISTD_H 1
| #define HAVE_DLFCN_H 1
| /* end confdefs.h.  */
| 
| int
| main ()
| {
| exit (42);
|   ;
|   return 0;
| }
configure:4876: g++ -c -g -O2  conftest.cc >&5
configure:4882: $? = 0
configure:4886: test -z 
			 || test ! -s conftest.err
configure:4889: $? = 0
configure:4892: test -s conftest.o
configure:4895: $? = 0
configure:4921: g++ -c -g -O2  conftest.cc >&5
configure:4927: $? = 0
configure:4931: test -z 
			 || test ! -s conftest.err
configure:4934: $? = 0
configure:4937: test -s conftest.o
configure:4940: $? = 0
configure:4973: checking how to run the C++ preprocessor
configure:5004: g++ -E  conftest.cc
configure:5010: $? = 0
configure:5042: g++ -E  conftest.cc
conftest.cc:24:28: error: ac_nonexistent.h: No such file or directory
configure:5048: $? = 1
configure: failed program was:
| /* confdefs.h.  */
| 
| #define PACKAGE_NAME ""
| #define PACKAGE_TARNAME ""
| #define PACKAGE_VERSION ""
| #define PACKAGE_STRING ""
| #define PACKAGE_BUGREPORT ""
| #define INSTALLPREFIX "/usr/local/libiconv"
| #define STDC_HEADERS 1
| #define HAVE_SYS_TYPES_H 1
| #define HAVE_SYS_STAT_H 1
| #define HAVE_STDLIB_H 1
| #define HAVE_STRING_H 1
| #define HAVE_MEMORY_H 1
| #define HAVE_STRINGS_H 1
| #define HAVE_INTTYPES_H 1
| #define HAVE_STDINT_H 1
| #define HAVE_UNISTD_H 1
| #define HAVE_DLFCN_H 1
| #ifdef __cplusplus
| extern "C" void std::exit (int) throw (); using std::exit;
| #endif
| /* end confdefs.h.  */
| #include <ac_nonexistent.h>
configure:5087: result: g++ -E
configure:5111: g++ -E  conftest.cc
configure:5117: $? = 0
configure:5149: g++ -E  conftest.cc
conftest.cc:24:28: error: ac_nonexistent.h: No such file or directory
configure:5155: $? = 1
configure: failed program was:
| /* confdefs.h.  */
| 
| #define PACKAGE_NAME ""
| #define PACKAGE_TARNAME ""
| #define PACKAGE_VERSION ""
| #define PACKAGE_STRING ""
| #define PACKAGE_BUGREPORT ""
| #define INSTALLPREFIX "/usr/local/libiconv"
| #define STDC_HEADERS 1
| #define HAVE_SYS_TYPES_H 1
| #define HAVE_SYS_STAT_H 1
| #define HAVE_STDLIB_H 1
| #define HAVE_STRING_H 1
| #define HAVE_MEMORY_H 1
| #define HAVE_STRINGS_H 1
| #define HAVE_INTTYPES_H 1
| #define HAVE_STDINT_H 1
| #define HAVE_UNISTD_H 1
| #define HAVE_DLFCN_H 1
| #ifdef __cplusplus
| extern "C" void std::exit (int) throw (); using std::exit;
| #endif
| /* end confdefs.h.  */
| #include <ac_nonexistent.h>
configure:5252: checking for g77
configure:5281: result: no
configure:5252: checking for f77
configure:5281: result: no
configure:5252: checking for xlf
configure:5281: result: no
configure:5252: checking for frt
configure:5281: result: no
configure:5252: checking for pgf77
configure:5281: result: no
configure:5252: checking for fort77
configure:5281: result: no
configure:5252: checking for fl32
configure:5281: result: no
configure:5252: checking for af77
configure:5281: result: no
configure:5252: checking for f90
configure:5281: result: no
configure:5252: checking for xlf90
configure:5281: result: no
configure:5252: checking for pgf90
configure:5281: result: no
configure:5252: checking for epcf90
configure:5281: result: no
configure:5252: checking for f95
configure:5281: result: no
configure:5252: checking for fort
configure:5281: result: no
configure:5252: checking for xlf95
configure:5281: result: no
configure:5252: checking for ifc
configure:5281: result: no
configure:5252: checking for efc
configure:5281: result: no
configure:5252: checking for pgf95
configure:5281: result: no
configure:5252: checking for lf95
configure:5281: result: no
configure:5252: checking for gfortran
configure:5281: result: no
configure:5293: checking for Fortran 77 compiler version
configure:5296:  --version </dev/null >&5
./configure: line 5297: --version: command not found
configure:5299: $? = 127
configure:5301:  -v </dev/null >&5
./configure: line 5302: -v: command not found
configure:5304: $? = 127
configure:5306:  -V </dev/null >&5
./configure: line 5307: -V: command not found
configure:5309: $? = 127
configure:5317: checking whether we are using the GNU Fortran 77 compiler
configure:5331:  -c  conftest.F >&5
./configure: line 5332: -c: command not found
configure:5337: $? = 127
configure: failed program was:
|       program main
| #ifndef __GNUC__
|        choke me
| #endif
| 
|       end
configure:5363: result: no
configure:5369: checking whether  accepts -g
configure:5381:  -c -g conftest.f >&5
./configure: line 5382: -c: command not found
configure:5387: $? = 127
configure: failed program was:
|       program main
| 
|       end
configure:5412: result: no
configure:5442: checking the maximum length of command line arguments
configure:5521: result: 32768
configure:5532: checking command to parse /usr/bin/nm -B output from gcc object
configure:5628: gcc -c -g -O2  conftest.c >&5
configure:5631: $? = 0
configure:5635: /usr/bin/nm -B conftest.o \| sed -n -e 's/^.*[ 	]\([ABCDGIRSTW][ABCDGIRSTW]*\)[ 	][ 	]*\(\)\([_A-Za-z][_A-Za-z0-9]*\)$/\1 \2\3 \3/p' \> conftest.nm
configure:5638: $? = 0
configure:5690: gcc -o conftest -g -O2   conftest.c conftstm.o >&5
configure:5693: $? = 0
configure:5731: result: ok
configure:5735: checking for objdir
configure:5750: result: .libs
configure:5840: checking for ar
configure:5856: found /usr/bin/ar
configure:5867: result: ar
configure:5920: checking for ranlib
configure:5936: found /usr/bin/ranlib
configure:5947: result: ranlib
configure:6000: checking for strip
configure:6016: found /usr/bin/strip
configure:6027: result: strip
configure:6291: checking if gcc static flag  works
configure:6314: result: yes
configure:6336: checking if gcc supports -fno-rtti -fno-exceptions
configure:6354: gcc -c -g -O2  -fno-rtti -fno-exceptions conftest.c >&5
cc1: warning: command line option "-fno-rtti" is valid for C++/ObjC++ but not for C
configure:6358: $? = 0
configure:6369: result: no
configure:6384: checking for gcc option to produce PIC
configure:6574: result: -fPIC
configure:6582: checking if gcc PIC flag -fPIC works
configure:6600: gcc -c -g -O2  -fPIC -DPIC conftest.c >&5
configure:6604: $? = 0
configure:6615: result: yes
configure:6639: checking if gcc supports -c -o file.o
configure:6660: gcc -c -g -O2  -o out/conftest2.o conftest.c >&5
configure:6664: $? = 0
configure:6684: result: yes
configure:6710: checking whether the gcc linker (/usr/bin/ld) supports shared libraries
configure:7559: result: yes
configure:7585: checking whether -lc should be explicitly linked in
configure:7590: gcc -c -g -O2  conftest.c >&5
configure:7593: $? = 0
configure:7607: gcc -shared conftest.o  -v -Wl,-soname -Wl,conftest -o conftest 2\>\&1 \| grep  -lc  \>/dev/null 2\>\&1
configure:7610: $? = 0
configure:7622: result: no
configure:7630: checking dynamic linker characteristics
configure:8171: result: GNU/Linux ld.so
configure:8175: checking how to hardcode library paths into programs
configure:8200: result: immediate
configure:8214: checking whether stripping libraries is possible
configure:8219: result: yes
configure:9049: checking if libtool supports shared libraries
configure:9051: result: yes
configure:9054: checking whether to build shared libraries
configure:9075: result: yes
configure:9078: checking whether to build static libraries
configure:9082: result: yes
configure:9174: creating libtool
configure:9724: checking for ld used by g++
configure:9791: result: /usr/bin/ld
configure:9800: checking if the linker (/usr/bin/ld) is GNU ld
configure:9815: result: yes
configure:9866: checking whether the g++ linker (/usr/bin/ld) supports shared libraries
configure:10733: result: yes
configure:10755: g++ -c -g -O2  conftest.cc >&5
configure:10758: $? = 0
configure:10854: checking for g++ option to produce PIC
configure:11116: result: -fPIC
configure:11124: checking if g++ PIC flag -fPIC works
configure:11142: g++ -c -g -O2  -fPIC -DPIC conftest.cc >&5
configure:11146: $? = 0
configure:11157: result: yes
configure:11181: checking if g++ supports -c -o file.o
configure:11202: g++ -c -g -O2  -o out/conftest2.o conftest.cc >&5
configure:11206: $? = 0
configure:11226: result: yes
configure:11252: checking whether the g++ linker (/usr/bin/ld) supports shared libraries
configure:11277: result: yes
configure:11348: checking dynamic linker characteristics
configure:11889: result: GNU/Linux ld.so
configure:11893: checking how to hardcode library paths into programs
configure:11918: result: immediate
configure:11932: checking whether stripping libraries is possible
configure:11937: result: yes
configure:19209: checking for nl_langinfo and CODESET
configure:19230: gcc -o conftest -g -O2   conftest.c  >&5
configure:19236: $? = 0
configure:19240: test -z 
			 || test ! -s conftest.err
configure:19243: $? = 0
configure:19246: test -s conftest
configure:19249: $? = 0
configure:19262: result: yes
configure:19273: checking whether we are using the GNU C Library 2.1 or newer
configure:19304: result: yes
configure:19326: checking stddef.h usability
configure:19338: gcc -c -g -O2  conftest.c >&5
configure:19344: $? = 0
configure:19348: test -z 
			 || test ! -s conftest.err
configure:19351: $? = 0
configure:19354: test -s conftest.o
configure:19357: $? = 0
configure:19367: result: yes
configure:19371: checking stddef.h presence
configure:19381: gcc -E  conftest.c
configure:19387: $? = 0
configure:19407: result: yes
configure:19442: checking for stddef.h
configure:19449: result: yes
configure:19317: checking for stdlib.h
configure:19322: result: yes
configure:19317: checking for string.h
configure:19322: result: yes
configure:19466: checking for setlocale
configure:19523: gcc -o conftest -g -O2   conftest.c  >&5
configure:19529: $? = 0
configure:19533: test -z 
			 || test ! -s conftest.err
configure:19536: $? = 0
configure:19539: test -s conftest
configure:19542: $? = 0
configure:19554: result: yes
configure:19661: creating ./config.status

## ---------------------- ##
## Running config.status. ##
## ---------------------- ##

This file was extended by config.status, which was
generated by GNU Autoconf 2.59.  Invocation command line was

  CONFIG_FILES    = 
  CONFIG_HEADERS  = 
  CONFIG_LINKS    = 
  CONFIG_COMMANDS = 
  $ ./config.status 

on test.erating.db.gg.com.br

config.status:685: creating Makefile
config.status:685: creating lib/Makefile
config.status:789: creating config.h

## ---------------- ##
## Cache variables. ##
## ---------------- ##

ac_cv_build=i686-pc-linux-gnu
ac_cv_build_alias=i686-pc-linux-gnu
ac_cv_c_compiler_gnu=yes
ac_cv_cxx_compiler_gnu=yes
ac_cv_env_CC_set=
ac_cv_env_CC_value=
ac_cv_env_CFLAGS_set=
ac_cv_env_CFLAGS_value=
ac_cv_env_CPPFLAGS_set=
ac_cv_env_CPPFLAGS_value=
ac_cv_env_CPP_set=
ac_cv_env_CPP_value=
ac_cv_env_CXXCPP_set=
ac_cv_env_CXXCPP_value=
ac_cv_env_CXXFLAGS_set=
ac_cv_env_CXXFLAGS_value=
ac_cv_env_CXX_set=
ac_cv_env_CXX_value=
ac_cv_env_F77_set=
ac_cv_env_F77_value=
ac_cv_env_FFLAGS_set=
ac_cv_env_FFLAGS_value=
ac_cv_env_LDFLAGS_set=
ac_cv_env_LDFLAGS_value=
ac_cv_env_build_alias_set=
ac_cv_env_build_alias_value=
ac_cv_env_host_alias_set=
ac_cv_env_host_alias_value=
ac_cv_env_target_alias_set=
ac_cv_env_target_alias_value=
ac_cv_exeext=
ac_cv_f77_compiler_gnu=no
ac_cv_func_setlocale=yes
ac_cv_gnu_library_2_1=yes
ac_cv_header_dlfcn_h=yes
ac_cv_header_inttypes_h=yes
ac_cv_header_memory_h=yes
ac_cv_header_minix_config_h=no
ac_cv_header_stdc=yes
ac_cv_header_stddef_h=yes
ac_cv_header_stdint_h=yes
ac_cv_header_stdlib_h=yes
ac_cv_header_string_h=yes
ac_cv_header_strings_h=yes
ac_cv_header_sys_stat_h=yes
ac_cv_header_sys_types_h=yes
ac_cv_header_unistd_h=yes
ac_cv_host=i686-pc-linux-gnu
ac_cv_host_alias=i686-pc-linux-gnu
ac_cv_objext=o
ac_cv_path_install='/usr/bin/install -c'
ac_cv_prog_CPP='gcc -E'
ac_cv_prog_CXXCPP='g++ -E'
ac_cv_prog_ac_ct_AR=ar
ac_cv_prog_ac_ct_CC=gcc
ac_cv_prog_ac_ct_CXX=g++
ac_cv_prog_ac_ct_RANLIB=ranlib
ac_cv_prog_ac_ct_STRIP=strip
ac_cv_prog_cc_g=yes
ac_cv_prog_cc_stdc=
ac_cv_prog_cxx_g=yes
ac_cv_prog_egrep='grep -E'
ac_cv_prog_f77_g=no
ac_cv_prog_gcc_traditional=no
ac_cv_prog_make_make_set=yes
ac_cv_search_strerror='none required'
am_cv_langinfo_codeset=yes
lt_cv_deplibs_check_method=pass_all
lt_cv_file_magic_cmd='$MAGIC_CMD'
lt_cv_file_magic_test_file=
lt_cv_ld_reload_flag=-r
lt_cv_objdir=.libs
lt_cv_path_LD=/usr/bin/ld
lt_cv_path_LDCXX=/usr/bin/ld
lt_cv_path_NM='/usr/bin/nm -B'
lt_cv_path_SED=/bin/sed
lt_cv_prog_compiler_c_o=yes
lt_cv_prog_compiler_c_o_CXX=yes
lt_cv_prog_compiler_rtti_exceptions=no
lt_cv_prog_gnu_ld=yes
lt_cv_prog_gnu_ldcxx=yes
lt_cv_sys_global_symbol_pipe='sed -n -e '\''s/^.*[ 	]\([ABCDGIRSTW][ABCDGIRSTW]*\)[ 	][ 	]*\(\)\([_A-Za-z][_A-Za-z0-9]*\)$/\1 \2\3 \3/p'\'''
lt_cv_sys_global_symbol_to_c_name_address='sed -n -e '\''s/^: \([^ ]*\) $/  {\"\1\", (lt_ptr) 0},/p'\'' -e '\''s/^[BCDEGRST] \([^ ]*\) \([^ ]*\)$/  {"\2", (lt_ptr) \&\2},/p'\'''
lt_cv_sys_global_symbol_to_cdecl='sed -n -e '\''s/^. .* \(.*\)$/extern int \1;/p'\'''
lt_cv_sys_max_cmd_len=32768
lt_lt_cv_prog_compiler_c_o='"yes"'
lt_lt_cv_prog_compiler_c_o_CXX='"yes"'
lt_lt_cv_sys_global_symbol_pipe='"sed -n -e '\''s/^.*[ 	]\\([ABCDGIRSTW][ABCDGIRSTW]*\\)[ 	][ 	]*\\(\\)\\([_A-Za-z][_A-Za-z0-9]*\\)\$/\\1 \\2\\3 \\3/p'\''"'
lt_lt_cv_sys_global_symbol_to_c_name_address='"sed -n -e '\''s/^: \\([^ ]*\\) \$/  {\\\"\\1\\\", (lt_ptr) 0},/p'\'' -e '\''s/^[BCDEGRST] \\([^ ]*\\) \\([^ ]*\\)\$/  {\"\\2\", (lt_ptr) \\&\\2},/p'\''"'
lt_lt_cv_sys_global_symbol_to_cdecl='"sed -n -e '\''s/^. .* \\(.*\\)\$/extern int \\1;/p'\''"'

## ----------------- ##
## Output variables. ##
## ----------------- ##

AR='ar'
AS='as'
CC='gcc'
CFLAGS='-g -O2'
CPP='gcc -E'
CPPFLAGS=''
CXX='g++'
CXXCPP='g++ -E'
CXXFLAGS='-g -O2'
DEFS='-DHAVE_CONFIG_H'
DLLTOOL='dlltool'
ECHO='echo'
ECHO_C=''
ECHO_N='-n'
ECHO_T=''
EGREP='grep -E'
EXEEXT=''
F77=''
FFLAGS=''
GLIBC21='yes'
INSTALL_DATA='${INSTALL} -m 644'
INSTALL_PROGRAM='${INSTALL}'
INSTALL_SCRIPT='${INSTALL}'
LDFLAGS=''
LIBOBJS=''
LIBS=''
LIBTOOL='$(SHELL) $(top_builddir)/libtool'
LN_S='ln -s'
LTLIBOBJS=''
OBJDUMP='objdump'
OBJEXT='o'
PACKAGE=''
PACKAGE_BUGREPORT=''
PACKAGE_NAME=''
PACKAGE_STRING=''
PACKAGE_TARNAME=''
PACKAGE_VERSION=''
PATH_SEPARATOR=':'
RANLIB='ranlib'
RELOCATABLE='no'
SET_MAKE=''
SHELL='/bin/sh'
STRIP='strip'
VERSION=''
ac_ct_AR='ar'
ac_ct_AS=''
ac_ct_CC='gcc'
ac_ct_CXX='g++'
ac_ct_DLLTOOL=''
ac_ct_F77=''
ac_ct_OBJDUMP=''
ac_ct_RANLIB='ranlib'
ac_ct_STRIP='strip'
bindir='${exec_prefix}/bin'
build='i686-pc-linux-gnu'
build_alias=''
build_cpu='i686'
build_os='linux-gnu'
build_vendor='pc'
datadir='${prefix}/share'
exec_prefix='${prefix}'
host='i686-pc-linux-gnu'
host_alias=''
host_cpu='i686'
host_os='linux-gnu'
host_vendor='pc'
includedir='${prefix}/include'
infodir='${prefix}/info'
libdir='${exec_prefix}/lib'
libexecdir='${exec_prefix}/libexec'
localstatedir='${prefix}/var'
mandir='${datadir}/man'
oldincludedir='/usr/include'
prefix='/usr/local/libiconv'
program_transform_name='s,x,x,'
sbindir='${exec_prefix}/sbin'
sharedstatedir='${prefix}/com'
sysconfdir='${prefix}/etc'
target_alias=''

## ----------- ##
## confdefs.h. ##
## ----------- ##

#define HAVE_DLFCN_H 1
#define HAVE_INTTYPES_H 1
#define HAVE_LANGINFO_CODESET 1
#define HAVE_MEMORY_H 1
#define HAVE_SETLOCALE 1
#define HAVE_STDDEF_H 1
#define HAVE_STDINT_H 1
#define HAVE_STDLIB_H 1
#define HAVE_STDLIB_H 1
#define HAVE_STRINGS_H 1
#define HAVE_STRING_H 1
#define HAVE_STRING_H 1
#define HAVE_SYS_STAT_H 1
#define HAVE_SYS_TYPES_H 1
#define HAVE_UNISTD_H 1
#define INSTALLPREFIX "/usr/local/libiconv"
#define PACKAGE_BUGREPORT ""
#define PACKAGE_NAME ""
#define PACKAGE_STRING ""
#define PACKAGE_TARNAME ""
#define PACKAGE_VERSION ""
#define STDC_HEADERS 1
#endif
#ifdef __cplusplus
extern "C" void std::exit (int) throw (); using std::exit;

configure: exit 0
