2014-07-18_17:38:50|U|26766|0xb7f2c6d0|Z0|104001|GatewayServer|0|0|0|GameID=1204|Connect 192.168.177.92 8080 ...
2014-07-18_17:38:50|U|26766|0xb7f2c6d0|Z0|104001|GatewayServer|1|0|0|GameID=1204|Connect 192.168.177.92 8080 FAILED
2014-07-18_17:39:05|U|26766|0xb7f2c6d0|Z0|104001|GatewayServer|0|0|0|GameID=1204|Connect 192.168.177.92 8080 ...
2014-07-18_17:39:05|U|26766|0xb7f2c6d0|Z0|104001|GatewayServer|1|0|0|GameID=1204|Connect 192.168.177.92 8080 FAILED
2014-07-18_17:39:20|U|26766|0xb7f2c6d0|Z0|104001|GatewayServer|0|0|0|GameID=1204|Connect 192.168.177.92 8080 ...
2014-07-18_17:39:20|U|26766|0xb7f2c6d0|Z0|104001|GatewayServer|1|0|0|GameID=1204|Connect 192.168.177.92 8080 FAILED
2014-07-18_17:39:35|U|26766|0xb7f2c6d0|Z0|104001|GatewayServer|0|0|0|GameID=1204|Connect 192.168.177.92 8080 ...
2014-07-18_17:39:35|U|26766|0xb7f2c6d0|Z0|104001|GatewayServer|1|0|0|GameID=1204|Connect 192.168.177.92 8080 FAILED
2014-07-18_17:39:50|U|26766|0xb7f2c6d0|Z0|104001|GatewayServer|0|0|0|GameID=1204|Connect 192.168.177.92 8080 ...
2014-07-18_17:39:50|U|26766|0xb7f2c6d0|Z0|104001|GatewayServer|1|0|0|GameID=1204|Connect 192.168.177.92 8080 FAILED
2014-07-18_17:40:05|U|26766|0xb7f2c6d0|Z0|104001|GatewayServer|0|0|0|GameID=1204|Connect 192.168.177.92 8080 ...
2014-07-18_17:40:05|U|26766|0xb7f2c6d0|Z0|104001|GatewayServer|1|0|0|GameID=1204|Connect 192.168.177.92 8080 FAILED
2014-07-18_17:40:20|U|26766|0xb7f2c6d0|Z0|104001|GatewayServer|0|0|0|GameID=1204|Connect 192.168.177.92 8080 ...
2014-07-18_17:40:20|U|26766|0xb7f2c6d0|Z0|104001|GatewayServer|1|0|0|GameID=1204|Connect 192.168.177.92 8080 FAILED
2014-07-18_17:40:35|U|26766|0xb7f2c6d0|Z0|104001|GatewayServer|0|0|0|GameID=1204|Connect 192.168.177.92 8080 ...
2014-07-18_17:40:35|U|26766|0xb7f2c6d0|Z0|104001|GatewayServer|1|0|0|GameID=1204|Connect 192.168.177.92 8080 FAILED
2014-07-18_17:40:50|U|26766|0xb7f2c6d0|Z0|104001|GatewayServer|0|0|0|GameID=1204|Connect 192.168.177.92 8080 ...
2014-07-18_17:40:50|U|26766|0xb7f2c6d0|Z0|104001|GatewayServer|1|0|0|GameID=1204|Connect 192.168.177.92 8080 OK
2014-07-18_17:40:50|U|26766|0xb7f2c6d0|Z1204|104001|ShiftAGIPVersion|1|0|0|From 0x20 to 0x10
2014-07-18_17:40:50|U|26766|0xb7f2c6d0|Z1204|104001|Bind|Request|1|0|0|PDULen=100 AGIPVersion=0x10 GatewayCode=gw104001 GatewayPW=0xdw86898818656327ibxo6151453306 MAC=00-00-00-00-00-00 ReconnFlag=1 ServerID=0 
2014-07-18_17:40:50|U|26766|0xb7f2c6d0|Z1204|104001|ReadPDU|-8|0|0|PDULen=32 AGIPVersion=0x20 CommandID=0x20000001|PDU error, unknown command ID
2014-07-18_17:41:05|U|26766|0xb7f2c6d0|Z0|104001|Bind|Timeout|-302|0|0|GameID=1204 GatewayCode=gw104001 GatewayPW=0xdw86898818656327ibxo6151453306 GwID=0 MAC=00-00-00-00-00-00 ReconnFlag=1 ServerID=0 
2014-07-18_17:41:05|U|26766|0xb7f2c6d0|Z1204|104001|ShiftAGIPVersion|1|0|0|From 0x10 to 0x20
2014-07-18_17:41:05|U|26766|0xb7f2c6d0|Z1204|104001|Bind|Request|1|0|0|PDULen=108 AGIPVersion=0x20 GatewayCode=gw104001 GatewayPW=0xdw86898818656327ibxo6151453306 MAC=00-00-00-00-00-00 ReconnFlag=1 ServerID=0 
2014-07-18_17:41:05|U|26766|0xb7f2c6d0|Z0|104001|Bind|Response|1|0|0|RGameID=1204 GGameID=1204 RGwID=104001 GGwID=104001 GatewayCode=gw104001 GatewayPW=0xdw86898818656327ibxo6151453306 MAC=00-00-00-00-00-00 ReconnFlag=1 ServerID=0 AGIPVersion=0x20
2014-07-18_17:41:25|U|26766|0xb7f2c6d0|Z1204|104001|Handset|Request|1|0|0|GameID=1204 GatewayID=104001 AGIPVersion=0x20
2014-07-18_17:41:25|U|26766|0xb7f2c6d0|Z0|104001|Handset|Response|1|0|0|RGameID=1204 GGameID=1204 RGatewayID=104001 GGatewayID=104001 AGIPVersion=0x20
2014-07-18_17:41:45|U|26766|0xb7f2c6d0|Z1204|104001|Handset|Request|1|0|0|GameID=1204 GatewayID=104001 AGIPVersion=0x20
2014-07-18_17:41:45|U|26766|0xb7f2c6d0|Z0|104001|Handset|Response|1|0|0|RGameID=1204 GGameID=1204 RGatewayID=104001 GGatewayID=104001 AGIPVersion=0x20
2014-07-18_17:42:05|U|26766|0xb7f2c6d0|Z1204|104001|Handset|Request|1|0|0|GameID=1204 GatewayID=104001 AGIPVersion=0x20
2014-07-18_17:42:05|U|26766|0xb7f2c6d0|Z0|104001|Handset|Response|1|0|0|RGameID=1204 GGameID=1204 RGatewayID=104001 GGatewayID=104001 AGIPVersion=0x20
2014-07-18_17:42:25|U|26766|0xb7f2c6d0|Z1204|104001|Handset|Request|1|0|0|GameID=1204 GatewayID=104001 AGIPVersion=0x20
2014-07-18_17:42:25|U|26766|0xb7f2c6d0|Z0|104001|Handset|Response|1|0|0|RGameID=1204 GGameID=1204 RGatewayID=104001 GGatewayID=104001 AGIPVersion=0x20
2014-07-18_17:42:45|U|26766|0xb7f2c6d0|Z1204|104001|Handset|Request|1|0|0|GameID=1204 GatewayID=104001 AGIPVersion=0x20
2014-07-18_17:42:45|U|26766|0xb7f2c6d0|Z0|104001|Handset|Response|1|0|0|RGameID=1204 GGameID=1204 RGatewayID=104001 GGatewayID=104001 AGIPVersion=0x20
2014-07-18_17:43:05|U|26766|0xb7f2c6d0|Z1204|104001|Handset|Request|1|0|0|GameID=1204 GatewayID=104001 AGIPVersion=0x20
2014-07-18_17:43:05|U|26766|0xb7f2c6d0|Z0|104001|Handset|Response|1|0|0|RGameID=1204 GGameID=1204 RGatewayID=104001 GGatewayID=104001 AGIPVersion=0x20
2014-07-18_17:43:25|U|26766|0xb7f2c6d0|Z1204|104001|Handset|Request|1|0|0|GameID=1204 GatewayID=104001 AGIPVersion=0x20
2014-07-18_17:43:25|U|26766|0xb7f2c6d0|Z0|104001|Handset|Response|1|0|0|RGameID=1204 GGameID=1204 RGatewayID=104001 GGatewayID=104001 AGIPVersion=0x20
2014-07-18_17:43:45|U|26766|0xb7f2c6d0|Z1204|104001|Handset|Request|1|0|0|GameID=1204 GatewayID=104001 AGIPVersion=0x20
2014-07-18_17:43:45|U|26766|0xb7f2c6d0|Z0|104001|Handset|Response|1|0|0|RGameID=1204 GGameID=1204 RGatewayID=104001 GGatewayID=104001 AGIPVersion=0x20
2014-07-18_17:44:05|U|26766|0xb7f2c6d0|Z1204|104001|Handset|Request|1|0|0|GameID=1204 GatewayID=104001 AGIPVersion=0x20
2014-07-18_17:44:05|U|26766|0xb7f2c6d0|Z0|104001|Handset|Response|1|0|0|RGameID=1204 GGameID=1204 RGatewayID=104001 GGatewayID=104001 AGIPVersion=0x20
2014-07-18_17:44:25|U|26766|0xb7f2c6d0|Z1204|104001|Handset|Request|1|0|0|GameID=1204 GatewayID=104001 AGIPVersion=0x20
2014-07-18_17:44:25|U|26766|0xb7f2c6d0|Z0|104001|Handset|Response|1|0|0|RGameID=1204 GGameID=1204 RGatewayID=104001 GGatewayID=104001 AGIPVersion=0x20
2014-07-18_17:44:45|U|26766|0xb7f2c6d0|Z1204|104001|Handset|Request|1|0|0|GameID=1204 GatewayID=104001 AGIPVersion=0x20
2014-07-18_17:44:45|U|26766|0xb7f2c6d0|Z0|104001|Handset|Response|1|0|0|RGameID=1204 GGameID=1204 RGatewayID=104001 GGatewayID=104001 AGIPVersion=0x20
2014-07-18_17:45:05|U|26766|0xb7f2c6d0|Z1204|104001|Handset|Request|1|0|0|GameID=1204 GatewayID=104001 AGIPVersion=0x20
2014-07-18_17:45:05|U|26766|0xb7f2c6d0|Z0|104001|Handset|Response|1|0|0|RGameID=1204 GGameID=1204 RGatewayID=104001 GGatewayID=104001 AGIPVersion=0x20
2014-07-18_17:45:25|U|26766|0xb7f2c6d0|Z1204|104001|Handset|Request|1|0|0|GameID=1204 GatewayID=104001 AGIPVersion=0x20
2014-07-18_17:45:25|U|26766|0xb7f2c6d0|Z0|104001|Handset|Response|1|0|0|RGameID=1204 GGameID=1204 RGatewayID=104001 GGatewayID=104001 AGIPVersion=0x20
2014-07-18_17:45:45|U|26766|0xb7f2c6d0|Z1204|104001|Handset|Request|1|0|0|GameID=1204 GatewayID=104001 AGIPVersion=0x20
2014-07-18_17:45:45|U|26766|0xb7f2c6d0|Z0|104001|Handset|Response|1|0|0|RGameID=1204 GGameID=1204 RGatewayID=104001 GGatewayID=104001 AGIPVersion=0x20
2014-07-18_17:46:05|U|26766|0xb7f2c6d0|Z1204|104001|Handset|Request|1|0|0|GameID=1204 GatewayID=104001 AGIPVersion=0x20
2014-07-18_17:46:05|U|26766|0xb7f2c6d0|Z0|104001|Handset|Response|1|0|0|RGameID=1204 GGameID=1204 RGatewayID=104001 GGatewayID=104001 AGIPVersion=0x20
2014-07-18_17:46:25|U|26766|0xb7f2c6d0|Z1204|104001|Handset|Request|1|0|0|GameID=1204 GatewayID=104001 AGIPVersion=0x20
2014-07-18_17:46:25|U|26766|0xb7f2c6d0|Z0|104001|Handset|Response|1|0|0|RGameID=1204 GGameID=1204 RGatewayID=104001 GGatewayID=104001 AGIPVersion=0x20
2014-07-18_17:46:45|U|26766|0xb7f2c6d0|Z1204|104001|Handset|Request|1|0|0|GameID=1204 GatewayID=104001 AGIPVersion=0x20
2014-07-18_17:46:45|U|26766|0xb7f2c6d0|Z0|104001|Handset|Response|1|0|0|RGameID=1204 GGameID=1204 RGatewayID=104001 GGatewayID=104001 AGIPVersion=0x20
2014-07-18_17:47:05|U|26766|0xb7f2c6d0|Z1204|104001|Handset|Request|1|0|0|GameID=1204 GatewayID=104001 AGIPVersion=0x20
2014-07-18_17:47:05|U|26766|0xb7f2c6d0|Z0|104001|Handset|Response|1|0|0|RGameID=1204 GGameID=1204 RGatewayID=104001 GGatewayID=104001 AGIPVersion=0x20
2014-07-18_17:47:25|U|26766|0xb7f2c6d0|Z1204|104001|Handset|Request|1|0|0|GameID=1204 GatewayID=104001 AGIPVersion=0x20
2014-07-18_17:47:25|U|26766|0xb7f2c6d0|Z0|104001|Handset|Response|1|0|0|RGameID=1204 GGameID=1204 RGatewayID=104001 GGatewayID=104001 AGIPVersion=0x20
2014-07-18_17:47:45|U|26766|0xb7f2c6d0|Z1204|104001|Handset|Request|1|0|0|GameID=1204 GatewayID=104001 AGIPVersion=0x20
2014-07-18_17:47:45|U|26766|0xb7f2c6d0|Z0|104001|Handset|Response|1|0|0|RGameID=1204 GGameID=1204 RGatewayID=104001 GGatewayID=104001 AGIPVersion=0x20
2014-07-18_17:48:05|U|26766|0xb7f2c6d0|Z1204|104001|Handset|Request|1|0|0|GameID=1204 GatewayID=104001 AGIPVersion=0x20
2014-07-18_17:48:05|U|26766|0xb7f2c6d0|Z0|104001|Handset|Response|1|0|0|RGameID=1204 GGameID=1204 RGatewayID=104001 GGatewayID=104001 AGIPVersion=0x20
2014-07-18_17:48:25|U|26766|0xb7f2c6d0|Z1204|104001|Handset|Request|1|0|0|GameID=1204 GatewayID=104001 AGIPVersion=0x20
2014-07-18_17:48:25|U|26766|0xb7f2c6d0|Z0|104001|Handset|Response|1|0|0|RGameID=1204 GGameID=1204 RGatewayID=104001 GGatewayID=104001 AGIPVersion=0x20
2014-07-18_17:48:45|U|26766|0xb7f2c6d0|Z1204|104001|Handset|Request|1|0|0|GameID=1204 GatewayID=104001 AGIPVersion=0x20
2014-07-18_17:48:45|U|26766|0xb7f2c6d0|Z0|104001|Handset|Response|1|0|0|RGameID=1204 GGameID=1204 RGatewayID=104001 GGatewayID=104001 AGIPVersion=0x20
2014-07-18_17:49:05|U|26766|0xb7f2c6d0|Z1204|104001|Handset|Request|1|0|0|GameID=1204 GatewayID=104001 AGIPVersion=0x20
2014-07-18_17:49:05|U|26766|0xb7f2c6d0|Z0|104001|Handset|Response|1|0|0|RGameID=1204 GGameID=1204 RGatewayID=104001 GGatewayID=104001 AGIPVersion=0x20
2014-07-18_17:49:25|U|26766|0xb7f2c6d0|Z1204|104001|Handset|Request|1|0|0|GameID=1204 GatewayID=104001 AGIPVersion=0x20
2014-07-18_17:49:25|U|26766|0xb7f2c6d0|Z0|104001|Handset|Response|1|0|0|RGameID=1204 GGameID=1204 RGatewayID=104001 GGatewayID=104001 AGIPVersion=0x20
2014-07-18_17:49:45|U|26766|0xb7f2c6d0|Z1204|104001|Handset|Request|1|0|0|GameID=1204 GatewayID=104001 AGIPVersion=0x20
2014-07-18_17:49:45|U|26766|0xb7f2c6d0|Z0|104001|Handset|Response|1|0|0|RGameID=1204 GGameID=1204 RGatewayID=104001 GGatewayID=104001 AGIPVersion=0x20
2014-07-18_17:50:05|U|26766|0xb7f2c6d0|Z1204|104001|Handset|Request|1|0|0|GameID=1204 GatewayID=104001 AGIPVersion=0x20
2014-07-18_17:50:05|U|26766|0xb7f2c6d0|Z0|104001|Handset|Response|1|0|0|RGameID=1204 GGameID=1204 RGatewayID=104001 GGatewayID=104001 AGIPVersion=0x20
2014-07-18_17:50:25|U|26766|0xb7f2c6d0|Z1204|104001|Handset|Request|1|0|0|GameID=1204 GatewayID=104001 AGIPVersion=0x20
2014-07-18_17:50:25|U|26766|0xb7f2c6d0|Z0|104001|Handset|Response|1|0|0|RGameID=1204 GGameID=1204 RGatewayID=104001 GGatewayID=104001 AGIPVersion=0x20
2014-07-18_17:50:45|U|26766|0xb7f2c6d0|Z1204|104001|Handset|Request|1|0|0|GameID=1204 GatewayID=104001 AGIPVersion=0x20
2014-07-18_17:50:45|U|26766|0xb7f2c6d0|Z0|104001|Handset|Response|1|0|0|RGameID=1204 GGameID=1204 RGatewayID=104001 GGatewayID=104001 AGIPVersion=0x20
2014-07-18_17:51:05|U|26766|0xb7f2c6d0|Z1204|104001|Handset|Request|1|0|0|GameID=1204 GatewayID=104001 AGIPVersion=0x20
2014-07-18_17:51:05|U|26766|0xb7f2c6d0|Z0|104001|Handset|Response|1|0|0|RGameID=1204 GGameID=1204 RGatewayID=104001 GGatewayID=104001 AGIPVersion=0x20
2014-07-18_17:51:25|U|26766|0xb7f2c6d0|Z1204|104001|Handset|Request|1|0|0|GameID=1204 GatewayID=104001 AGIPVersion=0x20
2014-07-18_17:51:25|U|26766|0xb7f2c6d0|Z0|104001|Handset|Response|1|0|0|RGameID=1204 GGameID=1204 RGatewayID=104001 GGatewayID=104001 AGIPVersion=0x20
2014-07-18_17:51:45|U|26766|0xb7f2c6d0|Z1204|104001|Handset|Request|1|0|0|GameID=1204 GatewayID=104001 AGIPVersion=0x20
2014-07-18_17:51:45|U|26766|0xb7f2c6d0|Z0|104001|Handset|Response|1|0|0|RGameID=1204 GGameID=1204 RGatewayID=104001 GGatewayID=104001 AGIPVersion=0x20
2014-07-18_17:52:05|U|26766|0xb7f2c6d0|Z1204|104001|Handset|Request|1|0|0|GameID=1204 GatewayID=104001 AGIPVersion=0x20
2014-07-18_17:52:05|U|26766|0xb7f2c6d0|Z0|104001|Handset|Response|1|0|0|RGameID=1204 GGameID=1204 RGatewayID=104001 GGatewayID=104001 AGIPVersion=0x20
2014-07-18_17:52:25|U|26766|0xb7f2c6d0|Z1204|104001|Handset|Request|1|0|0|GameID=1204 GatewayID=104001 AGIPVersion=0x20
2014-07-18_17:52:25|U|26766|0xb7f2c6d0|Z0|104001|Handset|Response|1|0|0|RGameID=1204 GGameID=1204 RGatewayID=104001 GGatewayID=104001 AGIPVersion=0x20
2014-07-18_17:52:45|U|26766|0xb7f2c6d0|Z1204|104001|Handset|Request|1|0|0|GameID=1204 GatewayID=104001 AGIPVersion=0x20
2014-07-18_17:52:45|U|26766|0xb7f2c6d0|Z0|104001|Handset|Response|1|0|0|RGameID=1204 GGameID=1204 RGatewayID=104001 GGatewayID=104001 AGIPVersion=0x20
2014-07-18_17:53:05|U|26766|0xb7f2c6d0|Z1204|104001|Handset|Request|1|0|0|GameID=1204 GatewayID=104001 AGIPVersion=0x20
2014-07-18_17:53:05|U|26766|0xb7f2c6d0|Z0|104001|Handset|Response|1|0|0|RGameID=1204 GGameID=1204 RGatewayID=104001 GGatewayID=104001 AGIPVersion=0x20
2014-07-18_17:53:25|U|26766|0xb7f2c6d0|Z1204|104001|Handset|Request|1|0|0|GameID=1204 GatewayID=104001 AGIPVersion=0x20
2014-07-18_17:53:25|U|26766|0xb7f2c6d0|Z0|104001|Handset|Response|1|0|0|RGameID=1204 GGameID=1204 RGatewayID=104001 GGatewayID=104001 AGIPVersion=0x20
2014-07-18_17:53:45|U|26766|0xb7f2c6d0|Z1204|104001|Handset|Request|1|0|0|GameID=1204 GatewayID=104001 AGIPVersion=0x20
2014-07-18_17:53:45|U|26766|0xb7f2c6d0|Z0|104001|Handset|Response|1|0|0|RGameID=1204 GGameID=1204 RGatewayID=104001 GGatewayID=104001 AGIPVersion=0x20
2014-07-18_17:54:05|U|26766|0xb7f2c6d0|Z1204|104001|Handset|Request|1|0|0|GameID=1204 GatewayID=104001 AGIPVersion=0x20
2014-07-18_17:54:05|U|26766|0xb7f2c6d0|Z0|104001|Handset|Response|1|0|0|RGameID=1204 GGameID=1204 RGatewayID=104001 GGatewayID=104001 AGIPVersion=0x20
2014-07-18_17:54:25|U|26766|0xb7f2c6d0|Z1204|104001|Handset|Request|1|0|0|GameID=1204 GatewayID=104001 AGIPVersion=0x20
2014-07-18_17:54:25|U|26766|0xb7f2c6d0|Z0|104001|Handset|Response|1|0|0|RGameID=1204 GGameID=1204 RGatewayID=104001 GGatewayID=104001 AGIPVersion=0x20
2014-07-18_17:54:45|U|26766|0xb7f2c6d0|Z1204|104001|Handset|Request|1|0|0|GameID=1204 GatewayID=104001 AGIPVersion=0x20
2014-07-18_17:54:45|U|26766|0xb7f2c6d0|Z0|104001|Handset|Response|1|0|0|RGameID=1204 GGameID=1204 RGatewayID=104001 GGatewayID=104001 AGIPVersion=0x20
2014-07-18_17:55:05|U|26766|0xb7f2c6d0|Z1204|104001|Handset|Request|1|0|0|GameID=1204 GatewayID=104001 AGIPVersion=0x20
2014-07-18_17:55:05|U|26766|0xb7f2c6d0|Z0|104001|Handset|Response|1|0|0|RGameID=1204 GGameID=1204 RGatewayID=104001 GGatewayID=104001 AGIPVersion=0x20
2014-07-18_17:55:25|U|26766|0xb7f2c6d0|Z1204|104001|Handset|Request|1|0|0|GameID=1204 GatewayID=104001 AGIPVersion=0x20
2014-07-18_17:55:25|U|26766|0xb7f2c6d0|Z0|104001|Handset|Response|1|0|0|RGameID=1204 GGameID=1204 RGatewayID=104001 GGatewayID=104001 AGIPVersion=0x20
2014-07-18_17:55:45|U|26766|0xb7f2c6d0|Z1204|104001|Handset|Request|1|0|0|GameID=1204 GatewayID=104001 AGIPVersion=0x20
2014-07-18_17:55:45|U|26766|0xb7f2c6d0|Z0|104001|Handset|Response|1|0|0|RGameID=1204 GGameID=1204 RGatewayID=104001 GGatewayID=104001 AGIPVersion=0x20
2014-07-18_17:56:05|U|26766|0xb7f2c6d0|Z1204|104001|Handset|Request|1|0|0|GameID=1204 GatewayID=104001 AGIPVersion=0x20
2014-07-18_17:56:05|U|26766|0xb7f2c6d0|Z0|104001|Handset|Response|1|0|0|RGameID=1204 GGameID=1204 RGatewayID=104001 GGatewayID=104001 AGIPVersion=0x20
2014-07-18_17:56:25|U|26766|0xb7f2c6d0|Z1204|104001|Handset|Request|1|0|0|GameID=1204 GatewayID=104001 AGIPVersion=0x20
2014-07-18_17:56:25|U|26766|0xb7f2c6d0|Z0|104001|Handset|Response|1|0|0|RGameID=1204 GGameID=1204 RGatewayID=104001 GGatewayID=104001 AGIPVersion=0x20
2014-07-18_17:56:45|U|26766|0xb7f2c6d0|Z1204|104001|Handset|Request|1|0|0|GameID=1204 GatewayID=104001 AGIPVersion=0x20
2014-07-18_17:56:45|U|26766|0xb7f2c6d0|Z0|104001|Handset|Response|1|0|0|RGameID=1204 GGameID=1204 RGatewayID=104001 GGatewayID=104001 AGIPVersion=0x20
2014-07-18_17:57:05|U|26766|0xb7f2c6d0|Z1204|104001|Handset|Request|1|0|0|GameID=1204 GatewayID=104001 AGIPVersion=0x20
2014-07-18_17:57:05|U|26766|0xb7f2c6d0|Z0|104001|Handset|Response|1|0|0|RGameID=1204 GGameID=1204 RGatewayID=104001 GGatewayID=104001 AGIPVersion=0x20
2014-07-18_17:57:25|U|26766|0xb7f2c6d0|Z1204|104001|Handset|Request|1|0|0|GameID=1204 GatewayID=104001 AGIPVersion=0x20
2014-07-18_17:57:25|U|26766|0xb7f2c6d0|Z0|104001|Handset|Response|1|0|0|RGameID=1204 GGameID=1204 RGatewayID=104001 GGatewayID=104001 AGIPVersion=0x20
2014-07-18_17:57:45|U|26766|0xb7f2c6d0|Z1204|104001|Handset|Request|1|0|0|GameID=1204 GatewayID=104001 AGIPVersion=0x20
2014-07-18_17:57:45|U|26766|0xb7f2c6d0|Z0|104001|Handset|Response|1|0|0|RGameID=1204 GGameID=1204 RGatewayID=104001 GGatewayID=104001 AGIPVersion=0x20
2014-07-18_17:58:05|U|26766|0xb7f2c6d0|Z1204|104001|Handset|Request|1|0|0|GameID=1204 GatewayID=104001 AGIPVersion=0x20
2014-07-18_17:58:05|U|26766|0xb7f2c6d0|Z0|104001|Handset|Response|1|0|0|RGameID=1204 GGameID=1204 RGatewayID=104001 GGatewayID=104001 AGIPVersion=0x20
2014-07-18_17:58:25|U|26766|0xb7f2c6d0|Z1204|104001|Handset|Request|1|0|0|GameID=1204 GatewayID=104001 AGIPVersion=0x20
2014-07-18_17:58:25|U|26766|0xb7f2c6d0|Z0|104001|Handset|Response|1|0|0|RGameID=1204 GGameID=1204 RGatewayID=104001 GGatewayID=104001 AGIPVersion=0x20
2014-07-18_17:58:45|U|26766|0xb7f2c6d0|Z1204|104001|Handset|Request|1|0|0|GameID=1204 GatewayID=104001 AGIPVersion=0x20
2014-07-18_17:58:45|U|26766|0xb7f2c6d0|Z0|104001|Handset|Response|1|0|0|RGameID=1204 GGameID=1204 RGatewayID=104001 GGatewayID=104001 AGIPVersion=0x20
2014-07-18_17:59:05|U|26766|0xb7f2c6d0|Z1204|104001|Handset|Request|1|0|0|GameID=1204 GatewayID=104001 AGIPVersion=0x20
2014-07-18_17:59:05|U|26766|0xb7f2c6d0|Z0|104001|Handset|Response|1|0|0|RGameID=1204 GGameID=1204 RGatewayID=104001 GGatewayID=104001 AGIPVersion=0x20
2014-07-18_17:59:25|U|26766|0xb7f2c6d0|Z1204|104001|Handset|Request|1|0|0|GameID=1204 GatewayID=104001 AGIPVersion=0x20
2014-07-18_17:59:25|U|26766|0xb7f2c6d0|Z0|104001|Handset|Response|1|0|0|RGameID=1204 GGameID=1204 RGatewayID=104001 GGatewayID=104001 AGIPVersion=0x20
2014-07-18_17:59:45|U|26766|0xb7f2c6d0|Z1204|104001|Handset|Request|1|0|0|GameID=1204 GatewayID=104001 AGIPVersion=0x20
2014-07-18_17:59:45|U|26766|0xb7f2c6d0|Z0|104001|Handset|Response|1|0|0|RGameID=1204 GGameID=1204 RGatewayID=104001 GGatewayID=104001 AGIPVersion=0x20
2014-07-18_18:00:05|U|26766|0xb7f2c6d0|Z1204|104001|Handset|Request|1|0|0|GameID=1204 GatewayID=104001 AGIPVersion=0x20
2014-07-18_18:00:05|U|26766|0xb7f2c6d0|Z0|104001|Handset|Response|1|0|0|RGameID=1204 GGameID=1204 RGatewayID=104001 GGatewayID=104001 AGIPVersion=0x20
2014-07-18_18:00:25|U|26766|0xb7f2c6d0|Z1204|104001|Handset|Request|1|0|0|GameID=1204 GatewayID=104001 AGIPVersion=0x20
2014-07-18_18:00:25|U|26766|0xb7f2c6d0|Z0|104001|Handset|Response|1|0|0|RGameID=1204 GGameID=1204 RGatewayID=104001 GGatewayID=104001 AGIPVersion=0x20
2014-07-18_18:00:45|U|26766|0xb7f2c6d0|Z1204|104001|Handset|Request|1|0|0|GameID=1204 GatewayID=104001 AGIPVersion=0x20
2014-07-18_18:00:45|U|26766|0xb7f2c6d0|Z0|104001|Handset|Response|1|0|0|RGameID=1204 GGameID=1204 RGatewayID=104001 GGatewayID=104001 AGIPVersion=0x20
2014-07-18_18:01:05|U|26766|0xb7f2c6d0|Z1204|104001|Handset|Request|1|0|0|GameID=1204 GatewayID=104001 AGIPVersion=0x20
2014-07-18_18:01:05|U|26766|0xb7f2c6d0|Z0|104001|Handset|Response|1|0|0|RGameID=1204 GGameID=1204 RGatewayID=104001 GGatewayID=104001 AGIPVersion=0x20
2014-07-18_18:01:25|U|26766|0xb7f2c6d0|Z1204|104001|Handset|Request|1|0|0|GameID=1204 GatewayID=104001 AGIPVersion=0x20
2014-07-18_18:01:25|U|26766|0xb7f2c6d0|Z0|104001|Handset|Response|1|0|0|RGameID=1204 GGameID=1204 RGatewayID=104001 GGatewayID=104001 AGIPVersion=0x20
2014-07-18_18:01:45|U|26766|0xb7f2c6d0|Z1204|104001|Handset|Request|1|0|0|GameID=1204 GatewayID=104001 AGIPVersion=0x20
2014-07-18_18:01:45|U|26766|0xb7f2c6d0|Z0|104001|Handset|Response|1|0|0|RGameID=1204 GGameID=1204 RGatewayID=104001 GGatewayID=104001 AGIPVersion=0x20
2014-07-18_18:02:05|U|26766|0xb7f2c6d0|Z1204|104001|Handset|Request|1|0|0|GameID=1204 GatewayID=104001 AGIPVersion=0x20
2014-07-18_18:02:05|U|26766|0xb7f2c6d0|Z0|104001|Handset|Response|1|0|0|RGameID=1204 GGameID=1204 RGatewayID=104001 GGatewayID=104001 AGIPVersion=0x20
2014-07-18_18:02:25|U|26766|0xb7f2c6d0|Z1204|104001|Handset|Request|1|0|0|GameID=1204 GatewayID=104001 AGIPVersion=0x20
2014-07-18_18:02:25|U|26766|0xb7f2c6d0|Z0|104001|Handset|Response|1|0|0|RGameID=1204 GGameID=1204 RGatewayID=104001 GGatewayID=104001 AGIPVersion=0x20
2014-07-18_18:02:45|U|26766|0xb7f2c6d0|Z1204|104001|Handset|Request|1|0|0|GameID=1204 GatewayID=104001 AGIPVersion=0x20
2014-07-18_18:02:45|U|26766|0xb7f2c6d0|Z0|104001|Handset|Response|1|0|0|RGameID=1204 GGameID=1204 RGatewayID=104001 GGatewayID=104001 AGIPVersion=0x20
2014-07-18_18:03:05|U|26766|0xb7f2c6d0|Z1204|104001|Handset|Request|1|0|0|GameID=1204 GatewayID=104001 AGIPVersion=0x20
2014-07-18_18:03:05|U|26766|0xb7f2c6d0|Z0|104001|Handset|Response|1|0|0|RGameID=1204 GGameID=1204 RGatewayID=104001 GGatewayID=104001 AGIPVersion=0x20
2014-07-18_18:03:25|U|26766|0xb7f2c6d0|Z1204|104001|Handset|Request|1|0|0|GameID=1204 GatewayID=104001 AGIPVersion=0x20
2014-07-18_18:03:25|U|26766|0xb7f2c6d0|Z0|104001|Handset|Response|1|0|0|RGameID=1204 GGameID=1204 RGatewayID=104001 GGatewayID=104001 AGIPVersion=0x20
2014-07-18_18:03:45|U|26766|0xb7f2c6d0|Z1204|104001|Handset|Request|1|0|0|GameID=1204 GatewayID=104001 AGIPVersion=0x20
2014-07-18_18:03:45|U|26766|0xb7f2c6d0|Z0|104001|Handset|Response|1|0|0|RGameID=1204 GGameID=1204 RGatewayID=104001 GGatewayID=104001 AGIPVersion=0x20
2014-07-18_18:04:04|U|26766|0xb7f2c6d0|Z0|0|Connection|0|0|0|socket with 192.168.177.92 8080 closed by the other side
2014-07-18_18:04:04|U|26766|0xb7f2c6d0|Z0|104001|GatewayServer|0|0|0|GameID=1204|connection with 192.168.177.92 8080 disconnected
2014-07-18_18:04:04|U|26766|0xb7f2c6d0|Z0|104001|GatewayServer|0|0|0|GameID=1204|Connect 192.168.177.92 8080 ...
2014-07-18_18:04:04|U|26766|0xb7f2c6d0|Z0|104001|GatewayServer|1|0|0|GameID=1204|Connect 192.168.177.92 8080 FAILED
2014-07-18_18:04:19|U|26766|0xb7f2c6d0|Z0|104001|GatewayServer|0|0|0|GameID=1204|Connect 192.168.177.92 8080 ...
2014-07-18_18:04:19|U|26766|0xb7f2c6d0|Z0|104001|GatewayServer|1|0|0|GameID=1204|Connect 192.168.177.92 8080 FAILED
2014-07-18_18:04:34|U|26766|0xb7f2c6d0|Z0|104001|GatewayServer|0|0|0|GameID=1204|Connect 192.168.177.92 8080 ...
2014-07-18_18:04:34|U|26766|0xb7f2c6d0|Z0|104001|GatewayServer|1|0|0|GameID=1204|Connect 192.168.177.92 8080 FAILED
2014-07-18_18:04:49|U|26766|0xb7f2c6d0|Z0|104001|GatewayServer|0|0|0|GameID=1204|Connect 192.168.177.92 8080 ...
2014-07-18_18:04:49|U|26766|0xb7f2c6d0|Z0|104001|GatewayServer|1|0|0|GameID=1204|Connect 192.168.177.92 8080 FAILED
