2016-07-22_00:00:12|U|4237|0xb7f056d0|Z1204|104001|Handset|Request|1|0|0|GameID=1204 GatewayID=104001 AGIPVersion=0x20
2016-07-22_00:00:12|U|4237|0xb7f056d0|Z0|104001|LoadChargeMsg|1|0|0|GameID=1204|Loaded 0 charge messages
2016-07-22_00:00:32|U|4237|0xb7f056d0|Z1204|104001|Handset|Request|1|0|0|GameID=1204 GatewayID=104001 AGIPVersion=0x20
2016-07-22_00:00:52|U|4237|0xb7f056d0|Z1204|104001|Handset|Request|1|0|0|GameID=1204 GatewayID=104001 AGIPVersion=0x20
2016-07-22_00:01:12|U|4237|0xb7f056d0|Z1204|104001|Handset|Request|1|0|0|GameID=1204 GatewayID=104001 AGIPVersion=0x20
2016-07-22_00:01:12|U|4237|0xb7f056d0|Z0|104001|LoadChargeMsg|1|0|0|GameID=1204|Loaded 0 charge messages
2016-07-22_00:01:32|U|4237|0xb7f056d0|Z1204|104001|Handset|Request|1|0|0|GameID=1204 GatewayID=104001 AGIPVersion=0x20
2016-07-22_00:01:52|U|4237|0xb7f056d0|Z1204|104001|Handset|Request|1|0|0|GameID=1204 GatewayID=104001 AGIPVersion=0x20
2016-07-22_00:02:12|U|4237|0xb7f056d0|Z1204|104001|Handset|Request|1|0|0|GameID=1204 GatewayID=104001 AGIPVersion=0x20
2016-07-22_00:02:12|U|4237|0xb7f056d0|Z0|104001|LoadChargeMsg|1|0|0|GameID=1204|Loaded 0 charge messages
2016-07-22_00:02:32|U|4237|0xb7f056d0|Z1204|104001|Handset|Request|1|0|0|GameID=1204 GatewayID=104001 AGIPVersion=0x20
2016-07-22_00:02:52|U|4237|0xb7f056d0|Z1204|104001|Handset|Request|1|0|0|GameID=1204 GatewayID=104001 AGIPVersion=0x20
2016-07-22_00:03:12|U|4237|0xb7f056d0|Z1204|104001|Handset|Request|1|0|0|GameID=1204 GatewayID=104001 AGIPVersion=0x20
2016-07-22_00:03:12|U|4237|0xb7f056d0|Z0|104001|LoadChargeMsg|1|0|0|GameID=1204|Loaded 0 charge messages
2016-07-22_00:03:32|U|4237|0xb7f056d0|Z1204|104001|Handset|Request|1|0|0|GameID=1204 GatewayID=104001 AGIPVersion=0x20
2016-07-22_00:03:52|U|4237|0xb7f056d0|Z1204|104001|Handset|Request|1|0|0|GameID=1204 GatewayID=104001 AGIPVersion=0x20
2016-07-22_00:04:12|U|4237|0xb7f056d0|Z1204|104001|Handset|Request|1|0|0|GameID=1204 GatewayID=104001 AGIPVersion=0x20
2016-07-22_00:04:12|U|4237|0xb7f056d0|Z0|104001|LoadChargeMsg|1|0|0|GameID=1204|Loaded 0 charge messages
2016-07-22_00:04:32|U|4237|0xb7f056d0|Z1204|104001|Handset|Request|1|0|0|GameID=1204 GatewayID=104001 AGIPVersion=0x20
2016-07-22_00:04:52|U|4237|0xb7f056d0|Z1204|104001|Handset|Request|1|0|0|GameID=1204 GatewayID=104001 AGIPVersion=0x20
2016-07-22_00:05:12|U|4237|0xb7f056d0|Z1204|104001|Handset|Request|1|0|0|GameID=1204 GatewayID=104001 AGIPVersion=0x20
2016-07-22_00:05:12|U|4237|0xb7f056d0|Z0|104001|LoadChargeMsg|1|0|0|GameID=1204|Loaded 0 charge messages
2016-07-22_00:05:32|U|4237|0xb7f056d0|Z1204|104001|Handset|Request|1|0|0|GameID=1204 GatewayID=104001 AGIPVersion=0x20
2016-07-22_00:05:52|U|4237|0xb7f056d0|Z1204|104001|Handset|Request|1|0|0|GameID=1204 GatewayID=104001 AGIPVersion=0x20
2016-07-22_00:06:12|U|4237|0xb7f056d0|Z1204|104001|Handset|Request|1|0|0|GameID=1204 GatewayID=104001 AGIPVersion=0x20
2016-07-22_00:06:12|U|4237|0xb7f056d0|Z0|104001|LoadChargeMsg|1|0|0|GameID=1204|Loaded 0 charge messages
2016-07-22_00:06:32|U|4237|0xb7f056d0|Z1204|104001|Handset|Request|1|0|0|GameID=1204 GatewayID=104001 AGIPVersion=0x20
2016-07-22_00:06:52|U|4237|0xb7f056d0|Z1204|104001|Handset|Request|1|0|0|GameID=1204 GatewayID=104001 AGIPVersion=0x20
2016-07-22_00:07:12|U|4237|0xb7f056d0|Z1204|104001|Handset|Request|1|0|0|GameID=1204 GatewayID=104001 AGIPVersion=0x20
2016-07-22_00:07:12|U|4237|0xb7f056d0|Z0|104001|LoadChargeMsg|1|0|0|GameID=1204|Loaded 0 charge messages
2016-07-22_00:07:32|U|4237|0xb7f056d0|Z1204|104001|Handset|Request|1|0|0|GameID=1204 GatewayID=104001 AGIPVersion=0x20
2016-07-22_00:07:52|U|4237|0xb7f056d0|Z1204|104001|Handset|Request|1|0|0|GameID=1204 GatewayID=104001 AGIPVersion=0x20
2016-07-22_00:08:12|U|4237|0xb7f056d0|Z1204|104001|Handset|Request|1|0|0|GameID=1204 GatewayID=104001 AGIPVersion=0x20
2016-07-22_00:08:12|U|4237|0xb7f056d0|Z0|104001|LoadChargeMsg|1|0|0|GameID=1204|Loaded 0 charge messages
2016-07-22_00:08:32|U|4237|0xb7f056d0|Z1204|104001|Handset|Request|1|0|0|GameID=1204 GatewayID=104001 AGIPVersion=0x20
2016-07-22_00:08:52|U|4237|0xb7f056d0|Z1204|104001|Handset|Request|1|0|0|GameID=1204 GatewayID=104001 AGIPVersion=0x20
2016-07-22_00:09:12|U|4237|0xb7f056d0|Z1204|104001|Handset|Request|1|0|0|GameID=1204 GatewayID=104001 AGIPVersion=0x20
2016-07-22_00:09:12|U|4237|0xb7f056d0|Z0|104001|LoadChargeMsg|1|0|0|GameID=1204|Loaded 0 charge messages
2016-07-22_00:09:32|U|4237|0xb7f056d0|Z1204|104001|Handset|Request|1|0|0|GameID=1204 GatewayID=104001 AGIPVersion=0x20
2016-07-22_00:09:52|U|4237|0xb7f056d0|Z1204|104001|Handset|Request|1|0|0|GameID=1204 GatewayID=104001 AGIPVersion=0x20
2016-07-22_00:10:12|U|4237|0xb7f056d0|Z1204|104001|Handset|Request|1|0|0|GameID=1204 GatewayID=104001 AGIPVersion=0x20
2016-07-22_00:10:12|U|4237|0xb7f056d0|Z0|104001|LoadChargeMsg|1|0|0|GameID=1204|Loaded 0 charge messages
2016-07-22_00:10:32|U|4237|0xb7f056d0|Z1204|104001|Handset|Request|1|0|0|GameID=1204 GatewayID=104001 AGIPVersion=0x20
2016-07-22_00:10:52|U|4237|0xb7f056d0|Z1204|104001|Handset|Request|1|0|0|GameID=1204 GatewayID=104001 AGIPVersion=0x20
2016-07-22_00:11:12|U|4237|0xb7f056d0|Z1204|104001|Handset|Request|1|0|0|GameID=1204 GatewayID=104001 AGIPVersion=0x20
2016-07-22_00:11:12|U|4237|0xb7f056d0|Z0|104001|LoadChargeMsg|1|0|0|GameID=1204|Loaded 0 charge messages
2016-07-22_00:11:32|U|4237|0xb7f056d0|Z1204|104001|Handset|Request|1|0|0|GameID=1204 GatewayID=104001 AGIPVersion=0x20
2016-07-22_00:11:52|U|4237|0xb7f056d0|Z1204|104001|Handset|Request|1|0|0|GameID=1204 GatewayID=104001 AGIPVersion=0x20
2016-07-22_00:12:12|U|4237|0xb7f056d0|Z1204|104001|Handset|Request|1|0|0|GameID=1204 GatewayID=104001 AGIPVersion=0x20
2016-07-22_00:12:12|U|4237|0xb7f056d0|Z0|104001|LoadChargeMsg|1|0|0|GameID=1204|Loaded 0 charge messages
2016-07-22_00:12:32|U|4237|0xb7f056d0|Z1204|104001|Handset|Request|1|0|0|GameID=1204 GatewayID=104001 AGIPVersion=0x20
2016-07-22_00:12:52|U|4237|0xb7f056d0|Z1204|104001|Handset|Request|1|0|0|GameID=1204 GatewayID=104001 AGIPVersion=0x20
2016-07-22_00:13:12|U|4237|0xb7f056d0|Z1204|104001|Handset|Request|1|0|0|GameID=1204 GatewayID=104001 AGIPVersion=0x20
2016-07-22_00:13:12|U|4237|0xb7f056d0|Z0|104001|LoadChargeMsg|1|0|0|GameID=1204|Loaded 0 charge messages
2016-07-22_00:13:32|U|4237|0xb7f056d0|Z1204|104001|Handset|Request|1|0|0|GameID=1204 GatewayID=104001 AGIPVersion=0x20
2016-07-22_00:13:52|U|4237|0xb7f056d0|Z1204|104001|Handset|Request|1|0|0|GameID=1204 GatewayID=104001 AGIPVersion=0x20
2016-07-22_00:14:12|U|4237|0xb7f056d0|Z1204|104001|Handset|Request|1|0|0|GameID=1204 GatewayID=104001 AGIPVersion=0x20
2016-07-22_00:14:12|U|4237|0xb7f056d0|Z0|104001|LoadChargeMsg|1|0|0|GameID=1204|Loaded 0 charge messages
2016-07-22_00:14:32|U|4237|0xb7f056d0|Z1204|104001|Handset|Request|1|0|0|GameID=1204 GatewayID=104001 AGIPVersion=0x20
2016-07-22_00:14:52|U|4237|0xb7f056d0|Z1204|104001|Handset|Request|1|0|0|GameID=1204 GatewayID=104001 AGIPVersion=0x20
2016-07-22_00:15:12|U|4237|0xb7f056d0|Z1204|104001|Handset|Request|1|0|0|GameID=1204 GatewayID=104001 AGIPVersion=0x20
2016-07-22_00:15:12|U|4237|0xb7f056d0|Z0|104001|LoadChargeMsg|1|0|0|GameID=1204|Loaded 0 charge messages
2016-07-22_00:15:32|U|4237|0xb7f056d0|Z1204|104001|Handset|Request|1|0|0|GameID=1204 GatewayID=104001 AGIPVersion=0x20
2016-07-22_00:15:52|U|4237|0xb7f056d0|Z1204|104001|Handset|Request|1|0|0|GameID=1204 GatewayID=104001 AGIPVersion=0x20
2016-07-22_00:16:12|U|4237|0xb7f056d0|Z1204|104001|Handset|Request|1|0|0|GameID=1204 GatewayID=104001 AGIPVersion=0x20
2016-07-22_00:16:12|U|4237|0xb7f056d0|Z0|104001|LoadChargeMsg|1|0|0|GameID=1204|Loaded 0 charge messages
2016-07-22_00:16:32|U|4237|0xb7f056d0|Z1204|104001|Handset|Request|1|0|0|GameID=1204 GatewayID=104001 AGIPVersion=0x20
2016-07-22_00:16:52|U|4237|0xb7f056d0|Z1204|104001|Handset|Request|1|0|0|GameID=1204 GatewayID=104001 AGIPVersion=0x20
2016-07-22_00:17:12|U|4237|0xb7f056d0|Z1204|104001|Handset|Request|1|0|0|GameID=1204 GatewayID=104001 AGIPVersion=0x20
2016-07-22_00:17:12|U|4237|0xb7f056d0|Z0|104001|LoadChargeMsg|1|0|0|GameID=1204|Loaded 0 charge messages
2016-07-22_00:17:32|U|4237|0xb7f056d0|Z1204|104001|Handset|Request|1|0|0|GameID=1204 GatewayID=104001 AGIPVersion=0x20
2016-07-22_00:17:52|U|4237|0xb7f056d0|Z1204|104001|Handset|Request|1|0|0|GameID=1204 GatewayID=104001 AGIPVersion=0x20
2016-07-22_00:18:12|U|4237|0xb7f056d0|Z1204|104001|Handset|Request|1|0|0|GameID=1204 GatewayID=104001 AGIPVersion=0x20
2016-07-22_00:18:12|U|4237|0xb7f056d0|Z0|104001|LoadChargeMsg|1|0|0|GameID=1204|Loaded 0 charge messages
2016-07-22_00:18:32|U|4237|0xb7f056d0|Z1204|104001|Handset|Request|1|0|0|GameID=1204 GatewayID=104001 AGIPVersion=0x20
2016-07-22_00:18:52|U|4237|0xb7f056d0|Z1204|104001|Handset|Request|1|0|0|GameID=1204 GatewayID=104001 AGIPVersion=0x20
2016-07-22_00:19:12|U|4237|0xb7f056d0|Z1204|104001|Handset|Request|1|0|0|GameID=1204 GatewayID=104001 AGIPVersion=0x20
2016-07-22_00:19:12|U|4237|0xb7f056d0|Z0|104001|LoadChargeMsg|1|0|0|GameID=1204|Loaded 0 charge messages
2016-07-22_00:19:32|U|4237|0xb7f056d0|Z1204|104001|Handset|Request|1|0|0|GameID=1204 GatewayID=104001 AGIPVersion=0x20
2016-07-22_00:19:52|U|4237|0xb7f056d0|Z1204|104001|Handset|Request|1|0|0|GameID=1204 GatewayID=104001 AGIPVersion=0x20
2016-07-22_00:20:12|U|4237|0xb7f056d0|Z1204|104001|Handset|Request|1|0|0|GameID=1204 GatewayID=104001 AGIPVersion=0x20
2016-07-22_00:20:12|U|4237|0xb7f056d0|Z0|104001|LoadChargeMsg|1|0|0|GameID=1204|Loaded 0 charge messages
2016-07-22_00:20:32|U|4237|0xb7f056d0|Z1204|104001|Handset|Request|1|0|0|GameID=1204 GatewayID=104001 AGIPVersion=0x20
2016-07-22_00:20:52|U|4237|0xb7f056d0|Z1204|104001|Handset|Request|1|0|0|GameID=1204 GatewayID=104001 AGIPVersion=0x20
2016-07-22_00:21:12|U|4237|0xb7f056d0|Z1204|104001|Handset|Request|1|0|0|GameID=1204 GatewayID=104001 AGIPVersion=0x20
2016-07-22_00:21:12|U|4237|0xb7f056d0|Z0|104001|LoadChargeMsg|1|0|0|GameID=1204|Loaded 0 charge messages
2016-07-22_00:21:32|U|4237|0xb7f056d0|Z1204|104001|Handset|Request|1|0|0|GameID=1204 GatewayID=104001 AGIPVersion=0x20
2016-07-22_00:21:52|U|4237|0xb7f056d0|Z1204|104001|Handset|Request|1|0|0|GameID=1204 GatewayID=104001 AGIPVersion=0x20
2016-07-22_00:22:12|U|4237|0xb7f056d0|Z1204|104001|Handset|Request|1|0|0|GameID=1204 GatewayID=104001 AGIPVersion=0x20
2016-07-22_00:22:12|U|4237|0xb7f056d0|Z0|104001|LoadChargeMsg|1|0|0|GameID=1204|Loaded 0 charge messages
2016-07-22_00:22:32|U|4237|0xb7f056d0|Z1204|104001|Handset|Request|1|0|0|GameID=1204 GatewayID=104001 AGIPVersion=0x20
2016-07-22_00:22:52|U|4237|0xb7f056d0|Z1204|104001|Handset|Request|1|0|0|GameID=1204 GatewayID=104001 AGIPVersion=0x20
2016-07-22_00:23:12|U|4237|0xb7f056d0|Z1204|104001|Handset|Request|1|0|0|GameID=1204 GatewayID=104001 AGIPVersion=0x20
2016-07-22_00:23:12|U|4237|0xb7f056d0|Z0|104001|LoadChargeMsg|1|0|0|GameID=1204|Loaded 0 charge messages
2016-07-22_00:23:32|U|4237|0xb7f056d0|Z1204|104001|Handset|Request|1|0|0|GameID=1204 GatewayID=104001 AGIPVersion=0x20
2016-07-22_00:23:52|U|4237|0xb7f056d0|Z1204|104001|Handset|Request|1|0|0|GameID=1204 GatewayID=104001 AGIPVersion=0x20
2016-07-22_00:24:12|U|4237|0xb7f056d0|Z1204|104001|Handset|Request|1|0|0|GameID=1204 GatewayID=104001 AGIPVersion=0x20
2016-07-22_00:24:12|U|4237|0xb7f056d0|Z0|104001|LoadChargeMsg|1|0|0|GameID=1204|Loaded 0 charge messages
2016-07-22_00:24:32|U|4237|0xb7f056d0|Z1204|104001|Handset|Request|1|0|0|GameID=1204 GatewayID=104001 AGIPVersion=0x20
2016-07-22_00:24:52|U|4237|0xb7f056d0|Z1204|104001|Handset|Request|1|0|0|GameID=1204 GatewayID=104001 AGIPVersion=0x20
2016-07-22_00:25:12|U|4237|0xb7f056d0|Z1204|104001|Handset|Request|1|0|0|GameID=1204 GatewayID=104001 AGIPVersion=0x20
2016-07-22_00:25:12|U|4237|0xb7f056d0|Z0|104001|LoadChargeMsg|1|0|0|GameID=1204|Loaded 0 charge messages
2016-07-22_00:25:32|U|4237|0xb7f056d0|Z1204|104001|Handset|Request|1|0|0|GameID=1204 GatewayID=104001 AGIPVersion=0x20
2016-07-22_00:25:52|U|4237|0xb7f056d0|Z1204|104001|Handset|Request|1|0|0|GameID=1204 GatewayID=104001 AGIPVersion=0x20
2016-07-22_00:26:12|U|4237|0xb7f056d0|Z1204|104001|Handset|Request|1|0|0|GameID=1204 GatewayID=104001 AGIPVersion=0x20
2016-07-22_00:26:12|U|4237|0xb7f056d0|Z0|104001|LoadChargeMsg|1|0|0|GameID=1204|Loaded 0 charge messages
2016-07-22_00:26:32|U|4237|0xb7f056d0|Z1204|104001|Handset|Request|1|0|0|GameID=1204 GatewayID=104001 AGIPVersion=0x20
2016-07-22_00:26:52|U|4237|0xb7f056d0|Z1204|104001|Handset|Request|1|0|0|GameID=1204 GatewayID=104001 AGIPVersion=0x20
2016-07-22_00:27:12|U|4237|0xb7f056d0|Z1204|104001|Handset|Request|1|0|0|GameID=1204 GatewayID=104001 AGIPVersion=0x20
2016-07-22_00:27:12|U|4237|0xb7f056d0|Z0|104001|LoadChargeMsg|1|0|0|GameID=1204|Loaded 0 charge messages
2016-07-22_00:27:32|U|4237|0xb7f056d0|Z1204|104001|Handset|Request|1|0|0|GameID=1204 GatewayID=104001 AGIPVersion=0x20
2016-07-22_00:27:52|U|4237|0xb7f056d0|Z1204|104001|Handset|Request|1|0|0|GameID=1204 GatewayID=104001 AGIPVersion=0x20
2016-07-22_00:28:12|U|4237|0xb7f056d0|Z1204|104001|Handset|Request|1|0|0|GameID=1204 GatewayID=104001 AGIPVersion=0x20
2016-07-22_00:28:12|U|4237|0xb7f056d0|Z0|104001|LoadChargeMsg|1|0|0|GameID=1204|Loaded 0 charge messages
2016-07-22_00:28:32|U|4237|0xb7f056d0|Z1204|104001|Handset|Request|1|0|0|GameID=1204 GatewayID=104001 AGIPVersion=0x20
2016-07-22_00:28:52|U|4237|0xb7f056d0|Z1204|104001|Handset|Request|1|0|0|GameID=1204 GatewayID=104001 AGIPVersion=0x20
2016-07-22_00:29:12|U|4237|0xb7f056d0|Z1204|104001|Handset|Request|1|0|0|GameID=1204 GatewayID=104001 AGIPVersion=0x20
2016-07-22_00:29:12|U|4237|0xb7f056d0|Z0|104001|LoadChargeMsg|1|0|0|GameID=1204|Loaded 0 charge messages
2016-07-22_00:29:32|U|4237|0xb7f056d0|Z1204|104001|Handset|Request|1|0|0|GameID=1204 GatewayID=104001 AGIPVersion=0x20
2016-07-22_00:29:52|U|4237|0xb7f056d0|Z1204|104001|Handset|Request|1|0|0|GameID=1204 GatewayID=104001 AGIPVersion=0x20
2016-07-22_00:30:12|U|4237|0xb7f056d0|Z1204|104001|Handset|Request|1|0|0|GameID=1204 GatewayID=104001 AGIPVersion=0x20
2016-07-22_00:30:12|U|4237|0xb7f056d0|Z0|104001|LoadChargeMsg|1|0|0|GameID=1204|Loaded 0 charge messages
2016-07-22_00:30:32|U|4237|0xb7f056d0|Z1204|104001|Handset|Request|1|0|0|GameID=1204 GatewayID=104001 AGIPVersion=0x20
2016-07-22_00:30:52|U|4237|0xb7f056d0|Z1204|104001|Handset|Request|1|0|0|GameID=1204 GatewayID=104001 AGIPVersion=0x20
2016-07-22_00:31:12|U|4237|0xb7f056d0|Z1204|104001|Handset|Request|1|0|0|GameID=1204 GatewayID=104001 AGIPVersion=0x20
2016-07-22_00:31:12|U|4237|0xb7f056d0|Z0|104001|LoadChargeMsg|1|0|0|GameID=1204|Loaded 0 charge messages
2016-07-22_00:31:32|U|4237|0xb7f056d0|Z1204|104001|Handset|Request|1|0|0|GameID=1204 GatewayID=104001 AGIPVersion=0x20
2016-07-22_00:31:52|U|4237|0xb7f056d0|Z1204|104001|Handset|Request|1|0|0|GameID=1204 GatewayID=104001 AGIPVersion=0x20
2016-07-22_00:32:12|U|4237|0xb7f056d0|Z1204|104001|Handset|Request|1|0|0|GameID=1204 GatewayID=104001 AGIPVersion=0x20
2016-07-22_00:32:12|U|4237|0xb7f056d0|Z0|104001|LoadChargeMsg|1|0|0|GameID=1204|Loaded 0 charge messages
2016-07-22_00:32:32|U|4237|0xb7f056d0|Z1204|104001|Handset|Request|1|0|0|GameID=1204 GatewayID=104001 AGIPVersion=0x20
2016-07-22_00:32:52|U|4237|0xb7f056d0|Z1204|104001|Handset|Request|1|0|0|GameID=1204 GatewayID=104001 AGIPVersion=0x20
2016-07-22_00:33:12|U|4237|0xb7f056d0|Z1204|104001|Handset|Request|1|0|0|GameID=1204 GatewayID=104001 AGIPVersion=0x20
2016-07-22_00:33:12|U|4237|0xb7f056d0|Z0|104001|LoadChargeMsg|1|0|0|GameID=1204|Loaded 0 charge messages
2016-07-22_00:33:32|U|4237|0xb7f056d0|Z1204|104001|Handset|Request|1|0|0|GameID=1204 GatewayID=104001 AGIPVersion=0x20
2016-07-22_00:33:52|U|4237|0xb7f056d0|Z1204|104001|Handset|Request|1|0|0|GameID=1204 GatewayID=104001 AGIPVersion=0x20
2016-07-22_00:34:12|U|4237|0xb7f056d0|Z1204|104001|Handset|Request|1|0|0|GameID=1204 GatewayID=104001 AGIPVersion=0x20
2016-07-22_00:34:12|U|4237|0xb7f056d0|Z0|104001|LoadChargeMsg|1|0|0|GameID=1204|Loaded 0 charge messages
2016-07-22_00:34:32|U|4237|0xb7f056d0|Z1204|104001|Handset|Request|1|0|0|GameID=1204 GatewayID=104001 AGIPVersion=0x20
2016-07-22_00:34:52|U|4237|0xb7f056d0|Z1204|104001|Handset|Request|1|0|0|GameID=1204 GatewayID=104001 AGIPVersion=0x20
2016-07-22_00:35:12|U|4237|0xb7f056d0|Z1204|104001|Handset|Request|1|0|0|GameID=1204 GatewayID=104001 AGIPVersion=0x20
2016-07-22_00:35:12|U|4237|0xb7f056d0|Z0|104001|LoadChargeMsg|1|0|0|GameID=1204|Loaded 0 charge messages
2016-07-22_00:35:32|U|4237|0xb7f056d0|Z1204|104001|Handset|Request|1|0|0|GameID=1204 GatewayID=104001 AGIPVersion=0x20
2016-07-22_00:35:52|U|4237|0xb7f056d0|Z1204|104001|Handset|Request|1|0|0|GameID=1204 GatewayID=104001 AGIPVersion=0x20
2016-07-22_00:36:12|U|4237|0xb7f056d0|Z1204|104001|Handset|Request|1|0|0|GameID=1204 GatewayID=104001 AGIPVersion=0x20
2016-07-22_00:36:12|U|4237|0xb7f056d0|Z0|104001|LoadChargeMsg|1|0|0|GameID=1204|Loaded 0 charge messages
2016-07-22_00:36:32|U|4237|0xb7f056d0|Z1204|104001|Handset|Request|1|0|0|GameID=1204 GatewayID=104001 AGIPVersion=0x20
2016-07-22_00:36:52|U|4237|0xb7f056d0|Z1204|104001|Handset|Request|1|0|0|GameID=1204 GatewayID=104001 AGIPVersion=0x20
2016-07-22_00:37:12|U|4237|0xb7f056d0|Z1204|104001|Handset|Request|1|0|0|GameID=1204 GatewayID=104001 AGIPVersion=0x20
2016-07-22_00:37:12|U|4237|0xb7f056d0|Z0|104001|LoadChargeMsg|1|0|0|GameID=1204|Loaded 0 charge messages
2016-07-22_00:37:32|U|4237|0xb7f056d0|Z1204|104001|Handset|Request|1|0|0|GameID=1204 GatewayID=104001 AGIPVersion=0x20
2016-07-22_00:37:52|U|4237|0xb7f056d0|Z1204|104001|Handset|Request|1|0|0|GameID=1204 GatewayID=104001 AGIPVersion=0x20
2016-07-22_00:38:12|U|4237|0xb7f056d0|Z1204|104001|Handset|Request|1|0|0|GameID=1204 GatewayID=104001 AGIPVersion=0x20
2016-07-22_00:38:12|U|4237|0xb7f056d0|Z0|104001|LoadChargeMsg|1|0|0|GameID=1204|Loaded 0 charge messages
2016-07-22_00:38:32|U|4237|0xb7f056d0|Z1204|104001|Handset|Request|1|0|0|GameID=1204 GatewayID=104001 AGIPVersion=0x20
2016-07-22_00:38:52|U|4237|0xb7f056d0|Z1204|104001|Handset|Request|1|0|0|GameID=1204 GatewayID=104001 AGIPVersion=0x20
2016-07-22_00:39:12|U|4237|0xb7f056d0|Z1204|104001|Handset|Request|1|0|0|GameID=1204 GatewayID=104001 AGIPVersion=0x20
2016-07-22_00:39:12|U|4237|0xb7f056d0|Z0|104001|LoadChargeMsg|1|0|0|GameID=1204|Loaded 0 charge messages
2016-07-22_00:39:32|U|4237|0xb7f056d0|Z1204|104001|Handset|Request|1|0|0|GameID=1204 GatewayID=104001 AGIPVersion=0x20
2016-07-22_00:39:52|U|4237|0xb7f056d0|Z1204|104001|Handset|Request|1|0|0|GameID=1204 GatewayID=104001 AGIPVersion=0x20
2016-07-22_00:40:12|U|4237|0xb7f056d0|Z1204|104001|Handset|Request|1|0|0|GameID=1204 GatewayID=104001 AGIPVersion=0x20
2016-07-22_00:40:12|U|4237|0xb7f056d0|Z0|104001|LoadChargeMsg|1|0|0|GameID=1204|Loaded 0 charge messages
2016-07-22_00:40:32|U|4237|0xb7f056d0|Z1204|104001|Handset|Request|1|0|0|GameID=1204 GatewayID=104001 AGIPVersion=0x20
2016-07-22_00:40:52|U|4237|0xb7f056d0|Z1204|104001|Handset|Request|1|0|0|GameID=1204 GatewayID=104001 AGIPVersion=0x20
2016-07-22_00:41:12|U|4237|0xb7f056d0|Z1204|104001|Handset|Request|1|0|0|GameID=1204 GatewayID=104001 AGIPVersion=0x20
2016-07-22_00:41:12|U|4237|0xb7f056d0|Z0|104001|LoadChargeMsg|1|0|0|GameID=1204|Loaded 0 charge messages
2016-07-22_00:41:32|U|4237|0xb7f056d0|Z1204|104001|Handset|Request|1|0|0|GameID=1204 GatewayID=104001 AGIPVersion=0x20
2016-07-22_00:41:52|U|4237|0xb7f056d0|Z1204|104001|Handset|Request|1|0|0|GameID=1204 GatewayID=104001 AGIPVersion=0x20
2016-07-22_00:42:12|U|4237|0xb7f056d0|Z1204|104001|Handset|Request|1|0|0|GameID=1204 GatewayID=104001 AGIPVersion=0x20
2016-07-22_00:42:12|U|4237|0xb7f056d0|Z0|104001|LoadChargeMsg|1|0|0|GameID=1204|Loaded 0 charge messages
2016-07-22_00:42:32|U|4237|0xb7f056d0|Z1204|104001|Handset|Request|1|0|0|GameID=1204 GatewayID=104001 AGIPVersion=0x20
2016-07-22_00:42:52|U|4237|0xb7f056d0|Z1204|104001|Handset|Request|1|0|0|GameID=1204 GatewayID=104001 AGIPVersion=0x20
2016-07-22_00:43:12|U|4237|0xb7f056d0|Z1204|104001|Handset|Request|1|0|0|GameID=1204 GatewayID=104001 AGIPVersion=0x20
2016-07-22_00:43:12|U|4237|0xb7f056d0|Z0|104001|LoadChargeMsg|1|0|0|GameID=1204|Loaded 0 charge messages
2016-07-22_00:43:32|U|4237|0xb7f056d0|Z1204|104001|Handset|Request|1|0|0|GameID=1204 GatewayID=104001 AGIPVersion=0x20
2016-07-22_00:43:52|U|4237|0xb7f056d0|Z1204|104001|Handset|Request|1|0|0|GameID=1204 GatewayID=104001 AGIPVersion=0x20
2016-07-22_00:44:12|U|4237|0xb7f056d0|Z1204|104001|Handset|Request|1|0|0|GameID=1204 GatewayID=104001 AGIPVersion=0x20
2016-07-22_00:44:12|U|4237|0xb7f056d0|Z0|104001|LoadChargeMsg|1|0|0|GameID=1204|Loaded 0 charge messages
2016-07-22_00:44:32|U|4237|0xb7f056d0|Z1204|104001|Handset|Request|1|0|0|GameID=1204 GatewayID=104001 AGIPVersion=0x20
2016-07-22_00:44:52|U|4237|0xb7f056d0|Z1204|104001|Handset|Request|1|0|0|GameID=1204 GatewayID=104001 AGIPVersion=0x20
2016-07-22_00:45:12|U|4237|0xb7f056d0|Z1204|104001|Handset|Request|1|0|0|GameID=1204 GatewayID=104001 AGIPVersion=0x20
2016-07-22_00:45:12|U|4237|0xb7f056d0|Z0|104001|LoadChargeMsg|1|0|0|GameID=1204|Loaded 0 charge messages
2016-07-22_00:45:32|U|4237|0xb7f056d0|Z1204|104001|Handset|Request|1|0|0|GameID=1204 GatewayID=104001 AGIPVersion=0x20
2016-07-22_00:45:52|U|4237|0xb7f056d0|Z1204|104001|Handset|Request|1|0|0|GameID=1204 GatewayID=104001 AGIPVersion=0x20
2016-07-22_00:46:12|U|4237|0xb7f056d0|Z1204|104001|Handset|Request|1|0|0|GameID=1204 GatewayID=104001 AGIPVersion=0x20
2016-07-22_00:46:12|U|4237|0xb7f056d0|Z0|104001|LoadChargeMsg|1|0|0|GameID=1204|Loaded 0 charge messages
2016-07-22_00:46:32|U|4237|0xb7f056d0|Z1204|104001|Handset|Request|1|0|0|GameID=1204 GatewayID=104001 AGIPVersion=0x20
2016-07-22_00:46:52|U|4237|0xb7f056d0|Z1204|104001|Handset|Request|1|0|0|GameID=1204 GatewayID=104001 AGIPVersion=0x20
2016-07-22_00:47:12|U|4237|0xb7f056d0|Z1204|104001|Handset|Request|1|0|0|GameID=1204 GatewayID=104001 AGIPVersion=0x20
2016-07-22_00:47:12|U|4237|0xb7f056d0|Z0|104001|LoadChargeMsg|1|0|0|GameID=1204|Loaded 0 charge messages
2016-07-22_00:47:32|U|4237|0xb7f056d0|Z1204|104001|Handset|Request|1|0|0|GameID=1204 GatewayID=104001 AGIPVersion=0x20
2016-07-22_00:47:52|U|4237|0xb7f056d0|Z1204|104001|Handset|Request|1|0|0|GameID=1204 GatewayID=104001 AGIPVersion=0x20
2016-07-22_00:48:12|U|4237|0xb7f056d0|Z1204|104001|Handset|Request|1|0|0|GameID=1204 GatewayID=104001 AGIPVersion=0x20
2016-07-22_00:48:12|U|4237|0xb7f056d0|Z0|104001|LoadChargeMsg|1|0|0|GameID=1204|Loaded 0 charge messages
2016-07-22_00:48:32|U|4237|0xb7f056d0|Z1204|104001|Handset|Request|1|0|0|GameID=1204 GatewayID=104001 AGIPVersion=0x20
2016-07-22_00:48:52|U|4237|0xb7f056d0|Z1204|104001|Handset|Request|1|0|0|GameID=1204 GatewayID=104001 AGIPVersion=0x20
2016-07-22_00:49:12|U|4237|0xb7f056d0|Z1204|104001|Handset|Request|1|0|0|GameID=1204 GatewayID=104001 AGIPVersion=0x20
2016-07-22_00:49:12|U|4237|0xb7f056d0|Z0|104001|LoadChargeMsg|1|0|0|GameID=1204|Loaded 0 charge messages
2016-07-22_00:49:32|U|4237|0xb7f056d0|Z1204|104001|Handset|Request|1|0|0|GameID=1204 GatewayID=104001 AGIPVersion=0x20
2016-07-22_00:49:52|U|4237|0xb7f056d0|Z1204|104001|Handset|Request|1|0|0|GameID=1204 GatewayID=104001 AGIPVersion=0x20
2016-07-22_00:50:12|U|4237|0xb7f056d0|Z1204|104001|Handset|Request|1|0|0|GameID=1204 GatewayID=104001 AGIPVersion=0x20
2016-07-22_00:50:12|U|4237|0xb7f056d0|Z0|104001|LoadChargeMsg|1|0|0|GameID=1204|Loaded 0 charge messages
2016-07-22_00:50:32|U|4237|0xb7f056d0|Z1204|104001|Handset|Request|1|0|0|GameID=1204 GatewayID=104001 AGIPVersion=0x20
2016-07-22_00:50:52|U|4237|0xb7f056d0|Z1204|104001|Handset|Request|1|0|0|GameID=1204 GatewayID=104001 AGIPVersion=0x20
2016-07-22_00:51:12|U|4237|0xb7f056d0|Z1204|104001|Handset|Request|1|0|0|GameID=1204 GatewayID=104001 AGIPVersion=0x20
2016-07-22_00:51:12|U|4237|0xb7f056d0|Z0|104001|LoadChargeMsg|1|0|0|GameID=1204|Loaded 0 charge messages
2016-07-22_00:51:32|U|4237|0xb7f056d0|Z1204|104001|Handset|Request|1|0|0|GameID=1204 GatewayID=104001 AGIPVersion=0x20
2016-07-22_00:51:52|U|4237|0xb7f056d0|Z1204|104001|Handset|Request|1|0|0|GameID=1204 GatewayID=104001 AGIPVersion=0x20
2016-07-22_00:52:12|U|4237|0xb7f056d0|Z1204|104001|Handset|Request|1|0|0|GameID=1204 GatewayID=104001 AGIPVersion=0x20
2016-07-22_00:52:12|U|4237|0xb7f056d0|Z0|104001|LoadChargeMsg|1|0|0|GameID=1204|Loaded 0 charge messages
2016-07-22_00:52:32|U|4237|0xb7f056d0|Z1204|104001|Handset|Request|1|0|0|GameID=1204 GatewayID=104001 AGIPVersion=0x20
2016-07-22_00:52:52|U|4237|0xb7f056d0|Z1204|104001|Handset|Request|1|0|0|GameID=1204 GatewayID=104001 AGIPVersion=0x20
2016-07-22_00:53:12|U|4237|0xb7f056d0|Z1204|104001|Handset|Request|1|0|0|GameID=1204 GatewayID=104001 AGIPVersion=0x20
2016-07-22_00:53:12|U|4237|0xb7f056d0|Z0|104001|LoadChargeMsg|1|0|0|GameID=1204|Loaded 0 charge messages
2016-07-22_00:53:32|U|4237|0xb7f056d0|Z1204|104001|Handset|Request|1|0|0|GameID=1204 GatewayID=104001 AGIPVersion=0x20
2016-07-22_00:53:52|U|4237|0xb7f056d0|Z1204|104001|Handset|Request|1|0|0|GameID=1204 GatewayID=104001 AGIPVersion=0x20
2016-07-22_00:54:12|U|4237|0xb7f056d0|Z1204|104001|Handset|Request|1|0|0|GameID=1204 GatewayID=104001 AGIPVersion=0x20
2016-07-22_00:54:12|U|4237|0xb7f056d0|Z0|104001|LoadChargeMsg|1|0|0|GameID=1204|Loaded 0 charge messages
2016-07-22_00:54:32|U|4237|0xb7f056d0|Z1204|104001|Handset|Request|1|0|0|GameID=1204 GatewayID=104001 AGIPVersion=0x20
2016-07-22_00:54:52|U|4237|0xb7f056d0|Z1204|104001|Handset|Request|1|0|0|GameID=1204 GatewayID=104001 AGIPVersion=0x20
2016-07-22_00:55:12|U|4237|0xb7f056d0|Z1204|104001|Handset|Request|1|0|0|GameID=1204 GatewayID=104001 AGIPVersion=0x20
2016-07-22_00:55:12|U|4237|0xb7f056d0|Z0|104001|LoadChargeMsg|1|0|0|GameID=1204|Loaded 0 charge messages
2016-07-22_00:55:32|U|4237|0xb7f056d0|Z1204|104001|Handset|Request|1|0|0|GameID=1204 GatewayID=104001 AGIPVersion=0x20
2016-07-22_00:55:52|U|4237|0xb7f056d0|Z1204|104001|Handset|Request|1|0|0|GameID=1204 GatewayID=104001 AGIPVersion=0x20
2016-07-22_00:56:12|U|4237|0xb7f056d0|Z1204|104001|Handset|Request|1|0|0|GameID=1204 GatewayID=104001 AGIPVersion=0x20
2016-07-22_00:56:12|U|4237|0xb7f056d0|Z0|104001|LoadChargeMsg|1|0|0|GameID=1204|Loaded 0 charge messages
2016-07-22_00:56:32|U|4237|0xb7f056d0|Z1204|104001|Handset|Request|1|0|0|GameID=1204 GatewayID=104001 AGIPVersion=0x20
2016-07-22_00:56:52|U|4237|0xb7f056d0|Z1204|104001|Handset|Request|1|0|0|GameID=1204 GatewayID=104001 AGIPVersion=0x20
2016-07-22_00:57:12|U|4237|0xb7f056d0|Z1204|104001|Handset|Request|1|0|0|GameID=1204 GatewayID=104001 AGIPVersion=0x20
2016-07-22_00:57:12|U|4237|0xb7f056d0|Z0|104001|LoadChargeMsg|1|0|0|GameID=1204|Loaded 0 charge messages
2016-07-22_00:57:32|U|4237|0xb7f056d0|Z1204|104001|Handset|Request|1|0|0|GameID=1204 GatewayID=104001 AGIPVersion=0x20
2016-07-22_00:57:52|U|4237|0xb7f056d0|Z1204|104001|Handset|Request|1|0|0|GameID=1204 GatewayID=104001 AGIPVersion=0x20
2016-07-22_00:58:12|U|4237|0xb7f056d0|Z1204|104001|Handset|Request|1|0|0|GameID=1204 GatewayID=104001 AGIPVersion=0x20
2016-07-22_00:58:12|U|4237|0xb7f056d0|Z0|104001|LoadChargeMsg|1|0|0|GameID=1204|Loaded 0 charge messages
2016-07-22_00:58:32|U|4237|0xb7f056d0|Z1204|104001|Handset|Request|1|0|0|GameID=1204 GatewayID=104001 AGIPVersion=0x20
2016-07-22_00:58:52|U|4237|0xb7f056d0|Z1204|104001|Handset|Request|1|0|0|GameID=1204 GatewayID=104001 AGIPVersion=0x20
2016-07-22_00:59:12|U|4237|0xb7f056d0|Z1204|104001|Handset|Request|1|0|0|GameID=1204 GatewayID=104001 AGIPVersion=0x20
2016-07-22_00:59:12|U|4237|0xb7f056d0|Z0|104001|LoadChargeMsg|1|0|0|GameID=1204|Loaded 0 charge messages
2016-07-22_00:59:32|U|4237|0xb7f056d0|Z1204|104001|Handset|Request|1|0|0|GameID=1204 GatewayID=104001 AGIPVersion=0x20
2016-07-22_00:59:52|U|4237|0xb7f056d0|Z1204|104001|Handset|Request|1|0|0|GameID=1204 GatewayID=104001 AGIPVersion=0x20
2016-07-22_01:00:12|U|4237|0xb7f056d0|Z1204|104001|Handset|Request|1|0|0|GameID=1204 GatewayID=104001 AGIPVersion=0x20
2016-07-22_01:00:12|U|4237|0xb7f056d0|Z0|104001|LoadChargeMsg|1|0|0|GameID=1204|Loaded 0 charge messages
2016-07-22_01:00:32|U|4237|0xb7f056d0|Z1204|104001|Handset|Request|1|0|0|GameID=1204 GatewayID=104001 AGIPVersion=0x20
2016-07-22_01:00:52|U|4237|0xb7f056d0|Z1204|104001|Handset|Request|1|0|0|GameID=1204 GatewayID=104001 AGIPVersion=0x20
2016-07-22_01:01:12|U|4237|0xb7f056d0|Z1204|104001|Handset|Request|1|0|0|GameID=1204 GatewayID=104001 AGIPVersion=0x20
2016-07-22_01:01:12|U|4237|0xb7f056d0|Z0|104001|LoadChargeMsg|1|0|0|GameID=1204|Loaded 0 charge messages
2016-07-22_01:01:32|U|4237|0xb7f056d0|Z1204|104001|Handset|Request|1|0|0|GameID=1204 GatewayID=104001 AGIPVersion=0x20
2016-07-22_01:01:52|U|4237|0xb7f056d0|Z1204|104001|Handset|Request|1|0|0|GameID=1204 GatewayID=104001 AGIPVersion=0x20
2016-07-22_01:02:12|U|4237|0xb7f056d0|Z1204|104001|Handset|Request|1|0|0|GameID=1204 GatewayID=104001 AGIPVersion=0x20
2016-07-22_01:02:12|U|4237|0xb7f056d0|Z0|104001|LoadChargeMsg|1|0|0|GameID=1204|Loaded 0 charge messages
2016-07-22_01:02:32|U|4237|0xb7f056d0|Z1204|104001|Handset|Request|1|0|0|GameID=1204 GatewayID=104001 AGIPVersion=0x20
2016-07-22_01:02:52|U|4237|0xb7f056d0|Z1204|104001|Handset|Request|1|0|0|GameID=1204 GatewayID=104001 AGIPVersion=0x20
2016-07-22_01:03:12|U|4237|0xb7f056d0|Z1204|104001|Handset|Request|1|0|0|GameID=1204 GatewayID=104001 AGIPVersion=0x20
2016-07-22_01:03:12|U|4237|0xb7f056d0|Z0|104001|LoadChargeMsg|1|0|0|GameID=1204|Loaded 0 charge messages
2016-07-22_01:03:32|U|4237|0xb7f056d0|Z1204|104001|Handset|Request|1|0|0|GameID=1204 GatewayID=104001 AGIPVersion=0x20
2016-07-22_01:03:52|U|4237|0xb7f056d0|Z1204|104001|Handset|Request|1|0|0|GameID=1204 GatewayID=104001 AGIPVersion=0x20
2016-07-22_01:04:12|U|4237|0xb7f056d0|Z1204|104001|Handset|Request|1|0|0|GameID=1204 GatewayID=104001 AGIPVersion=0x20
2016-07-22_01:04:12|U|4237|0xb7f056d0|Z0|104001|LoadChargeMsg|1|0|0|GameID=1204|Loaded 0 charge messages
2016-07-22_01:04:32|U|4237|0xb7f056d0|Z1204|104001|Handset|Request|1|0|0|GameID=1204 GatewayID=104001 AGIPVersion=0x20
2016-07-22_01:04:52|U|4237|0xb7f056d0|Z1204|104001|Handset|Request|1|0|0|GameID=1204 GatewayID=104001 AGIPVersion=0x20
2016-07-22_01:05:12|U|4237|0xb7f056d0|Z1204|104001|Handset|Request|1|0|0|GameID=1204 GatewayID=104001 AGIPVersion=0x20
2016-07-22_01:05:12|U|4237|0xb7f056d0|Z0|104001|LoadChargeMsg|1|0|0|GameID=1204|Loaded 0 charge messages
2016-07-22_01:05:32|U|4237|0xb7f056d0|Z1204|104001|Handset|Request|1|0|0|GameID=1204 GatewayID=104001 AGIPVersion=0x20
2016-07-22_01:05:52|U|4237|0xb7f056d0|Z1204|104001|Handset|Request|1|0|0|GameID=1204 GatewayID=104001 AGIPVersion=0x20
2016-07-22_01:06:12|U|4237|0xb7f056d0|Z1204|104001|Handset|Request|1|0|0|GameID=1204 GatewayID=104001 AGIPVersion=0x20
2016-07-22_01:06:12|U|4237|0xb7f056d0|Z0|104001|LoadChargeMsg|1|0|0|GameID=1204|Loaded 0 charge messages
2016-07-22_01:06:22|U|4237|0xb7f056d0|Z0|104001|LoadChargeMsg|-501|0|0|GameID=1204|Loaded 0 charge messages
2016-07-22_01:06:22|U|4237|0xb7f056d0|Z0|0|ERating::getGatewayInfo|-501|0|0|Error
2016-07-22_01:06:25|U|4237|0xb7f056d0|Z0|0|ChargeServer|1|0|0|Receive SHUTDOWN command
2016-07-22_01:06:25|U|4237|0xb7f056d0|Z0|1204|GameServer|1|0|0|Receive SHUTDOWN command
2016-07-22_01:06:25|U|4237|0xb7f056d0|Z0|104001|GatewayServer|1|0|0|GameID=1204|Receive SHUTDOWN command
2016-07-22_01:06:25|U|4237|0xb7f056d0|Z1204|104001|Unbind|Request|1|0|0|GameID=1204 GatewayID=104001 AGIPVersion=0x20 
2016-07-22_01:06:25|U|4237|0xb7f056d0|Z0|104001|GatewayServer|1|0|0|GameID=1204|We disconnect connection to 192.168.177.92 8080
