2017-09-10_09:39:23.296|I|4182|B7EFC6D0|loadDailyTask|SUCCESS|task_name=newUserCount|ExecuteTime=1:35:0
2017-09-10_09:39:23.329|I|4182|B7EFC6D0|loadDailyTask|SUCCESS|task_name=statAVGCountInfo|ExecuteTime=5:5:0
2017-09-10_09:39:23.329|I|4182|B7EFC6D0|loadDailyTask|SUCCESS|task_name=statAvgOnlineSeconds|ExecuteTime=1:25:0
2017-09-10_09:39:23.456|I|4182|B7EFC6D0|newUserCount|1|
2017-09-10_09:39:23.457|I|4182|B7EFC6D0|statAVGCountInfo|1|
2017-09-10_09:39:23.558|I|4182|B7EFC6D0|statAvgOnlineSeconds|0|
2017-09-10_09:39:25.045|I|4182|B7EFC6D0|peakCCU|1|
2017-09-10_09:39:30.002|I|4182|B7EFC6D0|peakCCU|1|
2017-09-10_09:39:35.001|I|4182|B7EFC6D0|peakCCU|1|
2017-09-10_09:39:40.003|I|4182|B7EFC6D0|peakCCU|1|
2017-09-10_09:39:45.001|I|4182|B7EFC6D0|peakCCU|1|
2017-09-10_09:39:50.002|I|4182|B7EFC6D0|peakCCU|1|
2017-09-10_09:39:55.001|I|4182|B7EFC6D0|peakCCU|1|
2017-09-10_09:40:00.001|I|4182|B7EFC6D0|peakCCU|1|
2017-09-10_09:40:00.142|I|4182|B7EFC6D0|onlineUserCount|1|
2017-09-10_09:40:05.001|I|4182|B7EFC6D0|peakCCU|1|
2017-09-10_09:40:10.003|I|4182|B7EFC6D0|peakCCU|1|
2017-09-10_09:40:15.002|I|4182|B7EFC6D0|peakCCU|1|
2017-09-10_09:40:20.002|I|4182|B7EFC6D0|peakCCU|1|
2017-09-10_09:40:25.001|I|4182|B7EFC6D0|peakCCU|1|
2017-09-10_09:40:30.002|I|4182|B7EFC6D0|peakCCU|1|
2017-09-10_09:40:35.001|I|4182|B7EFC6D0|peakCCU|1|
2017-09-10_09:40:40.001|I|4182|B7EFC6D0|peakCCU|1|
2017-09-10_09:40:45.002|I|4182|B7EFC6D0|peakCCU|1|
2017-09-10_09:40:50.002|I|4182|B7EFC6D0|peakCCU|1|
2017-09-10_09:40:55.002|I|4182|B7EFC6D0|peakCCU|1|
2017-09-10_09:41:00.002|I|4182|B7EFC6D0|peakCCU|1|
2017-09-10_09:41:05.002|I|4182|B7EFC6D0|peakCCU|1|
2017-09-10_09:41:10.002|I|4182|B7EFC6D0|peakCCU|1|
2017-09-10_09:41:15.002|I|4182|B7EFC6D0|peakCCU|1|
2017-09-10_09:41:20.002|I|4182|B7EFC6D0|peakCCU|1|
2017-09-10_09:41:25.001|I|4182|B7EFC6D0|peakCCU|1|
2017-09-10_09:41:30.000|I|4182|B7EFC6D0|peakCCU|1|
2017-09-10_09:41:35.002|I|4182|B7EFC6D0|peakCCU|1|
2017-09-10_09:41:40.002|I|4182|B7EFC6D0|peakCCU|1|
2017-09-10_09:41:45.002|I|4182|B7EFC6D0|peakCCU|1|
2017-09-10_09:41:50.002|I|4182|B7EFC6D0|peakCCU|1|
2017-09-10_09:41:55.002|I|4182|B7EFC6D0|peakCCU|1|
2017-09-10_09:42:00.001|I|4182|B7EFC6D0|peakCCU|1|
2017-09-10_09:42:05.001|I|4182|B7EFC6D0|peakCCU|1|
2017-09-10_09:42:10.002|I|4182|B7EFC6D0|peakCCU|1|
2017-09-10_09:42:15.002|I|4182|B7EFC6D0|peakCCU|1|
2017-09-10_09:42:20.002|I|4182|B7EFC6D0|peakCCU|1|
2017-09-10_09:42:25.002|I|4182|B7EFC6D0|peakCCU|1|
2017-09-10_09:42:30.003|I|4182|B7EFC6D0|peakCCU|1|
2017-09-10_09:42:35.002|I|4182|B7EFC6D0|peakCCU|1|
2017-09-10_09:42:40.003|I|4182|B7EFC6D0|peakCCU|1|
2017-09-10_09:42:45.001|I|4182|B7EFC6D0|peakCCU|1|
2017-09-10_09:42:50.001|I|4182|B7EFC6D0|peakCCU|1|
2017-09-10_09:42:55.001|I|4182|B7EFC6D0|peakCCU|1|
2017-09-10_09:43:00.002|I|4182|B7EFC6D0|peakCCU|1|
2017-09-10_09:43:05.002|I|4182|B7EFC6D0|peakCCU|1|
2017-09-10_09:43:10.002|I|4182|B7EFC6D0|peakCCU|1|
2017-09-10_09:43:15.002|I|4182|B7EFC6D0|peakCCU|1|
2017-09-10_09:43:20.002|I|4182|B7EFC6D0|peakCCU|1|
2017-09-10_09:43:25.000|I|4182|B7EFC6D0|peakCCU|1|
2017-09-10_09:43:30.001|I|4182|B7EFC6D0|peakCCU|1|
2017-09-10_09:43:35.003|I|4182|B7EFC6D0|peakCCU|1|
2017-09-10_09:43:40.002|I|4182|B7EFC6D0|peakCCU|1|
2017-09-10_09:43:45.002|I|4182|B7EFC6D0|peakCCU|1|
2017-09-10_09:43:50.002|I|4182|B7EFC6D0|peakCCU|1|
2017-09-10_09:43:55.002|I|4182|B7EFC6D0|peakCCU|1|
2017-09-10_09:44:00.000|I|4182|B7EFC6D0|peakCCU|1|
2017-09-10_09:44:05.002|I|4182|B7EFC6D0|peakCCU|1|
2017-09-10_09:44:10.002|I|4182|B7EFC6D0|peakCCU|1|
2017-09-10_09:44:15.002|I|4182|B7EFC6D0|peakCCU|1|
2017-09-10_09:44:20.001|I|4182|B7EFC6D0|peakCCU|1|
2017-09-10_09:44:25.002|I|4182|B7EFC6D0|peakCCU|1|
2017-09-10_09:44:30.001|I|4182|B7EFC6D0|peakCCU|1|
2017-09-10_09:44:35.002|I|4182|B7EFC6D0|peakCCU|1|
2017-09-10_09:44:40.001|I|4182|B7EFC6D0|peakCCU|1|
2017-09-10_09:44:45.002|I|4182|B7EFC6D0|peakCCU|1|
2017-09-10_09:44:50.001|I|4182|B7EFC6D0|peakCCU|1|
2017-09-10_09:44:55.002|I|4182|B7EFC6D0|peakCCU|1|
2017-09-10_09:45:00.002|I|4182|B7EFC6D0|peakCCU|1|
2017-09-10_09:45:00.010|I|4182|B7EFC6D0|onlineUserCount|1|
2017-09-10_09:45:05.002|I|4182|B7EFC6D0|peakCCU|1|
2017-09-10_09:45:10.003|I|4182|B7EFC6D0|peakCCU|1|
2017-09-10_09:45:15.002|I|4182|B7EFC6D0|peakCCU|1|
2017-09-10_09:45:20.002|I|4182|B7EFC6D0|peakCCU|1|
2017-09-10_09:45:25.000|I|4182|B7EFC6D0|peakCCU|1|
2017-09-10_09:45:30.002|I|4182|B7EFC6D0|peakCCU|1|
2017-09-10_09:45:35.002|I|4182|B7EFC6D0|peakCCU|1|
2017-09-10_09:45:40.002|I|4182|B7EFC6D0|peakCCU|1|
2017-09-10_09:45:45.002|I|4182|B7EFC6D0|peakCCU|1|
2017-09-10_09:45:50.002|I|4182|B7EFC6D0|peakCCU|1|
2017-09-10_09:45:55.001|I|4182|B7EFC6D0|peakCCU|1|
2017-09-10_09:46:00.002|I|4182|B7EFC6D0|peakCCU|1|
2017-09-10_09:46:05.001|I|4182|B7EFC6D0|peakCCU|1|
2017-09-10_09:46:10.002|I|4182|B7EFC6D0|peakCCU|1|
2017-09-10_09:46:15.001|I|4182|B7EFC6D0|peakCCU|1|
2017-09-10_09:46:20.002|I|4182|B7EFC6D0|peakCCU|1|
2017-09-10_09:46:25.002|I|4182|B7EFC6D0|peakCCU|1|
2017-09-10_09:46:30.001|I|4182|B7EFC6D0|peakCCU|1|
2017-09-10_09:46:35.003|I|4182|B7EFC6D0|peakCCU|1|
2017-09-10_09:46:40.001|I|4182|B7EFC6D0|peakCCU|1|
2017-09-10_09:46:45.002|I|4182|B7EFC6D0|peakCCU|1|
2017-09-10_09:46:50.002|I|4182|B7EFC6D0|peakCCU|1|
2017-09-10_09:46:55.002|I|4182|B7EFC6D0|peakCCU|1|
2017-09-10_09:47:00.002|I|4182|B7EFC6D0|peakCCU|1|
2017-09-10_09:47:05.003|I|4182|B7EFC6D0|peakCCU|1|
2017-09-10_09:47:10.002|I|4182|B7EFC6D0|peakCCU|1|
2017-09-10_09:47:15.003|I|4182|B7EFC6D0|peakCCU|1|
2017-09-10_09:47:20.000|I|4182|B7EFC6D0|peakCCU|1|
2017-09-10_09:47:25.002|I|4182|B7EFC6D0|peakCCU|1|
2017-09-10_09:47:30.002|I|4182|B7EFC6D0|peakCCU|1|
2017-09-10_09:47:35.002|I|4182|B7EFC6D0|peakCCU|1|
2017-09-10_09:47:40.002|I|4182|B7EFC6D0|peakCCU|1|
2017-09-10_09:47:45.002|I|4182|B7EFC6D0|peakCCU|1|
2017-09-10_09:47:50.002|I|4182|B7EFC6D0|peakCCU|1|
2017-09-10_09:47:55.001|I|4182|B7EFC6D0|peakCCU|1|
2017-09-10_09:48:00.002|I|4182|B7EFC6D0|peakCCU|1|
2017-09-10_09:48:05.002|I|4182|B7EFC6D0|peakCCU|1|
2017-09-10_09:48:10.002|I|4182|B7EFC6D0|peakCCU|1|
2017-09-10_09:48:15.002|I|4182|B7EFC6D0|peakCCU|1|
2017-09-10_09:48:20.002|I|4182|B7EFC6D0|peakCCU|1|
2017-09-10_09:48:25.001|I|4182|B7EFC6D0|peakCCU|1|
2017-09-10_09:48:30.003|I|4182|B7EFC6D0|peakCCU|1|
2017-09-10_09:48:35.002|I|4182|B7EFC6D0|peakCCU|1|
2017-09-10_09:48:40.001|I|4182|B7EFC6D0|peakCCU|1|
2017-09-10_09:48:45.002|I|4182|B7EFC6D0|peakCCU|1|
2017-09-10_09:48:50.002|I|4182|B7EFC6D0|peakCCU|1|
2017-09-10_09:48:55.001|I|4182|B7EFC6D0|peakCCU|1|
2017-09-10_09:49:00.002|I|4182|B7EFC6D0|peakCCU|1|
2017-09-10_09:49:05.002|I|4182|B7EFC6D0|peakCCU|1|
2017-09-10_09:49:10.002|I|4182|B7EFC6D0|peakCCU|1|
2017-09-10_09:49:15.002|I|4182|B7EFC6D0|peakCCU|1|
2017-09-10_09:49:20.003|I|4182|B7EFC6D0|peakCCU|1|
2017-09-10_09:49:25.002|I|4182|B7EFC6D0|peakCCU|1|
2017-09-10_09:49:30.002|I|4182|B7EFC6D0|peakCCU|1|
2017-09-10_09:49:35.003|I|4182|B7EFC6D0|peakCCU|1|
2017-09-10_09:49:40.002|I|4182|B7EFC6D0|peakCCU|1|
2017-09-10_09:49:45.002|I|4182|B7EFC6D0|peakCCU|1|
2017-09-10_09:49:50.001|I|4182|B7EFC6D0|peakCCU|1|
2017-09-10_09:49:55.002|I|4182|B7EFC6D0|peakCCU|1|
2017-09-10_09:50:00.002|I|4182|B7EFC6D0|peakCCU|1|
2017-09-10_09:50:00.003|I|4182|B7EFC6D0|onlineUserCount|1|
2017-09-10_09:50:05.002|I|4182|B7EFC6D0|peakCCU|1|
2017-09-10_09:50:10.002|I|4182|B7EFC6D0|peakCCU|1|
2017-09-10_09:50:15.002|I|4182|B7EFC6D0|peakCCU|1|
2017-09-10_09:50:20.001|I|4182|B7EFC6D0|peakCCU|1|
2017-09-10_09:50:25.002|I|4182|B7EFC6D0|peakCCU|1|
2017-09-10_09:50:30.001|I|4182|B7EFC6D0|peakCCU|1|
2017-09-10_09:50:35.001|I|4182|B7EFC6D0|peakCCU|1|
2017-09-10_09:50:40.002|I|4182|B7EFC6D0|peakCCU|1|
2017-09-10_09:50:45.002|I|4182|B7EFC6D0|peakCCU|1|
2017-09-10_09:50:50.002|I|4182|B7EFC6D0|peakCCU|1|
2017-09-10_09:50:55.001|I|4182|B7EFC6D0|peakCCU|1|
2017-09-10_09:51:00.003|I|4182|B7EFC6D0|peakCCU|1|
2017-09-10_09:51:05.002|I|4182|B7EFC6D0|peakCCU|1|
2017-09-10_09:51:10.002|I|4182|B7EFC6D0|peakCCU|1|
2017-09-10_09:51:15.000|I|4182|B7EFC6D0|peakCCU|1|
2017-09-10_09:51:20.002|I|4182|B7EFC6D0|peakCCU|1|
2017-09-10_09:51:25.001|I|4182|B7EFC6D0|peakCCU|1|
2017-09-10_09:51:30.002|I|4182|B7EFC6D0|peakCCU|1|
2017-09-10_09:51:35.001|I|4182|B7EFC6D0|peakCCU|1|
2017-09-10_09:51:40.002|I|4182|B7EFC6D0|peakCCU|1|
2017-09-10_09:51:45.000|I|4182|B7EFC6D0|peakCCU|1|
2017-09-10_09:51:50.001|I|4182|B7EFC6D0|peakCCU|1|
2017-09-10_09:51:55.001|I|4182|B7EFC6D0|peakCCU|1|
2017-09-10_09:52:00.002|I|4182|B7EFC6D0|peakCCU|1|
2017-09-10_09:52:05.003|I|4182|B7EFC6D0|peakCCU|1|
2017-09-10_09:52:10.002|I|4182|B7EFC6D0|peakCCU|1|
2017-09-10_09:52:15.002|I|4182|B7EFC6D0|peakCCU|1|
2017-09-10_09:52:20.001|I|4182|B7EFC6D0|peakCCU|1|
2017-09-10_09:52:25.003|I|4182|B7EFC6D0|peakCCU|1|
2017-09-10_09:52:30.001|I|4182|B7EFC6D0|peakCCU|1|
2017-09-10_09:52:35.001|I|4182|B7EFC6D0|peakCCU|1|
2017-09-10_09:52:40.002|I|4182|B7EFC6D0|peakCCU|1|
2017-09-10_09:52:45.003|I|4182|B7EFC6D0|peakCCU|1|
2017-09-10_09:52:50.001|I|4182|B7EFC6D0|peakCCU|1|
2017-09-10_09:52:55.003|I|4182|B7EFC6D0|peakCCU|1|
2017-09-10_09:53:00.002|I|4182|B7EFC6D0|peakCCU|1|
2017-09-10_09:53:05.001|I|4182|B7EFC6D0|peakCCU|1|
2017-09-10_09:53:10.000|I|4182|B7EFC6D0|peakCCU|1|
2017-09-10_09:53:15.002|I|4182|B7EFC6D0|peakCCU|1|
2017-09-10_09:53:20.001|I|4182|B7EFC6D0|peakCCU|1|
2017-09-10_09:53:25.002|I|4182|B7EFC6D0|peakCCU|1|
2017-09-10_09:53:30.003|I|4182|B7EFC6D0|peakCCU|1|
2017-09-10_09:53:35.002|I|4182|B7EFC6D0|peakCCU|1|
2017-09-10_09:53:40.002|I|4182|B7EFC6D0|peakCCU|1|
2017-09-10_09:53:45.002|I|4182|B7EFC6D0|peakCCU|1|
2017-09-10_09:53:50.001|I|4182|B7EFC6D0|peakCCU|1|
2017-09-10_09:53:55.002|I|4182|B7EFC6D0|peakCCU|1|
2017-09-10_09:54:00.002|I|4182|B7EFC6D0|peakCCU|1|
2017-09-10_09:54:05.002|I|4182|B7EFC6D0|peakCCU|1|
2017-09-10_09:54:10.002|I|4182|B7EFC6D0|peakCCU|1|
2017-09-10_09:54:15.001|I|4182|B7EFC6D0|peakCCU|1|
2017-09-10_09:54:20.002|I|4182|B7EFC6D0|peakCCU|1|
2017-09-10_09:54:25.001|I|4182|B7EFC6D0|peakCCU|1|
2017-09-10_09:54:30.001|I|4182|B7EFC6D0|peakCCU|1|
2017-09-10_09:54:35.002|I|4182|B7EFC6D0|peakCCU|1|
2017-09-10_09:54:40.002|I|4182|B7EFC6D0|peakCCU|1|
2017-09-10_09:54:45.001|I|4182|B7EFC6D0|peakCCU|1|
2017-09-10_09:54:50.001|I|4182|B7EFC6D0|peakCCU|1|
2017-09-10_09:54:55.003|I|4182|B7EFC6D0|peakCCU|1|
2017-09-10_09:55:00.002|I|4182|B7EFC6D0|peakCCU|1|
2017-09-10_09:55:00.002|I|4182|B7EFC6D0|onlineUserCount|1|
2017-09-10_09:55:05.002|I|4182|B7EFC6D0|peakCCU|1|
2017-09-10_09:55:10.001|I|4182|B7EFC6D0|peakCCU|1|
2017-09-10_09:55:15.002|I|4182|B7EFC6D0|peakCCU|1|
2017-09-10_09:55:20.001|I|4182|B7EFC6D0|peakCCU|1|
2017-09-10_09:55:25.003|I|4182|B7EFC6D0|peakCCU|1|
2017-09-10_09:55:30.002|I|4182|B7EFC6D0|peakCCU|1|
2017-09-10_09:55:35.002|I|4182|B7EFC6D0|peakCCU|1|
2017-09-10_09:55:40.001|I|4182|B7EFC6D0|peakCCU|1|
2017-09-10_09:55:45.001|I|4182|B7EFC6D0|peakCCU|1|
2017-09-10_09:55:50.001|I|4182|B7EFC6D0|peakCCU|1|
2017-09-10_09:55:55.002|I|4182|B7EFC6D0|peakCCU|1|
2017-09-10_09:56:00.002|I|4182|B7EFC6D0|peakCCU|1|
2017-09-10_09:56:05.002|I|4182|B7EFC6D0|peakCCU|1|
2017-09-10_09:56:10.001|I|4182|B7EFC6D0|peakCCU|1|
2017-09-10_09:56:15.002|I|4182|B7EFC6D0|peakCCU|1|
2017-09-10_09:56:20.002|I|4182|B7EFC6D0|peakCCU|1|
2017-09-10_09:56:25.002|I|4182|B7EFC6D0|peakCCU|1|
2017-09-10_09:56:30.001|I|4182|B7EFC6D0|peakCCU|1|
2017-09-10_09:56:35.002|I|4182|B7EFC6D0|peakCCU|1|
2017-09-10_09:56:40.002|I|4182|B7EFC6D0|peakCCU|1|
2017-09-10_09:56:45.001|I|4182|B7EFC6D0|peakCCU|1|
2017-09-10_09:56:50.003|I|4182|B7EFC6D0|peakCCU|1|
2017-09-10_09:56:55.002|I|4182|B7EFC6D0|peakCCU|1|
2017-09-10_09:57:00.001|I|4182|B7EFC6D0|peakCCU|1|
2017-09-10_09:57:05.000|I|4182|B7EFC6D0|peakCCU|1|
2017-09-10_09:57:10.001|I|4182|B7EFC6D0|peakCCU|1|
2017-09-10_09:57:15.001|I|4182|B7EFC6D0|peakCCU|1|
2017-09-10_09:57:20.003|I|4182|B7EFC6D0|peakCCU|1|
2017-09-10_09:57:25.002|I|4182|B7EFC6D0|peakCCU|1|
2017-09-10_09:57:30.002|I|4182|B7EFC6D0|peakCCU|1|
2017-09-10_09:57:35.001|I|4182|B7EFC6D0|peakCCU|1|
2017-09-10_09:57:40.001|I|4182|B7EFC6D0|peakCCU|1|
2017-09-10_09:57:45.002|I|4182|B7EFC6D0|peakCCU|1|
2017-09-10_09:57:50.002|I|4182|B7EFC6D0|peakCCU|1|
2017-09-10_09:57:55.003|I|4182|B7EFC6D0|peakCCU|1|
2017-09-10_09:58:00.002|I|4182|B7EFC6D0|peakCCU|1|
2017-09-10_09:58:05.003|I|4182|B7EFC6D0|peakCCU|1|
2017-09-10_09:58:10.002|I|4182|B7EFC6D0|peakCCU|1|
2017-09-10_09:58:15.002|I|4182|B7EFC6D0|peakCCU|1|
2017-09-10_09:58:20.002|I|4182|B7EFC6D0|peakCCU|1|
2017-09-10_09:58:25.001|I|4182|B7EFC6D0|peakCCU|1|
2017-09-10_09:58:30.002|I|4182|B7EFC6D0|peakCCU|1|
2017-09-10_09:58:35.002|I|4182|B7EFC6D0|peakCCU|1|
2017-09-10_09:58:40.001|I|4182|B7EFC6D0|peakCCU|1|
2017-09-10_09:58:45.002|I|4182|B7EFC6D0|peakCCU|1|
2017-09-10_09:58:50.002|I|4182|B7EFC6D0|peakCCU|1|
2017-09-10_09:58:55.002|I|4182|B7EFC6D0|peakCCU|1|
2017-09-10_09:59:00.001|I|4182|B7EFC6D0|peakCCU|1|
2017-09-10_09:59:05.001|I|4182|B7EFC6D0|peakCCU|1|
2017-09-10_09:59:10.002|I|4182|B7EFC6D0|peakCCU|1|
2017-09-10_09:59:15.001|I|4182|B7EFC6D0|peakCCU|1|
2017-09-10_09:59:20.003|I|4182|B7EFC6D0|peakCCU|1|
2017-09-10_09:59:25.002|I|4182|B7EFC6D0|peakCCU|1|
2017-09-10_09:59:30.002|I|4182|B7EFC6D0|peakCCU|1|
2017-09-10_09:59:35.002|I|4182|B7EFC6D0|peakCCU|1|
2017-09-10_09:59:40.002|I|4182|B7EFC6D0|peakCCU|1|
2017-09-10_09:59:45.000|I|4182|B7EFC6D0|peakCCU|1|
2017-09-10_09:59:50.003|I|4182|B7EFC6D0|peakCCU|1|
2017-09-10_09:59:55.002|I|4182|B7EFC6D0|peakCCU|1|
2017-09-10_10:00:00.002|I|4182|B7EFC6D0|peakCCU|1|
2017-09-10_10:00:00.003|I|4182|B7EFC6D0|onlineUserCount|1|
2017-09-10_10:00:05.001|I|4182|B7EFC6D0|peakCCU|1|
2017-09-10_10:00:10.002|I|4182|B7EFC6D0|peakCCU|1|
2017-09-10_10:00:15.002|I|4182|B7EFC6D0|peakCCU|1|
2017-09-10_10:00:20.003|I|4182|B7EFC6D0|peakCCU|1|
2017-09-10_10:00:25.002|I|4182|B7EFC6D0|peakCCU|1|
2017-09-10_10:00:30.002|I|4182|B7EFC6D0|peakCCU|1|
2017-09-10_10:00:35.002|I|4182|B7EFC6D0|peakCCU|1|
2017-09-10_10:00:40.002|I|4182|B7EFC6D0|peakCCU|1|
2017-09-10_10:00:45.002|I|4182|B7EFC6D0|peakCCU|1|
2017-09-10_10:00:50.002|I|4182|B7EFC6D0|peakCCU|1|
2017-09-10_10:00:55.002|I|4182|B7EFC6D0|peakCCU|1|
2017-09-10_10:01:00.001|I|4182|B7EFC6D0|peakCCU|1|
2017-09-10_10:01:05.001|I|4182|B7EFC6D0|peakCCU|1|
2017-09-10_10:01:10.001|I|4182|B7EFC6D0|peakCCU|1|
2017-09-10_10:01:15.003|I|4182|B7EFC6D0|peakCCU|1|
2017-09-10_10:01:20.002|I|4182|B7EFC6D0|peakCCU|1|
2017-09-10_10:01:25.002|I|4182|B7EFC6D0|peakCCU|1|
2017-09-10_10:01:30.002|I|4182|B7EFC6D0|peakCCU|1|
2017-09-10_10:01:35.002|I|4182|B7EFC6D0|peakCCU|1|
2017-09-10_10:01:40.001|I|4182|B7EFC6D0|peakCCU|1|
2017-09-10_10:01:45.001|I|4182|B7EFC6D0|peakCCU|1|
2017-09-10_10:01:50.002|I|4182|B7EFC6D0|peakCCU|1|
2017-09-10_10:01:55.002|I|4182|B7EFC6D0|peakCCU|1|
2017-09-10_10:02:00.002|I|4182|B7EFC6D0|peakCCU|1|
2017-09-10_10:02:05.002|I|4182|B7EFC6D0|peakCCU|1|
2017-09-10_10:02:10.002|I|4182|B7EFC6D0|peakCCU|1|
2017-09-10_10:02:15.043|I|4182|B7EFC6D0|peakCCU|-500|
2017-09-10_10:02:20.002|I|4182|B7EFC6D0|peakCCU|0|
