2017-12-02_17:43:36.230|I|4196|B7F6A6D0|loadDailyTask|SUCCESS|task_name=newUserCount|ExecuteTime=1:35:0
2017-12-02_17:43:36.270|I|4196|B7F6A6D0|loadDailyTask|SUCCESS|task_name=statAVGCountInfo|ExecuteTime=5:5:0
2017-12-02_17:43:36.270|I|4196|B7F6A6D0|loadDailyTask|SUCCESS|task_name=statAvgOnlineSeconds|ExecuteTime=1:25:0
2017-12-02_17:43:36.397|I|4196|B7F6A6D0|newUserCount|1|
2017-12-02_17:43:36.398|I|4196|B7F6A6D0|statAVGCountInfo|1|
2017-12-02_17:43:36.463|I|4196|B7F6A6D0|statAvgOnlineSeconds|0|
2017-12-02_17:43:40.310|I|4196|B7F6A6D0|peakCCU|1|
2017-12-02_17:43:45.002|I|4196|B7F6A6D0|peakCCU|1|
2017-12-02_17:43:50.003|I|4196|B7F6A6D0|peakCCU|1|
2017-12-02_17:43:55.001|I|4196|B7F6A6D0|peakCCU|1|
2017-12-02_17:44:00.002|I|4196|B7F6A6D0|peakCCU|1|
2017-12-02_17:44:05.002|I|4196|B7F6A6D0|peakCCU|1|
2017-12-02_17:44:10.001|I|4196|B7F6A6D0|peakCCU|1|
2017-12-02_17:44:15.002|I|4196|B7F6A6D0|peakCCU|1|
2017-12-02_17:44:20.002|I|4196|B7F6A6D0|peakCCU|1|
2017-12-02_17:44:25.002|I|4196|B7F6A6D0|peakCCU|1|
2017-12-02_17:44:30.003|I|4196|B7F6A6D0|peakCCU|1|
2017-12-02_17:44:35.002|I|4196|B7F6A6D0|peakCCU|1|
2017-12-02_17:44:40.002|I|4196|B7F6A6D0|peakCCU|1|
2017-12-02_17:44:45.001|I|4196|B7F6A6D0|peakCCU|1|
2017-12-02_17:44:50.001|I|4196|B7F6A6D0|peakCCU|1|
2017-12-02_17:44:55.001|I|4196|B7F6A6D0|peakCCU|1|
2017-12-02_17:45:00.002|I|4196|B7F6A6D0|peakCCU|1|
2017-12-02_17:45:00.145|I|4196|B7F6A6D0|onlineUserCount|1|
2017-12-02_17:45:05.002|I|4196|B7F6A6D0|peakCCU|1|
2017-12-02_17:45:10.002|I|4196|B7F6A6D0|peakCCU|1|
2017-12-02_17:45:15.000|I|4196|B7F6A6D0|peakCCU|1|
2017-12-02_17:45:20.002|I|4196|B7F6A6D0|peakCCU|1|
2017-12-02_17:45:25.002|I|4196|B7F6A6D0|peakCCU|1|
2017-12-02_17:45:30.002|I|4196|B7F6A6D0|peakCCU|1|
2017-12-02_17:45:35.001|I|4196|B7F6A6D0|peakCCU|1|
2017-12-02_17:45:40.002|I|4196|B7F6A6D0|peakCCU|1|
2017-12-02_17:45:45.002|I|4196|B7F6A6D0|peakCCU|1|
2017-12-02_17:45:50.001|I|4196|B7F6A6D0|peakCCU|1|
2017-12-02_17:45:55.002|I|4196|B7F6A6D0|peakCCU|1|
2017-12-02_17:46:00.001|I|4196|B7F6A6D0|peakCCU|1|
2017-12-02_17:46:05.002|I|4196|B7F6A6D0|peakCCU|1|
2017-12-02_17:46:10.002|I|4196|B7F6A6D0|peakCCU|1|
2017-12-02_17:46:15.002|I|4196|B7F6A6D0|peakCCU|1|
2017-12-02_17:46:20.000|I|4196|B7F6A6D0|peakCCU|1|
2017-12-02_17:46:25.002|I|4196|B7F6A6D0|peakCCU|1|
2017-12-02_17:46:30.002|I|4196|B7F6A6D0|peakCCU|1|
2017-12-02_17:46:35.002|I|4196|B7F6A6D0|peakCCU|1|
2017-12-02_17:46:40.000|I|4196|B7F6A6D0|peakCCU|1|
2017-12-02_17:46:45.002|I|4196|B7F6A6D0|peakCCU|1|
2017-12-02_17:46:50.001|I|4196|B7F6A6D0|peakCCU|1|
2017-12-02_17:46:55.002|I|4196|B7F6A6D0|peakCCU|1|
2017-12-02_17:47:00.003|I|4196|B7F6A6D0|peakCCU|1|
2017-12-02_17:47:05.001|I|4196|B7F6A6D0|peakCCU|1|
2017-12-02_17:47:10.002|I|4196|B7F6A6D0|peakCCU|1|
2017-12-02_17:47:15.001|I|4196|B7F6A6D0|peakCCU|1|
2017-12-02_17:47:20.002|I|4196|B7F6A6D0|peakCCU|1|
2017-12-02_17:47:25.002|I|4196|B7F6A6D0|peakCCU|1|
2017-12-02_17:47:30.002|I|4196|B7F6A6D0|peakCCU|1|
2017-12-02_17:47:35.002|I|4196|B7F6A6D0|peakCCU|1|
2017-12-02_17:47:40.002|I|4196|B7F6A6D0|peakCCU|1|
2017-12-02_17:47:45.001|I|4196|B7F6A6D0|peakCCU|1|
2017-12-02_17:47:50.002|I|4196|B7F6A6D0|peakCCU|1|
2017-12-02_17:47:55.002|I|4196|B7F6A6D0|peakCCU|1|
2017-12-02_17:48:00.002|I|4196|B7F6A6D0|peakCCU|1|
2017-12-02_17:48:05.002|I|4196|B7F6A6D0|peakCCU|1|
2017-12-02_17:48:10.001|I|4196|B7F6A6D0|peakCCU|1|
2017-12-02_17:48:15.000|I|4196|B7F6A6D0|peakCCU|1|
2017-12-02_17:48:20.002|I|4196|B7F6A6D0|peakCCU|1|
2017-12-02_17:48:25.002|I|4196|B7F6A6D0|peakCCU|1|
2017-12-02_17:48:30.002|I|4196|B7F6A6D0|peakCCU|1|
2017-12-02_17:48:35.002|I|4196|B7F6A6D0|peakCCU|1|
2017-12-02_17:48:40.002|I|4196|B7F6A6D0|peakCCU|1|
2017-12-02_17:48:45.002|I|4196|B7F6A6D0|peakCCU|1|
2017-12-02_17:48:50.002|I|4196|B7F6A6D0|peakCCU|1|
2017-12-02_17:48:55.003|I|4196|B7F6A6D0|peakCCU|1|
2017-12-02_17:49:00.002|I|4196|B7F6A6D0|peakCCU|1|
2017-12-02_17:49:05.002|I|4196|B7F6A6D0|peakCCU|1|
2017-12-02_17:49:10.000|I|4196|B7F6A6D0|peakCCU|1|
2017-12-02_17:49:15.001|I|4196|B7F6A6D0|peakCCU|1|
2017-12-02_17:49:20.002|I|4196|B7F6A6D0|peakCCU|1|
2017-12-02_17:49:25.002|I|4196|B7F6A6D0|peakCCU|1|
2017-12-02_17:49:30.002|I|4196|B7F6A6D0|peakCCU|1|
2017-12-02_17:49:35.001|I|4196|B7F6A6D0|peakCCU|1|
2017-12-02_17:49:40.001|I|4196|B7F6A6D0|peakCCU|1|
2017-12-02_17:49:45.002|I|4196|B7F6A6D0|peakCCU|1|
2017-12-02_17:49:50.003|I|4196|B7F6A6D0|peakCCU|1|
2017-12-02_17:49:55.001|I|4196|B7F6A6D0|peakCCU|1|
2017-12-02_17:50:00.001|I|4196|B7F6A6D0|peakCCU|1|
2017-12-02_17:50:00.002|I|4196|B7F6A6D0|onlineUserCount|1|
2017-12-02_17:50:05.002|I|4196|B7F6A6D0|peakCCU|1|
2017-12-02_17:50:10.002|I|4196|B7F6A6D0|peakCCU|1|
2017-12-02_17:50:15.001|I|4196|B7F6A6D0|peakCCU|1|
2017-12-02_17:50:20.002|I|4196|B7F6A6D0|peakCCU|1|
2017-12-02_17:50:25.002|I|4196|B7F6A6D0|peakCCU|1|
2017-12-02_17:50:30.002|I|4196|B7F6A6D0|peakCCU|1|
2017-12-02_17:50:35.002|I|4196|B7F6A6D0|peakCCU|1|
2017-12-02_17:50:40.001|I|4196|B7F6A6D0|peakCCU|1|
2017-12-02_17:50:45.001|I|4196|B7F6A6D0|peakCCU|1|
2017-12-02_17:50:50.002|I|4196|B7F6A6D0|peakCCU|1|
2017-12-02_17:50:55.002|I|4196|B7F6A6D0|peakCCU|1|
2017-12-02_17:51:00.001|I|4196|B7F6A6D0|peakCCU|1|
2017-12-02_17:51:05.001|I|4196|B7F6A6D0|peakCCU|1|
2017-12-02_17:51:10.001|I|4196|B7F6A6D0|peakCCU|1|
2017-12-02_17:51:15.001|I|4196|B7F6A6D0|peakCCU|1|
2017-12-02_17:51:20.002|I|4196|B7F6A6D0|peakCCU|1|
2017-12-02_17:51:25.002|I|4196|B7F6A6D0|peakCCU|1|
2017-12-02_17:51:30.002|I|4196|B7F6A6D0|peakCCU|1|
2017-12-02_17:51:35.002|I|4196|B7F6A6D0|peakCCU|1|
2017-12-02_17:51:40.001|I|4196|B7F6A6D0|peakCCU|1|
2017-12-02_17:51:45.003|I|4196|B7F6A6D0|peakCCU|1|
2017-12-02_17:51:50.002|I|4196|B7F6A6D0|peakCCU|1|
2017-12-02_17:51:55.002|I|4196|B7F6A6D0|peakCCU|1|
2017-12-02_17:52:00.002|I|4196|B7F6A6D0|peakCCU|1|
2017-12-02_17:52:05.002|I|4196|B7F6A6D0|peakCCU|1|
2017-12-02_17:52:10.001|I|4196|B7F6A6D0|peakCCU|1|
2017-12-02_17:52:15.003|I|4196|B7F6A6D0|peakCCU|1|
2017-12-02_17:52:20.002|I|4196|B7F6A6D0|peakCCU|1|
2017-12-02_17:52:25.002|I|4196|B7F6A6D0|peakCCU|1|
2017-12-02_17:52:30.001|I|4196|B7F6A6D0|peakCCU|1|
2017-12-02_17:52:35.002|I|4196|B7F6A6D0|peakCCU|1|
2017-12-02_17:52:40.001|I|4196|B7F6A6D0|peakCCU|1|
2017-12-02_17:52:45.002|I|4196|B7F6A6D0|peakCCU|1|
2017-12-02_17:52:50.002|I|4196|B7F6A6D0|peakCCU|1|
2017-12-02_17:52:55.003|I|4196|B7F6A6D0|peakCCU|1|
2017-12-02_17:53:00.002|I|4196|B7F6A6D0|peakCCU|1|
2017-12-02_17:53:05.001|I|4196|B7F6A6D0|peakCCU|1|
2017-12-02_17:53:10.003|I|4196|B7F6A6D0|peakCCU|1|
2017-12-02_17:53:15.002|I|4196|B7F6A6D0|peakCCU|1|
2017-12-02_17:53:20.002|I|4196|B7F6A6D0|peakCCU|1|
2017-12-02_17:53:25.002|I|4196|B7F6A6D0|peakCCU|1|
2017-12-02_17:53:30.002|I|4196|B7F6A6D0|peakCCU|1|
2017-12-02_17:53:35.001|I|4196|B7F6A6D0|peakCCU|1|
2017-12-02_17:53:40.002|I|4196|B7F6A6D0|peakCCU|1|
2017-12-02_17:53:45.002|I|4196|B7F6A6D0|peakCCU|1|
2017-12-02_17:53:50.002|I|4196|B7F6A6D0|peakCCU|1|
2017-12-02_17:53:55.002|I|4196|B7F6A6D0|peakCCU|1|
2017-12-02_17:54:00.002|I|4196|B7F6A6D0|peakCCU|1|
2017-12-02_17:54:05.001|I|4196|B7F6A6D0|peakCCU|1|
2017-12-02_17:54:10.002|I|4196|B7F6A6D0|peakCCU|1|
2017-12-02_17:54:15.002|I|4196|B7F6A6D0|peakCCU|1|
2017-12-02_17:54:20.001|I|4196|B7F6A6D0|peakCCU|1|
2017-12-02_17:54:25.001|I|4196|B7F6A6D0|peakCCU|1|
2017-12-02_17:54:30.001|I|4196|B7F6A6D0|peakCCU|1|
2017-12-02_17:54:35.002|I|4196|B7F6A6D0|peakCCU|1|
2017-12-02_17:54:40.002|I|4196|B7F6A6D0|peakCCU|1|
2017-12-02_17:54:45.003|I|4196|B7F6A6D0|peakCCU|1|
2017-12-02_17:54:50.002|I|4196|B7F6A6D0|peakCCU|1|
2017-12-02_17:54:55.002|I|4196|B7F6A6D0|peakCCU|1|
2017-12-02_17:55:00.001|I|4196|B7F6A6D0|peakCCU|1|
2017-12-02_17:55:00.001|I|4196|B7F6A6D0|onlineUserCount|1|
2017-12-02_17:55:05.002|I|4196|B7F6A6D0|peakCCU|1|
2017-12-02_17:55:10.003|I|4196|B7F6A6D0|peakCCU|1|
2017-12-02_17:55:15.002|I|4196|B7F6A6D0|peakCCU|1|
2017-12-02_17:55:20.002|I|4196|B7F6A6D0|peakCCU|1|
2017-12-02_17:55:25.001|I|4196|B7F6A6D0|peakCCU|1|
2017-12-02_17:55:30.001|I|4196|B7F6A6D0|peakCCU|1|
2017-12-02_17:55:35.002|I|4196|B7F6A6D0|peakCCU|1|
2017-12-02_17:55:40.002|I|4196|B7F6A6D0|peakCCU|1|
2017-12-02_17:55:45.002|I|4196|B7F6A6D0|peakCCU|1|
2017-12-02_17:55:50.002|I|4196|B7F6A6D0|peakCCU|1|
2017-12-02_17:55:55.002|I|4196|B7F6A6D0|peakCCU|1|
2017-12-02_17:56:00.001|I|4196|B7F6A6D0|peakCCU|1|
2017-12-02_17:56:05.000|I|4196|B7F6A6D0|peakCCU|1|
2017-12-02_17:56:10.003|I|4196|B7F6A6D0|peakCCU|1|
2017-12-02_17:56:15.002|I|4196|B7F6A6D0|peakCCU|1|
2017-12-02_17:56:20.002|I|4196|B7F6A6D0|peakCCU|1|
2017-12-02_17:56:25.002|I|4196|B7F6A6D0|peakCCU|1|
2017-12-02_17:56:30.002|I|4196|B7F6A6D0|peakCCU|1|
2017-12-02_17:56:35.000|I|4196|B7F6A6D0|peakCCU|1|
2017-12-02_17:56:40.002|I|4196|B7F6A6D0|peakCCU|1|
2017-12-02_17:56:45.001|I|4196|B7F6A6D0|peakCCU|1|
2017-12-02_17:56:50.002|I|4196|B7F6A6D0|peakCCU|1|
2017-12-02_17:56:55.001|I|4196|B7F6A6D0|peakCCU|1|
2017-12-02_17:57:00.002|I|4196|B7F6A6D0|peakCCU|1|
2017-12-02_17:57:05.001|I|4196|B7F6A6D0|peakCCU|1|
2017-12-02_17:57:10.002|I|4196|B7F6A6D0|peakCCU|1|
2017-12-02_17:57:15.003|I|4196|B7F6A6D0|peakCCU|1|
2017-12-02_17:57:20.001|I|4196|B7F6A6D0|peakCCU|1|
2017-12-02_17:57:25.001|I|4196|B7F6A6D0|peakCCU|1|
2017-12-02_17:57:30.001|I|4196|B7F6A6D0|peakCCU|1|
2017-12-02_17:57:35.002|I|4196|B7F6A6D0|peakCCU|1|
2017-12-02_17:57:40.002|I|4196|B7F6A6D0|peakCCU|1|
2017-12-02_17:57:45.002|I|4196|B7F6A6D0|peakCCU|1|
2017-12-02_17:57:50.002|I|4196|B7F6A6D0|peakCCU|1|
2017-12-02_17:57:55.001|I|4196|B7F6A6D0|peakCCU|1|
2017-12-02_17:58:00.000|I|4196|B7F6A6D0|peakCCU|1|
2017-12-02_17:58:05.003|I|4196|B7F6A6D0|peakCCU|1|
2017-12-02_17:58:10.002|I|4196|B7F6A6D0|peakCCU|1|
2017-12-02_17:58:15.002|I|4196|B7F6A6D0|peakCCU|1|
2017-12-02_17:58:20.002|I|4196|B7F6A6D0|peakCCU|1|
2017-12-02_17:58:25.002|I|4196|B7F6A6D0|peakCCU|1|
2017-12-02_17:58:30.001|I|4196|B7F6A6D0|peakCCU|1|
2017-12-02_17:58:35.001|I|4196|B7F6A6D0|peakCCU|1|
2017-12-02_17:58:40.002|I|4196|B7F6A6D0|peakCCU|1|
2017-12-02_17:58:45.002|I|4196|B7F6A6D0|peakCCU|1|
2017-12-02_17:58:50.002|I|4196|B7F6A6D0|peakCCU|1|
2017-12-02_17:58:55.002|I|4196|B7F6A6D0|peakCCU|1|
2017-12-02_17:59:00.002|I|4196|B7F6A6D0|peakCCU|1|
2017-12-02_17:59:05.002|I|4196|B7F6A6D0|peakCCU|1|
2017-12-02_17:59:10.003|I|4196|B7F6A6D0|peakCCU|1|
2017-12-02_17:59:15.002|I|4196|B7F6A6D0|peakCCU|1|
2017-12-02_17:59:20.001|I|4196|B7F6A6D0|peakCCU|1|
2017-12-02_17:59:25.002|I|4196|B7F6A6D0|peakCCU|1|
2017-12-02_17:59:30.002|I|4196|B7F6A6D0|peakCCU|1|
2017-12-02_17:59:35.002|I|4196|B7F6A6D0|peakCCU|1|
2017-12-02_17:59:40.002|I|4196|B7F6A6D0|peakCCU|1|
2017-12-02_17:59:45.002|I|4196|B7F6A6D0|peakCCU|1|
2017-12-02_17:59:50.001|I|4196|B7F6A6D0|peakCCU|1|
2017-12-02_17:59:55.001|I|4196|B7F6A6D0|peakCCU|1|
2017-12-02_18:00:00.001|I|4196|B7F6A6D0|peakCCU|1|
2017-12-02_18:00:00.002|I|4196|B7F6A6D0|onlineUserCount|1|
2017-12-02_18:00:05.003|I|4196|B7F6A6D0|peakCCU|1|
2017-12-02_18:00:10.002|I|4196|B7F6A6D0|peakCCU|1|
2017-12-02_18:00:15.002|I|4196|B7F6A6D0|peakCCU|1|
2017-12-02_18:00:20.002|I|4196|B7F6A6D0|peakCCU|1|
2017-12-02_18:00:25.002|I|4196|B7F6A6D0|peakCCU|1|
2017-12-02_18:00:30.001|I|4196|B7F6A6D0|peakCCU|1|
2017-12-02_18:00:35.002|I|4196|B7F6A6D0|peakCCU|1|
2017-12-02_18:00:40.002|I|4196|B7F6A6D0|peakCCU|1|
2017-12-02_18:00:45.002|I|4196|B7F6A6D0|peakCCU|1|
2017-12-02_18:00:50.002|I|4196|B7F6A6D0|peakCCU|1|
2017-12-02_18:00:55.002|I|4196|B7F6A6D0|peakCCU|1|
2017-12-02_18:01:00.001|I|4196|B7F6A6D0|peakCCU|1|
2017-12-02_18:01:05.002|I|4196|B7F6A6D0|peakCCU|1|
2017-12-02_18:01:10.002|I|4196|B7F6A6D0|peakCCU|1|
2017-12-02_18:01:15.001|I|4196|B7F6A6D0|peakCCU|1|
2017-12-02_18:01:20.001|I|4196|B7F6A6D0|peakCCU|1|
2017-12-02_18:01:25.002|I|4196|B7F6A6D0|peakCCU|1|
2017-12-02_18:01:30.002|I|4196|B7F6A6D0|peakCCU|1|
2017-12-02_18:01:35.002|I|4196|B7F6A6D0|peakCCU|1|
2017-12-02_18:01:40.003|I|4196|B7F6A6D0|peakCCU|1|
2017-12-02_18:01:45.002|I|4196|B7F6A6D0|peakCCU|1|
2017-12-02_18:01:50.001|I|4196|B7F6A6D0|peakCCU|1|
2017-12-02_18:01:55.000|I|4196|B7F6A6D0|peakCCU|1|
2017-12-02_18:02:00.002|I|4196|B7F6A6D0|peakCCU|1|
2017-12-02_18:02:05.002|I|4196|B7F6A6D0|peakCCU|1|
2017-12-02_18:02:10.002|I|4196|B7F6A6D0|peakCCU|1|
2017-12-02_18:02:15.002|I|4196|B7F6A6D0|peakCCU|1|
2017-12-02_18:02:20.002|I|4196|B7F6A6D0|peakCCU|1|
2017-12-02_18:02:25.001|I|4196|B7F6A6D0|peakCCU|1|
2017-12-02_18:02:30.002|I|4196|B7F6A6D0|peakCCU|1|
2017-12-02_18:02:35.001|I|4196|B7F6A6D0|peakCCU|1|
2017-12-02_18:02:40.002|I|4196|B7F6A6D0|peakCCU|1|
2017-12-02_18:02:45.001|I|4196|B7F6A6D0|peakCCU|1|
2017-12-02_18:02:50.002|I|4196|B7F6A6D0|peakCCU|1|
2017-12-02_18:02:55.002|I|4196|B7F6A6D0|peakCCU|1|
2017-12-02_18:03:00.001|I|4196|B7F6A6D0|peakCCU|1|
2017-12-02_18:03:05.003|I|4196|B7F6A6D0|peakCCU|1|
2017-12-02_18:03:10.001|I|4196|B7F6A6D0|peakCCU|1|
2017-12-02_18:03:15.001|I|4196|B7F6A6D0|peakCCU|1|
2017-12-02_18:03:20.002|I|4196|B7F6A6D0|peakCCU|1|
2017-12-02_18:03:25.002|I|4196|B7F6A6D0|peakCCU|1|
2017-12-02_18:03:30.002|I|4196|B7F6A6D0|peakCCU|1|
2017-12-02_18:03:35.002|I|4196|B7F6A6D0|peakCCU|1|
2017-12-02_18:03:40.002|I|4196|B7F6A6D0|peakCCU|1|
2017-12-02_18:03:45.001|I|4196|B7F6A6D0|peakCCU|1|
2017-12-02_18:03:50.000|I|4196|B7F6A6D0|peakCCU|1|
2017-12-02_18:03:55.002|I|4196|B7F6A6D0|peakCCU|1|
2017-12-02_18:04:00.002|I|4196|B7F6A6D0|peakCCU|1|
2017-12-02_18:04:05.002|I|4196|B7F6A6D0|peakCCU|1|
2017-12-02_18:04:10.002|I|4196|B7F6A6D0|peakCCU|1|
2017-12-02_18:04:15.002|I|4196|B7F6A6D0|peakCCU|1|
2017-12-02_18:04:20.002|I|4196|B7F6A6D0|peakCCU|1|
2017-12-02_18:04:25.000|I|4196|B7F6A6D0|peakCCU|1|
2017-12-02_18:04:30.003|I|4196|B7F6A6D0|peakCCU|1|
2017-12-02_18:04:35.002|I|4196|B7F6A6D0|peakCCU|1|
2017-12-02_18:04:40.002|I|4196|B7F6A6D0|peakCCU|1|
2017-12-02_18:04:45.002|I|4196|B7F6A6D0|peakCCU|1|
2017-12-02_18:04:50.002|I|4196|B7F6A6D0|peakCCU|1|
2017-12-02_18:04:55.001|I|4196|B7F6A6D0|peakCCU|1|
2017-12-02_18:05:00.002|I|4196|B7F6A6D0|peakCCU|1|
2017-12-02_18:05:00.002|I|4196|B7F6A6D0|onlineUserCount|1|
2017-12-02_18:05:05.002|I|4196|B7F6A6D0|peakCCU|1|
2017-12-02_18:05:10.001|I|4196|B7F6A6D0|peakCCU|1|
2017-12-02_18:05:15.001|I|4196|B7F6A6D0|peakCCU|1|
2017-12-02_18:05:20.002|I|4196|B7F6A6D0|peakCCU|1|
2017-12-02_18:05:25.001|I|4196|B7F6A6D0|peakCCU|1|
2017-12-02_18:05:30.002|I|4196|B7F6A6D0|peakCCU|1|
2017-12-02_18:05:35.003|I|4196|B7F6A6D0|peakCCU|1|
2017-12-02_18:05:40.002|I|4196|B7F6A6D0|peakCCU|1|
2017-12-02_18:05:45.001|I|4196|B7F6A6D0|peakCCU|1|
2017-12-02_18:05:50.002|I|4196|B7F6A6D0|peakCCU|1|
2017-12-02_18:05:55.002|I|4196|B7F6A6D0|peakCCU|1|
2017-12-02_18:06:00.002|I|4196|B7F6A6D0|peakCCU|1|
2017-12-02_18:06:05.002|I|4196|B7F6A6D0|peakCCU|1|
2017-12-02_18:06:10.002|I|4196|B7F6A6D0|peakCCU|1|
2017-12-02_18:06:15.002|I|4196|B7F6A6D0|peakCCU|1|
2017-12-02_18:06:20.000|I|4196|B7F6A6D0|peakCCU|1|
2017-12-02_18:06:25.001|I|4196|B7F6A6D0|peakCCU|1|
2017-12-02_18:06:30.002|I|4196|B7F6A6D0|peakCCU|1|
2017-12-02_18:06:35.002|I|4196|B7F6A6D0|peakCCU|1|
2017-12-02_18:06:40.002|I|4196|B7F6A6D0|peakCCU|1|
2017-12-02_18:06:45.002|I|4196|B7F6A6D0|peakCCU|1|
2017-12-02_18:06:50.001|I|4196|B7F6A6D0|peakCCU|1|
2017-12-02_18:06:55.002|I|4196|B7F6A6D0|peakCCU|1|
2017-12-02_18:07:00.001|I|4196|B7F6A6D0|peakCCU|1|
2017-12-02_18:07:05.001|I|4196|B7F6A6D0|peakCCU|1|
2017-12-02_18:07:10.002|I|4196|B7F6A6D0|peakCCU|1|
2017-12-02_18:07:15.002|I|4196|B7F6A6D0|peakCCU|1|
2017-12-02_18:07:20.002|I|4196|B7F6A6D0|peakCCU|1|
2017-12-02_18:07:25.002|I|4196|B7F6A6D0|peakCCU|1|
2017-12-02_18:07:30.003|I|4196|B7F6A6D0|peakCCU|1|
2017-12-02_18:07:35.001|I|4196|B7F6A6D0|peakCCU|1|
2017-12-02_18:07:40.002|I|4196|B7F6A6D0|peakCCU|1|
2017-12-02_18:07:45.000|I|4196|B7F6A6D0|peakCCU|1|
2017-12-02_18:07:50.002|I|4196|B7F6A6D0|peakCCU|1|
2017-12-02_18:07:55.002|I|4196|B7F6A6D0|peakCCU|1|
2017-12-02_18:08:00.002|I|4196|B7F6A6D0|peakCCU|1|
2017-12-02_18:08:05.002|I|4196|B7F6A6D0|peakCCU|1|
2017-12-02_18:08:10.002|I|4196|B7F6A6D0|peakCCU|1|
2017-12-02_18:08:15.000|I|4196|B7F6A6D0|peakCCU|1|
2017-12-02_18:08:20.001|I|4196|B7F6A6D0|peakCCU|1|
2017-12-02_18:08:25.001|I|4196|B7F6A6D0|peakCCU|1|
2017-12-02_18:08:30.002|I|4196|B7F6A6D0|peakCCU|1|
2017-12-02_18:08:35.002|I|4196|B7F6A6D0|peakCCU|1|
2017-12-02_18:08:40.002|I|4196|B7F6A6D0|peakCCU|1|
2017-12-02_18:08:45.002|I|4196|B7F6A6D0|peakCCU|1|
2017-12-02_18:08:50.001|I|4196|B7F6A6D0|peakCCU|1|
2017-12-02_18:08:55.003|I|4196|B7F6A6D0|peakCCU|1|
2017-12-02_18:09:00.001|I|4196|B7F6A6D0|peakCCU|1|
2017-12-02_18:09:05.001|I|4196|B7F6A6D0|peakCCU|1|
2017-12-02_18:09:10.002|I|4196|B7F6A6D0|peakCCU|1|
2017-12-02_18:09:15.002|I|4196|B7F6A6D0|peakCCU|1|
2017-12-02_18:09:20.001|I|4196|B7F6A6D0|peakCCU|1|
2017-12-02_18:09:25.003|I|4196|B7F6A6D0|peakCCU|1|
2017-12-02_18:09:30.002|I|4196|B7F6A6D0|peakCCU|1|
2017-12-02_18:09:35.001|I|4196|B7F6A6D0|peakCCU|1|
2017-12-02_18:09:40.000|I|4196|B7F6A6D0|peakCCU|1|
2017-12-02_18:09:45.002|I|4196|B7F6A6D0|peakCCU|1|
2017-12-02_18:09:50.001|I|4196|B7F6A6D0|peakCCU|1|
2017-12-02_18:09:55.002|I|4196|B7F6A6D0|peakCCU|1|
2017-12-02_18:10:00.003|I|4196|B7F6A6D0|peakCCU|1|
2017-12-02_18:10:00.003|I|4196|B7F6A6D0|onlineUserCount|1|
2017-12-02_18:10:05.002|I|4196|B7F6A6D0|peakCCU|1|
2017-12-02_18:10:10.002|I|4196|B7F6A6D0|peakCCU|1|
2017-12-02_18:10:15.001|I|4196|B7F6A6D0|peakCCU|1|
2017-12-02_18:10:20.002|I|4196|B7F6A6D0|peakCCU|1|
2017-12-02_18:10:25.002|I|4196|B7F6A6D0|peakCCU|1|
2017-12-02_18:10:30.002|I|4196|B7F6A6D0|peakCCU|1|
2017-12-02_18:10:35.002|I|4196|B7F6A6D0|peakCCU|1|
2017-12-02_18:10:40.002|I|4196|B7F6A6D0|peakCCU|1|
2017-12-02_18:10:45.001|I|4196|B7F6A6D0|peakCCU|1|
2017-12-02_18:10:50.002|I|4196|B7F6A6D0|peakCCU|1|
2017-12-02_18:10:55.001|I|4196|B7F6A6D0|peakCCU|1|
2017-12-02_18:11:00.001|I|4196|B7F6A6D0|peakCCU|1|
2017-12-02_18:11:05.002|I|4196|B7F6A6D0|peakCCU|1|
2017-12-02_18:11:10.002|I|4196|B7F6A6D0|peakCCU|1|
2017-12-02_18:11:15.001|I|4196|B7F6A6D0|peakCCU|1|
2017-12-02_18:11:20.002|I|4196|B7F6A6D0|peakCCU|1|
2017-12-02_18:11:25.003|I|4196|B7F6A6D0|peakCCU|1|
2017-12-02_18:11:30.002|I|4196|B7F6A6D0|peakCCU|1|
2017-12-02_18:11:35.001|I|4196|B7F6A6D0|peakCCU|1|
2017-12-02_18:11:40.001|I|4196|B7F6A6D0|peakCCU|1|
2017-12-02_18:11:45.002|I|4196|B7F6A6D0|peakCCU|1|
2017-12-02_18:11:50.001|I|4196|B7F6A6D0|peakCCU|1|
2017-12-02_18:11:55.003|I|4196|B7F6A6D0|peakCCU|1|
2017-12-02_18:12:00.002|I|4196|B7F6A6D0|peakCCU|1|
2017-12-02_18:12:05.002|I|4196|B7F6A6D0|peakCCU|1|
2017-12-02_18:12:10.000|I|4196|B7F6A6D0|peakCCU|1|
2017-12-02_18:12:15.001|I|4196|B7F6A6D0|peakCCU|1|
2017-12-02_18:12:20.001|I|4196|B7F6A6D0|peakCCU|1|
2017-12-02_18:12:25.002|I|4196|B7F6A6D0|peakCCU|1|
2017-12-02_18:12:30.002|I|4196|B7F6A6D0|peakCCU|1|
2017-12-02_18:12:35.002|I|4196|B7F6A6D0|peakCCU|1|
2017-12-02_18:12:40.002|I|4196|B7F6A6D0|peakCCU|1|
2017-12-02_18:12:45.002|I|4196|B7F6A6D0|peakCCU|1|
2017-12-02_18:12:50.002|I|4196|B7F6A6D0|peakCCU|1|
2017-12-02_18:12:55.001|I|4196|B7F6A6D0|peakCCU|1|
2017-12-02_18:13:00.001|I|4196|B7F6A6D0|peakCCU|1|
2017-12-02_18:13:05.002|I|4196|B7F6A6D0|peakCCU|1|
2017-12-02_18:13:10.002|I|4196|B7F6A6D0|peakCCU|1|
2017-12-02_18:13:15.001|I|4196|B7F6A6D0|peakCCU|1|
2017-12-02_18:13:20.003|I|4196|B7F6A6D0|peakCCU|1|
2017-12-02_18:13:25.002|I|4196|B7F6A6D0|peakCCU|1|
2017-12-02_18:13:30.001|I|4196|B7F6A6D0|peakCCU|1|
2017-12-02_18:13:35.001|I|4196|B7F6A6D0|peakCCU|1|
2017-12-02_18:13:40.002|I|4196|B7F6A6D0|peakCCU|1|
2017-12-02_18:13:45.001|I|4196|B7F6A6D0|peakCCU|1|
2017-12-02_18:13:50.002|I|4196|B7F6A6D0|peakCCU|1|
2017-12-02_18:13:55.002|I|4196|B7F6A6D0|peakCCU|1|
2017-12-02_18:14:00.002|I|4196|B7F6A6D0|peakCCU|1|
2017-12-02_18:14:05.001|I|4196|B7F6A6D0|peakCCU|1|
2017-12-02_18:14:10.001|I|4196|B7F6A6D0|peakCCU|1|
2017-12-02_18:14:15.001|I|4196|B7F6A6D0|peakCCU|1|
2017-12-02_18:14:20.001|I|4196|B7F6A6D0|peakCCU|1|
2017-12-02_18:14:25.003|I|4196|B7F6A6D0|peakCCU|1|
2017-12-02_18:14:30.002|I|4196|B7F6A6D0|peakCCU|1|
2017-12-02_18:14:35.002|I|4196|B7F6A6D0|peakCCU|1|
2017-12-02_18:14:40.001|I|4196|B7F6A6D0|peakCCU|1|
2017-12-02_18:14:45.002|I|4196|B7F6A6D0|peakCCU|1|
2017-12-02_18:14:50.001|I|4196|B7F6A6D0|peakCCU|1|
2017-12-02_18:14:55.001|I|4196|B7F6A6D0|peakCCU|1|
2017-12-02_18:15:00.002|I|4196|B7F6A6D0|peakCCU|1|
2017-12-02_18:15:00.003|I|4196|B7F6A6D0|onlineUserCount|1|
2017-12-02_18:15:05.002|I|4196|B7F6A6D0|peakCCU|1|
2017-12-02_18:15:10.001|I|4196|B7F6A6D0|peakCCU|1|
2017-12-02_18:15:15.002|I|4196|B7F6A6D0|peakCCU|1|
2017-12-02_18:15:20.002|I|4196|B7F6A6D0|peakCCU|1|
2017-12-02_18:15:25.002|I|4196|B7F6A6D0|peakCCU|1|
2017-12-02_18:15:30.001|I|4196|B7F6A6D0|peakCCU|1|
2017-12-02_18:15:35.001|I|4196|B7F6A6D0|peakCCU|1|
2017-12-02_18:15:40.002|I|4196|B7F6A6D0|peakCCU|1|
2017-12-02_18:15:45.001|I|4196|B7F6A6D0|peakCCU|1|
2017-12-02_18:15:50.003|I|4196|B7F6A6D0|peakCCU|1|
2017-12-02_18:15:55.002|I|4196|B7F6A6D0|peakCCU|1|
2017-12-02_18:16:00.002|I|4196|B7F6A6D0|peakCCU|1|
2017-12-02_18:16:05.002|I|4196|B7F6A6D0|peakCCU|1|
2017-12-02_18:16:10.001|I|4196|B7F6A6D0|peakCCU|1|
2017-12-02_18:16:15.001|I|4196|B7F6A6D0|peakCCU|1|
2017-12-02_18:16:20.002|I|4196|B7F6A6D0|peakCCU|1|
2017-12-02_18:16:25.002|I|4196|B7F6A6D0|peakCCU|1|
2017-12-02_18:16:30.002|I|4196|B7F6A6D0|peakCCU|1|
2017-12-02_18:16:35.001|I|4196|B7F6A6D0|peakCCU|1|
2017-12-02_18:16:40.002|I|4196|B7F6A6D0|peakCCU|1|
2017-12-02_18:16:45.001|I|4196|B7F6A6D0|peakCCU|1|
2017-12-02_18:16:50.001|I|4196|B7F6A6D0|peakCCU|1|
2017-12-02_18:16:55.003|I|4196|B7F6A6D0|peakCCU|1|
2017-12-02_18:17:00.002|I|4196|B7F6A6D0|peakCCU|1|
2017-12-02_18:17:05.002|I|4196|B7F6A6D0|peakCCU|1|
2017-12-02_18:17:10.001|I|4196|B7F6A6D0|peakCCU|1|
2017-12-02_18:17:15.003|I|4196|B7F6A6D0|peakCCU|1|
2017-12-02_18:17:20.002|I|4196|B7F6A6D0|peakCCU|1|
2017-12-02_18:17:25.001|I|4196|B7F6A6D0|peakCCU|1|
2017-12-02_18:17:30.002|I|4196|B7F6A6D0|peakCCU|1|
2017-12-02_18:17:35.002|I|4196|B7F6A6D0|peakCCU|1|
2017-12-02_18:17:40.001|I|4196|B7F6A6D0|peakCCU|1|
2017-12-02_18:17:45.003|I|4196|B7F6A6D0|peakCCU|1|
2017-12-02_18:17:50.002|I|4196|B7F6A6D0|peakCCU|1|
2017-12-02_18:17:55.002|I|4196|B7F6A6D0|peakCCU|1|
2017-12-02_18:18:00.001|I|4196|B7F6A6D0|peakCCU|1|
2017-12-02_18:18:05.002|I|4196|B7F6A6D0|peakCCU|1|
2017-12-02_18:18:10.000|I|4196|B7F6A6D0|peakCCU|1|
2017-12-02_18:18:15.002|I|4196|B7F6A6D0|peakCCU|1|
2017-12-02_18:18:20.003|I|4196|B7F6A6D0|peakCCU|1|
2017-12-02_18:18:25.002|I|4196|B7F6A6D0|peakCCU|1|
2017-12-02_18:18:30.002|I|4196|B7F6A6D0|peakCCU|1|
2017-12-02_18:18:35.002|I|4196|B7F6A6D0|peakCCU|1|
2017-12-02_18:18:40.002|I|4196|B7F6A6D0|peakCCU|1|
2017-12-02_18:18:45.002|I|4196|B7F6A6D0|peakCCU|1|
2017-12-02_18:18:50.001|I|4196|B7F6A6D0|peakCCU|1|
2017-12-02_18:18:55.002|I|4196|B7F6A6D0|peakCCU|1|
2017-12-02_18:19:00.002|I|4196|B7F6A6D0|peakCCU|1|
2017-12-02_18:19:05.001|I|4196|B7F6A6D0|peakCCU|1|
2017-12-02_18:19:10.002|I|4196|B7F6A6D0|peakCCU|1|
2017-12-02_18:19:15.002|I|4196|B7F6A6D0|peakCCU|1|
2017-12-02_18:19:20.001|I|4196|B7F6A6D0|peakCCU|1|
2017-12-02_18:19:25.001|I|4196|B7F6A6D0|peakCCU|1|
2017-12-02_18:19:30.002|I|4196|B7F6A6D0|peakCCU|1|
2017-12-02_18:19:35.001|I|4196|B7F6A6D0|peakCCU|1|
2017-12-02_18:19:40.001|I|4196|B7F6A6D0|peakCCU|1|
2017-12-02_18:19:45.003|I|4196|B7F6A6D0|peakCCU|1|
2017-12-02_18:19:50.002|I|4196|B7F6A6D0|peakCCU|1|
2017-12-02_18:19:55.001|I|4196|B7F6A6D0|peakCCU|1|
2017-12-02_18:20:00.001|I|4196|B7F6A6D0|peakCCU|1|
2017-12-02_18:20:00.002|I|4196|B7F6A6D0|onlineUserCount|1|
2017-12-02_18:20:05.001|I|4196|B7F6A6D0|peakCCU|1|
2017-12-02_18:20:10.001|I|4196|B7F6A6D0|peakCCU|1|
2017-12-02_18:20:15.003|I|4196|B7F6A6D0|peakCCU|1|
2017-12-02_18:20:20.002|I|4196|B7F6A6D0|peakCCU|1|
2017-12-02_18:20:25.002|I|4196|B7F6A6D0|peakCCU|1|
2017-12-02_18:20:30.002|I|4196|B7F6A6D0|peakCCU|1|
2017-12-02_18:20:35.002|I|4196|B7F6A6D0|peakCCU|1|
2017-12-02_18:20:40.002|I|4196|B7F6A6D0|peakCCU|1|
2017-12-02_18:20:45.001|I|4196|B7F6A6D0|peakCCU|1|
2017-12-02_18:20:50.002|I|4196|B7F6A6D0|peakCCU|1|
2017-12-02_18:20:55.002|I|4196|B7F6A6D0|peakCCU|1|
2017-12-02_18:21:00.001|I|4196|B7F6A6D0|peakCCU|1|
2017-12-02_18:21:05.002|I|4196|B7F6A6D0|peakCCU|1|
2017-12-02_18:21:10.003|I|4196|B7F6A6D0|peakCCU|1|
2017-12-02_18:21:15.002|I|4196|B7F6A6D0|peakCCU|1|
2017-12-02_18:21:20.003|I|4196|B7F6A6D0|peakCCU|1|
2017-12-02_18:21:25.001|I|4196|B7F6A6D0|peakCCU|1|
2017-12-02_18:21:30.002|I|4196|B7F6A6D0|peakCCU|1|
2017-12-02_18:21:35.001|I|4196|B7F6A6D0|peakCCU|1|
2017-12-02_18:21:40.003|I|4196|B7F6A6D0|peakCCU|1|
2017-12-02_18:21:45.002|I|4196|B7F6A6D0|peakCCU|1|
2017-12-02_18:21:50.002|I|4196|B7F6A6D0|peakCCU|1|
2017-12-02_18:21:55.002|I|4196|B7F6A6D0|peakCCU|1|
2017-12-02_18:22:00.002|I|4196|B7F6A6D0|peakCCU|1|
2017-12-02_18:22:05.000|I|4196|B7F6A6D0|peakCCU|1|
2017-12-02_18:22:10.002|I|4196|B7F6A6D0|peakCCU|1|
2017-12-02_18:22:15.002|I|4196|B7F6A6D0|peakCCU|1|
2017-12-02_18:22:20.002|I|4196|B7F6A6D0|peakCCU|1|
2017-12-02_18:22:25.001|I|4196|B7F6A6D0|peakCCU|1|
2017-12-02_18:22:30.002|I|4196|B7F6A6D0|peakCCU|1|
2017-12-02_18:22:35.002|I|4196|B7F6A6D0|peakCCU|1|
2017-12-02_18:22:40.002|I|4196|B7F6A6D0|peakCCU|1|
2017-12-02_18:22:45.002|I|4196|B7F6A6D0|peakCCU|1|
2017-12-02_18:22:50.002|I|4196|B7F6A6D0|peakCCU|1|
2017-12-02_18:22:55.002|I|4196|B7F6A6D0|peakCCU|1|
2017-12-02_18:23:00.002|I|4196|B7F6A6D0|peakCCU|1|
2017-12-02_18:23:05.003|I|4196|B7F6A6D0|peakCCU|1|
2017-12-02_18:23:10.002|I|4196|B7F6A6D0|peakCCU|1|
2017-12-02_18:23:15.002|I|4196|B7F6A6D0|peakCCU|1|
2017-12-02_18:23:20.001|I|4196|B7F6A6D0|peakCCU|1|
2017-12-02_18:23:25.001|I|4196|B7F6A6D0|peakCCU|1|
2017-12-02_18:23:30.001|I|4196|B7F6A6D0|peakCCU|1|
2017-12-02_18:23:35.002|I|4196|B7F6A6D0|peakCCU|1|
2017-12-02_18:23:40.002|I|4196|B7F6A6D0|peakCCU|1|
2017-12-02_18:23:45.002|I|4196|B7F6A6D0|peakCCU|1|
2017-12-02_18:23:50.002|I|4196|B7F6A6D0|peakCCU|1|
2017-12-02_18:23:55.002|I|4196|B7F6A6D0|peakCCU|1|
2017-12-02_18:24:00.001|I|4196|B7F6A6D0|peakCCU|1|
2017-12-02_18:24:05.000|I|4196|B7F6A6D0|peakCCU|1|
2017-12-02_18:24:10.003|I|4196|B7F6A6D0|peakCCU|1|
2017-12-02_18:24:15.002|I|4196|B7F6A6D0|peakCCU|1|
2017-12-02_18:24:20.002|I|4196|B7F6A6D0|peakCCU|1|
2017-12-02_18:24:25.002|I|4196|B7F6A6D0|peakCCU|1|
2017-12-02_18:24:30.002|I|4196|B7F6A6D0|peakCCU|1|
2017-12-02_18:24:35.001|I|4196|B7F6A6D0|peakCCU|1|
2017-12-02_18:24:40.003|I|4196|B7F6A6D0|peakCCU|1|
2017-12-02_18:24:45.001|I|4196|B7F6A6D0|peakCCU|1|
2017-12-02_18:24:50.002|I|4196|B7F6A6D0|peakCCU|1|
2017-12-02_18:24:55.001|I|4196|B7F6A6D0|peakCCU|1|
2017-12-02_18:25:00.002|I|4196|B7F6A6D0|peakCCU|1|
2017-12-02_18:25:00.003|I|4196|B7F6A6D0|onlineUserCount|1|
2017-12-02_18:25:05.002|I|4196|B7F6A6D0|peakCCU|1|
2017-12-02_18:25:10.002|I|4196|B7F6A6D0|peakCCU|1|
2017-12-02_18:25:15.001|I|4196|B7F6A6D0|peakCCU|1|
2017-12-02_18:25:20.001|I|4196|B7F6A6D0|peakCCU|1|
2017-12-02_18:25:25.002|I|4196|B7F6A6D0|peakCCU|1|
2017-12-02_18:25:30.002|I|4196|B7F6A6D0|peakCCU|1|
2017-12-02_18:25:35.003|I|4196|B7F6A6D0|peakCCU|1|
2017-12-02_18:25:40.002|I|4196|B7F6A6D0|peakCCU|1|
2017-12-02_18:25:45.002|I|4196|B7F6A6D0|peakCCU|1|
2017-12-02_18:25:50.002|I|4196|B7F6A6D0|peakCCU|1|
2017-12-02_18:25:55.002|I|4196|B7F6A6D0|peakCCU|1|
2017-12-02_18:26:00.000|I|4196|B7F6A6D0|peakCCU|1|
2017-12-02_18:26:05.002|I|4196|B7F6A6D0|peakCCU|1|
2017-12-02_18:26:10.002|I|4196|B7F6A6D0|peakCCU|1|
2017-12-02_18:26:15.002|I|4196|B7F6A6D0|peakCCU|1|
2017-12-02_18:26:20.002|I|4196|B7F6A6D0|peakCCU|1|
2017-12-02_18:26:25.002|I|4196|B7F6A6D0|peakCCU|1|
2017-12-02_18:26:30.001|I|4196|B7F6A6D0|peakCCU|1|
2017-12-02_18:26:35.002|I|4196|B7F6A6D0|peakCCU|1|
2017-12-02_18:26:40.001|I|4196|B7F6A6D0|peakCCU|1|
2017-12-02_18:26:45.002|I|4196|B7F6A6D0|peakCCU|1|
2017-12-02_18:26:50.002|I|4196|B7F6A6D0|peakCCU|1|
2017-12-02_18:26:55.002|I|4196|B7F6A6D0|peakCCU|1|
2017-12-02_18:27:00.002|I|4196|B7F6A6D0|peakCCU|1|
2017-12-02_18:27:05.002|I|4196|B7F6A6D0|peakCCU|1|
2017-12-02_18:27:10.003|I|4196|B7F6A6D0|peakCCU|1|
2017-12-02_18:27:15.001|I|4196|B7F6A6D0|peakCCU|1|
2017-12-02_18:27:20.001|I|4196|B7F6A6D0|peakCCU|1|
2017-12-02_18:27:25.001|I|4196|B7F6A6D0|peakCCU|1|
2017-12-02_18:27:30.002|I|4196|B7F6A6D0|peakCCU|1|
2017-12-02_18:27:35.002|I|4196|B7F6A6D0|peakCCU|1|
2017-12-02_18:27:40.002|I|4196|B7F6A6D0|peakCCU|1|
2017-12-02_18:27:45.002|I|4196|B7F6A6D0|peakCCU|1|
2017-12-02_18:27:50.002|I|4196|B7F6A6D0|peakCCU|1|
2017-12-02_18:27:55.001|I|4196|B7F6A6D0|peakCCU|1|
2017-12-02_18:28:00.001|I|4196|B7F6A6D0|peakCCU|1|
2017-12-02_18:28:05.003|I|4196|B7F6A6D0|peakCCU|1|
2017-12-02_18:28:10.002|I|4196|B7F6A6D0|peakCCU|1|
2017-12-02_18:28:15.002|I|4196|B7F6A6D0|peakCCU|1|
2017-12-02_18:28:20.002|I|4196|B7F6A6D0|peakCCU|1|
2017-12-02_18:28:25.002|I|4196|B7F6A6D0|peakCCU|1|
2017-12-02_18:28:30.001|I|4196|B7F6A6D0|peakCCU|1|
2017-12-02_18:28:35.003|I|4196|B7F6A6D0|peakCCU|1|
2017-12-02_18:28:40.001|I|4196|B7F6A6D0|peakCCU|1|
2017-12-02_18:28:45.002|I|4196|B7F6A6D0|peakCCU|1|
2017-12-02_18:28:50.002|I|4196|B7F6A6D0|peakCCU|1|
2017-12-02_18:28:55.002|I|4196|B7F6A6D0|peakCCU|1|
2017-12-02_18:29:00.001|I|4196|B7F6A6D0|peakCCU|1|
2017-12-02_18:29:05.002|I|4196|B7F6A6D0|peakCCU|1|
2017-12-02_18:29:10.002|I|4196|B7F6A6D0|peakCCU|1|
2017-12-02_18:29:15.002|I|4196|B7F6A6D0|peakCCU|1|
2017-12-02_18:29:20.000|I|4196|B7F6A6D0|peakCCU|1|
2017-12-02_18:29:25.002|I|4196|B7F6A6D0|peakCCU|1|
2017-12-02_18:29:30.001|I|4196|B7F6A6D0|peakCCU|1|
2017-12-02_18:29:35.002|I|4196|B7F6A6D0|peakCCU|1|
2017-12-02_18:29:40.003|I|4196|B7F6A6D0|peakCCU|1|
2017-12-02_18:29:45.002|I|4196|B7F6A6D0|peakCCU|1|
2017-12-02_18:29:50.001|I|4196|B7F6A6D0|peakCCU|1|
2017-12-02_18:29:55.000|I|4196|B7F6A6D0|peakCCU|1|
2017-12-02_18:30:00.001|I|4196|B7F6A6D0|peakCCU|1|
2017-12-02_18:30:00.002|I|4196|B7F6A6D0|onlineUserCount|1|
2017-12-02_18:30:05.002|I|4196|B7F6A6D0|peakCCU|1|
2017-12-02_18:30:10.002|I|4196|B7F6A6D0|peakCCU|1|
2017-12-02_18:30:15.002|I|4196|B7F6A6D0|peakCCU|1|
2017-12-02_18:30:20.002|I|4196|B7F6A6D0|peakCCU|1|
2017-12-02_18:30:25.001|I|4196|B7F6A6D0|peakCCU|1|
2017-12-02_18:30:30.003|I|4196|B7F6A6D0|peakCCU|1|
2017-12-02_18:30:35.001|I|4196|B7F6A6D0|peakCCU|1|
2017-12-02_18:30:40.001|I|4196|B7F6A6D0|peakCCU|1|
2017-12-02_18:30:45.001|I|4196|B7F6A6D0|peakCCU|1|
2017-12-02_18:30:50.002|I|4196|B7F6A6D0|peakCCU|1|
2017-12-02_18:30:55.001|I|4196|B7F6A6D0|peakCCU|1|
2017-12-02_18:31:00.002|I|4196|B7F6A6D0|peakCCU|1|
2017-12-02_18:31:05.003|I|4196|B7F6A6D0|peakCCU|1|
2017-12-02_18:31:10.001|I|4196|B7F6A6D0|peakCCU|1|
2017-12-02_18:31:15.001|I|4196|B7F6A6D0|peakCCU|1|
2017-12-02_18:31:20.002|I|4196|B7F6A6D0|peakCCU|1|
2017-12-02_18:31:25.002|I|4196|B7F6A6D0|peakCCU|1|
2017-12-02_18:31:30.002|I|4196|B7F6A6D0|peakCCU|1|
2017-12-02_18:31:35.003|I|4196|B7F6A6D0|peakCCU|1|
2017-12-02_18:31:40.002|I|4196|B7F6A6D0|peakCCU|1|
2017-12-02_18:31:45.002|I|4196|B7F6A6D0|peakCCU|1|
2017-12-02_18:31:50.000|I|4196|B7F6A6D0|peakCCU|1|
2017-12-02_18:31:55.001|I|4196|B7F6A6D0|peakCCU|1|
2017-12-02_18:32:00.002|I|4196|B7F6A6D0|peakCCU|1|
2017-12-02_18:32:05.002|I|4196|B7F6A6D0|peakCCU|1|
2017-12-02_18:32:10.002|I|4196|B7F6A6D0|peakCCU|1|
2017-12-02_18:32:15.002|I|4196|B7F6A6D0|peakCCU|1|
2017-12-02_18:32:20.001|I|4196|B7F6A6D0|peakCCU|1|
2017-12-02_18:32:25.002|I|4196|B7F6A6D0|peakCCU|1|
2017-12-02_18:32:30.003|I|4196|B7F6A6D0|peakCCU|1|
2017-12-02_18:32:35.001|I|4196|B7F6A6D0|peakCCU|1|
2017-12-02_18:32:40.003|I|4196|B7F6A6D0|peakCCU|1|
2017-12-02_18:32:45.002|I|4196|B7F6A6D0|peakCCU|1|
2017-12-02_18:32:50.002|I|4196|B7F6A6D0|peakCCU|1|
2017-12-02_18:32:55.001|I|4196|B7F6A6D0|peakCCU|1|
2017-12-02_18:33:00.003|I|4196|B7F6A6D0|peakCCU|1|
2017-12-02_18:33:05.002|I|4196|B7F6A6D0|peakCCU|1|
2017-12-02_18:33:10.002|I|4196|B7F6A6D0|peakCCU|1|
2017-12-02_18:33:15.001|I|4196|B7F6A6D0|peakCCU|1|
2017-12-02_18:33:20.002|I|4196|B7F6A6D0|peakCCU|1|
2017-12-02_18:33:25.001|I|4196|B7F6A6D0|peakCCU|1|
2017-12-02_18:33:30.002|I|4196|B7F6A6D0|peakCCU|1|
2017-12-02_18:33:35.002|I|4196|B7F6A6D0|peakCCU|1|
2017-12-02_18:33:40.002|I|4196|B7F6A6D0|peakCCU|1|
2017-12-02_18:33:45.001|I|4196|B7F6A6D0|peakCCU|1|
2017-12-02_18:33:50.002|I|4196|B7F6A6D0|peakCCU|1|
2017-12-02_18:33:55.001|I|4196|B7F6A6D0|peakCCU|1|
2017-12-02_18:34:00.002|I|4196|B7F6A6D0|peakCCU|1|
2017-12-02_18:34:05.003|I|4196|B7F6A6D0|peakCCU|1|
2017-12-02_18:34:10.002|I|4196|B7F6A6D0|peakCCU|1|
2017-12-02_18:34:15.002|I|4196|B7F6A6D0|peakCCU|1|
2017-12-02_18:34:20.001|I|4196|B7F6A6D0|peakCCU|1|
2017-12-02_18:34:25.002|I|4196|B7F6A6D0|peakCCU|1|
2017-12-02_18:34:30.002|I|4196|B7F6A6D0|peakCCU|1|
2017-12-02_18:34:35.001|I|4196|B7F6A6D0|peakCCU|1|
2017-12-02_18:34:40.002|I|4196|B7F6A6D0|peakCCU|1|
2017-12-02_18:34:45.002|I|4196|B7F6A6D0|peakCCU|1|
2017-12-02_18:34:50.001|I|4196|B7F6A6D0|peakCCU|1|
2017-12-02_18:34:55.003|I|4196|B7F6A6D0|peakCCU|1|
2017-12-02_18:35:00.002|I|4196|B7F6A6D0|peakCCU|1|
2017-12-02_18:35:00.002|I|4196|B7F6A6D0|onlineUserCount|1|
2017-12-02_18:35:05.002|I|4196|B7F6A6D0|peakCCU|1|
2017-12-02_18:35:10.000|I|4196|B7F6A6D0|peakCCU|1|
2017-12-02_18:35:15.001|I|4196|B7F6A6D0|peakCCU|1|
2017-12-02_18:35:20.002|I|4196|B7F6A6D0|peakCCU|1|
2017-12-02_18:35:25.002|I|4196|B7F6A6D0|peakCCU|1|
2017-12-02_18:35:30.003|I|4196|B7F6A6D0|peakCCU|1|
2017-12-02_18:35:35.002|I|4196|B7F6A6D0|peakCCU|1|
2017-12-02_18:35:40.002|I|4196|B7F6A6D0|peakCCU|1|
2017-12-02_18:35:45.001|I|4196|B7F6A6D0|peakCCU|1|
2017-12-02_18:35:50.001|I|4196|B7F6A6D0|peakCCU|1|
2017-12-02_18:35:55.002|I|4196|B7F6A6D0|peakCCU|1|
2017-12-02_18:36:00.002|I|4196|B7F6A6D0|peakCCU|1|
2017-12-02_18:36:05.002|I|4196|B7F6A6D0|peakCCU|1|
2017-12-02_18:36:10.002|I|4196|B7F6A6D0|peakCCU|1|
2017-12-02_18:36:15.001|I|4196|B7F6A6D0|peakCCU|1|
2017-12-02_18:36:20.002|I|4196|B7F6A6D0|peakCCU|1|
2017-12-02_18:36:25.001|I|4196|B7F6A6D0|peakCCU|1|
2017-12-02_18:36:30.001|I|4196|B7F6A6D0|peakCCU|1|
2017-12-02_18:36:35.002|I|4196|B7F6A6D0|peakCCU|1|
2017-12-02_18:36:40.002|I|4196|B7F6A6D0|peakCCU|1|
2017-12-02_18:36:45.002|I|4196|B7F6A6D0|peakCCU|1|
2017-12-02_18:36:50.001|I|4196|B7F6A6D0|peakCCU|1|
2017-12-02_18:36:55.003|I|4196|B7F6A6D0|peakCCU|1|
2017-12-02_18:37:00.002|I|4196|B7F6A6D0|peakCCU|1|
2017-12-02_18:37:05.001|I|4196|B7F6A6D0|peakCCU|1|
2017-12-02_18:37:10.001|I|4196|B7F6A6D0|peakCCU|1|
2017-12-02_18:37:15.002|I|4196|B7F6A6D0|peakCCU|1|
2017-12-02_18:37:20.001|I|4196|B7F6A6D0|peakCCU|1|
2017-12-02_18:37:25.003|I|4196|B7F6A6D0|peakCCU|1|
2017-12-02_18:37:30.002|I|4196|B7F6A6D0|peakCCU|1|
2017-12-02_18:37:35.002|I|4196|B7F6A6D0|peakCCU|1|
2017-12-02_18:37:40.000|I|4196|B7F6A6D0|peakCCU|1|
2017-12-02_18:37:45.002|I|4196|B7F6A6D0|peakCCU|1|
2017-12-02_18:37:50.000|I|4196|B7F6A6D0|peakCCU|1|
2017-12-02_18:37:55.002|I|4196|B7F6A6D0|peakCCU|1|
2017-12-02_18:38:00.002|I|4196|B7F6A6D0|peakCCU|1|
2017-12-02_18:38:05.002|I|4196|B7F6A6D0|peakCCU|1|
2017-12-02_18:38:10.002|I|4196|B7F6A6D0|peakCCU|1|
2017-12-02_18:38:15.002|I|4196|B7F6A6D0|peakCCU|1|
2017-12-02_18:38:20.001|I|4196|B7F6A6D0|peakCCU|1|
2017-12-02_18:38:25.001|I|4196|B7F6A6D0|peakCCU|1|
2017-12-02_18:38:30.002|I|4196|B7F6A6D0|peakCCU|1|
2017-12-02_18:38:35.001|I|4196|B7F6A6D0|peakCCU|1|
2017-12-02_18:38:40.003|I|4196|B7F6A6D0|peakCCU|1|
2017-12-02_18:38:45.001|I|4196|B7F6A6D0|peakCCU|1|
2017-12-02_18:38:50.002|I|4196|B7F6A6D0|peakCCU|1|
2017-12-02_18:38:55.002|I|4196|B7F6A6D0|peakCCU|1|
2017-12-02_18:39:00.002|I|4196|B7F6A6D0|peakCCU|1|
2017-12-02_18:39:05.002|I|4196|B7F6A6D0|peakCCU|1|
2017-12-02_18:39:10.001|I|4196|B7F6A6D0|peakCCU|1|
2017-12-02_18:39:15.001|I|4196|B7F6A6D0|peakCCU|1|
2017-12-02_18:39:20.001|I|4196|B7F6A6D0|peakCCU|1|
2017-12-02_18:39:25.002|I|4196|B7F6A6D0|peakCCU|1|
2017-12-02_18:39:30.002|I|4196|B7F6A6D0|peakCCU|1|
2017-12-02_18:39:35.002|I|4196|B7F6A6D0|peakCCU|1|
2017-12-02_18:39:40.002|I|4196|B7F6A6D0|peakCCU|1|
2017-12-02_18:39:45.002|I|4196|B7F6A6D0|peakCCU|1|
2017-12-02_18:39:50.001|I|4196|B7F6A6D0|peakCCU|1|
2017-12-02_18:39:55.003|I|4196|B7F6A6D0|peakCCU|1|
2017-12-02_18:40:00.002|I|4196|B7F6A6D0|peakCCU|1|
2017-12-02_18:40:00.003|I|4196|B7F6A6D0|onlineUserCount|1|
2017-12-02_18:40:05.002|I|4196|B7F6A6D0|peakCCU|1|
2017-12-02_18:40:10.001|I|4196|B7F6A6D0|peakCCU|1|
2017-12-02_18:40:15.002|I|4196|B7F6A6D0|peakCCU|1|
2017-12-02_18:40:20.001|I|4196|B7F6A6D0|peakCCU|1|
2017-12-02_18:40:25.001|I|4196|B7F6A6D0|peakCCU|1|
2017-12-02_18:40:30.001|I|4196|B7F6A6D0|peakCCU|1|
2017-12-02_18:40:35.002|I|4196|B7F6A6D0|peakCCU|1|
2017-12-02_18:40:40.001|I|4196|B7F6A6D0|peakCCU|1|
2017-12-02_18:40:45.002|I|4196|B7F6A6D0|peakCCU|1|
2017-12-02_18:40:50.002|I|4196|B7F6A6D0|peakCCU|1|
2017-12-02_18:40:55.002|I|4196|B7F6A6D0|peakCCU|1|
2017-12-02_18:41:00.002|I|4196|B7F6A6D0|peakCCU|1|
2017-12-02_18:41:05.002|I|4196|B7F6A6D0|peakCCU|1|
2017-12-02_18:41:10.002|I|4196|B7F6A6D0|peakCCU|1|
2017-12-02_18:41:15.001|I|4196|B7F6A6D0|peakCCU|1|
2017-12-02_18:41:20.003|I|4196|B7F6A6D0|peakCCU|1|
2017-12-02_18:41:25.002|I|4196|B7F6A6D0|peakCCU|1|
2017-12-02_18:41:30.002|I|4196|B7F6A6D0|peakCCU|1|
2017-12-02_18:41:35.002|I|4196|B7F6A6D0|peakCCU|1|
2017-12-02_18:41:40.001|I|4196|B7F6A6D0|peakCCU|1|
2017-12-02_18:41:45.000|I|4196|B7F6A6D0|peakCCU|1|
2017-12-02_18:41:50.002|I|4196|B7F6A6D0|peakCCU|1|
2017-12-02_18:41:55.002|I|4196|B7F6A6D0|peakCCU|1|
2017-12-02_18:42:00.002|I|4196|B7F6A6D0|peakCCU|1|
2017-12-02_18:42:05.001|I|4196|B7F6A6D0|peakCCU|1|
2017-12-02_18:42:10.002|I|4196|B7F6A6D0|peakCCU|1|
2017-12-02_18:42:15.001|I|4196|B7F6A6D0|peakCCU|1|
2017-12-02_18:42:20.001|I|4196|B7F6A6D0|peakCCU|1|
2017-12-02_18:42:25.002|I|4196|B7F6A6D0|peakCCU|1|
2017-12-02_18:42:30.002|I|4196|B7F6A6D0|peakCCU|1|
2017-12-02_18:42:35.002|I|4196|B7F6A6D0|peakCCU|1|
2017-12-02_18:42:40.002|I|4196|B7F6A6D0|peakCCU|1|
2017-12-02_18:42:45.002|I|4196|B7F6A6D0|peakCCU|1|
2017-12-02_18:42:50.002|I|4196|B7F6A6D0|peakCCU|1|
2017-12-02_18:42:55.002|I|4196|B7F6A6D0|peakCCU|1|
2017-12-02_18:43:00.002|I|4196|B7F6A6D0|peakCCU|1|
2017-12-02_18:43:05.001|I|4196|B7F6A6D0|peakCCU|1|
2017-12-02_18:43:10.001|I|4196|B7F6A6D0|peakCCU|1|
2017-12-02_18:43:15.002|I|4196|B7F6A6D0|peakCCU|1|
2017-12-02_18:43:20.002|I|4196|B7F6A6D0|peakCCU|1|
2017-12-02_18:43:25.002|I|4196|B7F6A6D0|peakCCU|1|
2017-12-02_18:43:30.002|I|4196|B7F6A6D0|peakCCU|1|
2017-12-02_18:43:35.002|I|4196|B7F6A6D0|peakCCU|1|
2017-12-02_18:43:40.000|I|4196|B7F6A6D0|peakCCU|1|
2017-12-02_18:43:45.002|I|4196|B7F6A6D0|peakCCU|1|
2017-12-02_18:43:50.003|I|4196|B7F6A6D0|peakCCU|1|
2017-12-02_18:43:55.002|I|4196|B7F6A6D0|peakCCU|1|
2017-12-02_18:44:00.002|I|4196|B7F6A6D0|peakCCU|1|
2017-12-02_18:44:05.002|I|4196|B7F6A6D0|peakCCU|1|
2017-12-02_18:44:10.002|I|4196|B7F6A6D0|peakCCU|1|
2017-12-02_18:44:15.002|I|4196|B7F6A6D0|peakCCU|1|
2017-12-02_18:44:20.002|I|4196|B7F6A6D0|peakCCU|1|
2017-12-02_18:44:25.001|I|4196|B7F6A6D0|peakCCU|1|
2017-12-02_18:44:30.002|I|4196|B7F6A6D0|peakCCU|1|
2017-12-02_18:44:35.001|I|4196|B7F6A6D0|peakCCU|1|
2017-12-02_18:44:40.071|I|4196|B7F6A6D0|peakCCU|0|
