2017-11-25_23:49:07.913|I|4175|B7F816D0|loadDailyTask|SUCCESS|task_name=newUserCount|ExecuteTime=1:35:0
2017-11-25_23:49:07.955|I|4175|B7F816D0|loadDailyTask|SUCCESS|task_name=statAVGCountInfo|ExecuteTime=5:5:0
2017-11-25_23:49:07.955|I|4175|B7F816D0|loadDailyTask|SUCCESS|task_name=statAvgOnlineSeconds|ExecuteTime=1:25:0
2017-11-25_23:49:08.254|I|4175|B7F816D0|newUserCount|1|
2017-11-25_23:49:08.255|I|4175|B7F816D0|statAVGCountInfo|1|
2017-11-25_23:49:08.342|I|4175|B7F816D0|statAvgOnlineSeconds|0|
2017-11-25_23:49:10.059|I|4175|B7F816D0|peakCCU|1|
2017-11-25_23:49:15.002|I|4175|B7F816D0|peakCCU|1|
2017-11-25_23:49:20.003|I|4175|B7F816D0|peakCCU|1|
2017-11-25_23:49:25.001|I|4175|B7F816D0|peakCCU|1|
2017-11-25_23:49:30.002|I|4175|B7F816D0|peakCCU|1|
2017-11-25_23:49:35.001|I|4175|B7F816D0|peakCCU|1|
2017-11-25_23:49:40.002|I|4175|B7F816D0|peakCCU|1|
2017-11-25_23:49:45.001|I|4175|B7F816D0|peakCCU|1|
2017-11-25_23:49:50.002|I|4175|B7F816D0|peakCCU|1|
2017-11-25_23:49:55.002|I|4175|B7F816D0|peakCCU|1|
2017-11-25_23:50:00.001|I|4175|B7F816D0|peakCCU|1|
2017-11-25_23:50:00.124|I|4175|B7F816D0|onlineUserCount|1|
2017-11-25_23:50:05.003|I|4175|B7F816D0|peakCCU|1|
2017-11-25_23:50:10.002|I|4175|B7F816D0|peakCCU|1|
2017-11-25_23:50:15.001|I|4175|B7F816D0|peakCCU|1|
2017-11-25_23:50:20.002|I|4175|B7F816D0|peakCCU|1|
2017-11-25_23:50:25.002|I|4175|B7F816D0|peakCCU|1|
2017-11-25_23:50:30.001|I|4175|B7F816D0|peakCCU|1|
2017-11-25_23:50:35.001|I|4175|B7F816D0|peakCCU|1|
2017-11-25_23:50:40.002|I|4175|B7F816D0|peakCCU|1|
2017-11-25_23:50:45.002|I|4175|B7F816D0|peakCCU|1|
2017-11-25_23:50:50.001|I|4175|B7F816D0|peakCCU|1|
2017-11-25_23:50:55.001|I|4175|B7F816D0|peakCCU|1|
2017-11-25_23:51:00.001|I|4175|B7F816D0|peakCCU|1|
2017-11-25_23:51:05.002|I|4175|B7F816D0|peakCCU|1|
2017-11-25_23:51:10.003|I|4175|B7F816D0|peakCCU|1|
2017-11-25_23:51:15.001|I|4175|B7F816D0|peakCCU|1|
2017-11-25_23:51:20.002|I|4175|B7F816D0|peakCCU|1|
2017-11-25_23:51:25.001|I|4175|B7F816D0|peakCCU|1|
2017-11-25_23:51:30.002|I|4175|B7F816D0|peakCCU|1|
2017-11-25_23:51:35.002|I|4175|B7F816D0|peakCCU|1|
2017-11-25_23:51:40.004|I|4175|B7F816D0|peakCCU|1|
2017-11-25_23:51:45.002|I|4175|B7F816D0|peakCCU|1|
2017-11-25_23:51:50.002|I|4175|B7F816D0|peakCCU|1|
2017-11-25_23:51:55.001|I|4175|B7F816D0|peakCCU|1|
2017-11-25_23:52:00.003|I|4175|B7F816D0|peakCCU|1|
2017-11-25_23:52:05.003|I|4175|B7F816D0|peakCCU|1|
2017-11-25_23:52:10.002|I|4175|B7F816D0|peakCCU|1|
2017-11-25_23:52:15.001|I|4175|B7F816D0|peakCCU|1|
2017-11-25_23:52:20.002|I|4175|B7F816D0|peakCCU|1|
2017-11-25_23:52:25.001|I|4175|B7F816D0|peakCCU|1|
2017-11-25_23:52:30.002|I|4175|B7F816D0|peakCCU|1|
2017-11-25_23:52:35.002|I|4175|B7F816D0|peakCCU|1|
2017-11-25_23:52:40.002|I|4175|B7F816D0|peakCCU|1|
2017-11-25_23:52:45.001|I|4175|B7F816D0|peakCCU|1|
2017-11-25_23:52:50.002|I|4175|B7F816D0|peakCCU|1|
2017-11-25_23:52:55.002|I|4175|B7F816D0|peakCCU|1|
2017-11-25_23:53:00.001|I|4175|B7F816D0|peakCCU|1|
2017-11-25_23:53:05.002|I|4175|B7F816D0|peakCCU|1|
2017-11-25_23:53:10.002|I|4175|B7F816D0|peakCCU|1|
2017-11-25_23:53:15.001|I|4175|B7F816D0|peakCCU|1|
2017-11-25_23:53:20.001|I|4175|B7F816D0|peakCCU|1|
2017-11-25_23:53:25.002|I|4175|B7F816D0|peakCCU|1|
2017-11-25_23:53:30.002|I|4175|B7F816D0|peakCCU|1|
2017-11-25_23:53:35.002|I|4175|B7F816D0|peakCCU|1|
2017-11-25_23:53:40.001|I|4175|B7F816D0|peakCCU|1|
2017-11-25_23:53:45.002|I|4175|B7F816D0|peakCCU|1|
2017-11-25_23:53:50.001|I|4175|B7F816D0|peakCCU|1|
2017-11-25_23:53:55.001|I|4175|B7F816D0|peakCCU|1|
2017-11-25_23:54:00.002|I|4175|B7F816D0|peakCCU|1|
2017-11-25_23:54:05.003|I|4175|B7F816D0|peakCCU|1|
2017-11-25_23:54:10.002|I|4175|B7F816D0|peakCCU|1|
2017-11-25_23:54:15.002|I|4175|B7F816D0|peakCCU|1|
2017-11-25_23:54:20.002|I|4175|B7F816D0|peakCCU|1|
2017-11-25_23:54:25.001|I|4175|B7F816D0|peakCCU|1|
2017-11-25_23:54:30.003|I|4175|B7F816D0|peakCCU|1|
2017-11-25_23:54:35.002|I|4175|B7F816D0|peakCCU|1|
2017-11-25_23:54:40.002|I|4175|B7F816D0|peakCCU|1|
2017-11-25_23:54:45.001|I|4175|B7F816D0|peakCCU|1|
2017-11-25_23:54:50.002|I|4175|B7F816D0|peakCCU|1|
2017-11-25_23:54:55.002|I|4175|B7F816D0|peakCCU|1|
2017-11-25_23:55:00.002|I|4175|B7F816D0|peakCCU|1|
2017-11-25_23:55:00.002|I|4175|B7F816D0|onlineUserCount|1|
2017-11-25_23:55:05.002|I|4175|B7F816D0|peakCCU|1|
2017-11-25_23:55:10.001|I|4175|B7F816D0|peakCCU|1|
2017-11-25_23:55:15.001|I|4175|B7F816D0|peakCCU|1|
2017-11-25_23:55:20.002|I|4175|B7F816D0|peakCCU|1|
2017-11-25_23:55:25.003|I|4175|B7F816D0|peakCCU|1|
2017-11-25_23:55:30.001|I|4175|B7F816D0|peakCCU|1|
2017-11-25_23:55:35.002|I|4175|B7F816D0|peakCCU|1|
2017-11-25_23:55:40.002|I|4175|B7F816D0|peakCCU|1|
2017-11-25_23:55:45.002|I|4175|B7F816D0|peakCCU|1|
2017-11-25_23:55:50.001|I|4175|B7F816D0|peakCCU|1|
2017-11-25_23:55:55.003|I|4175|B7F816D0|peakCCU|1|
2017-11-25_23:56:00.002|I|4175|B7F816D0|peakCCU|1|
2017-11-25_23:56:05.002|I|4175|B7F816D0|peakCCU|1|
2017-11-25_23:56:10.002|I|4175|B7F816D0|peakCCU|1|
2017-11-25_23:56:15.002|I|4175|B7F816D0|peakCCU|1|
2017-11-25_23:56:20.001|I|4175|B7F816D0|peakCCU|1|
2017-11-25_23:56:25.002|I|4175|B7F816D0|peakCCU|1|
2017-11-25_23:56:30.001|I|4175|B7F816D0|peakCCU|1|
2017-11-25_23:56:35.002|I|4175|B7F816D0|peakCCU|1|
2017-11-25_23:56:40.001|I|4175|B7F816D0|peakCCU|1|
2017-11-25_23:56:45.002|I|4175|B7F816D0|peakCCU|1|
2017-11-25_23:56:50.000|I|4175|B7F816D0|peakCCU|1|
2017-11-25_23:56:55.002|I|4175|B7F816D0|peakCCU|1|
2017-11-25_23:57:00.003|I|4175|B7F816D0|peakCCU|1|
2017-11-25_23:57:05.002|I|4175|B7F816D0|peakCCU|1|
2017-11-25_23:57:10.002|I|4175|B7F816D0|peakCCU|1|
2017-11-25_23:57:15.001|I|4175|B7F816D0|peakCCU|1|
2017-11-25_23:57:20.001|I|4175|B7F816D0|peakCCU|1|
2017-11-25_23:57:25.002|I|4175|B7F816D0|peakCCU|1|
2017-11-25_23:57:30.002|I|4175|B7F816D0|peakCCU|1|
2017-11-25_23:57:35.001|I|4175|B7F816D0|peakCCU|1|
2017-11-25_23:57:40.001|I|4175|B7F816D0|peakCCU|1|
2017-11-25_23:57:45.001|I|4175|B7F816D0|peakCCU|1|
2017-11-25_23:57:50.002|I|4175|B7F816D0|peakCCU|1|
2017-11-25_23:57:55.002|I|4175|B7F816D0|peakCCU|1|
2017-11-25_23:58:00.001|I|4175|B7F816D0|peakCCU|1|
2017-11-25_23:58:05.002|I|4175|B7F816D0|peakCCU|1|
2017-11-25_23:58:10.002|I|4175|B7F816D0|peakCCU|1|
2017-11-25_23:58:15.002|I|4175|B7F816D0|peakCCU|1|
2017-11-25_23:58:20.000|I|4175|B7F816D0|peakCCU|1|
2017-11-25_23:58:25.002|I|4175|B7F816D0|peakCCU|1|
2017-11-25_23:58:30.002|I|4175|B7F816D0|peakCCU|1|
2017-11-25_23:58:35.002|I|4175|B7F816D0|peakCCU|1|
2017-11-25_23:58:40.002|I|4175|B7F816D0|peakCCU|1|
2017-11-25_23:58:45.001|I|4175|B7F816D0|peakCCU|1|
2017-11-25_23:58:50.001|I|4175|B7F816D0|peakCCU|1|
2017-11-25_23:58:55.003|I|4175|B7F816D0|peakCCU|1|
2017-11-25_23:59:00.002|I|4175|B7F816D0|peakCCU|1|
2017-11-25_23:59:05.001|I|4175|B7F816D0|peakCCU|1|
2017-11-25_23:59:10.001|I|4175|B7F816D0|peakCCU|1|
2017-11-25_23:59:15.002|I|4175|B7F816D0|peakCCU|1|
2017-11-25_23:59:20.001|I|4175|B7F816D0|peakCCU|1|
2017-11-25_23:59:25.001|I|4175|B7F816D0|peakCCU|1|
2017-11-25_23:59:30.001|I|4175|B7F816D0|peakCCU|1|
2017-11-25_23:59:35.002|I|4175|B7F816D0|peakCCU|1|
2017-11-25_23:59:40.002|I|4175|B7F816D0|peakCCU|1|
2017-11-25_23:59:45.002|I|4175|B7F816D0|peakCCU|1|
2017-11-25_23:59:50.002|I|4175|B7F816D0|peakCCU|1|
2017-11-25_23:59:55.002|I|4175|B7F816D0|peakCCU|1|
