2017-12-06_14:33:43.649|I|4142|B7F956D0|loadDailyTask|SUCCESS|task_name=newUserCount|ExecuteTime=1:35:0
2017-12-06_14:33:43.750|I|4142|B7F956D0|loadDailyTask|SUCCESS|task_name=statAVGCountInfo|ExecuteTime=5:5:0
2017-12-06_14:33:43.750|I|4142|B7F956D0|loadDailyTask|SUCCESS|task_name=statAvgOnlineSeconds|ExecuteTime=1:25:0
2017-12-06_14:33:43.942|I|4142|B7F956D0|newUserCount|1|
2017-12-06_14:33:44.084|I|4142|B7F956D0|statAVGCountInfo|1|
2017-12-06_14:33:44.097|I|4142|B7F956D0|statAvgOnlineSeconds|0|
2017-12-06_14:33:45.038|I|4142|B7F956D0|peakCCU|1|
2017-12-06_14:33:50.000|I|4142|B7F956D0|peakCCU|1|
2017-12-06_14:33:55.002|I|4142|B7F956D0|peakCCU|1|
2017-12-06_14:34:00.001|I|4142|B7F956D0|peakCCU|1|
2017-12-06_14:34:05.002|I|4142|B7F956D0|peakCCU|1|
2017-12-06_14:34:10.002|I|4142|B7F956D0|peakCCU|1|
2017-12-06_14:34:15.002|I|4142|B7F956D0|peakCCU|1|
2017-12-06_14:34:20.002|I|4142|B7F956D0|peakCCU|1|
2017-12-06_14:34:25.002|I|4142|B7F956D0|peakCCU|1|
2017-12-06_14:34:30.001|I|4142|B7F956D0|peakCCU|1|
2017-12-06_14:34:35.002|I|4142|B7F956D0|peakCCU|1|
2017-12-06_14:34:40.002|I|4142|B7F956D0|peakCCU|1|
2017-12-06_14:34:45.002|I|4142|B7F956D0|peakCCU|1|
2017-12-06_14:34:50.001|I|4142|B7F956D0|peakCCU|1|
2017-12-06_14:34:55.002|I|4142|B7F956D0|peakCCU|1|
2017-12-06_14:35:00.002|I|4142|B7F956D0|peakCCU|1|
2017-12-06_14:35:00.003|I|4142|B7F956D0|onlineUserCount|1|
2017-12-06_14:35:05.001|I|4142|B7F956D0|peakCCU|1|
2017-12-06_14:35:10.001|I|4142|B7F956D0|peakCCU|1|
2017-12-06_14:35:15.003|I|4142|B7F956D0|peakCCU|1|
2017-12-06_14:35:20.002|I|4142|B7F956D0|peakCCU|1|
2017-12-06_14:35:25.001|I|4142|B7F956D0|peakCCU|1|
2017-12-06_14:35:30.001|I|4142|B7F956D0|peakCCU|1|
2017-12-06_14:35:35.002|I|4142|B7F956D0|peakCCU|1|
2017-12-06_14:35:40.001|I|4142|B7F956D0|peakCCU|1|
2017-12-06_14:35:45.002|I|4142|B7F956D0|peakCCU|1|
2017-12-06_14:35:50.001|I|4142|B7F956D0|peakCCU|1|
2017-12-06_14:35:55.001|I|4142|B7F956D0|peakCCU|1|
2017-12-06_14:36:00.001|I|4142|B7F956D0|peakCCU|1|
2017-12-06_14:36:05.003|I|4142|B7F956D0|peakCCU|1|
2017-12-06_14:36:10.001|I|4142|B7F956D0|peakCCU|1|
2017-12-06_14:36:15.001|I|4142|B7F956D0|peakCCU|1|
2017-12-06_14:36:20.001|I|4142|B7F956D0|peakCCU|1|
2017-12-06_14:36:25.003|I|4142|B7F956D0|peakCCU|1|
2017-12-06_14:36:30.002|I|4142|B7F956D0|peakCCU|1|
2017-12-06_14:36:35.002|I|4142|B7F956D0|peakCCU|1|
2017-12-06_14:36:40.003|I|4142|B7F956D0|peakCCU|1|
2017-12-06_14:36:45.001|I|4142|B7F956D0|peakCCU|1|
2017-12-06_14:36:50.047|I|4142|B7F956D0|peakCCU|0|
