/usr/sbin/prelink -av -mR
Assigned virtual address space slots for libraries:
/lib/ld-linux.so.2                                           003b7000-003d3670
/usr/lib/libaio.so.1                                         003d6000-003d778c
/lib/libsysSp.so                                             003d6000-003d82e0
/lib/libc.so.6                                               003db000-005375c4
/lib/libdl.so.2                                              0053a000-0053e078
/lib/libpthread.so.0                                         00541000-0055a1e4
/lib/libm.so.6                                               0055d000-00585070
/lib/libselinux.so.1                                         00284000-0029bb60
/lib/libsepol.so.1                                           005a2000-005e7960
/lib/libz.so.1                                               005ea000-005fcab0
/lib/librt.so.1                                              005ff000-0060722c
/usr/lib/libplc4.so                                          00776000-007791c8
/usr/lib/libnssutil3.so                                      0077c000-0079a3fc
/usr/lib/libnspr4.so                                         0073a000-00773e00
/usr/lib/libnss3.so                                          0060a000-007317f8
/usr/lib/libplds4.so                                         00734000-00737220
/lib/libcrypt.so.1                                           0060a000-0063b13c
/lib/libgcc_s.so.1                                           0079d000-007a8c64
/usr/lib/libsmime3.so                                        0079d000-007c3f88
/usr/lib/libpopt.so.0                                        007ab000-007b2c90
/lib/libglib-2.0.so.0                                        0063e000-006dbdec
/lib/libaudit.so.0                                           0055d000-0057511c
/usr/lib/libssl3.so                                          00578000-005b21b0
/lib/libkeyutils.so.1                                        003d6000-003d83f8
/lib/libgobject-2.0.so.0                                     006de000-0071cec4
/lib/libresolv.so.2                                          007d3000-007e78c8
/usr/lib/libjpeg.so.62                                       00588000-005a977c
/lib/libcom_err.so.2                                         007ea000-007ec40c
/lib/libpam.so.0                                             007c6000-007d0380
/lib/libgmodule-2.0.so.0                                     003d6000-003d8210
/lib/libnsl.so.1                                             0071f000-007377c8
/usr/lib/libstdc++.so.6                                      0060a000-006f4cb8
/lib/libcrypto.so.6                                          007ef000-0092fe00
/usr/lib/libtiff.so.3                                        005ff000-00657ea4
/usr/lib/libncurses.so.5                                     0073a000-00782904
/lib/libdevmapper.so.1.02                                    0029e000-002c6908
/lib/libattr.so.1                                            005ea000-005ee2a0
/usr/lib/libgettextlib-0.17.so                               0060a000-0071e954
/usr/lib/librpmio-4.4.so                                     007b5000-00838ee0
/lib/libpam_misc.so.0                                        00578000-0057ac8c
/usr/lib/libbz2.so.1                                         0083b000-0084be08
/usr/lib/libsqlite3.so.0                                     00981000-009df2e0
/usr/lib/libelf.so.1                                         00968000-0097e0b8
/lib/libexpat.so.0                                           0077b000-0079b7fc
/usr/lib/librpmdb-4.4.so                                     0084e000-00965620
/lib/libpcre.so.0                                            00390000-003afe18
/usr/lib/libk5crypto.so.3                                    0029e000-002c4dc0
/usr/lib/libkrb5.so.3                                        002c7000-0035d188
/usr/lib/libkrb5support.so.0                                 00578000-00580944
/lib/libcap.so.1                                             0060a000-0060d574
/usr/lib/libgettextsrc-0.17.so                               00588000-005c1f3c
/lib/libacl.so.1                                             005f1000-005f7980
/lib/libproc-3.2.7.so                                        00541000-00561a58
/usr/lib/libuser.so.1                                        0071f000-00734f84
/usr/lib/libncursesw.so.5                                    00588000-005d89e4
/usr/lib/libbfd-2.17.50.0.6-20.el5_8.3.so                    0053a000-005ecb70
/usr/lib/libgssapi_krb5.so.2                                 00360000-0038dd9c
/lib/libuuid.so.1                                            00541000-00545340
/usr/lib/libfontconfig.so.1                                  00afa000-00b28d64
/usr/lib/libfreetype.so.6                                    00932000-009b1f88
/usr/lib/libecryptfs.so.0                                    005b5000-005d1dec
/lib/libssl.so.6                                             0063e000-006879c8
/usr/lib/libXdmcp.so.6                                       005dc000-005e13d4
/lib/libblkid.so.1                                           002c9000-002d2b80
/usr/lib/libX11.so.6                                         009f5000-00af7f58
/lib/libdbus-1.so.3                                          0073a000-00778480
/usr/lib/libgdk_pixbuf-2.0.so.0                              00610000-00626534
/usr/lib/libXau.so.6                                         005e4000-005e6a24
/usr/lib/libreadline.so.5                                    006f7000-0072aaf4
/lib/libext2fs.so.2                                          005ea000-00606818
/lib/libe2p.so.2                                             00554000-00559bf0
/usr/lib/libXrender.so.1                                     00629000-006314a8
/usr/lib/libpango-1.0.so.0                                   009b4000-009f284c
/lib/libiw.so.28                                             0053a000-00541844
/usr/lib/libpangoft2-1.0.so.0                                00b2b000-00b577a4
/usr/lib/libXext.so.6                                        00c68000-00c7785c
/usr/lib/libpng12.so.0                                       00c2a000-00c4fcd4
/usr/lib/libgdk-x11-2.0.so.0                                 00b5a000-00be66ec
/usr/lib/libxml2.so.2                                        007b5000-008e7774
/usr/lib/libcairo.so.2                                       00cd4000-00d41e38
/usr/lib/libatk-1.0.so.0                                     00bf9000-00c1476c
/usr/lib/libXcursor.so.1                                     00c17000-00c20acc
/usr/lib/libidn.so.11                                        005ff000-0062fd10
/usr/lib/libXi.so.6                                          00634000-0063bee0
/usr/lib/librpm-4.4.so                                       0029e000-0032e9a0
/usr/lib/libXfixes.so.3                                      00c23000-00c27938
/usr/lib/libpangocairo-1.0.so.0                              0079e000-007a6a04
/usr/lib/libXinerama.so.1                                    00c52000-00c545dc
/usr/lib/libXrandr.so.2                                      00c62000-00c65500
/usr/lib/libgtk-x11-2.0.so.0                                 066f6000-06a8eac0
/lib/libutil.so.1                                            00785000-0078808c
/usr/lib/libORBit-2.so.0                                     00c7a000-00cd1db4
/lib/libgthread-2.0.so.0                                     00922000-00926460
/usr/lib/libgconf-2.so.4                                     008ea000-0091fb0c
/lib/libtermcap.so.2                                         00541000-005448e8
/usr/lib/libapol.so.3                                        0029e000-002cbf24
/usr/lib/libslang.so.2                                       00588000-006575a8
/usr/lib/libnuma.so.1                                        0053a000-0053e448
/usr/lib/libcurl.so.3                                        0068a000-006c5e7c
/usr/lib/libnewt.so.0.52                                     00541000-00552ea8
/lib/libdevmapper-event.so.1.02                              002c9000-002ce32c
/usr/lib/libqpol.so.1                                        002ce000-003535e4
/usr/lib/libgpg-error.so.0                                   0055d000-005608b4
/usr/lib/libsysfs.so.2                                       005ea000-005f5390
/usr/lib/libgpm.so.1                                         005fa000-005ffae0
/usr/lib/libsasl2.so.2                                       00551000-00569868
/usr/lib/libgcrypt.so.11                                     007c6000-00846cac
/lib/libdb-4.3.so                                            005ff000-006f677c
/usr/lib/libusb-0.1.so.4                                     0055d000-005645fc
/usr/lib/libcrack.so.2                                       0053a000-00545480
/usr/lib/libdbus-glib-1.so.2                                 007b5000-007d29e4
/usr/lib/perl5/5.8.8/i386-linux-thread-multi/CORE/libperl.so 007ea000-0091b760
/lib/libwrap.so.0                                            0055d000-00564dbc
/usr/lib/libSM.so.6                                          00835000-0083de10
/usr/lib/libtcl8.4.so                                        00588000-00647d64
/usr/lib/libparted-1.8.so.0                                  002c9000-00335d6c
/usr/lib/libICE.so.6                                         007d9000-007f2810
/lib/security/pam_ccreds.so                                  0057d000-00581598
/lib/libdmraid.so.1.0.0.rc13-17                              002d1000-00307ea0
/usr/lib/libldap-2.3.so.0                                    0068a000-006c3f2c
/usr/lib/libpangox-1.0.so.0                                  00613000-0061d55c
/usr/lib/libpcsclite.so.1                                    0055d000-00566f84
/usr/lib/libfipscheck.so.1                                   003d6000-003d7f7c
/usr/lib/libstartup-notification-1.so.0                      0082a000-008323c4
/usr/lib/libXpm.so.4                                         00541000-0055139c
/usr/lib/librpmbuild-4.4.so                                  00331000-0036251c
/usr/lib/libexpat21.so.1                                     009f5000-00a1582c
/usr/lib/libXt.so.6                                          00554000-005ab754
/usr/lib/libaspell.so.15                                     007ab000-0086dac0
/usr/lib/libutempter.so.0                                    003d6000-003d7d64
/usr/lib/libpcreposix.so.0                                   0073a000-0073bf68
/usr/lib/libpangoxft-1.0.so.0                                0074f000-00755f7c
/lib/libss.so.2                                              00609000-0060e628
/usr/lib/liblber-2.3.so.0                                    00541000-0054e7ac
/usr/lib/liboddjob.so.0                                      0053a000-00541610
/usr/lib/libkrb4.so.2                                        00366000-00382cbc
/usr/lib/libXft.so.2                                         0073a000-0074c4a0
/usr/lib/libsefs.so.3                                        00356000-003a5e88
/usr/lib/libnotify.so.1                                      007a9000-007af38c
/usr/lib/libgomp.so.1                                        005c4000-005d3328
/usr/lib/libpoldiff.so.1                                     00356000-0036e50c
/usr/lib/libtspi.so.1                                        00d44000-00db66ec
/usr/lib/libmagic.so.1                                       0053a000-005486e8
/usr/lib/libopcodes-2.17.50.0.6-20.el5_8.3.so                005ef000-0061baf4
/usr/lib/libwnck-1.so.18                                     007f5000-00827cf0
/usr/lib/libdes425.so.3                                      00360000-00363650
/usr/lib/libXRes.so.1                                        007d5000-007d61bc
/usr/lib/libpython2.4.so.1.0                                 00588000-006a3f70
/usr/lib/liblftp-tasks.so.0                                  007ea000-00861564
/usr/lib/liblftp-jobs.so.0                                   00588000-005c7d98
/usr/sbin/prelink: Could not prelink /usr/bin/pk11install because its dependency /usr/lib/libsoftokn3.so could not be prelinked
