This file contains any messages produced by compilers while
running configure, to aid debugging if configure makes a mistake.

It was created by configure, which was
generated by GNU Autoconf 2.59.  Invocation command line was

  $ ./configure --prefix=/usr/local/libiconv

## --------- ##
## Platform. ##
## --------- ##

hostname = test.erating.db.gg.com.br
uname -m = i686
uname -r = 2.6.18-348.1.1.el5
uname -s = Linux
uname -v = #1 SMP Tue Jan 22 16:24:03 EST 2013

/usr/bin/uname -p = unknown
/bin/uname -X     = unknown

/bin/arch              = i686
/usr/bin/arch -k       = unknown
/usr/convex/getsysinfo = unknown
hostinfo               = unknown
/bin/machine           = unknown
/usr/bin/oslevel       = unknown
/bin/universe          = unknown

PATH: /usr/kerberos/sbin
PATH: /usr/kerberos/bin
PATH: /usr/local/sbin
PATH: /usr/local/bin
PATH: /sbin
PATH: /bin
PATH: /usr/sbin
PATH: /usr/bin
PATH: /root/bin


## ----------- ##
## Core tests. ##
## ----------- ##

configure:1548: checking for a BSD-compatible install
configure:1603: result: /usr/bin/install -c
configure:1614: checking whether build environment is sane
configure:1657: result: yes
configure:1722: checking for gawk
configure:1738: found /bin/gawk
configure:1748: result: gawk
configure:1758: checking whether make sets $(MAKE)
configure:1778: result: yes
configure:1948: checking whether make sets $(MAKE)
configure:1968: result: yes
configure:2028: checking for gcc
configure:2044: found /usr/bin/gcc
configure:2054: result: gcc
configure:2298: checking for C compiler version
configure:2301: gcc --version </dev/null >&5
gcc (GCC) 4.1.2 20080704 (Red Hat 4.1.2-54)
Copyright (C) 2006 Free Software Foundation, Inc.
This is free software; see the source for copying conditions.  There is NO
warranty; not even for MERCHANTABILITY or FITNESS FOR A PARTICULAR PURPOSE.

configure:2304: $? = 0
configure:2306: gcc -v </dev/null >&5
Using built-in specs.
Target: i386-redhat-linux
Configured with: ../configure --prefix=/usr --mandir=/usr/share/man --infodir=/usr/share/info --enable-shared --enable-threads=posix --enable-checking=release --with-system-zlib --enable-__cxa_atexit --disable-libunwind-exceptions --enable-libgcj-multifile --enable-languages=c,c++,objc,obj-c++,java,fortran,ada --enable-java-awt=gtk --disable-dssi --disable-plugin --with-java-home=/usr/lib/jvm/java-1.4.2-gcj-1.4.2.0/jre --with-cpu=generic --host=i386-redhat-linux
Thread model: posix
gcc version 4.1.2 20080704 (Red Hat 4.1.2-54)
configure:2309: $? = 0
configure:2311: gcc -V </dev/null >&5
gcc: '-V' option must have argument
configure:2314: $? = 1
configure:2337: checking for C compiler default output file name
configure:2340: gcc    conftest.c  >&5
configure:2343: $? = 0
configure:2389: result: a.out
configure:2394: checking whether the C compiler works
configure:2400: ./a.out
configure:2403: $? = 0
configure:2420: result: yes
configure:2427: checking whether we are cross compiling
configure:2429: result: no
configure:2432: checking for suffix of executables
configure:2434: gcc -o conftest    conftest.c  >&5
configure:2437: $? = 0
configure:2462: result: 
configure:2468: checking for suffix of object files
configure:2489: gcc -c   conftest.c >&5
configure:2492: $? = 0
configure:2514: result: o
configure:2518: checking whether we are using the GNU C compiler
configure:2542: gcc -c   conftest.c >&5
configure:2548: $? = 0
configure:2552: test -z 
			 || test ! -s conftest.err
configure:2555: $? = 0
configure:2558: test -s conftest.o
configure:2561: $? = 0
configure:2574: result: yes
configure:2580: checking whether gcc accepts -g
configure:2601: gcc -c -g  conftest.c >&5
configure:2607: $? = 0
configure:2611: test -z 
			 || test ! -s conftest.err
configure:2614: $? = 0
configure:2617: test -s conftest.o
configure:2620: $? = 0
configure:2631: result: yes
configure:2648: checking for gcc option to accept ANSI C
configure:2718: gcc  -c -g -O2  conftest.c >&5
configure:2724: $? = 0
configure:2728: test -z 
			 || test ! -s conftest.err
configure:2731: $? = 0
configure:2734: test -s conftest.o
configure:2737: $? = 0
configure:2755: result: none needed
configure:2773: gcc -c -g -O2  conftest.c >&5
conftest.c:2: error: expected '=', ',', ';', 'asm' or '__attribute__' before 'me'
configure:2779: $? = 1
configure: failed program was:
| #ifndef __cplusplus
|   choke me
| #endif
configure:2923: checking for style of include used by make
configure:2951: result: GNU
configure:2979: checking dependency style of gcc
configure:3069: result: none
configure:3091: checking how to run the C preprocessor
configure:3126: gcc -E  conftest.c
configure:3132: $? = 0
configure:3164: gcc -E  conftest.c
conftest.c:11:28: error: ac_nonexistent.h: No such file or directory
configure:3170: $? = 1
configure: failed program was:
| /* confdefs.h.  */
| 
| #define PACKAGE_NAME ""
| #define PACKAGE_TARNAME ""
| #define PACKAGE_VERSION ""
| #define PACKAGE_STRING ""
| #define PACKAGE_BUGREPORT ""
| #define PACKAGE "libiconv"
| #define VERSION "1.10"
| /* end confdefs.h.  */
| #include <ac_nonexistent.h>
configure:3209: result: gcc -E
configure:3233: gcc -E  conftest.c
configure:3239: $? = 0
configure:3271: gcc -E  conftest.c
conftest.c:11:28: error: ac_nonexistent.h: No such file or directory
configure:3277: $? = 1
configure: failed program was:
| /* confdefs.h.  */
| 
| #define PACKAGE_NAME ""
| #define PACKAGE_TARNAME ""
| #define PACKAGE_VERSION ""
| #define PACKAGE_STRING ""
| #define PACKAGE_BUGREPORT ""
| #define PACKAGE "libiconv"
| #define VERSION "1.10"
| /* end confdefs.h.  */
| #include <ac_nonexistent.h>
configure:3322: checking for egrep
configure:3332: result: grep -E
configure:3338: checking whether gcc needs -traditional
configure:3380: result: no
configure:3400: checking for a BSD-compatible install
configure:3455: result: /usr/bin/install -c
configure:3474: checking build system type
configure:3492: result: i686-pc-linux-gnu
configure:3500: checking host system type
configure:3514: result: i686-pc-linux-gnu
configure:3548: checking for ld used by GCC
configure:3612: result: /usr/bin/ld
configure:3621: checking if the linker (/usr/bin/ld) is GNU ld
configure:3634: result: yes
configure:3640: checking for shared library path variable
configure:3653: result: LD_LIBRARY_PATH
configure:3658: checking whether to activate relocatable installation
configure:3673: result: no
configure:3805: checking for ranlib
configure:3821: found /usr/bin/ranlib
configure:3832: result: ranlib
configure:3844: checking how to copy files
configure:3860: result: cp -p
configure:3864: checking how to make hard links
configure:3880: result: ln
configure:3884: checking whether ln -s works
configure:3888: result: yes
configure:3913: checking for AIX
configure:3935: result: no
configure:3941: checking for ANSI C header files
configure:3966: gcc -c -g -O2  conftest.c >&5
configure:3972: $? = 0
configure:3976: test -z 
			 || test ! -s conftest.err
configure:3979: $? = 0
configure:3982: test -s conftest.o
configure:3985: $? = 0
configure:4074: gcc -o conftest -g -O2   conftest.c  >&5
conftest.c: In function 'main':
conftest.c:31: warning: incompatible implicit declaration of built-in function 'exit'
configure:4077: $? = 0
configure:4079: ./conftest
configure:4082: $? = 0
configure:4097: result: yes
configure:4121: checking for sys/types.h
configure:4137: gcc -c -g -O2  conftest.c >&5
configure:4143: $? = 0
configure:4147: test -z 
			 || test ! -s conftest.err
configure:4150: $? = 0
configure:4153: test -s conftest.o
configure:4156: $? = 0
configure:4167: result: yes
configure:4121: checking for sys/stat.h
configure:4137: gcc -c -g -O2  conftest.c >&5
configure:4143: $? = 0
configure:4147: test -z 
			 || test ! -s conftest.err
configure:4150: $? = 0
configure:4153: test -s conftest.o
configure:4156: $? = 0
configure:4167: result: yes
configure:4121: checking for stdlib.h
configure:4137: gcc -c -g -O2  conftest.c >&5
configure:4143: $? = 0
configure:4147: test -z 
			 || test ! -s conftest.err
configure:4150: $? = 0
configure:4153: test -s conftest.o
configure:4156: $? = 0
configure:4167: result: yes
configure:4121: checking for string.h
configure:4137: gcc -c -g -O2  conftest.c >&5
configure:4143: $? = 0
configure:4147: test -z 
			 || test ! -s conftest.err
configure:4150: $? = 0
configure:4153: test -s conftest.o
configure:4156: $? = 0
configure:4167: result: yes
configure:4121: checking for memory.h
configure:4137: gcc -c -g -O2  conftest.c >&5
configure:4143: $? = 0
configure:4147: test -z 
			 || test ! -s conftest.err
configure:4150: $? = 0
configure:4153: test -s conftest.o
configure:4156: $? = 0
configure:4167: result: yes
configure:4121: checking for strings.h
configure:4137: gcc -c -g -O2  conftest.c >&5
configure:4143: $? = 0
configure:4147: test -z 
			 || test ! -s conftest.err
configure:4150: $? = 0
configure:4153: test -s conftest.o
configure:4156: $? = 0
configure:4167: result: yes
configure:4121: checking for inttypes.h
configure:4137: gcc -c -g -O2  conftest.c >&5
configure:4143: $? = 0
configure:4147: test -z 
			 || test ! -s conftest.err
configure:4150: $? = 0
configure:4153: test -s conftest.o
configure:4156: $? = 0
configure:4167: result: yes
configure:4121: checking for stdint.h
configure:4137: gcc -c -g -O2  conftest.c >&5
configure:4143: $? = 0
configure:4147: test -z 
			 || test ! -s conftest.err
configure:4150: $? = 0
configure:4153: test -s conftest.o
configure:4156: $? = 0
configure:4167: result: yes
configure:4121: checking for unistd.h
configure:4137: gcc -c -g -O2  conftest.c >&5
configure:4143: $? = 0
configure:4147: test -z 
			 || test ! -s conftest.err
configure:4150: $? = 0
configure:4153: test -s conftest.o
configure:4156: $? = 0
configure:4167: result: yes
configure:4189: checking minix/config.h usability
configure:4201: gcc -c -g -O2  conftest.c >&5
conftest.c:58:26: error: minix/config.h: No such file or directory
configure:4207: $? = 1
configure: failed program was:
| /* confdefs.h.  */
| 
| #define PACKAGE_NAME ""
| #define PACKAGE_TARNAME ""
| #define PACKAGE_VERSION ""
| #define PACKAGE_STRING ""
| #define PACKAGE_BUGREPORT ""
| #define PACKAGE "libiconv"
| #define VERSION "1.10"
| #define INSTALLPREFIX "/usr/local/libiconv"
| #define _GNU_SOURCE 1
| #define __EXTENSIONS__ 1
| #define STDC_HEADERS 1
| #define HAVE_SYS_TYPES_H 1
| #define HAVE_SYS_STAT_H 1
| #define HAVE_STDLIB_H 1
| #define HAVE_STRING_H 1
| #define HAVE_MEMORY_H 1
| #define HAVE_STRINGS_H 1
| #define HAVE_INTTYPES_H 1
| #define HAVE_STDINT_H 1
| #define HAVE_UNISTD_H 1
| /* end confdefs.h.  */
| #include <stdio.h>
| #if HAVE_SYS_TYPES_H
| # include <sys/types.h>
| #endif
| #if HAVE_SYS_STAT_H
| # include <sys/stat.h>
| #endif
| #if STDC_HEADERS
| # include <stdlib.h>
| # include <stddef.h>
| #else
| # if HAVE_STDLIB_H
| #  include <stdlib.h>
| # endif
| #endif
| #if HAVE_STRING_H
| # if !STDC_HEADERS && HAVE_MEMORY_H
| #  include <memory.h>
| # endif
| # include <string.h>
| #endif
| #if HAVE_STRINGS_H
| # include <strings.h>
| #endif
| #if HAVE_INTTYPES_H
| # include <inttypes.h>
| #else
| # if HAVE_STDINT_H
| #  include <stdint.h>
| # endif
| #endif
| #if HAVE_UNISTD_H
| # include <unistd.h>
| #endif
| #include <minix/config.h>
configure:4230: result: no
configure:4234: checking minix/config.h presence
configure:4244: gcc -E  conftest.c
conftest.c:24:26: error: minix/config.h: No such file or directory
configure:4250: $? = 1
configure: failed program was:
| /* confdefs.h.  */
| 
| #define PACKAGE_NAME ""
| #define PACKAGE_TARNAME ""
| #define PACKAGE_VERSION ""
| #define PACKAGE_STRING ""
| #define PACKAGE_BUGREPORT ""
| #define PACKAGE "libiconv"
| #define VERSION "1.10"
| #define INSTALLPREFIX "/usr/local/libiconv"
| #define _GNU_SOURCE 1
| #define __EXTENSIONS__ 1
| #define STDC_HEADERS 1
| #define HAVE_SYS_TYPES_H 1
| #define HAVE_SYS_STAT_H 1
| #define HAVE_STDLIB_H 1
| #define HAVE_STRING_H 1
| #define HAVE_MEMORY_H 1
| #define HAVE_STRINGS_H 1
| #define HAVE_INTTYPES_H 1
| #define HAVE_STDINT_H 1
| #define HAVE_UNISTD_H 1
| /* end confdefs.h.  */
| #include <minix/config.h>
configure:4270: result: no
configure:4305: checking for minix/config.h
configure:4312: result: no
configure:4341: checking for library containing strerror
configure:4371: gcc -o conftest -g -O2   conftest.c  >&5
configure:4377: $? = 0
configure:4381: test -z 
			 || test ! -s conftest.err
configure:4384: $? = 0
configure:4387: test -s conftest
configure:4390: $? = 0
configure:4460: result: none required
configure:4548: checking for a sed that does not truncate output
configure:4602: result: /bin/sed
configure:4616: checking for ld used by gcc
configure:4683: result: /usr/bin/ld
configure:4692: checking if the linker (/usr/bin/ld) is GNU ld
configure:4707: result: yes
configure:4712: checking for /usr/bin/ld option to reload object files
configure:4719: result: -r
configure:4737: checking for BSD-compatible nm
configure:4779: result: /usr/bin/nm -B
configure:4783: checking how to recognise dependent libraries
configure:4955: result: pass_all
configure:5417: checking dlfcn.h usability
configure:5429: gcc -c -g -O2  conftest.c >&5
configure:5435: $? = 0
configure:5439: test -z 
			 || test ! -s conftest.err
configure:5442: $? = 0
configure:5445: test -s conftest.o
configure:5448: $? = 0
configure:5458: result: yes
configure:5462: checking dlfcn.h presence
configure:5472: gcc -E  conftest.c
configure:5478: $? = 0
configure:5498: result: yes
configure:5533: checking for dlfcn.h
configure:5540: result: yes
configure:5605: checking for g++
configure:5621: found /usr/bin/g++
configure:5631: result: g++
configure:5647: checking for C++ compiler version
configure:5650: g++ --version </dev/null >&5
g++ (GCC) 4.1.2 20080704 (Red Hat 4.1.2-54)
Copyright (C) 2006 Free Software Foundation, Inc.
This is free software; see the source for copying conditions.  There is NO
warranty; not even for MERCHANTABILITY or FITNESS FOR A PARTICULAR PURPOSE.

configure:5653: $? = 0
configure:5655: g++ -v </dev/null >&5
Using built-in specs.
Target: i386-redhat-linux
Configured with: ../configure --prefix=/usr --mandir=/usr/share/man --infodir=/usr/share/info --enable-shared --enable-threads=posix --enable-checking=release --with-system-zlib --enable-__cxa_atexit --disable-libunwind-exceptions --enable-libgcj-multifile --enable-languages=c,c++,objc,obj-c++,java,fortran,ada --enable-java-awt=gtk --disable-dssi --disable-plugin --with-java-home=/usr/lib/jvm/java-1.4.2-gcj-1.4.2.0/jre --with-cpu=generic --host=i386-redhat-linux
Thread model: posix
gcc version 4.1.2 20080704 (Red Hat 4.1.2-54)
configure:5658: $? = 0
configure:5660: g++ -V </dev/null >&5
g++: '-V' option must have argument
configure:5663: $? = 1
configure:5666: checking whether we are using the GNU C++ compiler
configure:5690: g++ -c   conftest.cc >&5
configure:5696: $? = 0
configure:5700: test -z 
			 || test ! -s conftest.err
configure:5703: $? = 0
configure:5706: test -s conftest.o
configure:5709: $? = 0
configure:5722: result: yes
configure:5728: checking whether g++ accepts -g
configure:5749: g++ -c -g  conftest.cc >&5
configure:5755: $? = 0
configure:5759: test -z 
			 || test ! -s conftest.err
configure:5762: $? = 0
configure:5765: test -s conftest.o
configure:5768: $? = 0
configure:5779: result: yes
configure:5821: g++ -c -g -O2  conftest.cc >&5
configure:5827: $? = 0
configure:5831: test -z 
			 || test ! -s conftest.err
configure:5834: $? = 0
configure:5837: test -s conftest.o
configure:5840: $? = 0
configure:5866: g++ -c -g -O2  conftest.cc >&5
conftest.cc: In function 'int main()':
conftest.cc:29: error: 'exit' was not declared in this scope
configure:5872: $? = 1
configure: failed program was:
| /* confdefs.h.  */
| 
| #define PACKAGE_NAME ""
| #define PACKAGE_TARNAME ""
| #define PACKAGE_VERSION ""
| #define PACKAGE_STRING ""
| #define PACKAGE_BUGREPORT ""
| #define PACKAGE "libiconv"
| #define VERSION "1.10"
| #define INSTALLPREFIX "/usr/local/libiconv"
| #define _GNU_SOURCE 1
| #define __EXTENSIONS__ 1
| #define STDC_HEADERS 1
| #define HAVE_SYS_TYPES_H 1
| #define HAVE_SYS_STAT_H 1
| #define HAVE_STDLIB_H 1
| #define HAVE_STRING_H 1
| #define HAVE_MEMORY_H 1
| #define HAVE_STRINGS_H 1
| #define HAVE_INTTYPES_H 1
| #define HAVE_STDINT_H 1
| #define HAVE_UNISTD_H 1
| #define HAVE_DLFCN_H 1
| /* end confdefs.h.  */
| 
| int
| main ()
| {
| exit (42);
|   ;
|   return 0;
| }
configure:5821: g++ -c -g -O2  conftest.cc >&5
configure:5827: $? = 0
configure:5831: test -z 
			 || test ! -s conftest.err
configure:5834: $? = 0
configure:5837: test -s conftest.o
configure:5840: $? = 0
configure:5866: g++ -c -g -O2  conftest.cc >&5
configure:5872: $? = 0
configure:5876: test -z 
			 || test ! -s conftest.err
configure:5879: $? = 0
configure:5882: test -s conftest.o
configure:5885: $? = 0
configure:5910: checking dependency style of g++
configure:6000: result: none
configure:6027: checking how to run the C++ preprocessor
configure:6058: g++ -E  conftest.cc
configure:6064: $? = 0
configure:6096: g++ -E  conftest.cc
conftest.cc:28:28: error: ac_nonexistent.h: No such file or directory
configure:6102: $? = 1
configure: failed program was:
| /* confdefs.h.  */
| 
| #define PACKAGE_NAME ""
| #define PACKAGE_TARNAME ""
| #define PACKAGE_VERSION ""
| #define PACKAGE_STRING ""
| #define PACKAGE_BUGREPORT ""
| #define PACKAGE "libiconv"
| #define VERSION "1.10"
| #define INSTALLPREFIX "/usr/local/libiconv"
| #define _GNU_SOURCE 1
| #define __EXTENSIONS__ 1
| #define STDC_HEADERS 1
| #define HAVE_SYS_TYPES_H 1
| #define HAVE_SYS_STAT_H 1
| #define HAVE_STDLIB_H 1
| #define HAVE_STRING_H 1
| #define HAVE_MEMORY_H 1
| #define HAVE_STRINGS_H 1
| #define HAVE_INTTYPES_H 1
| #define HAVE_STDINT_H 1
| #define HAVE_UNISTD_H 1
| #define HAVE_DLFCN_H 1
| #ifdef __cplusplus
| extern "C" void std::exit (int) throw (); using std::exit;
| #endif
| /* end confdefs.h.  */
| #include <ac_nonexistent.h>
configure:6141: result: g++ -E
configure:6165: g++ -E  conftest.cc
configure:6171: $? = 0
configure:6203: g++ -E  conftest.cc
conftest.cc:28:28: error: ac_nonexistent.h: No such file or directory
configure:6209: $? = 1
configure: failed program was:
| /* confdefs.h.  */
| 
| #define PACKAGE_NAME ""
| #define PACKAGE_TARNAME ""
| #define PACKAGE_VERSION ""
| #define PACKAGE_STRING ""
| #define PACKAGE_BUGREPORT ""
| #define PACKAGE "libiconv"
| #define VERSION "1.10"
| #define INSTALLPREFIX "/usr/local/libiconv"
| #define _GNU_SOURCE 1
| #define __EXTENSIONS__ 1
| #define STDC_HEADERS 1
| #define HAVE_SYS_TYPES_H 1
| #define HAVE_SYS_STAT_H 1
| #define HAVE_STDLIB_H 1
| #define HAVE_STRING_H 1
| #define HAVE_MEMORY_H 1
| #define HAVE_STRINGS_H 1
| #define HAVE_INTTYPES_H 1
| #define HAVE_STDINT_H 1
| #define HAVE_UNISTD_H 1
| #define HAVE_DLFCN_H 1
| #ifdef __cplusplus
| extern "C" void std::exit (int) throw (); using std::exit;
| #endif
| /* end confdefs.h.  */
| #include <ac_nonexistent.h>
configure:6306: checking for g77
configure:6335: result: no
configure:6306: checking for f77
configure:6335: result: no
configure:6306: checking for xlf
configure:6335: result: no
configure:6306: checking for frt
configure:6335: result: no
configure:6306: checking for pgf77
configure:6335: result: no
configure:6306: checking for fort77
configure:6335: result: no
configure:6306: checking for fl32
configure:6335: result: no
configure:6306: checking for af77
configure:6335: result: no
configure:6306: checking for f90
configure:6335: result: no
configure:6306: checking for xlf90
configure:6335: result: no
configure:6306: checking for pgf90
configure:6335: result: no
configure:6306: checking for epcf90
configure:6335: result: no
configure:6306: checking for f95
configure:6335: result: no
configure:6306: checking for fort
configure:6335: result: no
configure:6306: checking for xlf95
configure:6335: result: no
configure:6306: checking for ifc
configure:6335: result: no
configure:6306: checking for efc
configure:6335: result: no
configure:6306: checking for pgf95
configure:6335: result: no
configure:6306: checking for lf95
configure:6335: result: no
configure:6306: checking for gfortran
configure:6335: result: no
configure:6347: checking for Fortran 77 compiler version
configure:6350:  --version </dev/null >&5
./configure: line 6351: --version: command not found
configure:6353: $? = 127
configure:6355:  -v </dev/null >&5
./configure: line 6356: -v: command not found
configure:6358: $? = 127
configure:6360:  -V </dev/null >&5
./configure: line 6361: -V: command not found
configure:6363: $? = 127
configure:6371: checking whether we are using the GNU Fortran 77 compiler
configure:6385:  -c  conftest.F >&5
./configure: line 6386: -c: command not found
configure:6391: $? = 127
configure: failed program was:
|       program main
| #ifndef __GNUC__
|        choke me
| #endif
| 
|       end
configure:6417: result: no
configure:6423: checking whether  accepts -g
configure:6435:  -c -g conftest.f >&5
./configure: line 6436: -c: command not found
configure:6441: $? = 127
configure: failed program was:
|       program main
| 
|       end
configure:6466: result: no
configure:6496: checking the maximum length of command line arguments
configure:6575: result: 32768
configure:6586: checking command to parse /usr/bin/nm -B output from gcc object
configure:6682: gcc -c -g -O2  conftest.c >&5
configure:6685: $? = 0
configure:6689: /usr/bin/nm -B conftest.o \| sed -n -e 's/^.*[ 	]\([ABCDGIRSTW][ABCDGIRSTW]*\)[ 	][ 	]*\(\)\([_A-Za-z][_A-Za-z0-9]*\)$/\1 \2\3 \3/p' \> conftest.nm
configure:6692: $? = 0
configure:6744: gcc -o conftest -g -O2   conftest.c conftstm.o >&5
configure:6747: $? = 0
configure:6785: result: ok
configure:6789: checking for objdir
configure:6804: result: .libs
configure:6894: checking for ar
configure:6910: found /usr/bin/ar
configure:6921: result: ar
configure:6974: checking for ranlib
configure:7001: result: ranlib
configure:7054: checking for strip
configure:7070: found /usr/bin/strip
configure:7081: result: strip
configure:7345: checking if gcc static flag  works
configure:7368: result: yes
configure:7390: checking if gcc supports -fno-rtti -fno-exceptions
configure:7408: gcc -c -g -O2  -fno-rtti -fno-exceptions conftest.c >&5
cc1: warning: command line option "-fno-rtti" is valid for C++/ObjC++ but not for C
configure:7412: $? = 0
configure:7423: result: no
configure:7438: checking for gcc option to produce PIC
configure:7628: result: -fPIC
configure:7636: checking if gcc PIC flag -fPIC works
configure:7654: gcc -c -g -O2  -fPIC -DPIC conftest.c >&5
configure:7658: $? = 0
configure:7669: result: yes
configure:7693: checking if gcc supports -c -o file.o
configure:7714: gcc -c -g -O2  -o out/conftest2.o conftest.c >&5
configure:7718: $? = 0
configure:7738: result: yes
configure:7764: checking whether the gcc linker (/usr/bin/ld) supports shared libraries
configure:8613: result: yes
configure:8639: checking whether -lc should be explicitly linked in
configure:8644: gcc -c -g -O2  conftest.c >&5
configure:8647: $? = 0
configure:8661: gcc -shared conftest.o  -v -Wl,-soname -Wl,conftest -o conftest 2\>\&1 \| grep  -lc  \>/dev/null 2\>\&1
configure:8664: $? = 0
configure:8676: result: no
configure:8684: checking dynamic linker characteristics
configure:9225: result: GNU/Linux ld.so
configure:9229: checking how to hardcode library paths into programs
configure:9254: result: immediate
configure:9268: checking whether stripping libraries is possible
configure:9273: result: yes
configure:10103: checking if libtool supports shared libraries
configure:10105: result: yes
configure:10108: checking whether to build shared libraries
configure:10129: result: yes
configure:10132: checking whether to build static libraries
configure:10136: result: no
configure:10228: creating libtool
configure:10778: checking for ld used by g++
configure:10845: result: /usr/bin/ld
configure:10854: checking if the linker (/usr/bin/ld) is GNU ld
configure:10869: result: yes
configure:10920: checking whether the g++ linker (/usr/bin/ld) supports shared libraries
configure:11787: result: yes
configure:11809: g++ -c -g -O2  conftest.cc >&5
configure:11812: $? = 0
configure:11908: checking for g++ option to produce PIC
configure:12170: result: -fPIC
configure:12178: checking if g++ PIC flag -fPIC works
configure:12196: g++ -c -g -O2  -fPIC -DPIC conftest.cc >&5
configure:12200: $? = 0
configure:12211: result: yes
configure:12235: checking if g++ supports -c -o file.o
configure:12256: g++ -c -g -O2  -o out/conftest2.o conftest.cc >&5
configure:12260: $? = 0
configure:12280: result: yes
configure:12306: checking whether the g++ linker (/usr/bin/ld) supports shared libraries
configure:12331: result: yes
configure:12402: checking dynamic linker characteristics
configure:12943: result: GNU/Linux ld.so
configure:12947: checking how to hardcode library paths into programs
configure:12972: result: immediate
configure:12986: checking whether stripping libraries is possible
configure:12991: result: yes
configure:20277: checking for shared library run path origin
configure:20290: result: done
configure:20720: checking for iconv
configure:20747: gcc -o conftest -g -O2   conftest.c  >&5
configure:20753: $? = 0
configure:20757: test -z 
			 || test ! -s conftest.err
configure:20760: $? = 0
configure:20763: test -s conftest
configure:20766: $? = 0
configure:20832: result: yes
configure:20855: checking for iconv declaration
configure:20889: gcc -c -g -O2  conftest.c >&5
configure:20895: $? = 0
configure:20899: test -z 
			 || test ! -s conftest.err
configure:20902: $? = 0
configure:20905: test -s conftest.o
configure:20908: $? = 0
configure:20923: result: 
         extern size_t iconv (iconv_t cd, char * *inbuf, size_t *inbytesleft, char * *outbuf, size_t *outbytesleft);
configure:20947: checking whether NLS is requested
configure:20956: result: yes
configure:20994: checking for msgfmt
configure:21025: result: /usr/bin/msgfmt
configure:21034: checking for gmsgfmt
configure:21065: result: /usr/bin/msgfmt
configure:21104: checking for xgettext
configure:21135: result: /usr/bin/xgettext
configure:21175: checking for msgmerge
configure:21205: result: /usr/bin/msgmerge
configure:21256: checking whether NLS is requested
configure:21265: result: yes
configure:21283: checking for GNU gettext in libc
configure:21307: gcc -o conftest -g -O2   conftest.c  >&5
configure:21313: $? = 0
configure:21317: test -z 
			 || test ! -s conftest.err
configure:21320: $? = 0
configure:21323: test -s conftest
configure:21326: $? = 0
configure:21338: result: yes
configure:22037: checking whether to use NLS
configure:22039: result: yes
configure:22042: checking where the gettext function comes from
configure:22053: result: libc
configure:22116: checking for ANSI C header files
configure:22272: result: yes
configure:22299: checking locale.h usability
configure:22311: gcc -c -g -O2  conftest.c >&5
configure:22317: $? = 0
configure:22321: test -z 
			 || test ! -s conftest.err
configure:22324: $? = 0
configure:22327: test -s conftest.o
configure:22330: $? = 0
configure:22340: result: yes
configure:22344: checking locale.h presence
configure:22354: gcc -E  conftest.c
configure:22360: $? = 0
configure:22380: result: yes
configure:22415: checking for locale.h
configure:22422: result: yes
configure:22299: checking stddef.h usability
configure:22311: gcc -c -g -O2  conftest.c >&5
configure:22317: $? = 0
configure:22321: test -z 
			 || test ! -s conftest.err
configure:22324: $? = 0
configure:22327: test -s conftest.o
configure:22330: $? = 0
configure:22340: result: yes
configure:22344: checking stddef.h presence
configure:22354: gcc -E  conftest.c
configure:22360: $? = 0
configure:22380: result: yes
configure:22415: checking for stddef.h
configure:22422: result: yes
configure:22290: checking for stdlib.h
configure:22295: result: yes
configure:22290: checking for string.h
configure:22295: result: yes
configure:22443: checking for stdlib.h
configure:22448: result: yes
configure:22589: checking for mbstate_t
configure:22614: gcc -c -g -O2  conftest.c >&5
configure:22620: $? = 0
configure:22624: test -z 
			 || test ! -s conftest.err
configure:22627: $? = 0
configure:22630: test -s conftest.o
configure:22633: $? = 0
configure:22644: result: yes
configure:22654: checking for inttypes.h
configure:22677: gcc -c -g -O2  conftest.c >&5
configure:22683: $? = 0
configure:22687: test -z 
			 || test ! -s conftest.err
configure:22690: $? = 0
configure:22693: test -s conftest.o
configure:22696: $? = 0
configure:22708: result: yes
configure:22733: checking sys/inttypes.h usability
configure:22745: gcc -c -g -O2  conftest.c >&5
conftest.c:74:26: error: sys/inttypes.h: No such file or directory
configure:22751: $? = 1
configure: failed program was:
| /* confdefs.h.  */
| 
| #define PACKAGE_NAME ""
| #define PACKAGE_TARNAME ""
| #define PACKAGE_VERSION ""
| #define PACKAGE_STRING ""
| #define PACKAGE_BUGREPORT ""
| #define PACKAGE "libiconv"
| #define VERSION "1.10"
| #define INSTALLPREFIX "/usr/local/libiconv"
| #define _GNU_SOURCE 1
| #define __EXTENSIONS__ 1
| #define STDC_HEADERS 1
| #define HAVE_SYS_TYPES_H 1
| #define HAVE_SYS_STAT_H 1
| #define HAVE_STDLIB_H 1
| #define HAVE_STRING_H 1
| #define HAVE_MEMORY_H 1
| #define HAVE_STRINGS_H 1
| #define HAVE_INTTYPES_H 1
| #define HAVE_STDINT_H 1
| #define HAVE_UNISTD_H 1
| #define HAVE_DLFCN_H 1
| #ifdef __cplusplus
| extern "C" void std::exit (int) throw (); using std::exit;
| #endif
| #define HAVE_ICONV 1
| #define ICONV_CONST 
| #define ENABLE_NLS 1
| #define HAVE_GETTEXT 1
| #define HAVE_DCGETTEXT 1
| #define STDC_HEADERS 1
| #define HAVE_LOCALE_H 1
| #define HAVE_STDDEF_H 1
| #define HAVE_STDLIB_H 1
| #define HAVE_STRING_H 1
| #define HAVE_STDLIB_H 1
| #define HAVE_INTTYPES_H 1
| /* end confdefs.h.  */
| #include <stdio.h>
| #if HAVE_SYS_TYPES_H
| # include <sys/types.h>
| #endif
| #if HAVE_SYS_STAT_H
| # include <sys/stat.h>
| #endif
| #if STDC_HEADERS
| # include <stdlib.h>
| # include <stddef.h>
| #else
| # if HAVE_STDLIB_H
| #  include <stdlib.h>
| # endif
| #endif
| #if HAVE_STRING_H
| # if !STDC_HEADERS && HAVE_MEMORY_H
| #  include <memory.h>
| # endif
| # include <string.h>
| #endif
| #if HAVE_STRINGS_H
| # include <strings.h>
| #endif
| #if HAVE_INTTYPES_H
| # include <inttypes.h>
| #else
| # if HAVE_STDINT_H
| #  include <stdint.h>
| # endif
| #endif
| #if HAVE_UNISTD_H
| # include <unistd.h>
| #endif
| #include <sys/inttypes.h>
configure:22774: result: no
configure:22778: checking sys/inttypes.h presence
configure:22788: gcc -E  conftest.c
conftest.c:40:26: error: sys/inttypes.h: No such file or directory
configure:22794: $? = 1
configure: failed program was:
| /* confdefs.h.  */
| 
| #define PACKAGE_NAME ""
| #define PACKAGE_TARNAME ""
| #define PACKAGE_VERSION ""
| #define PACKAGE_STRING ""
| #define PACKAGE_BUGREPORT ""
| #define PACKAGE "libiconv"
| #define VERSION "1.10"
| #define INSTALLPREFIX "/usr/local/libiconv"
| #define _GNU_SOURCE 1
| #define __EXTENSIONS__ 1
| #define STDC_HEADERS 1
| #define HAVE_SYS_TYPES_H 1
| #define HAVE_SYS_STAT_H 1
| #define HAVE_STDLIB_H 1
| #define HAVE_STRING_H 1
| #define HAVE_MEMORY_H 1
| #define HAVE_STRINGS_H 1
| #define HAVE_INTTYPES_H 1
| #define HAVE_STDINT_H 1
| #define HAVE_UNISTD_H 1
| #define HAVE_DLFCN_H 1
| #ifdef __cplusplus
| extern "C" void std::exit (int) throw (); using std::exit;
| #endif
| #define HAVE_ICONV 1
| #define ICONV_CONST 
| #define ENABLE_NLS 1
| #define HAVE_GETTEXT 1
| #define HAVE_DCGETTEXT 1
| #define STDC_HEADERS 1
| #define HAVE_LOCALE_H 1
| #define HAVE_STDDEF_H 1
| #define HAVE_STDLIB_H 1
| #define HAVE_STRING_H 1
| #define HAVE_STDLIB_H 1
| #define HAVE_INTTYPES_H 1
| /* end confdefs.h.  */
| #include <sys/inttypes.h>
configure:22814: result: no
configure:22849: checking for sys/inttypes.h
configure:22856: result: no
configure:22870: checking for stdint.h
configure:22892: gcc -c -g -O2  conftest.c >&5
configure:22898: $? = 0
configure:22902: test -z 
			 || test ! -s conftest.err
configure:22905: $? = 0
configure:22908: test -s conftest.o
configure:22911: $? = 0
configure:22923: result: yes
configure:23085: checking for getc_unlocked
configure:23142: gcc -o conftest -g -O2   conftest.c  >&5
configure:23148: $? = 0
configure:23152: test -z 
			 || test ! -s conftest.err
configure:23155: $? = 0
configure:23158: test -s conftest
configure:23161: $? = 0
configure:23173: result: yes
configure:23085: checking for mbrtowc
configure:23142: gcc -o conftest -g -O2   conftest.c  >&5
configure:23148: $? = 0
configure:23152: test -z 
			 || test ! -s conftest.err
configure:23155: $? = 0
configure:23158: test -s conftest
configure:23161: $? = 0
configure:23173: result: yes
configure:23085: checking for wcrtomb
configure:23142: gcc -o conftest -g -O2   conftest.c  >&5
configure:23148: $? = 0
configure:23152: test -z 
			 || test ! -s conftest.err
configure:23155: $? = 0
configure:23158: test -s conftest
configure:23161: $? = 0
configure:23173: result: yes
configure:23085: checking for mbsinit
configure:23142: gcc -o conftest -g -O2   conftest.c  >&5
configure:23148: $? = 0
configure:23152: test -z 
			 || test ! -s conftest.err
configure:23155: $? = 0
configure:23158: test -s conftest
configure:23161: $? = 0
configure:23173: result: yes
configure:23085: checking for setlocale
configure:23142: gcc -o conftest -g -O2   conftest.c  >&5
configure:23148: $? = 0
configure:23152: test -z 
			 || test ! -s conftest.err
configure:23155: $? = 0
configure:23158: test -s conftest
configure:23161: $? = 0
configure:23173: result: yes
configure:23187: checking for memmove
configure:23244: gcc -o conftest -g -O2   conftest.c  >&5
conftest.c:70: warning: conflicting types for built-in function 'memmove'
configure:23250: $? = 0
configure:23254: test -z 
			 || test ! -s conftest.err
configure:23257: $? = 0
configure:23260: test -s conftest
configure:23263: $? = 0
configure:23275: result: yes
configure:23297: checking for nl_langinfo and CODESET
configure:23318: gcc -o conftest -g -O2   conftest.c  >&5
configure:23324: $? = 0
configure:23328: test -z 
			 || test ! -s conftest.err
configure:23331: $? = 0
configure:23334: test -s conftest
configure:23337: $? = 0
configure:23350: result: yes
configure:23377: checking wchar.h usability
configure:23389: gcc -c -g -O2  conftest.c >&5
configure:23395: $? = 0
configure:23399: test -z 
			 || test ! -s conftest.err
configure:23402: $? = 0
configure:23405: test -s conftest.o
configure:23408: $? = 0
configure:23418: result: yes
configure:23422: checking wchar.h presence
configure:23432: gcc -E  conftest.c
configure:23438: $? = 0
configure:23458: result: yes
configure:23493: checking for wchar.h
configure:23500: result: yes
configure:23514: checking for EILSEQ
configure:23945: result: yes
configure:23958: checking byte ordering
configure:23986: gcc -o conftest -g -O2   conftest.c  >&5
conftest.c: In function 'main':
conftest.c:57: warning: incompatible implicit declaration of built-in function 'exit'
configure:23989: $? = 0
configure:23991: ./conftest
configure:23994: $? = 1
configure: program exited with status 1
configure: failed program was:
| /* confdefs.h.  */
| 
| #define PACKAGE_NAME ""
| #define PACKAGE_TARNAME ""
| #define PACKAGE_VERSION ""
| #define PACKAGE_STRING ""
| #define PACKAGE_BUGREPORT ""
| #define PACKAGE "libiconv"
| #define VERSION "1.10"
| #define INSTALLPREFIX "/usr/local/libiconv"
| #define _GNU_SOURCE 1
| #define __EXTENSIONS__ 1
| #define STDC_HEADERS 1
| #define HAVE_SYS_TYPES_H 1
| #define HAVE_SYS_STAT_H 1
| #define HAVE_STDLIB_H 1
| #define HAVE_STRING_H 1
| #define HAVE_MEMORY_H 1
| #define HAVE_STRINGS_H 1
| #define HAVE_INTTYPES_H 1
| #define HAVE_STDINT_H 1
| #define HAVE_UNISTD_H 1
| #define HAVE_DLFCN_H 1
| #ifdef __cplusplus
| extern "C" void std::exit (int) throw (); using std::exit;
| #endif
| #define HAVE_ICONV 1
| #define ICONV_CONST 
| #define ENABLE_NLS 1
| #define HAVE_GETTEXT 1
| #define HAVE_DCGETTEXT 1
| #define STDC_HEADERS 1
| #define HAVE_LOCALE_H 1
| #define HAVE_STDDEF_H 1
| #define HAVE_STDLIB_H 1
| #define HAVE_STRING_H 1
| #define HAVE_STDLIB_H 1
| #define HAVE_INTTYPES_H 1
| #define HAVE_STDINT_H 1
| #define HAVE_GETC_UNLOCKED 1
| #define HAVE_MBRTOWC 1
| #define HAVE_WCRTOMB 1
| #define HAVE_MBSINIT 1
| #define HAVE_SETLOCALE 1
| #define HAVE_MEMMOVE 1
| #define HAVE_LANGINFO_CODESET 1
| #define HAVE_WCHAR_H 1
| /* end confdefs.h.  */
| int main () {
|   /* Are we little or big endian?  From Harbison&Steele.  */
|   union
|   {
|     long l;
|     char c[sizeof (long)];
|   } u;
|   u.l = 1;
|   exit (u.c[0] == 1);
| }
configure:24050: result: little endian
configure:24065: checking for working alloca.h
configure:24086: gcc -o conftest -g -O2   conftest.c  >&5
configure:24092: $? = 0
configure:24096: test -z 
			 || test ! -s conftest.err
configure:24099: $? = 0
configure:24102: test -s conftest
configure:24105: $? = 0
configure:24117: result: yes
configure:24127: checking for alloca
configure:24168: gcc -o conftest -g -O2   conftest.c  >&5
configure:24174: $? = 0
configure:24178: test -z 
			 || test ! -s conftest.err
configure:24181: $? = 0
configure:24184: test -s conftest
configure:24187: $? = 0
configure:24199: result: yes
configure:24428: checking for stdlib.h
configure:24433: result: yes
configure:24580: checking for string.h
configure:24585: result: yes
configure:24785: checking sys/param.h usability
configure:24797: gcc -c -g -O2  conftest.c >&5
configure:24803: $? = 0
configure:24807: test -z 
			 || test ! -s conftest.err
configure:24810: $? = 0
configure:24813: test -s conftest.o
configure:24816: $? = 0
configure:24826: result: yes
configure:24830: checking sys/param.h presence
configure:24840: gcc -E  conftest.c
configure:24846: $? = 0
configure:24866: result: yes
configure:24901: checking for sys/param.h
configure:24908: result: yes
configure:24928: checking for unistd.h
configure:24933: result: yes
configure:25079: checking for canonicalize_file_name
configure:25136: gcc -o conftest -g -O2   conftest.c  >&5
configure:25142: $? = 0
configure:25146: test -z 
			 || test ! -s conftest.err
configure:25149: $? = 0
configure:25152: test -s conftest
configure:25155: $? = 0
configure:25167: result: yes
configure:25309: checking whether clearerr_unlocked is declared
configure:25333: gcc -c -g -O2  conftest.c >&5
configure:25339: $? = 0
configure:25343: test -z 
			 || test ! -s conftest.err
configure:25346: $? = 0
configure:25349: test -s conftest.o
configure:25352: $? = 0
configure:25363: result: yes
configure:25383: checking whether feof_unlocked is declared
configure:25407: gcc -c -g -O2  conftest.c >&5
configure:25413: $? = 0
configure:25417: test -z 
			 || test ! -s conftest.err
configure:25420: $? = 0
configure:25423: test -s conftest.o
configure:25426: $? = 0
configure:25437: result: yes
configure:25457: checking whether ferror_unlocked is declared
configure:25481: gcc -c -g -O2  conftest.c >&5
configure:25487: $? = 0
configure:25491: test -z 
			 || test ! -s conftest.err
configure:25494: $? = 0
configure:25497: test -s conftest.o
configure:25500: $? = 0
configure:25511: result: yes
configure:25531: checking whether fflush_unlocked is declared
configure:25555: gcc -c -g -O2  conftest.c >&5
configure:25561: $? = 0
configure:25565: test -z 
			 || test ! -s conftest.err
configure:25568: $? = 0
configure:25571: test -s conftest.o
configure:25574: $? = 0
configure:25585: result: yes
configure:25605: checking whether fgets_unlocked is declared
configure:25629: gcc -c -g -O2  conftest.c >&5
configure:25635: $? = 0
configure:25639: test -z 
			 || test ! -s conftest.err
configure:25642: $? = 0
configure:25645: test -s conftest.o
configure:25648: $? = 0
configure:25659: result: yes
configure:25679: checking whether fputc_unlocked is declared
configure:25703: gcc -c -g -O2  conftest.c >&5
configure:25709: $? = 0
configure:25713: test -z 
			 || test ! -s conftest.err
configure:25716: $? = 0
configure:25719: test -s conftest.o
configure:25722: $? = 0
configure:25733: result: yes
configure:25753: checking whether fputs_unlocked is declared
configure:25777: gcc -c -g -O2  conftest.c >&5
configure:25783: $? = 0
configure:25787: test -z 
			 || test ! -s conftest.err
configure:25790: $? = 0
configure:25793: test -s conftest.o
configure:25796: $? = 0
configure:25807: result: yes
configure:25827: checking whether fread_unlocked is declared
configure:25851: gcc -c -g -O2  conftest.c >&5
configure:25857: $? = 0
configure:25861: test -z 
			 || test ! -s conftest.err
configure:25864: $? = 0
configure:25867: test -s conftest.o
configure:25870: $? = 0
configure:25881: result: yes
configure:25901: checking whether fwrite_unlocked is declared
configure:25925: gcc -c -g -O2  conftest.c >&5
configure:25931: $? = 0
configure:25935: test -z 
			 || test ! -s conftest.err
configure:25938: $? = 0
configure:25941: test -s conftest.o
configure:25944: $? = 0
configure:25955: result: yes
configure:25975: checking whether getc_unlocked is declared
configure:25999: gcc -c -g -O2  conftest.c >&5
configure:26005: $? = 0
configure:26009: test -z 
			 || test ! -s conftest.err
configure:26012: $? = 0
configure:26015: test -s conftest.o
configure:26018: $? = 0
configure:26029: result: yes
configure:26049: checking whether getchar_unlocked is declared
configure:26073: gcc -c -g -O2  conftest.c >&5
configure:26079: $? = 0
configure:26083: test -z 
			 || test ! -s conftest.err
configure:26086: $? = 0
configure:26089: test -s conftest.o
configure:26092: $? = 0
configure:26103: result: yes
configure:26123: checking whether putc_unlocked is declared
configure:26147: gcc -c -g -O2  conftest.c >&5
configure:26153: $? = 0
configure:26157: test -z 
			 || test ! -s conftest.err
configure:26160: $? = 0
configure:26163: test -s conftest.o
configure:26166: $? = 0
configure:26177: result: yes
configure:26197: checking whether putchar_unlocked is declared
configure:26221: gcc -c -g -O2  conftest.c >&5
configure:26227: $? = 0
configure:26231: test -z 
			 || test ! -s conftest.err
configure:26234: $? = 0
configure:26237: test -s conftest.o
configure:26240: $? = 0
configure:26251: result: yes
configure:26321: checking for vprintf
configure:26378: gcc -o conftest -g -O2   conftest.c  >&5
conftest.c:94: warning: conflicting types for built-in function 'vprintf'
configure:26384: $? = 0
configure:26388: test -z 
			 || test ! -s conftest.err
configure:26391: $? = 0
configure:26394: test -s conftest
configure:26397: $? = 0
configure:26409: result: yes
configure:26416: checking for _doprnt
configure:26473: gcc -o conftest -g -O2   conftest.c  >&5
/tmp/ccqQwAia.o: In function `main':
/opt/libiconv-1.10/conftest.c:110: undefined reference to `_doprnt'
/tmp/ccqQwAia.o:(.data+0x0): undefined reference to `_doprnt'
collect2: ld returned 1 exit status
configure:26479: $? = 1
configure: failed program was:
| /* confdefs.h.  */
| 
| #define PACKAGE_NAME ""
| #define PACKAGE_TARNAME ""
| #define PACKAGE_VERSION ""
| #define PACKAGE_STRING ""
| #define PACKAGE_BUGREPORT ""
| #define PACKAGE "libiconv"
| #define VERSION "1.10"
| #define INSTALLPREFIX "/usr/local/libiconv"
| #define _GNU_SOURCE 1
| #define __EXTENSIONS__ 1
| #define STDC_HEADERS 1
| #define HAVE_SYS_TYPES_H 1
| #define HAVE_SYS_STAT_H 1
| #define HAVE_STDLIB_H 1
| #define HAVE_STRING_H 1
| #define HAVE_MEMORY_H 1
| #define HAVE_STRINGS_H 1
| #define HAVE_INTTYPES_H 1
| #define HAVE_STDINT_H 1
| #define HAVE_UNISTD_H 1
| #define HAVE_DLFCN_H 1
| #ifdef __cplusplus
| extern "C" void std::exit (int) throw (); using std::exit;
| #endif
| #define HAVE_ICONV 1
| #define ICONV_CONST 
| #define ENABLE_NLS 1
| #define HAVE_GETTEXT 1
| #define HAVE_DCGETTEXT 1
| #define STDC_HEADERS 1
| #define HAVE_LOCALE_H 1
| #define HAVE_STDDEF_H 1
| #define HAVE_STDLIB_H 1
| #define HAVE_STRING_H 1
| #define HAVE_STDLIB_H 1
| #define HAVE_INTTYPES_H 1
| #define HAVE_STDINT_H 1
| #define HAVE_GETC_UNLOCKED 1
| #define HAVE_MBRTOWC 1
| #define HAVE_WCRTOMB 1
| #define HAVE_MBSINIT 1
| #define HAVE_SETLOCALE 1
| #define HAVE_MEMMOVE 1
| #define HAVE_LANGINFO_CODESET 1
| #define HAVE_WCHAR_H 1
| #define WORDS_LITTLEENDIAN 1
| #define HAVE_ALLOCA_H 1
| #define HAVE_ALLOCA 1
| #define HAVE_STDLIB_H 1
| #define HAVE_STRING_H 1
| #define HAVE_SYS_PARAM_H 1
| #define HAVE_UNISTD_H 1
| #define HAVE_CANONICALIZE_FILE_NAME 1
| #define HAVE_DECL_CLEARERR_UNLOCKED 1
| #define HAVE_DECL_FEOF_UNLOCKED 1
| #define HAVE_DECL_FERROR_UNLOCKED 1
| #define HAVE_DECL_FFLUSH_UNLOCKED 1
| #define HAVE_DECL_FGETS_UNLOCKED 1
| #define HAVE_DECL_FPUTC_UNLOCKED 1
| #define HAVE_DECL_FPUTS_UNLOCKED 1
| #define HAVE_DECL_FREAD_UNLOCKED 1
| #define HAVE_DECL_FWRITE_UNLOCKED 1
| #define HAVE_DECL_GETC_UNLOCKED 1
| #define HAVE_DECL_GETCHAR_UNLOCKED 1
| #define HAVE_DECL_PUTC_UNLOCKED 1
| #define HAVE_DECL_PUTCHAR_UNLOCKED 1
| #define HAVE_VPRINTF 1
| /* end confdefs.h.  */
| /* Define _doprnt to an innocuous variant, in case <limits.h> declares _doprnt.
|    For example, HP-UX 11i <limits.h> declares gettimeofday.  */
| #define _doprnt innocuous__doprnt
| 
| /* System header to define __stub macros and hopefully few prototypes,
|     which can conflict with char _doprnt (); below.
|     Prefer <limits.h> to <assert.h> if __STDC__ is defined, since
|     <limits.h> exists even on freestanding compilers.  */
| 
| #ifdef __STDC__
| # include <limits.h>
| #else
| # include <assert.h>
| #endif
| 
| #undef _doprnt
| 
| /* Override any gcc2 internal prototype to avoid an error.  */
| #ifdef __cplusplus
| extern "C"
| {
| #endif
| /* We use char because int might match the return type of a gcc2
|    builtin and then its argument prototype would still apply.  */
| char _doprnt ();
| /* The GNU C library defines this for functions which it implements
|     to always fail with ENOSYS.  Some functions are actually named
|     something starting with __ and the normal name is an alias.  */
| #if defined (__stub__doprnt) || defined (__stub____doprnt)
| choke me
| #else
| char (*f) () = _doprnt;
| #endif
| #ifdef __cplusplus
| }
| #endif
| 
| int
| main ()
| {
| return f != _doprnt;
|   ;
|   return 0;
| }
configure:26504: result: no
configure:26519: checking for error_at_line
configure:26540: gcc -o conftest -g -O2   conftest.c  >&5
configure:26546: $? = 0
configure:26550: test -z 
			 || test ! -s conftest.err
configure:26553: $? = 0
configure:26556: test -s conftest
configure:26559: $? = 0
configure:26571: result: yes
configure:27069: checking for stdlib.h
configure:27074: result: yes
configure:27214: checking for GNU libc compatible malloc
configure:27243: gcc -o conftest -g -O2   conftest.c  >&5
configure:27246: $? = 0
configure:27248: ./conftest
configure:27251: $? = 0
configure:27265: result: yes
configure:27290: checking for setenv
configure:27347: gcc -o conftest -g -O2   conftest.c  >&5
configure:27353: $? = 0
configure:27357: test -z 
			 || test ! -s conftest.err
configure:27360: $? = 0
configure:27363: test -s conftest
configure:27366: $? = 0
configure:27378: result: yes
configure:27290: checking for unsetenv
configure:27347: gcc -o conftest -g -O2   conftest.c  >&5
configure:27353: $? = 0
configure:27357: test -z 
			 || test ! -s conftest.err
configure:27360: $? = 0
configure:27363: test -s conftest
configure:27366: $? = 0
configure:27378: result: yes
configure:27950: checking for stdbool.h that conforms to C99
configure:28003: gcc -c -g -O2  conftest.c >&5
configure:28009: $? = 0
configure:28013: test -z 
			 || test ! -s conftest.err
configure:28016: $? = 0
configure:28019: test -s conftest.o
configure:28022: $? = 0
configure:28033: result: yes
configure:28035: checking for _Bool
configure:28059: gcc -c -g -O2  conftest.c >&5
configure:28065: $? = 0
configure:28069: test -z 
			 || test ! -s conftest.err
configure:28072: $? = 0
configure:28075: test -s conftest.o
configure:28078: $? = 0
configure:28089: result: yes
configure:28132: checking for strerror
configure:28189: gcc -o conftest -g -O2   conftest.c  >&5
configure:28195: $? = 0
configure:28199: test -z 
			 || test ! -s conftest.err
configure:28202: $? = 0
configure:28205: test -s conftest
configure:28208: $? = 0
configure:28220: result: yes
configure:28251: checking for readlink
configure:28308: gcc -o conftest -g -O2   conftest.c  >&5
configure:28314: $? = 0
configure:28318: test -z 
			 || test ! -s conftest.err
configure:28321: $? = 0
configure:28324: test -s conftest
configure:28327: $? = 0
configure:28339: result: yes
configure:28364: checking for ssize_t
configure:28385: gcc -c -g -O2  conftest.c >&5
configure:28391: $? = 0
configure:28395: test -z 
			 || test ! -s conftest.err
configure:28398: $? = 0
configure:28401: test -s conftest.o
configure:28404: $? = 0
configure:28415: result: yes
configure:28591: creating ./config.status

## ---------------------- ##
## Running config.status. ##
## ---------------------- ##

This file was extended by config.status, which was
generated by GNU Autoconf 2.59.  Invocation command line was

  CONFIG_FILES    = 
  CONFIG_HEADERS  = 
  CONFIG_LINKS    = 
  CONFIG_COMMANDS = 
  $ ./config.status 

on test.erating.db.gg.com.br

config.status:768: creating Makefile
config.status:768: creating lib/Makefile
config.status:768: creating srclib/Makefile
config.status:768: creating src/Makefile
config.status:768: creating po/Makefile.in
config.status:768: creating man/Makefile
config.status:768: creating tests/Makefile
config.status:768: creating include/iconv.h
config.status:872: creating config.h
config.status:872: creating lib/config.h
config.status:1288: executing depfiles commands
config.status:1288: executing default-1 commands
configure:30110: configuring in libcharset
configure:30227: running /bin/sh './configure' --prefix=/usr/local/libiconv  '--prefix=/usr/local/libiconv' --cache-file=/dev/null --srcdir=.

## ---------------- ##
## Cache variables. ##
## ---------------- ##

ac_cv_build=i686-pc-linux-gnu
ac_cv_build_alias=i686-pc-linux-gnu
ac_cv_c_compiler_gnu=yes
ac_cv_cxx_compiler_gnu=yes
ac_cv_decl_EILSEQ=yes
ac_cv_env_CC_set=
ac_cv_env_CC_value=
ac_cv_env_CFLAGS_set=
ac_cv_env_CFLAGS_value=
ac_cv_env_CPPFLAGS_set=
ac_cv_env_CPPFLAGS_value=
ac_cv_env_CPP_set=
ac_cv_env_CPP_value=
ac_cv_env_CXXCPP_set=
ac_cv_env_CXXCPP_value=
ac_cv_env_CXXFLAGS_set=
ac_cv_env_CXXFLAGS_value=
ac_cv_env_CXX_set=
ac_cv_env_CXX_value=
ac_cv_env_F77_set=
ac_cv_env_F77_value=
ac_cv_env_FFLAGS_set=
ac_cv_env_FFLAGS_value=
ac_cv_env_LDFLAGS_set=
ac_cv_env_LDFLAGS_value=
ac_cv_env_build_alias_set=
ac_cv_env_build_alias_value=
ac_cv_env_host_alias_set=
ac_cv_env_host_alias_value=
ac_cv_env_target_alias_set=
ac_cv_env_target_alias_value=
ac_cv_exeext=
ac_cv_f77_compiler_gnu=no
ac_cv_func__doprnt=no
ac_cv_func_alloca_works=yes
ac_cv_func_canonicalize_file_name=yes
ac_cv_func_getc_unlocked=yes
ac_cv_func_malloc_0_nonnull=yes
ac_cv_func_mbrtowc=yes
ac_cv_func_mbsinit=yes
ac_cv_func_memmove=yes
ac_cv_func_readlink=yes
ac_cv_func_setenv=yes
ac_cv_func_setlocale=yes
ac_cv_func_strerror=yes
ac_cv_func_unsetenv=yes
ac_cv_func_vprintf=yes
ac_cv_func_wcrtomb=yes
ac_cv_have_decl_clearerr_unlocked=yes
ac_cv_have_decl_feof_unlocked=yes
ac_cv_have_decl_ferror_unlocked=yes
ac_cv_have_decl_fflush_unlocked=yes
ac_cv_have_decl_fgets_unlocked=yes
ac_cv_have_decl_fputc_unlocked=yes
ac_cv_have_decl_fputs_unlocked=yes
ac_cv_have_decl_fread_unlocked=yes
ac_cv_have_decl_fwrite_unlocked=yes
ac_cv_have_decl_getc_unlocked=yes
ac_cv_have_decl_getchar_unlocked=yes
ac_cv_have_decl_putc_unlocked=yes
ac_cv_have_decl_putchar_unlocked=yes
ac_cv_header_dlfcn_h=yes
ac_cv_header_inttypes_h=yes
ac_cv_header_locale_h=yes
ac_cv_header_memory_h=yes
ac_cv_header_minix_config_h=no
ac_cv_header_stdbool_h=yes
ac_cv_header_stdc=yes
ac_cv_header_stddef_h=yes
ac_cv_header_stdint_h=yes
ac_cv_header_stdlib_h=yes
ac_cv_header_string_h=yes
ac_cv_header_strings_h=yes
ac_cv_header_sys_inttypes_h=no
ac_cv_header_sys_param_h=yes
ac_cv_header_sys_stat_h=yes
ac_cv_header_sys_types_h=yes
ac_cv_header_unistd_h=yes
ac_cv_header_wchar_h=yes
ac_cv_host=i686-pc-linux-gnu
ac_cv_host_alias=i686-pc-linux-gnu
ac_cv_objext=o
ac_cv_path_GMSGFMT=/usr/bin/msgfmt
ac_cv_path_MSGFMT=/usr/bin/msgfmt
ac_cv_path_MSGMERGE=/usr/bin/msgmerge
ac_cv_path_XGETTEXT=/usr/bin/xgettext
ac_cv_path_install='/usr/bin/install -c'
ac_cv_prog_AWK=gawk
ac_cv_prog_CPP='gcc -E'
ac_cv_prog_CXXCPP='g++ -E'
ac_cv_prog_ac_ct_AR=ar
ac_cv_prog_ac_ct_CC=gcc
ac_cv_prog_ac_ct_CXX=g++
ac_cv_prog_ac_ct_RANLIB=ranlib
ac_cv_prog_ac_ct_STRIP=strip
ac_cv_prog_cc_g=yes
ac_cv_prog_cc_stdc=
ac_cv_prog_cxx_g=yes
ac_cv_prog_egrep='grep -E'
ac_cv_prog_f77_g=no
ac_cv_prog_gcc_traditional=no
ac_cv_prog_make_make_set=yes
ac_cv_search_strerror='none required'
ac_cv_type__Bool=yes
ac_cv_type_mbstate_t=yes
ac_cv_working_alloca_h=yes
acl_cv_hardcode_direct=no
acl_cv_hardcode_libdir_flag_spec='${wl}-rpath ${wl}$libdir'
acl_cv_hardcode_libdir_separator=
acl_cv_hardcode_minus_L=no
acl_cv_libext=a
acl_cv_libpath=LD_LIBRARY_PATH
acl_cv_path_LD=/usr/bin/ld
acl_cv_prog_gnu_ld=yes
acl_cv_rpath=done
acl_cv_shlibext=so
acl_cv_shlibpath_var=LD_LIBRARY_PATH
acl_cv_wl=-Wl,
am_cv_CC_dependencies_compiler_type=none
am_cv_CXX_dependencies_compiler_type=none
am_cv_func_iconv=yes
am_cv_langinfo_codeset=yes
am_cv_lib_error_at_line=yes
am_cv_lib_iconv=no
am_cv_proto_iconv='extern size_t iconv (iconv_t cd, char * *inbuf, size_t *inbytesleft, char * *outbuf, size_t *outbytesleft);'
am_cv_proto_iconv_arg1=
cl_cv_prog_LN=ln
cl_cv_prog_cp='cp -p'
cl_cv_sys_endian='little endian'
gl_cv_func_malloc_0_nonnull=1
gl_cv_header_stdint_h=yes
gt_cv_func_gnugettext1_libc=yes
gt_cv_header_inttypes_h=yes
gt_cv_ssize_t=yes
lt_cv_deplibs_check_method=pass_all
lt_cv_file_magic_cmd='$MAGIC_CMD'
lt_cv_file_magic_test_file=
lt_cv_ld_reload_flag=-r
lt_cv_objdir=.libs
lt_cv_path_LD=/usr/bin/ld
lt_cv_path_LDCXX=/usr/bin/ld
lt_cv_path_NM='/usr/bin/nm -B'
lt_cv_path_SED=/bin/sed
lt_cv_prog_compiler_c_o=yes
lt_cv_prog_compiler_c_o_CXX=yes
lt_cv_prog_compiler_rtti_exceptions=no
lt_cv_prog_gnu_ld=yes
lt_cv_prog_gnu_ldcxx=yes
lt_cv_sys_global_symbol_pipe='sed -n -e '\''s/^.*[ 	]\([ABCDGIRSTW][ABCDGIRSTW]*\)[ 	][ 	]*\(\)\([_A-Za-z][_A-Za-z0-9]*\)$/\1 \2\3 \3/p'\'''
lt_cv_sys_global_symbol_to_c_name_address='sed -n -e '\''s/^: \([^ ]*\) $/  {\"\1\", (lt_ptr) 0},/p'\'' -e '\''s/^[BCDEGRST] \([^ ]*\) \([^ ]*\)$/  {"\2", (lt_ptr) \&\2},/p'\'''
lt_cv_sys_global_symbol_to_cdecl='sed -n -e '\''s/^. .* \(.*\)$/extern int \1;/p'\'''
lt_cv_sys_max_cmd_len=32768
lt_lt_cv_prog_compiler_c_o='"yes"'
lt_lt_cv_prog_compiler_c_o_CXX='"yes"'
lt_lt_cv_sys_global_symbol_pipe='"sed -n -e '\''s/^.*[ 	]\\([ABCDGIRSTW][ABCDGIRSTW]*\\)[ 	][ 	]*\\(\\)\\([_A-Za-z][_A-Za-z0-9]*\\)\$/\\1 \\2\\3 \\3/p'\''"'
lt_lt_cv_sys_global_symbol_to_c_name_address='"sed -n -e '\''s/^: \\([^ ]*\\) \$/  {\\\"\\1\\\", (lt_ptr) 0},/p'\'' -e '\''s/^[BCDEGRST] \\([^ ]*\\) \\([^ ]*\\)\$/  {\"\\2\", (lt_ptr) \\&\\2},/p'\''"'
lt_lt_cv_sys_global_symbol_to_cdecl='"sed -n -e '\''s/^. .* \\(.*\\)\$/extern int \\1;/p'\''"'

## ----------------- ##
## Output variables. ##
## ----------------- ##

ACLOCAL='${SHELL} /opt/libiconv-1.10/build-aux/missing --run aclocal-1.9'
ALLOCA=''
ALLOCA_H='alloca.h'
AMDEPBACKSLASH='\'
AMDEP_FALSE='#'
AMDEP_TRUE=''
AMTAR='${SHELL} /opt/libiconv-1.10/build-aux/missing --run tar'
AR='ar'
AS='as'
AUTOCONF='${SHELL} /opt/libiconv-1.10/build-aux/missing --run autoconf'
AUTOHEADER='${SHELL} /opt/libiconv-1.10/build-aux/missing --run autoheader'
AUTOMAKE='${SHELL} /opt/libiconv-1.10/build-aux/missing --run automake-1.9'
AWK='gawk'
CC='gcc'
CCDEPMODE='depmode=none'
CFLAGS='-g -O2'
CP='cp -p'
CPP='gcc -E'
CPPFLAGS=''
CXX='g++'
CXXCPP='g++ -E'
CXXDEPMODE='depmode=none'
CXXFLAGS='-g -O2'
CYGPATH_W='echo'
DEFS='-DHAVE_CONFIG_H'
DEPDIR='.deps'
DLLTOOL='dlltool'
ECHO='echo'
ECHO_C=''
ECHO_N='-n'
ECHO_T=''
EGREP='grep -E'
EILSEQ=''
EXEEXT=''
F77=''
FFLAGS=''
GCC='yes'
GMSGFMT='/usr/bin/msgfmt'
HAVE_LONG_64BIT=''
HAVE_LONG_LONG_64BIT=''
HAVE__BOOL='1'
ICONV_CONST=''
INSTALL_DATA='${INSTALL} -m 644'
INSTALL_PROGRAM='${INSTALL}'
INSTALL_SCRIPT='${INSTALL}'
INSTALL_STRIP_PROGRAM='${SHELL} $(install_sh) -c -s'
INTLLIBS=''
LDFLAGS=''
LIBICONV=''
LIBINTL=''
LIBOBJS=''
LIBS=''
LIBTOOL='$(SHELL) $(top_builddir)/libtool'
LN='ln'
LN_S='ln -s'
LTLIBICONV=''
LTLIBINTL=''
LTLIBOBJS=''
MAKEINFO='${SHELL} /opt/libiconv-1.10/build-aux/missing --run makeinfo'
MKINSTALLDIRS='$(top_builddir)/build-aux/mkinstalldirs'
MSGFMT='/usr/bin/msgfmt'
MSGMERGE='/usr/bin/msgmerge'
OBJDUMP='objdump'
OBJEXT='o'
OS='linux'
PACKAGE='libiconv'
PACKAGE_BUGREPORT=''
PACKAGE_NAME=''
PACKAGE_STRING=''
PACKAGE_TARNAME=''
PACKAGE_VERSION=''
PATH_SEPARATOR=':'
PLUGLIB='preloadable_libiconv.so'
POSUB='po'
RANLIB='ranlib'
RELOCATABLE='no'
RELOCATABLE_VIA_LD_FALSE=''
RELOCATABLE_VIA_LD_TRUE='#'
SET_MAKE=''
SET_RELOCATABLE=''
SHELL='/bin/sh'
STDBOOL_H=''
STDINT_H=''
STRIP='strip'
USE_EXTRA_ENCODINGS='no'
USE_NLS='yes'
VERSION='1.10'
XGETTEXT='/usr/bin/xgettext'
ac_ct_AR='ar'
ac_ct_AS=''
ac_ct_CC='gcc'
ac_ct_CXX='g++'
ac_ct_DLLTOOL=''
ac_ct_F77=''
ac_ct_OBJDUMP=''
ac_ct_RANLIB='ranlib'
ac_ct_STRIP='strip'
am__fastdepCC_FALSE=''
am__fastdepCC_TRUE='#'
am__fastdepCXX_FALSE=''
am__fastdepCXX_TRUE='#'
am__include='include'
am__leading_dot='.'
am__quote=''
am__tar='${AMTAR} chof - "$$tardir"'
am__untar='${AMTAR} xf -'
bindir='${exec_prefix}/bin'
build='i686-pc-linux-gnu'
build_alias=''
build_cpu='i686'
build_os='linux-gnu'
build_vendor='pc'
datadir='${prefix}/share'
exec_prefix='${prefix}'
host='i686-pc-linux-gnu'
host_alias=''
host_cpu='i686'
host_os='linux-gnu'
host_vendor='pc'
includedir='${prefix}/include'
infodir='${prefix}/info'
install_sh='/opt/libiconv-1.10/build-aux/install-sh'
libdir='${exec_prefix}/lib'
libexecdir='${exec_prefix}/libexec'
localstatedir='${prefix}/var'
mandir='${datadir}/man'
mkdir_p='mkdir -p --'
oldincludedir='/usr/include'
prefix='/usr/local/libiconv'
program_transform_name='s,x,x,'
sbindir='${exec_prefix}/sbin'
sharedstatedir='${prefix}/com'
subdirs=' libcharset'
sysconfdir='${prefix}/etc'
target_alias=''

## ----------- ##
## confdefs.h. ##
## ----------- ##

#define ENABLE_NLS 1
#define HAVE_ALLOCA 1
#define HAVE_ALLOCA_H 1
#define HAVE_CANONICALIZE_FILE_NAME 1
#define HAVE_DCGETTEXT 1
#define HAVE_DECL_CLEARERR_UNLOCKED 1
#define HAVE_DECL_FEOF_UNLOCKED 1
#define HAVE_DECL_FERROR_UNLOCKED 1
#define HAVE_DECL_FFLUSH_UNLOCKED 1
#define HAVE_DECL_FGETS_UNLOCKED 1
#define HAVE_DECL_FPUTC_UNLOCKED 1
#define HAVE_DECL_FPUTS_UNLOCKED 1
#define HAVE_DECL_FREAD_UNLOCKED 1
#define HAVE_DECL_FWRITE_UNLOCKED 1
#define HAVE_DECL_GETCHAR_UNLOCKED 1
#define HAVE_DECL_GETC_UNLOCKED 1
#define HAVE_DECL_PUTCHAR_UNLOCKED 1
#define HAVE_DECL_PUTC_UNLOCKED 1
#define HAVE_DLFCN_H 1
#define HAVE_ERROR_AT_LINE 1
#define HAVE_GETC_UNLOCKED 1
#define HAVE_GETTEXT 1
#define HAVE_ICONV 1
#define HAVE_INTTYPES_H 1
#define HAVE_INTTYPES_H 1
#define HAVE_LANGINFO_CODESET 1
#define HAVE_LOCALE_H 1
#define HAVE_MBRTOWC 1
#define HAVE_MBSINIT 1
#define HAVE_MEMMOVE 1
#define HAVE_MEMORY_H 1
#define HAVE_READLINK 1
#define HAVE_SETENV 1
#define HAVE_SETLOCALE 1
#define HAVE_STDBOOL_H 1
#define HAVE_STDDEF_H 1
#define HAVE_STDINT_H 1
#define HAVE_STDINT_H 1
#define HAVE_STDLIB_H 1
#define HAVE_STDLIB_H 1
#define HAVE_STDLIB_H 1
#define HAVE_STDLIB_H 1
#define HAVE_STDLIB_H 1
#define HAVE_STRERROR 1
#define HAVE_STRINGS_H 1
#define HAVE_STRING_H 1
#define HAVE_STRING_H 1
#define HAVE_STRING_H 1
#define HAVE_SYS_PARAM_H 1
#define HAVE_SYS_STAT_H 1
#define HAVE_SYS_TYPES_H 1
#define HAVE_UNISTD_H 1
#define HAVE_UNISTD_H 1
#define HAVE_UNSETENV 1
#define HAVE_VPRINTF 1
#define HAVE_WCHAR_H 1
#define HAVE_WCRTOMB 1
#define HAVE__BOOL 1
#define ICONV_CONST 
#define INSTALLPREFIX "/usr/local/libiconv"
#define MALLOC_0_IS_NONNULL 1
#define PACKAGE "libiconv"
#define PACKAGE_BUGREPORT ""
#define PACKAGE_NAME ""
#define PACKAGE_STRING ""
#define PACKAGE_TARNAME ""
#define PACKAGE_VERSION ""
#define STDC_HEADERS 1
#define STDC_HEADERS 1
#define VERSION "1.10"
#define WORDS_LITTLEENDIAN 1
#define _GNU_SOURCE 1
#define __EXTENSIONS__ 1
#endif
#ifdef __cplusplus
extern "C" void std::exit (int) throw (); using std::exit;

configure: exit 0
