This file contains any messages produced by compilers while
running configure, to aid debugging if configure makes a mistake.

It was created by configure, which was
generated by GNU Autoconf 2.67.  Invocation command line was

  $ ./configure --prefix=/usr/local/apache2.2.23 --enable-so --enable-modules=all --enable-mods-shared=all --enable-cache --enable-file-cache --enable-mem-cache --enable-disk-cache --enable-static-support --enable-static-htpasswd --enable-static-htdigest --enable-static-rotatelogs --enable-static-logresolve --enable-static-htdbm --enable-static-ab --enable-static-checkgid --enable-mod_cgi --with-apr=/usr/local/apr/ --with-apr-util=/usr/local/apr-util/ --enable-proxy --enable-proxy-connect --enable-proxy-ftp --enable-proxy-http --enable-proxy-scgi --enable-proxy-ajp

## --------- ##
## Platform. ##
## --------- ##

hostname = test.erating.db.gg.com.br
uname -m = i686
uname -r = 2.6.18-348.1.1.el5
uname -s = Linux
uname -v = #1 SMP Tue Jan 22 16:24:03 EST 2013

/usr/bin/uname -p = unknown
/bin/uname -X     = unknown

/bin/arch              = i686
/usr/bin/arch -k       = unknown
/usr/convex/getsysinfo = unknown
/usr/bin/hostinfo      = unknown
/bin/machine           = unknown
/usr/bin/oslevel       = unknown
/bin/universe          = unknown

PATH: /usr/kerberos/sbin
PATH: /usr/kerberos/bin
PATH: /usr/local/sbin
PATH: /usr/local/bin
PATH: /sbin
PATH: /bin
PATH: /usr/sbin
PATH: /usr/bin
PATH: /root/bin


## ----------- ##
## Core tests. ##
## ----------- ##

configure:2793: checking for chosen layout
configure:2795: result: Apache
configure:3598: checking for working mkdir -p
configure:3614: result: yes
configure:3629: checking build system type
configure:3643: result: i686-pc-linux-gnu
configure:3663: checking host system type
configure:3676: result: i686-pc-linux-gnu
configure:3696: checking target system type
configure:3709: result: i686-pc-linux-gnu
configure:3780: checking for APR
configure:3859: result: yes
configure:4132: checking for APR-util
configure:4211: result: yes
configure:4453: checking for gcc
configure:4480: result: gcc
configure:4709: checking for C compiler version
configure:4718: gcc --version >&5
gcc (GCC) 4.1.2 20080704 (Red Hat 4.1.2-54)
Copyright (C) 2006 Free Software Foundation, Inc.
This is free software; see the source for copying conditions.  There is NO
warranty; not even for MERCHANTABILITY or FITNESS FOR A PARTICULAR PURPOSE.

configure:4729: $? = 0
configure:4718: gcc -v >&5
Using built-in specs.
Target: i386-redhat-linux
Configured with: ../configure --prefix=/usr --mandir=/usr/share/man --infodir=/usr/share/info --enable-shared --enable-threads=posix --enable-checking=release --with-system-zlib --enable-__cxa_atexit --disable-libunwind-exceptions --enable-libgcj-multifile --enable-languages=c,c++,objc,obj-c++,java,fortran,ada --enable-java-awt=gtk --disable-dssi --disable-plugin --with-java-home=/usr/lib/jvm/java-1.4.2-gcj-1.4.2.0/jre --with-cpu=generic --host=i386-redhat-linux
Thread model: posix
gcc version 4.1.2 20080704 (Red Hat 4.1.2-54)
configure:4729: $? = 0
configure:4718: gcc -V >&5
gcc: '-V' option must have argument
configure:4729: $? = 1
configure:4718: gcc -qversion >&5
gcc: unrecognized option '-qversion'
gcc: no input files
configure:4729: $? = 1
configure:4749: checking whether the C compiler works
configure:4771: gcc  -g -O2 -pthread  -DLINUX=2 -D_REENTRANT -D_GNU_SOURCE -D_LARGEFILE64_SOURCE   conftest.c  >&5
configure:4775: $? = 0
configure:4823: result: yes
configure:4826: checking for C compiler default output file name
configure:4828: result: a.out
configure:4834: checking for suffix of executables
configure:4841: gcc -o conftest  -g -O2 -pthread  -DLINUX=2 -D_REENTRANT -D_GNU_SOURCE -D_LARGEFILE64_SOURCE   conftest.c  >&5
configure:4845: $? = 0
configure:4867: result: 
configure:4889: checking whether we are cross compiling
configure:4897: gcc -o conftest  -g -O2 -pthread  -DLINUX=2 -D_REENTRANT -D_GNU_SOURCE -D_LARGEFILE64_SOURCE   conftest.c  >&5
configure:4901: $? = 0
configure:4908: ./conftest
configure:4912: $? = 0
configure:4927: result: no
configure:4932: checking for suffix of object files
configure:4954: gcc -c  -g -O2 -pthread  -DLINUX=2 -D_REENTRANT -D_GNU_SOURCE -D_LARGEFILE64_SOURCE conftest.c >&5
configure:4958: $? = 0
configure:4979: result: o
configure:4983: checking whether we are using the GNU C compiler
configure:5002: gcc -c  -g -O2 -pthread  -DLINUX=2 -D_REENTRANT -D_GNU_SOURCE -D_LARGEFILE64_SOURCE conftest.c >&5
configure:5002: $? = 0
configure:5011: result: yes
configure:5020: checking whether gcc accepts -g
configure:5040: gcc -c -g  -DLINUX=2 -D_REENTRANT -D_GNU_SOURCE -D_LARGEFILE64_SOURCE conftest.c >&5
configure:5040: $? = 0
configure:5081: result: yes
configure:5098: checking for gcc option to accept ISO C89
configure:5162: gcc  -c  -g -O2 -pthread  -DLINUX=2 -D_REENTRANT -D_GNU_SOURCE -D_LARGEFILE64_SOURCE conftest.c >&5
configure:5162: $? = 0
configure:5175: result: none needed
configure:5200: checking how to run the C preprocessor
configure:5270: result: gcc -E
configure:5290: gcc -E  -DLINUX=2 -D_REENTRANT -D_GNU_SOURCE -D_LARGEFILE64_SOURCE conftest.c
configure:5290: $? = 0
configure:5304: gcc -E  -DLINUX=2 -D_REENTRANT -D_GNU_SOURCE -D_LARGEFILE64_SOURCE conftest.c
conftest.c:9:28: error: ac_nonexistent.h: No such file or directory
configure:5304: $? = 1
configure: failed program was:
| /* confdefs.h */
| #define PACKAGE_NAME ""
| #define PACKAGE_TARNAME ""
| #define PACKAGE_VERSION ""
| #define PACKAGE_STRING ""
| #define PACKAGE_BUGREPORT ""
| #define PACKAGE_URL ""
| /* end confdefs.h.  */
| #include <ac_nonexistent.h>
configure:5451: Configuring PCRE regular expression library
configure:5923: checking for rm
configure:5941: found /bin/rm
configure:5953: result: /bin/rm
configure:5963: checking for pkg-config
configure:5981: found /usr/bin/pkg-config
configure:5993: result: /usr/bin/pkg-config
configure:6003: checking for rsync
configure:6021: found /usr/bin/rsync
configure:6033: result: /usr/bin/rsync
configure:6045: checking for gawk
configure:6061: found /bin/gawk
configure:6072: result: gawk
configure:6083: checking whether ln -s works
configure:6087: result: yes
configure:6137: checking for ranlib
configure:6153: found /usr/bin/ranlib
configure:6164: result: ranlib
configure:6190: checking for lynx
configure:6220: result: no
configure:6190: checking for links
configure:6220: result: no
configure:6190: checking for elinks
configure:6220: result: no
configure:6245: checking for grep that handles long lines and -e
configure:6303: result: /bin/grep
configure:6308: checking for egrep
configure:6370: result: /bin/grep -E
configure:6375: checking for ANSI C header files
configure:6395: gcc -c  -g -O2 -pthread  -DLINUX=2 -D_REENTRANT -D_GNU_SOURCE -D_LARGEFILE64_SOURCE conftest.c >&5
configure:6395: $? = 0
configure:6468: gcc -o conftest  -g -O2 -pthread  -DLINUX=2 -D_REENTRANT -D_GNU_SOURCE -D_LARGEFILE64_SOURCE   conftest.c  >&5
configure:6468: $? = 0
configure:6468: ./conftest
configure:6468: $? = 0
configure:6479: result: yes
configure:6492: checking for sys/types.h
configure:6492: gcc -c  -g -O2 -pthread  -DLINUX=2 -D_REENTRANT -D_GNU_SOURCE -D_LARGEFILE64_SOURCE conftest.c >&5
configure:6492: $? = 0
configure:6492: result: yes
configure:6492: checking for sys/stat.h
configure:6492: gcc -c  -g -O2 -pthread  -DLINUX=2 -D_REENTRANT -D_GNU_SOURCE -D_LARGEFILE64_SOURCE conftest.c >&5
configure:6492: $? = 0
configure:6492: result: yes
configure:6492: checking for stdlib.h
configure:6492: gcc -c  -g -O2 -pthread  -DLINUX=2 -D_REENTRANT -D_GNU_SOURCE -D_LARGEFILE64_SOURCE conftest.c >&5
configure:6492: $? = 0
configure:6492: result: yes
configure:6492: checking for string.h
configure:6492: gcc -c  -g -O2 -pthread  -DLINUX=2 -D_REENTRANT -D_GNU_SOURCE -D_LARGEFILE64_SOURCE conftest.c >&5
configure:6492: $? = 0
configure:6492: result: yes
configure:6492: checking for memory.h
configure:6492: gcc -c  -g -O2 -pthread  -DLINUX=2 -D_REENTRANT -D_GNU_SOURCE -D_LARGEFILE64_SOURCE conftest.c >&5
configure:6492: $? = 0
configure:6492: result: yes
configure:6492: checking for strings.h
configure:6492: gcc -c  -g -O2 -pthread  -DLINUX=2 -D_REENTRANT -D_GNU_SOURCE -D_LARGEFILE64_SOURCE conftest.c >&5
configure:6492: $? = 0
configure:6492: result: yes
configure:6492: checking for inttypes.h
configure:6492: gcc -c  -g -O2 -pthread  -DLINUX=2 -D_REENTRANT -D_GNU_SOURCE -D_LARGEFILE64_SOURCE conftest.c >&5
configure:6492: $? = 0
configure:6492: result: yes
configure:6492: checking for stdint.h
configure:6492: gcc -c  -g -O2 -pthread  -DLINUX=2 -D_REENTRANT -D_GNU_SOURCE -D_LARGEFILE64_SOURCE conftest.c >&5
configure:6492: $? = 0
configure:6492: result: yes
configure:6492: checking for unistd.h
configure:6492: gcc -c  -g -O2 -pthread  -DLINUX=2 -D_REENTRANT -D_GNU_SOURCE -D_LARGEFILE64_SOURCE conftest.c >&5
configure:6492: $? = 0
configure:6492: result: yes
configure:6505: checking minix/config.h usability
configure:6505: gcc -c  -g -O2 -pthread  -DLINUX=2 -D_REENTRANT -D_GNU_SOURCE -D_LARGEFILE64_SOURCE conftest.c >&5
conftest.c:52:26: error: minix/config.h: No such file or directory
configure:6505: $? = 1
configure: failed program was:
| /* confdefs.h */
| #define PACKAGE_NAME ""
| #define PACKAGE_TARNAME ""
| #define PACKAGE_VERSION ""
| #define PACKAGE_STRING ""
| #define PACKAGE_BUGREPORT ""
| #define PACKAGE_URL ""
| #define STDC_HEADERS 1
| #define HAVE_SYS_TYPES_H 1
| #define HAVE_SYS_STAT_H 1
| #define HAVE_STDLIB_H 1
| #define HAVE_STRING_H 1
| #define HAVE_MEMORY_H 1
| #define HAVE_STRINGS_H 1
| #define HAVE_INTTYPES_H 1
| #define HAVE_STDINT_H 1
| #define HAVE_UNISTD_H 1
| /* end confdefs.h.  */
| #include <stdio.h>
| #ifdef HAVE_SYS_TYPES_H
| # include <sys/types.h>
| #endif
| #ifdef HAVE_SYS_STAT_H
| # include <sys/stat.h>
| #endif
| #ifdef STDC_HEADERS
| # include <stdlib.h>
| # include <stddef.h>
| #else
| # ifdef HAVE_STDLIB_H
| #  include <stdlib.h>
| # endif
| #endif
| #ifdef HAVE_STRING_H
| # if !defined STDC_HEADERS && defined HAVE_MEMORY_H
| #  include <memory.h>
| # endif
| # include <string.h>
| #endif
| #ifdef HAVE_STRINGS_H
| # include <strings.h>
| #endif
| #ifdef HAVE_INTTYPES_H
| # include <inttypes.h>
| #endif
| #ifdef HAVE_STDINT_H
| # include <stdint.h>
| #endif
| #ifdef HAVE_UNISTD_H
| # include <unistd.h>
| #endif
| #include <minix/config.h>
configure:6505: result: no
configure:6505: checking minix/config.h presence
configure:6505: gcc -E  -DLINUX=2 -D_REENTRANT -D_GNU_SOURCE -D_LARGEFILE64_SOURCE conftest.c
conftest.c:19:26: error: minix/config.h: No such file or directory
configure:6505: $? = 1
configure: failed program was:
| /* confdefs.h */
| #define PACKAGE_NAME ""
| #define PACKAGE_TARNAME ""
| #define PACKAGE_VERSION ""
| #define PACKAGE_STRING ""
| #define PACKAGE_BUGREPORT ""
| #define PACKAGE_URL ""
| #define STDC_HEADERS 1
| #define HAVE_SYS_TYPES_H 1
| #define HAVE_SYS_STAT_H 1
| #define HAVE_STDLIB_H 1
| #define HAVE_STRING_H 1
| #define HAVE_MEMORY_H 1
| #define HAVE_STRINGS_H 1
| #define HAVE_INTTYPES_H 1
| #define HAVE_STDINT_H 1
| #define HAVE_UNISTD_H 1
| /* end confdefs.h.  */
| #include <minix/config.h>
configure:6505: result: no
configure:6505: checking for minix/config.h
configure:6505: result: no
configure:6526: checking whether it is safe to define __EXTENSIONS__
configure:6544: gcc -c  -g -O2 -pthread  -DLINUX=2 -D_REENTRANT -D_GNU_SOURCE -D_LARGEFILE64_SOURCE conftest.c >&5
configure:6544: $? = 0
configure:6551: result: yes
configure:6567: checking for library containing strerror
configure:6598: gcc -o conftest  -g -O2 -pthread  -DLINUX=2 -D_REENTRANT -D_GNU_SOURCE -D_LARGEFILE64_SOURCE   conftest.c  >&5
configure:6598: $? = 0
configure:6615: result: none required
configure:6637: checking for APR version 1.2.0 or later
configure:6661: result: yes
configure:6694: checking for APR-util version 1.2.0 or later
configure:6718: result: yes
configure:6820: checking for ANSI C header files
configure:6924: result: yes
configure:6946: checking for string.h
configure:6946: result: yes
configure:6946: checking limits.h usability
configure:6946: gcc -c  -g -O2 -pthread  -DLINUX=2 -D_REENTRANT -D_GNU_SOURCE -D_LARGEFILE64_SOURCE conftest.c >&5
configure:6946: $? = 0
configure:6946: result: yes
configure:6946: checking limits.h presence
configure:6946: gcc -E  -DLINUX=2 -D_REENTRANT -D_GNU_SOURCE -D_LARGEFILE64_SOURCE conftest.c
configure:6946: $? = 0
configure:6946: result: yes
configure:6946: checking for limits.h
configure:6946: result: yes
configure:6946: checking for unistd.h
configure:6946: result: yes
configure:6946: checking sys/socket.h usability
configure:6946: gcc -c  -g -O2 -pthread  -DLINUX=2 -D_REENTRANT -D_GNU_SOURCE -D_LARGEFILE64_SOURCE conftest.c >&5
configure:6946: $? = 0
configure:6946: result: yes
configure:6946: checking sys/socket.h presence
configure:6946: gcc -E  -DLINUX=2 -D_REENTRANT -D_GNU_SOURCE -D_LARGEFILE64_SOURCE conftest.c
configure:6946: $? = 0
configure:6946: result: yes
configure:6946: checking for sys/socket.h
configure:6946: result: yes
configure:6946: checking pwd.h usability
configure:6946: gcc -c  -g -O2 -pthread  -DLINUX=2 -D_REENTRANT -D_GNU_SOURCE -D_LARGEFILE64_SOURCE conftest.c >&5
configure:6946: $? = 0
configure:6946: result: yes
configure:6946: checking pwd.h presence
configure:6946: gcc -E  -DLINUX=2 -D_REENTRANT -D_GNU_SOURCE -D_LARGEFILE64_SOURCE conftest.c
configure:6946: $? = 0
configure:6946: result: yes
configure:6946: checking for pwd.h
configure:6946: result: yes
configure:6946: checking grp.h usability
configure:6946: gcc -c  -g -O2 -pthread  -DLINUX=2 -D_REENTRANT -D_GNU_SOURCE -D_LARGEFILE64_SOURCE conftest.c >&5
configure:6946: $? = 0
configure:6946: result: yes
configure:6946: checking grp.h presence
configure:6946: gcc -E  -DLINUX=2 -D_REENTRANT -D_GNU_SOURCE -D_LARGEFILE64_SOURCE conftest.c
configure:6946: $? = 0
configure:6946: result: yes
configure:6946: checking for grp.h
configure:6946: result: yes
configure:6946: checking for strings.h
configure:6946: result: yes
configure:6946: checking sys/prctl.h usability
configure:6946: gcc -c  -g -O2 -pthread  -DLINUX=2 -D_REENTRANT -D_GNU_SOURCE -D_LARGEFILE64_SOURCE conftest.c >&5
configure:6946: $? = 0
configure:6946: result: yes
configure:6946: checking sys/prctl.h presence
configure:6946: gcc -E  -DLINUX=2 -D_REENTRANT -D_GNU_SOURCE -D_LARGEFILE64_SOURCE conftest.c
configure:6946: $? = 0
configure:6946: result: yes
configure:6946: checking for sys/prctl.h
configure:6946: result: yes
configure:6946: checking sys/processor.h usability
configure:6946: gcc -c  -g -O2 -pthread  -DLINUX=2 -D_REENTRANT -D_GNU_SOURCE -D_LARGEFILE64_SOURCE conftest.c >&5
conftest.c:66:27: error: sys/processor.h: No such file or directory
configure:6946: $? = 1
configure: failed program was:
| /* confdefs.h */
| #define PACKAGE_NAME ""
| #define PACKAGE_TARNAME ""
| #define PACKAGE_VERSION ""
| #define PACKAGE_STRING ""
| #define PACKAGE_BUGREPORT ""
| #define PACKAGE_URL ""
| #define STDC_HEADERS 1
| #define HAVE_SYS_TYPES_H 1
| #define HAVE_SYS_STAT_H 1
| #define HAVE_STDLIB_H 1
| #define HAVE_STRING_H 1
| #define HAVE_MEMORY_H 1
| #define HAVE_STRINGS_H 1
| #define HAVE_INTTYPES_H 1
| #define HAVE_STDINT_H 1
| #define HAVE_UNISTD_H 1
| #define __EXTENSIONS__ 1
| #define _ALL_SOURCE 1
| #define _GNU_SOURCE 1
| #define _POSIX_PTHREAD_SEMANTICS 1
| #define _TANDEM_SOURCE 1
| #define STDC_HEADERS 1
| #define HAVE_STRING_H 1
| #define HAVE_LIMITS_H 1
| #define HAVE_UNISTD_H 1
| #define HAVE_SYS_SOCKET_H 1
| #define HAVE_PWD_H 1
| #define HAVE_GRP_H 1
| #define HAVE_STRINGS_H 1
| #define HAVE_SYS_PRCTL_H 1
| /* end confdefs.h.  */
| #include <stdio.h>
| #ifdef HAVE_SYS_TYPES_H
| # include <sys/types.h>
| #endif
| #ifdef HAVE_SYS_STAT_H
| # include <sys/stat.h>
| #endif
| #ifdef STDC_HEADERS
| # include <stdlib.h>
| # include <stddef.h>
| #else
| # ifdef HAVE_STDLIB_H
| #  include <stdlib.h>
| # endif
| #endif
| #ifdef HAVE_STRING_H
| # if !defined STDC_HEADERS && defined HAVE_MEMORY_H
| #  include <memory.h>
| # endif
| # include <string.h>
| #endif
| #ifdef HAVE_STRINGS_H
| # include <strings.h>
| #endif
| #ifdef HAVE_INTTYPES_H
| # include <inttypes.h>
| #endif
| #ifdef HAVE_STDINT_H
| # include <stdint.h>
| #endif
| #ifdef HAVE_UNISTD_H
| # include <unistd.h>
| #endif
| #include <sys/processor.h>
configure:6946: result: no
configure:6946: checking sys/processor.h presence
configure:6946: gcc -E  -DLINUX=2 -D_REENTRANT -D_GNU_SOURCE -D_LARGEFILE64_SOURCE conftest.c
conftest.c:33:27: error: sys/processor.h: No such file or directory
configure:6946: $? = 1
configure: failed program was:
| /* confdefs.h */
| #define PACKAGE_NAME ""
| #define PACKAGE_TARNAME ""
| #define PACKAGE_VERSION ""
| #define PACKAGE_STRING ""
| #define PACKAGE_BUGREPORT ""
| #define PACKAGE_URL ""
| #define STDC_HEADERS 1
| #define HAVE_SYS_TYPES_H 1
| #define HAVE_SYS_STAT_H 1
| #define HAVE_STDLIB_H 1
| #define HAVE_STRING_H 1
| #define HAVE_MEMORY_H 1
| #define HAVE_STRINGS_H 1
| #define HAVE_INTTYPES_H 1
| #define HAVE_STDINT_H 1
| #define HAVE_UNISTD_H 1
| #define __EXTENSIONS__ 1
| #define _ALL_SOURCE 1
| #define _GNU_SOURCE 1
| #define _POSIX_PTHREAD_SEMANTICS 1
| #define _TANDEM_SOURCE 1
| #define STDC_HEADERS 1
| #define HAVE_STRING_H 1
| #define HAVE_LIMITS_H 1
| #define HAVE_UNISTD_H 1
| #define HAVE_SYS_SOCKET_H 1
| #define HAVE_PWD_H 1
| #define HAVE_GRP_H 1
| #define HAVE_STRINGS_H 1
| #define HAVE_SYS_PRCTL_H 1
| /* end confdefs.h.  */
| #include <sys/processor.h>
configure:6946: result: no
configure:6946: checking for sys/processor.h
configure:6946: result: no
configure:6946: checking sys/sem.h usability
configure:6946: gcc -c  -g -O2 -pthread  -DLINUX=2 -D_REENTRANT -D_GNU_SOURCE -D_LARGEFILE64_SOURCE conftest.c >&5
configure:6946: $? = 0
configure:6946: result: yes
configure:6946: checking sys/sem.h presence
configure:6946: gcc -E  -DLINUX=2 -D_REENTRANT -D_GNU_SOURCE -D_LARGEFILE64_SOURCE conftest.c
configure:6946: $? = 0
configure:6946: result: yes
configure:6946: checking for sys/sem.h
configure:6946: result: yes
configure:6956: checking for sys/wait.h that is POSIX.1 compatible
configure:6982: gcc -c  -g -O2 -pthread  -DLINUX=2 -D_REENTRANT -D_GNU_SOURCE -D_LARGEFILE64_SOURCE conftest.c >&5
configure:6982: $? = 0
configure:6989: result: yes
configure:6999: checking for an ANSI C-conforming const
configure:7064: gcc -c  -g -O2 -pthread  -DLINUX=2 -D_REENTRANT -D_GNU_SOURCE -D_LARGEFILE64_SOURCE conftest.c >&5
configure:7064: $? = 0
configure:7071: result: yes
configure:7080: checking for library containing sqrt
configure:7111: gcc -o conftest  -g -O2 -pthread  -DLINUX=2 -D_REENTRANT -D_GNU_SOURCE -D_LARGEFILE64_SOURCE   conftest.c  >&5
conftest.c:42: warning: conflicting types for built-in function 'sqrt'
/tmp/ccghk6VC.o: In function `main':
/opt/httpd-2.2.23/conftest.c:46: undefined reference to `sqrt'
collect2: ld returned 1 exit status
configure:7111: $? = 1
configure: failed program was:
| /* confdefs.h */
| #define PACKAGE_NAME ""
| #define PACKAGE_TARNAME ""
| #define PACKAGE_VERSION ""
| #define PACKAGE_STRING ""
| #define PACKAGE_BUGREPORT ""
| #define PACKAGE_URL ""
| #define STDC_HEADERS 1
| #define HAVE_SYS_TYPES_H 1
| #define HAVE_SYS_STAT_H 1
| #define HAVE_STDLIB_H 1
| #define HAVE_STRING_H 1
| #define HAVE_MEMORY_H 1
| #define HAVE_STRINGS_H 1
| #define HAVE_INTTYPES_H 1
| #define HAVE_STDINT_H 1
| #define HAVE_UNISTD_H 1
| #define __EXTENSIONS__ 1
| #define _ALL_SOURCE 1
| #define _GNU_SOURCE 1
| #define _POSIX_PTHREAD_SEMANTICS 1
| #define _TANDEM_SOURCE 1
| #define STDC_HEADERS 1
| #define HAVE_STRING_H 1
| #define HAVE_LIMITS_H 1
| #define HAVE_UNISTD_H 1
| #define HAVE_SYS_SOCKET_H 1
| #define HAVE_PWD_H 1
| #define HAVE_GRP_H 1
| #define HAVE_STRINGS_H 1
| #define HAVE_SYS_PRCTL_H 1
| #define HAVE_SYS_SEM_H 1
| #define HAVE_SYS_WAIT_H 1
| /* end confdefs.h.  */
| 
| /* Override any GCC internal prototype to avoid an error.
|    Use char because int might match the return type of a GCC
|    builtin and then its argument prototype would still apply.  */
| #ifdef __cplusplus
| extern "C"
| #endif
| char sqrt ();
| int
| main ()
| {
| return sqrt ();
|   ;
|   return 0;
| }
configure:7111: gcc -o conftest  -g -O2 -pthread  -DLINUX=2 -D_REENTRANT -D_GNU_SOURCE -D_LARGEFILE64_SOURCE   conftest.c -lm   >&5
conftest.c:42: warning: conflicting types for built-in function 'sqrt'
configure:7111: $? = 0
configure:7128: result: -lm
configure:7139: checking for library containing crypt
configure:7170: gcc -o conftest  -g -O2 -pthread  -DLINUX=2 -D_REENTRANT -D_GNU_SOURCE -D_LARGEFILE64_SOURCE   conftest.c  >&5
/tmp/ccOxaArP.o: In function `main':
/opt/httpd-2.2.23/conftest.c:46: undefined reference to `crypt'
collect2: ld returned 1 exit status
configure:7170: $? = 1
configure: failed program was:
| /* confdefs.h */
| #define PACKAGE_NAME ""
| #define PACKAGE_TARNAME ""
| #define PACKAGE_VERSION ""
| #define PACKAGE_STRING ""
| #define PACKAGE_BUGREPORT ""
| #define PACKAGE_URL ""
| #define STDC_HEADERS 1
| #define HAVE_SYS_TYPES_H 1
| #define HAVE_SYS_STAT_H 1
| #define HAVE_STDLIB_H 1
| #define HAVE_STRING_H 1
| #define HAVE_MEMORY_H 1
| #define HAVE_STRINGS_H 1
| #define HAVE_INTTYPES_H 1
| #define HAVE_STDINT_H 1
| #define HAVE_UNISTD_H 1
| #define __EXTENSIONS__ 1
| #define _ALL_SOURCE 1
| #define _GNU_SOURCE 1
| #define _POSIX_PTHREAD_SEMANTICS 1
| #define _TANDEM_SOURCE 1
| #define STDC_HEADERS 1
| #define HAVE_STRING_H 1
| #define HAVE_LIMITS_H 1
| #define HAVE_UNISTD_H 1
| #define HAVE_SYS_SOCKET_H 1
| #define HAVE_PWD_H 1
| #define HAVE_GRP_H 1
| #define HAVE_STRINGS_H 1
| #define HAVE_SYS_PRCTL_H 1
| #define HAVE_SYS_SEM_H 1
| #define HAVE_SYS_WAIT_H 1
| /* end confdefs.h.  */
| 
| /* Override any GCC internal prototype to avoid an error.
|    Use char because int might match the return type of a GCC
|    builtin and then its argument prototype would still apply.  */
| #ifdef __cplusplus
| extern "C"
| #endif
| char crypt ();
| int
| main ()
| {
| return crypt ();
|   ;
|   return 0;
| }
configure:7170: gcc -o conftest  -g -O2 -pthread  -DLINUX=2 -D_REENTRANT -D_GNU_SOURCE -D_LARGEFILE64_SOURCE   conftest.c -lcrypt   >&5
configure:7170: $? = 0
configure:7187: result: -lcrypt
configure:7214: checking for getpwnam
configure:7214: gcc -o conftest  -g -O2 -pthread  -DLINUX=2 -D_REENTRANT -D_GNU_SOURCE -D_LARGEFILE64_SOURCE   conftest.c -lm  >&5
configure:7214: $? = 0
configure:7214: result: yes
configure:7214: checking for getgrnam
configure:7214: gcc -o conftest  -g -O2 -pthread  -DLINUX=2 -D_REENTRANT -D_GNU_SOURCE -D_LARGEFILE64_SOURCE   conftest.c -lm  >&5
configure:7214: $? = 0
configure:7214: result: yes
configure:7214: checking for initgroups
configure:7214: gcc -o conftest  -g -O2 -pthread  -DLINUX=2 -D_REENTRANT -D_GNU_SOURCE -D_LARGEFILE64_SOURCE   conftest.c -lm  >&5
configure:7214: $? = 0
configure:7214: result: yes
configure:7214: checking for bindprocessor
configure:7214: gcc -o conftest  -g -O2 -pthread  -DLINUX=2 -D_REENTRANT -D_GNU_SOURCE -D_LARGEFILE64_SOURCE   conftest.c -lm  >&5
/tmp/ccEfbxee.o: In function `main':
/opt/httpd-2.2.23/conftest.c:72: undefined reference to `bindprocessor'
collect2: ld returned 1 exit status
configure:7214: $? = 1
configure: failed program was:
| /* confdefs.h */
| #define PACKAGE_NAME ""
| #define PACKAGE_TARNAME ""
| #define PACKAGE_VERSION ""
| #define PACKAGE_STRING ""
| #define PACKAGE_BUGREPORT ""
| #define PACKAGE_URL ""
| #define STDC_HEADERS 1
| #define HAVE_SYS_TYPES_H 1
| #define HAVE_SYS_STAT_H 1
| #define HAVE_STDLIB_H 1
| #define HAVE_STRING_H 1
| #define HAVE_MEMORY_H 1
| #define HAVE_STRINGS_H 1
| #define HAVE_INTTYPES_H 1
| #define HAVE_STDINT_H 1
| #define HAVE_UNISTD_H 1
| #define __EXTENSIONS__ 1
| #define _ALL_SOURCE 1
| #define _GNU_SOURCE 1
| #define _POSIX_PTHREAD_SEMANTICS 1
| #define _TANDEM_SOURCE 1
| #define STDC_HEADERS 1
| #define HAVE_STRING_H 1
| #define HAVE_LIMITS_H 1
| #define HAVE_UNISTD_H 1
| #define HAVE_SYS_SOCKET_H 1
| #define HAVE_PWD_H 1
| #define HAVE_GRP_H 1
| #define HAVE_STRINGS_H 1
| #define HAVE_SYS_PRCTL_H 1
| #define HAVE_SYS_SEM_H 1
| #define HAVE_SYS_WAIT_H 1
| #define HAVE_GETPWNAM 1
| #define HAVE_GETGRNAM 1
| #define HAVE_INITGROUPS 1
| /* end confdefs.h.  */
| /* Define bindprocessor to an innocuous variant, in case <limits.h> declares bindprocessor.
|    For example, HP-UX 11i <limits.h> declares gettimeofday.  */
| #define bindprocessor innocuous_bindprocessor
| 
| /* System header to define __stub macros and hopefully few prototypes,
|     which can conflict with char bindprocessor (); below.
|     Prefer <limits.h> to <assert.h> if __STDC__ is defined, since
|     <limits.h> exists even on freestanding compilers.  */
| 
| #ifdef __STDC__
| # include <limits.h>
| #else
| # include <assert.h>
| #endif
| 
| #undef bindprocessor
| 
| /* Override any GCC internal prototype to avoid an error.
|    Use char because int might match the return type of a GCC
|    builtin and then its argument prototype would still apply.  */
| #ifdef __cplusplus
| extern "C"
| #endif
| char bindprocessor ();
| /* The GNU C library defines this for functions which it implements
|     to always fail with ENOSYS.  Some functions are actually named
|     something starting with __ and the normal name is an alias.  */
| #if defined __stub_bindprocessor || defined __stub___bindprocessor
| choke me
| #endif
| 
| int
| main ()
| {
| return bindprocessor ();
|   ;
|   return 0;
| }
configure:7214: result: no
configure:7214: checking for prctl
configure:7214: gcc -o conftest  -g -O2 -pthread  -DLINUX=2 -D_REENTRANT -D_GNU_SOURCE -D_LARGEFILE64_SOURCE   conftest.c -lm  >&5
configure:7214: $? = 0
configure:7214: result: yes
configure:7214: checking for timegm
configure:7214: gcc -o conftest  -g -O2 -pthread  -DLINUX=2 -D_REENTRANT -D_GNU_SOURCE -D_LARGEFILE64_SOURCE   conftest.c -lm  >&5
configure:7214: $? = 0
configure:7214: result: yes
configure:7214: checking for getpgid
configure:7214: gcc -o conftest  -g -O2 -pthread  -DLINUX=2 -D_REENTRANT -D_GNU_SOURCE -D_LARGEFILE64_SOURCE   conftest.c -lm  >&5
configure:7214: $? = 0
configure:7214: result: yes
configure:7226: checking for void pointer length
configure:7242: gcc -o conftest  -g -O2 -pthread  -DLINUX=2 -D_REENTRANT -D_GNU_SOURCE -D_LARGEFILE64_SOURCE   conftest.c -lm  >&5
configure:7242: $? = 0
configure:7242: ./conftest
configure:7242: $? = 0
configure:7252: result: no
configure:7260: checking for tm_gmtoff in struct tm
configure:7277: gcc -c  -g -O2 -pthread  -DLINUX=2 -D_REENTRANT -D_GNU_SOURCE -D_LARGEFILE64_SOURCE conftest.c >&5
configure:7277: $? = 0
configure:7284: result: yes
configure:7517: checking whether to enable mod_authn_file
configure:7555: result: shared (all)
configure:7610: checking whether to enable mod_authn_dbm
configure:7648: result: shared (all)
configure:7703: checking whether to enable mod_authn_anon
configure:7741: result: shared (all)
configure:7796: checking whether to enable mod_authn_dbd
configure:7834: result: shared (all)
configure:7890: checking whether to enable mod_authn_default
configure:7928: result: shared (all)
configure:7984: checking whether to enable mod_authn_alias
configure:8022: result: no
configure:8078: checking whether to enable mod_authz_host
configure:8116: result: shared (all)
configure:8171: checking whether to enable mod_authz_groupfile
configure:8209: result: shared (all)
configure:8264: checking whether to enable mod_authz_user
configure:8302: result: shared (all)
configure:8357: checking whether to enable mod_authz_dbm
configure:8395: result: shared (all)
configure:8450: checking whether to enable mod_authz_owner
configure:8488: result: shared (all)
configure:8544: checking whether to enable mod_authnz_ldap
configure:8596: result: no
configure:8652: checking whether to enable mod_authz_default
configure:8690: result: shared (all)
configure:8747: checking whether to enable mod_auth_basic
configure:8785: result: shared (all)
configure:8840: checking whether to enable mod_auth_digest
configure:8876: result: checking dependencies
configure:8907: checking whether to enable mod_auth_digest
configure:8917: result: shared (all)
configure:8998: checking whether to enable mod_isapi
configure:9036: result: no
configure:9117: checking whether to enable mod_file_cache
configure:9155: result: shared (all)
configure:9213: checking whether to enable mod_cache
configure:9251: result: shared (all)
configure:9306: checking whether to enable mod_disk_cache
configure:9344: result: shared (all)
configure:9399: checking whether to enable mod_mem_cache
configure:9437: result: shared (all)
configure:9517: checking whether to enable mod_dbd
configure:9555: result: shared (all)
configure:9635: checking whether to enable mod_bucketeer
configure:9673: result: no
configure:9728: checking whether to enable mod_dumpio
configure:9766: result: shared (all)
configure:9847: checking whether to enable mod_echo
configure:9885: result: no
configure:9965: checking whether to enable mod_example
configure:10003: result: no
configure:10058: checking whether to enable mod_case_filter
configure:10096: result: no
configure:10151: checking whether to enable mod_case_filter_in
configure:10189: result: no
configure:10270: checking whether to enable mod_reqtimeout
configure:10308: result: shared (all)
configure:10363: checking whether to enable mod_ext_filter
configure:10401: result: shared (all)
configure:10456: checking whether to enable mod_include
configure:10494: result: shared (all)
configure:10549: checking whether to enable mod_filter
configure:10587: result: shared (all)
configure:10642: checking whether to enable mod_substitute
configure:10680: result: shared (all)
configure:10833: checking whether to enable mod_charset_lite
configure:10871: result: no
configure:10929: checking whether to enable mod_deflate
configure:10965: result: checking dependencies
configure:10979: checking for zlib location
configure:11000: result: /usr
configure:11097: checking for zlib library
configure:11110: gcc -o conftest  -g -O2 -pthread  -DLINUX=2 -D_REENTRANT -D_GNU_SOURCE -D_LARGEFILE64_SOURCE   conftest.c -lm  -lz >&5
configure:11110: $? = 0
configure:11111: result: found
configure:11149: checking whether to enable mod_deflate
configure:11159: result: shared (all)
configure:11241: checking whether to enable mod_ldap
configure:11293: result: no
configure:11374: checking whether to enable mod_log_config
configure:11412: result: shared (all)
configure:11467: checking whether to enable mod_log_forensic
configure:11505: result: shared (all)
configure:11586: checking whether to enable mod_logio
configure:11624: result: shared (all)
configure:11705: checking whether to enable mod_env
configure:11743: result: shared (all)
configure:11798: checking whether to enable mod_mime_magic
configure:11836: result: shared (all)
configure:11891: checking whether to enable mod_cern_meta
configure:11929: result: shared (all)
configure:11984: checking whether to enable mod_expires
configure:12022: result: shared (all)
configure:12077: checking whether to enable mod_headers
configure:12115: result: shared (all)
configure:12170: checking whether to enable mod_ident
configure:12208: result: shared (all)
configure:12264: checking whether to enable mod_usertrack
configure:12300: result: checking dependencies
configure:12305: checking sys/times.h usability
configure:12305: gcc -c  -g -O2 -pthread  -DLINUX=2 -D_REENTRANT -D_GNU_SOURCE -D_LARGEFILE64_SOURCE conftest.c >&5
configure:12305: $? = 0
configure:12305: result: yes
configure:12305: checking sys/times.h presence
configure:12305: gcc -E  -DLINUX=2 -D_REENTRANT -D_GNU_SOURCE -D_LARGEFILE64_SOURCE conftest.c
configure:12305: $? = 0
configure:12305: result: yes
configure:12305: checking for sys/times.h
configure:12305: result: yes
configure:12317: checking for times
configure:12317: gcc -o conftest  -g -O2 -pthread  -DLINUX=2 -D_REENTRANT -D_GNU_SOURCE -D_LARGEFILE64_SOURCE   conftest.c  -lm >&5
configure:12317: $? = 0
configure:12317: result: yes
configure:12327: checking whether to enable mod_usertrack
configure:12337: result: shared (all)
configure:12393: checking whether to enable mod_unique_id
configure:12431: result: shared (all)
configure:12486: checking whether to enable mod_setenvif
configure:12524: result: shared (all)
configure:12579: checking whether to enable mod_version
configure:12617: result: shared (all)
configure:12706: checking whether to enable mod_proxy
configure:12744: result: shared (all)
configure:12820: checking whether to enable mod_proxy_connect
configure:12858: result: shared (all)
configure:12913: checking whether to enable mod_proxy_ftp
configure:12951: result: shared (all)
configure:13006: checking whether to enable mod_proxy_http
configure:13044: result: shared (all)
configure:13099: checking whether to enable mod_proxy_scgi
configure:13137: result: shared (all)
configure:13192: checking whether to enable mod_proxy_ajp
configure:13230: result: shared (all)
configure:13285: checking whether to enable mod_proxy_balancer
configure:13323: result: shared (all)
configure:13428: checking whether to enable mod_ssl
configure:14081: result: no
configure:14185: checking whether to enable mod_optional_hook_export
configure:14223: result: no
configure:14278: checking whether to enable mod_optional_hook_import
configure:14316: result: no
configure:14371: checking whether to enable mod_optional_fn_import
configure:14409: result: no
configure:14464: checking whether to enable mod_optional_fn_export
configure:14502: result: no
configure:14595: checking for target platform
configure:14624: result: unix
configure:14656: checking for rlim_t
configure:14677: gcc -c  -g -O2 -pthread  -DLINUX=2 -D_REENTRANT -D_GNU_SOURCE -D_LARGEFILE64_SOURCE conftest.c >&5
configure:14677: $? = 0
configure:14688: result: yes
configure:14700: checking sys/time.h usability
configure:14700: gcc -c  -g -O2 -pthread  -DLINUX=2 -D_REENTRANT -D_GNU_SOURCE -D_LARGEFILE64_SOURCE conftest.c >&5
configure:14700: $? = 0
configure:14700: result: yes
configure:14700: checking sys/time.h presence
configure:14700: gcc -E  -DLINUX=2 -D_REENTRANT -D_GNU_SOURCE -D_LARGEFILE64_SOURCE conftest.c
configure:14700: $? = 0
configure:14700: result: yes
configure:14700: checking for sys/time.h
configure:14700: result: yes
configure:14700: checking sys/resource.h usability
configure:14700: gcc -c  -g -O2 -pthread  -DLINUX=2 -D_REENTRANT -D_GNU_SOURCE -D_LARGEFILE64_SOURCE conftest.c >&5
configure:14700: $? = 0
configure:14700: result: yes
configure:14700: checking sys/resource.h presence
configure:14700: gcc -E  -DLINUX=2 -D_REENTRANT -D_GNU_SOURCE -D_LARGEFILE64_SOURCE conftest.c
configure:14700: $? = 0
configure:14700: result: yes
configure:14700: checking for sys/resource.h
configure:14700: result: yes
configure:14700: checking for sys/sem.h
configure:14700: result: yes
configure:14700: checking sys/ipc.h usability
configure:14700: gcc -c  -g -O2 -pthread  -DLINUX=2 -D_REENTRANT -D_GNU_SOURCE -D_LARGEFILE64_SOURCE conftest.c >&5
configure:14700: $? = 0
configure:14700: result: yes
configure:14700: checking sys/ipc.h presence
configure:14700: gcc -E  -DLINUX=2 -D_REENTRANT -D_GNU_SOURCE -D_LARGEFILE64_SOURCE conftest.c
configure:14700: $? = 0
configure:14700: result: yes
configure:14700: checking for sys/ipc.h
configure:14700: result: yes
configure:14714: checking for setsid
configure:14714: gcc -o conftest  -g -O2 -pthread  -DLINUX=2 -D_REENTRANT -D_GNU_SOURCE -D_LARGEFILE64_SOURCE   conftest.c  -lm >&5
configure:14714: $? = 0
configure:14714: result: yes
configure:14714: checking for killpg
configure:14714: gcc -o conftest  -g -O2 -pthread  -DLINUX=2 -D_REENTRANT -D_GNU_SOURCE -D_LARGEFILE64_SOURCE   conftest.c  -lm >&5
configure:14714: $? = 0
configure:14714: result: yes
configure:14730: checking bstring.h usability
configure:14730: gcc -c  -g -O2 -pthread  -DLINUX=2 -D_REENTRANT -D_GNU_SOURCE -D_LARGEFILE64_SOURCE conftest.c >&5
conftest.c:84:21: error: bstring.h: No such file or directory
configure:14730: $? = 1
configure: failed program was:
| /* confdefs.h */
| #define PACKAGE_NAME ""
| #define PACKAGE_TARNAME ""
| #define PACKAGE_VERSION ""
| #define PACKAGE_STRING ""
| #define PACKAGE_BUGREPORT ""
| #define PACKAGE_URL ""
| #define STDC_HEADERS 1
| #define HAVE_SYS_TYPES_H 1
| #define HAVE_SYS_STAT_H 1
| #define HAVE_STDLIB_H 1
| #define HAVE_STRING_H 1
| #define HAVE_MEMORY_H 1
| #define HAVE_STRINGS_H 1
| #define HAVE_INTTYPES_H 1
| #define HAVE_STDINT_H 1
| #define HAVE_UNISTD_H 1
| #define __EXTENSIONS__ 1
| #define _ALL_SOURCE 1
| #define _GNU_SOURCE 1
| #define _POSIX_PTHREAD_SEMANTICS 1
| #define _TANDEM_SOURCE 1
| #define STDC_HEADERS 1
| #define HAVE_STRING_H 1
| #define HAVE_LIMITS_H 1
| #define HAVE_UNISTD_H 1
| #define HAVE_SYS_SOCKET_H 1
| #define HAVE_PWD_H 1
| #define HAVE_GRP_H 1
| #define HAVE_STRINGS_H 1
| #define HAVE_SYS_PRCTL_H 1
| #define HAVE_SYS_SEM_H 1
| #define HAVE_SYS_WAIT_H 1
| #define HAVE_GETPWNAM 1
| #define HAVE_GETGRNAM 1
| #define HAVE_INITGROUPS 1
| #define HAVE_PRCTL 1
| #define HAVE_TIMEGM 1
| #define HAVE_GETPGID 1
| #define HAVE_GMTOFF 1
| #define AP_ENABLE_V4_MAPPED 1
| #define HAVE_SYS_TIMES_H 1
| #define HAVE_TIMES 1
| #define HAVE_SYS_TIME_H 1
| #define HAVE_SYS_RESOURCE_H 1
| #define HAVE_SYS_SEM_H 1
| #define HAVE_SYS_IPC_H 1
| #define HAVE_SETSID 1
| #define HAVE_KILLPG 1
| /* end confdefs.h.  */
| #include <stdio.h>
| #ifdef HAVE_SYS_TYPES_H
| # include <sys/types.h>
| #endif
| #ifdef HAVE_SYS_STAT_H
| # include <sys/stat.h>
| #endif
| #ifdef STDC_HEADERS
| # include <stdlib.h>
| # include <stddef.h>
| #else
| # ifdef HAVE_STDLIB_H
| #  include <stdlib.h>
| # endif
| #endif
| #ifdef HAVE_STRING_H
| # if !defined STDC_HEADERS && defined HAVE_MEMORY_H
| #  include <memory.h>
| # endif
| # include <string.h>
| #endif
| #ifdef HAVE_STRINGS_H
| # include <strings.h>
| #endif
| #ifdef HAVE_INTTYPES_H
| # include <inttypes.h>
| #endif
| #ifdef HAVE_STDINT_H
| # include <stdint.h>
| #endif
| #ifdef HAVE_UNISTD_H
| # include <unistd.h>
| #endif
| #include <bstring.h>
configure:14730: result: no
configure:14730: checking bstring.h presence
configure:14730: gcc -E  -DLINUX=2 -D_REENTRANT -D_GNU_SOURCE -D_LARGEFILE64_SOURCE conftest.c
conftest.c:51:21: error: bstring.h: No such file or directory
configure:14730: $? = 1
configure: failed program was:
| /* confdefs.h */
| #define PACKAGE_NAME ""
| #define PACKAGE_TARNAME ""
| #define PACKAGE_VERSION ""
| #define PACKAGE_STRING ""
| #define PACKAGE_BUGREPORT ""
| #define PACKAGE_URL ""
| #define STDC_HEADERS 1
| #define HAVE_SYS_TYPES_H 1
| #define HAVE_SYS_STAT_H 1
| #define HAVE_STDLIB_H 1
| #define HAVE_STRING_H 1
| #define HAVE_MEMORY_H 1
| #define HAVE_STRINGS_H 1
| #define HAVE_INTTYPES_H 1
| #define HAVE_STDINT_H 1
| #define HAVE_UNISTD_H 1
| #define __EXTENSIONS__ 1
| #define _ALL_SOURCE 1
| #define _GNU_SOURCE 1
| #define _POSIX_PTHREAD_SEMANTICS 1
| #define _TANDEM_SOURCE 1
| #define STDC_HEADERS 1
| #define HAVE_STRING_H 1
| #define HAVE_LIMITS_H 1
| #define HAVE_UNISTD_H 1
| #define HAVE_SYS_SOCKET_H 1
| #define HAVE_PWD_H 1
| #define HAVE_GRP_H 1
| #define HAVE_STRINGS_H 1
| #define HAVE_SYS_PRCTL_H 1
| #define HAVE_SYS_SEM_H 1
| #define HAVE_SYS_WAIT_H 1
| #define HAVE_GETPWNAM 1
| #define HAVE_GETGRNAM 1
| #define HAVE_INITGROUPS 1
| #define HAVE_PRCTL 1
| #define HAVE_TIMEGM 1
| #define HAVE_GETPGID 1
| #define HAVE_GMTOFF 1
| #define AP_ENABLE_V4_MAPPED 1
| #define HAVE_SYS_TIMES_H 1
| #define HAVE_TIMES 1
| #define HAVE_SYS_TIME_H 1
| #define HAVE_SYS_RESOURCE_H 1
| #define HAVE_SYS_SEM_H 1
| #define HAVE_SYS_IPC_H 1
| #define HAVE_SETSID 1
| #define HAVE_KILLPG 1
| /* end confdefs.h.  */
| #include <bstring.h>
configure:14730: result: no
configure:14730: checking for bstring.h
configure:14730: result: no
configure:14730: checking for unistd.h
configure:14730: result: yes
configure:14745: checking for syslog
configure:14745: gcc -o conftest  -g -O2 -pthread  -DLINUX=2 -D_REENTRANT -D_GNU_SOURCE -D_LARGEFILE64_SOURCE   conftest.c  -lm >&5
configure:14745: $? = 0
configure:14745: result: yes
configure:14757: checking for sys/times.h
configure:14757: result: yes
configure:14769: checking for times
configure:14769: result: yes
configure:14779: checking which MPM to use
configure:14795: result: prefork
configure:15674: checking whether to enable mod_http
configure:15712: result: yes
configure:15767: checking whether to enable mod_mime
configure:15805: result: shared (all)
configure:15874: checking for extra modules
configure:15934: result: none
configure:15959: checking whether to enable mod_dav
configure:15997: result: shared (all)
configure:16105: checking whether to enable mod_status
configure:16143: result: shared (all)
configure:16198: checking whether to enable mod_autoindex
configure:16236: result: shared (all)
configure:16291: checking whether to enable mod_asis
configure:16329: result: shared (all)
configure:16384: checking whether to enable mod_info
configure:16422: result: shared (all)
configure:16477: checking whether to enable mod_suexec
configure:16527: result: no
configure:16785: checking whether to enable mod_cgi
configure:16823: result: shared (all)
configure:16878: checking whether to enable mod_cgid
configure:16916: result: no
configure:17159: checking whether to enable mod_dav_fs
configure:17197: result: shared (all)
configure:17287: checking whether to enable mod_dav_lock
configure:17325: result: no
configure:17406: checking whether to enable mod_vhost_alias
configure:17444: result: shared (all)
configure:17499: checking whether to enable mod_negotiation
configure:17537: result: shared (all)
configure:17592: checking whether to enable mod_dir
configure:17630: result: shared (all)
configure:17685: checking whether to enable mod_imagemap
configure:17723: result: shared (all)
configure:17778: checking whether to enable mod_actions
configure:17816: result: shared (all)
configure:17871: checking whether to enable mod_speling
configure:17909: result: shared (all)
configure:17964: checking whether to enable mod_userdir
configure:18002: result: shared (all)
configure:18057: checking whether to enable mod_alias
configure:18095: result: shared (all)
configure:18151: checking whether to enable mod_rewrite
configure:18189: result: shared (all)
configure:18328: checking whether to enable mod_so
configure:18366: result: yes
configure:19355: creating ./config.status

## ---------------------- ##
## Running config.status. ##
## ---------------------- ##

This file was extended by config.status, which was
generated by GNU Autoconf 2.67.  Invocation command line was

  CONFIG_FILES    = 
  CONFIG_HEADERS  = 
  CONFIG_LINKS    = 
  CONFIG_COMMANDS = 
  $ ./config.status 

on test.erating.db.gg.com.br

config.status:1128: creating docs/conf/httpd.conf
config.status:1128: creating docs/conf/extra/httpd-autoindex.conf
config.status:1128: creating docs/conf/extra/httpd-dav.conf
config.status:1128: creating docs/conf/extra/httpd-default.conf
config.status:1128: creating docs/conf/extra/httpd-info.conf
config.status:1128: creating docs/conf/extra/httpd-languages.conf
config.status:1128: creating docs/conf/extra/httpd-manual.conf
config.status:1128: creating docs/conf/extra/httpd-mpm.conf
config.status:1128: creating docs/conf/extra/httpd-multilang-errordoc.conf
config.status:1128: creating docs/conf/extra/httpd-ssl.conf
config.status:1128: creating docs/conf/extra/httpd-userdir.conf
config.status:1128: creating docs/conf/extra/httpd-vhosts.conf
config.status:1128: creating include/ap_config_layout.h
config.status:1128: creating support/apxs
config.status:1128: creating support/apachectl
config.status:1128: creating support/dbmmanage
config.status:1128: creating support/envvars-std
config.status:1128: creating support/log_server_status
config.status:1128: creating support/logresolve.pl
config.status:1128: creating support/phf_abuse_log.cgi
config.status:1128: creating support/split-logfile
config.status:1128: creating build/rules.mk
config.status:1128: creating build/pkg/pkginfo
config.status:1128: creating build/config_vars.sh
config.status:1128: creating include/ap_config_auto.h
config.status:1311: executing default commands

## ---------------- ##
## Cache variables. ##
## ---------------- ##

ac_cv_build=i686-pc-linux-gnu
ac_cv_c_compiler_gnu=yes
ac_cv_c_const=yes
ac_cv_define_APR_HAS_DSO=yes
ac_cv_define_APR_HAS_RANDOM=yes
ac_cv_define_APR_HAVE_IPV6=yes
ac_cv_env_CC_set=
ac_cv_env_CC_value=
ac_cv_env_CFLAGS_set=
ac_cv_env_CFLAGS_value=
ac_cv_env_CPPFLAGS_set=
ac_cv_env_CPPFLAGS_value=
ac_cv_env_CPP_set=
ac_cv_env_CPP_value=
ac_cv_env_LDFLAGS_set=
ac_cv_env_LDFLAGS_value=
ac_cv_env_LIBS_set=
ac_cv_env_LIBS_value=
ac_cv_env_build_alias_set=
ac_cv_env_build_alias_value=
ac_cv_env_host_alias_set=
ac_cv_env_host_alias_value=
ac_cv_env_target_alias_set=
ac_cv_env_target_alias_value=
ac_cv_func_bindprocessor=no
ac_cv_func_getgrnam=yes
ac_cv_func_getpgid=yes
ac_cv_func_getpwnam=yes
ac_cv_func_initgroups=yes
ac_cv_func_killpg=yes
ac_cv_func_prctl=yes
ac_cv_func_setsid=yes
ac_cv_func_syslog=yes
ac_cv_func_timegm=yes
ac_cv_func_times=yes
ac_cv_header_bstring_h=no
ac_cv_header_grp_h=yes
ac_cv_header_inttypes_h=yes
ac_cv_header_limits_h=yes
ac_cv_header_memory_h=yes
ac_cv_header_minix_config_h=no
ac_cv_header_pwd_h=yes
ac_cv_header_stdc=yes
ac_cv_header_stdint_h=yes
ac_cv_header_stdlib_h=yes
ac_cv_header_string_h=yes
ac_cv_header_strings_h=yes
ac_cv_header_sys_ipc_h=yes
ac_cv_header_sys_prctl_h=yes
ac_cv_header_sys_processor_h=no
ac_cv_header_sys_resource_h=yes
ac_cv_header_sys_sem_h=yes
ac_cv_header_sys_socket_h=yes
ac_cv_header_sys_stat_h=yes
ac_cv_header_sys_time_h=yes
ac_cv_header_sys_times_h=yes
ac_cv_header_sys_types_h=yes
ac_cv_header_sys_wait_h=yes
ac_cv_header_unistd_h=yes
ac_cv_host=i686-pc-linux-gnu
ac_cv_mkdir_p=yes
ac_cv_objext=o
ac_cv_path_EGREP='/bin/grep -E'
ac_cv_path_GREP=/bin/grep
ac_cv_path_PKGCONFIG=/usr/bin/pkg-config
ac_cv_path_RM=/bin/rm
ac_cv_path_RSYNC=/usr/bin/rsync
ac_cv_prog_AWK=gawk
ac_cv_prog_CPP='gcc -E'
ac_cv_prog_ac_ct_CC=gcc
ac_cv_prog_ac_ct_RANLIB=ranlib
ac_cv_prog_cc_c89=
ac_cv_prog_cc_g=yes
ac_cv_safe_to_define___extensions__=yes
ac_cv_search_crypt=-lcrypt
ac_cv_search_sqrt=-lm
ac_cv_search_strerror='none required'
ac_cv_struct_tm_gmtoff=yes
ac_cv_target=i686-pc-linux-gnu
ac_cv_type_rlim_t=yes
ap_cv_aprver12=yes
ap_cv_apuver12=yes
ap_cv_void_ptr_lt_long=no
ap_cv_zlib=/usr
apache_cv_mpm=prefork

## ----------------- ##
## Output variables. ##
## ----------------- ##

APACHECTL_ULIMIT='ulimit -S -n `ulimit -H -n`'
APR_BINDIR='/usr/local/apr/bin'
APR_CONFIG='/usr/local/apr/bin/apr-1-config'
APR_INCLUDEDIR='/usr/local/apr/include/apr-1'
APR_VERSION='1.4.6'
APU_BINDIR='/usr/local/apr-util/bin'
APU_CONFIG='/usr/local/apr-util/bin/apu-1-config'
APU_INCLUDEDIR='/usr/local/apr-util/include/apr-1'
APU_VERSION='1.4.1'
AP_BUILD_SRCLIB_DIRS=' pcre'
AP_CLEAN_SRCLIB_DIRS=' pcre'
AP_LIBS='/opt/httpd-2.2.23/srclib/pcre/libpcre.la  /usr/local/apr-util/lib/libaprutil-1.la     -lexpat  /usr/local/apr/lib/libapr-1.la -lrt -lcrypt  -lpthread -ldl'
AWK='gawk'
BUILTIN_LIBS=' modules/http/libmod_http.la modules/mappers/libmod_so.la'
CC='gcc'
CFLAGS=''
CORE_IMPLIB=''
CORE_IMPLIB_FILE=''
CPP='gcc -E'
CPPFLAGS=''
CRYPT_LIBS='-lcrypt '
CXX=''
CXXFLAGS=''
DEFS='-DHAVE_CONFIG_H'
DSO_MODULES=' authn_file authn_dbm authn_anon authn_dbd authn_default authz_host authz_groupfile authz_user authz_dbm authz_owner authz_default auth_basic auth_digest file_cache cache disk_cache mem_cache dbd dumpio reqtimeout ext_filter include filter substitute deflate log_config log_forensic logio env mime_magic cern_meta expires headers ident usertrack unique_id setenvif version proxy proxy_connect proxy_ftp proxy_http proxy_scgi proxy_ajp proxy_balancer mime dav status autoindex asis info cgi dav_fs vhost_alias negotiation dir imagemap actions speling userdir alias rewrite'
ECHO_C=''
ECHO_N='-n'
ECHO_T=''
EGREP='/bin/grep -E'
EXEEXT=''
EXTRA_CFLAGS=' -g -O2 -pthread'
EXTRA_CPPFLAGS=' -DLINUX=2 -D_REENTRANT -D_GNU_SOURCE -D_LARGEFILE64_SOURCE'
EXTRA_CXXFLAGS=''
EXTRA_INCLUDES='-I$(top_builddir)/srclib/pcre -I. -I$(top_srcdir)/os/$(OS_DIR) -I$(top_srcdir)/server/mpm/$(MPM_SUBDIR_NAME) -I$(top_srcdir)/modules/http -I$(top_srcdir)/modules/filters -I$(top_srcdir)/modules/proxy -I$(top_srcdir)/include -I$(top_srcdir)/modules/generators -I$(top_srcdir)/modules/mappers -I$(top_srcdir)/modules/database -I/usr/local/apr/include/apr-1 -I/usr/local/apr-util/include/apr-1 -I$(top_builddir)/server -I$(top_srcdir)/modules/proxy/../generators -I$(top_srcdir)/modules/ssl -I$(top_srcdir)/modules/dav/main'
EXTRA_LDFLAGS=' '
EXTRA_LIBS=' -lm'
GREP='/bin/grep'
HTTPD_LDFLAGS='-export-dynamic'
HTTPD_VERSION='2.2.23'
INCLUDES=''
INSTALL='$(LIBTOOL) --mode=install $(abs_srcdir)/build/install.sh -c'
INSTALL_DSO='yes'
INSTALL_PROG_FLAGS=''
LDFLAGS=''
LIBOBJS=''
LIBS=''
LIBTOOL='/usr/local/apr/build-1/libtool $(LTFLAGS)'
LN_S='ln -s'
LTCFLAGS='-prefer-non-pic -static'
LTFLAGS='--silent'
LTLIBOBJS=''
LT_LDFLAGS=''
LYNX_PATH='lynx'
MKDEP='$(CC) -MM'
MKINSTALLDIRS='$(abs_srcdir)/build/mkdir.sh'
MK_IMPLIB=''
MODULE_CLEANDIRS=' arch/win32 echo experimental ldap ssl test dav/lock'
MODULE_DIRS=' aaa cache database debug filters loggers metadata proxy http dav/main generators dav/fs mappers'
MOD_ACTIONS_LDADD=''
MOD_ALIAS_LDADD=''
MOD_ASIS_LDADD=''
MOD_AUTHNZ_LDAP_LDADD=''
MOD_AUTHN_ALIAS_LDADD=''
MOD_AUTHN_ANON_LDADD=''
MOD_AUTHN_DBD_LDADD=''
MOD_AUTHN_DBM_LDADD=''
MOD_AUTHN_DEFAULT_LDADD=''
MOD_AUTHN_FILE_LDADD=''
MOD_AUTHZ_DBM_LDADD=''
MOD_AUTHZ_DEFAULT_LDADD=''
MOD_AUTHZ_GROUPFILE_LDADD=''
MOD_AUTHZ_HOST_LDADD=''
MOD_AUTHZ_OWNER_LDADD=''
MOD_AUTHZ_USER_LDADD=''
MOD_AUTH_BASIC_LDADD=''
MOD_AUTH_DIGEST_LDADD=''
MOD_AUTOINDEX_LDADD=''
MOD_BUCKETEER_LDADD=''
MOD_CACHE_LDADD=''
MOD_CASE_FILTER_IN_LDADD=''
MOD_CASE_FILTER_LDADD=''
MOD_CERN_META_LDADD=''
MOD_CGID_LDADD=''
MOD_CGI_LDADD=''
MOD_CHARSET_LITE_LDADD=''
MOD_DAV_FS_LDADD=''
MOD_DAV_LDADD=''
MOD_DAV_LOCK_LDADD=''
MOD_DBD_LDADD=''
MOD_DEFLATE_LDADD='-lz'
MOD_DIR_LDADD=''
MOD_DISK_CACHE_LDADD=''
MOD_DUMPIO_LDADD=''
MOD_ECHO_LDADD=''
MOD_ENV_LDADD=''
MOD_EXAMPLE_LDADD=''
MOD_EXPIRES_LDADD=''
MOD_EXT_FILTER_LDADD=''
MOD_FILE_CACHE_LDADD=''
MOD_FILTER_LDADD=''
MOD_HEADERS_LDADD=''
MOD_HTTP_LDADD=''
MOD_IDENT_LDADD=''
MOD_IMAGEMAP_LDADD=''
MOD_INCLUDE_LDADD=''
MOD_INFO_LDADD=''
MOD_ISAPI_LDADD=''
MOD_LDAP_LDADD=''
MOD_LOGIO_LDADD=''
MOD_LOG_CONFIG_LDADD=''
MOD_LOG_FORENSIC_LDADD=''
MOD_MEM_CACHE_LDADD=''
MOD_MIME_LDADD=''
MOD_MIME_MAGIC_LDADD=''
MOD_NEGOTIATION_LDADD=''
MOD_OPTIONAL_FN_EXPORT_LDADD=''
MOD_OPTIONAL_FN_IMPORT_LDADD=''
MOD_OPTIONAL_HOOK_EXPORT_LDADD=''
MOD_OPTIONAL_HOOK_IMPORT_LDADD=''
MOD_PROXY_AJP_LDADD=''
MOD_PROXY_BALANCER_LDADD=''
MOD_PROXY_CONNECT_LDADD=''
MOD_PROXY_FTP_LDADD=''
MOD_PROXY_HTTP_LDADD=''
MOD_PROXY_LDADD=''
MOD_PROXY_SCGI_LDADD=''
MOD_REQTIMEOUT_LDADD=''
MOD_REWRITE_LDADD=''
MOD_SETENVIF_LDADD=''
MOD_SO_LDADD=''
MOD_SPELING_LDADD=''
MOD_SSL_LDADD=''
MOD_STATUS_LDADD=''
MOD_SUBSTITUTE_LDADD=''
MOD_SUEXEC_LDADD=''
MOD_UNIQUE_ID_LDADD=''
MOD_USERDIR_LDADD=''
MOD_USERTRACK_LDADD=''
MOD_VERSION_LDADD=''
MOD_VHOST_ALIAS_LDADD=''
MPM_LIB='server/mpm/prefork/libprefork.la'
MPM_NAME='prefork'
MPM_SUBDIR_NAME='prefork'
NONPORTABLE_SUPPORT='checkgid'
NOTEST_CFLAGS=''
NOTEST_CPPFLAGS=''
NOTEST_CXXFLAGS=''
NOTEST_LDFLAGS=''
NOTEST_LIBS=''
OBJEXT='o'
OS='unix'
OS_DIR='unix'
OS_SPECIFIC_VARS=''
PACKAGE_BUGREPORT=''
PACKAGE_NAME=''
PACKAGE_STRING=''
PACKAGE_TARNAME=''
PACKAGE_URL=''
PACKAGE_VERSION=''
PATH_SEPARATOR=':'
PCRE_CONFIG='false'
PICFLAGS=''
PILDFLAGS=''
PKGCONFIG='/usr/bin/pkg-config'
PORT='80'
POST_SHARED_CMDS='echo ""'
PRE_SHARED_CMDS='echo ""'
RANLIB='ranlib'
RM='/bin/rm'
RSYNC='/usr/bin/rsync'
SHELL='/bin/sh'
SHLIBPATH_VAR='LD_LIBRARY_PATH'
SHLTCFLAGS='-prefer-pic'
SH_LDFLAGS=''
SH_LIBS=''
SH_LIBTOOL='$(LIBTOOL)'
SSLPORT='443'
SSL_LIBS=''
UTIL_LDFLAGS=''
ab_LTFLAGS='-static'
abs_srcdir='/opt/httpd-2.2.23'
ac_ct_CC='gcc'
ap_make_delimiter=' '
ap_make_include='include'
bindir='${exec_prefix}/bin'
build='i686-pc-linux-gnu'
build_alias=''
build_cpu='i686'
build_os='linux-gnu'
build_vendor='pc'
cgidir='${datadir}/cgi-bin'
checkgid_LTFLAGS='-static'
datadir='${prefix}'
datarootdir='${prefix}/share'
docdir='${datarootdir}/doc/${PACKAGE}'
dvidir='${docdir}'
errordir='${datadir}/error'
exec_prefix='${prefix}'
exp_bindir='/usr/local/apache2.2.23/bin'
exp_cgidir='/usr/local/apache2.2.23/cgi-bin'
exp_datadir='/usr/local/apache2.2.23'
exp_errordir='/usr/local/apache2.2.23/error'
exp_exec_prefix='/usr/local/apache2.2.23'
exp_htdocsdir='/usr/local/apache2.2.23/htdocs'
exp_iconsdir='/usr/local/apache2.2.23/icons'
exp_includedir='/usr/local/apache2.2.23/include'
exp_installbuilddir='/usr/local/apache2.2.23/build'
exp_libdir='/usr/local/apache2.2.23/lib'
exp_libexecdir='/usr/local/apache2.2.23/modules'
exp_localstatedir='/usr/local/apache2.2.23'
exp_logfiledir='/usr/local/apache2.2.23/logs'
exp_mandir='/usr/local/apache2.2.23/man'
exp_manualdir='/usr/local/apache2.2.23/manual'
exp_proxycachedir='/usr/local/apache2.2.23/proxy'
exp_runtimedir='/usr/local/apache2.2.23/logs'
exp_sbindir='/usr/local/apache2.2.23/bin'
exp_sysconfdir='/usr/local/apache2.2.23/conf'
host='i686-pc-linux-gnu'
host_alias=''
host_cpu='i686'
host_os='linux-gnu'
host_vendor='pc'
htcacheclean_LTFLAGS='-static'
htdbm_LTFLAGS='-static'
htdigest_LTFLAGS='-static'
htdocsdir='${datadir}/htdocs'
htmldir='${docdir}'
htpasswd_LTFLAGS='-static'
httxt2dbm_LTFLAGS='-static'
iconsdir='${datadir}/icons'
includedir='${prefix}/include'
infodir='${datarootdir}/info'
installbuilddir='${datadir}/build'
libdir='${exec_prefix}/lib'
libexecdir='${exec_prefix}/modules'
localedir='${datarootdir}/locale'
localstatedir='${prefix}'
logfiledir='${localstatedir}/logs'
logresolve_LTFLAGS='-static'
mandir='${prefix}/man'
manualdir='${datadir}/manual'
nonssl_listen_stmt_1=''
nonssl_listen_stmt_2=''
oldincludedir='/usr/include'
other_targets=''
pdfdir='${docdir}'
perlbin='/usr/bin/perl'
prefix='/usr/local/apache2.2.23'
progname='httpd'
program_transform_name='s,x,x,'
proxycachedir='${localstatedir}/proxy'
psdir='${docdir}'
rel_bindir='bin'
rel_cgidir='cgi-bin'
rel_datadir=''
rel_errordir='error'
rel_exec_prefix=''
rel_htdocsdir='htdocs'
rel_iconsdir='icons'
rel_includedir='include'
rel_installbuilddir='build'
rel_libdir='lib'
rel_libexecdir='modules'
rel_localstatedir=''
rel_logfiledir='logs'
rel_mandir='man'
rel_manualdir='manual'
rel_proxycachedir='proxy'
rel_runtimedir='logs'
rel_sbindir='bin'
rel_sysconfdir='conf'
rotatelogs_LTFLAGS='-static'
runtimedir='${localstatedir}/logs'
sbindir='${exec_prefix}/bin'
shared_build='shared-build'
sharedstatedir='${prefix}/com'
sysconfdir='${prefix}/conf'
target='i686-pc-linux-gnu'
target_alias=''
target_cpu='i686'
target_os='linux-gnu'
target_vendor='pc'

## ----------- ##
## confdefs.h. ##
## ----------- ##

/* confdefs.h */
#define PACKAGE_NAME ""
#define PACKAGE_TARNAME ""
#define PACKAGE_VERSION ""
#define PACKAGE_STRING ""
#define PACKAGE_BUGREPORT ""
#define PACKAGE_URL ""
#define STDC_HEADERS 1
#define HAVE_SYS_TYPES_H 1
#define HAVE_SYS_STAT_H 1
#define HAVE_STDLIB_H 1
#define HAVE_STRING_H 1
#define HAVE_MEMORY_H 1
#define HAVE_STRINGS_H 1
#define HAVE_INTTYPES_H 1
#define HAVE_STDINT_H 1
#define HAVE_UNISTD_H 1
#define __EXTENSIONS__ 1
#define _ALL_SOURCE 1
#define _GNU_SOURCE 1
#define _POSIX_PTHREAD_SEMANTICS 1
#define _TANDEM_SOURCE 1
#define STDC_HEADERS 1
#define HAVE_STRING_H 1
#define HAVE_LIMITS_H 1
#define HAVE_UNISTD_H 1
#define HAVE_SYS_SOCKET_H 1
#define HAVE_PWD_H 1
#define HAVE_GRP_H 1
#define HAVE_STRINGS_H 1
#define HAVE_SYS_PRCTL_H 1
#define HAVE_SYS_SEM_H 1
#define HAVE_SYS_WAIT_H 1
#define HAVE_GETPWNAM 1
#define HAVE_GETGRNAM 1
#define HAVE_INITGROUPS 1
#define HAVE_PRCTL 1
#define HAVE_TIMEGM 1
#define HAVE_GETPGID 1
#define HAVE_GMTOFF 1
#define AP_ENABLE_V4_MAPPED 1
#define HAVE_SYS_TIMES_H 1
#define HAVE_TIMES 1
#define HAVE_SYS_TIME_H 1
#define HAVE_SYS_RESOURCE_H 1
#define HAVE_SYS_SEM_H 1
#define HAVE_SYS_IPC_H 1
#define HAVE_SETSID 1
#define HAVE_KILLPG 1
#define HAVE_UNISTD_H 1
#define HAVE_SYSLOG 1
#define HAVE_SYS_TIMES_H 1
#define HAVE_TIMES 1
#define AP_USING_AUTOCONF 1
#define SINGLE_LISTEN_UNSERIALIZED_ACCEPT 1
#define AP_NONBLOCK_WHEN_MULTI_LISTEN 1
#define HTTPD_ROOT "/usr/local/apache2.2.23"
#define SERVER_CONFIG_FILE "conf/httpd.conf"
#define AP_TYPES_CONFIG_FILE "conf/mime.types"
#define APACHE_MPM_DIR "server/mpm/prefork"

configure: exit 0
