/usr/local/mysql5.5.15/bin/mysqld, Version: 5.5.15-log (Source distribution). started with:
Tcp port: 6306  Unix socket: /tmp/mysql55.sock
Time                 Id Command    Argument
/usr/local/mysql5.5.15/bin/mysqld, Version: 5.5.15-log (Source distribution). started with:
Tcp port: 6306  Unix socket: /tmp/mysql55.sock
Time                 Id Command    Argument
# Time: 130806  3:51:49
# User@Host: lk_overseas[lk_overseas] @  [113.208.129.50]
# Query_time: 18.743752  Lock_time: 0.000259 Rows_sent: 289  Rows_examined: 585
use erating;
SET timestamp=1375771909;
SELECT * FROM information_schema.ROUTINES WHERE ROUTINE_SCHEMA='erating' ORDER BY ROUTINE_NAME;
/usr/sbin/mysqld, Version: 5.5.30-log (MySQL Community Server (GPL)). started with:
Tcp port: 6306  Unix socket: /tmp/mysql55.sock
Time                 Id Command    Argument
/usr/sbin/mysqld, Version: 5.5.30-log (MySQL Community Server (GPL)). started with:
Tcp port: 6306  Unix socket: /tmp/mysql55.sock
Time                 Id Command    Argument
# Time: 140421  0:32:53
# User@Host: root[root] @ localhost []
# Query_time: 3.251097  Lock_time: 0.000000 Rows_sent: 391192  Rows_examined: 391192
use erating;
SET timestamp=1398051173;
SELECT /*!40001 SQL_NO_CACHE */ * FROM `ums_user_purchase_detail`;
# Time: 151212  1:05:15
# User@Host: erating[erating] @  [192.168.177.94]
# Query_time: 12.183107  Lock_time: 0.000000 Rows_sent: 0  Rows_examined: 0
SET timestamp=1449889515;
commit;
# Time: 160109  1:25:07
# User@Host: erating[erating] @  [192.168.177.94]
# Query_time: 7.549316  Lock_time: 0.000000 Rows_sent: 0  Rows_examined: 0
SET timestamp=1452309907;
commit;
# Time: 160213  1:15:05
# User@Host: erating[erating] @  [192.168.177.94]
# Query_time: 5.573615  Lock_time: 0.000000 Rows_sent: 0  Rows_examined: 0
SET timestamp=1455333305;
commit;
# Time: 160213  2:05:04
# User@Host: erating[erating] @  [192.168.177.94]
# Query_time: 4.086217  Lock_time: 0.000000 Rows_sent: 0  Rows_examined: 0
SET timestamp=1455336304;
commit;
# Time: 160220  1:05:03
# User@Host: erating[erating] @  [192.168.177.94]
# Query_time: 3.286447  Lock_time: 0.000000 Rows_sent: 0  Rows_examined: 0
SET timestamp=1455937503;
commit;
# Time: 160305  1:10:19
# User@Host: erating[erating] @  [192.168.177.94]
# Query_time: 19.755392  Lock_time: 0.000000 Rows_sent: 0  Rows_examined: 0
SET timestamp=1457151019;
commit;
/usr/sbin/mysqld, Version: 5.5.30-log (MySQL Community Server (GPL)). started with:
Tcp port: 6306  Unix socket: /tmp/mysql55.sock
Time                 Id Command    Argument
/usr/sbin/mysqld, Version: 5.5.30-log (MySQL Community Server (GPL)). started with:
Tcp port: 6306  Unix socket: /tmp/mysql55.sock
Time                 Id Command    Argument
/usr/sbin/mysqld, Version: 5.5.30-log (MySQL Community Server (GPL)). started with:
Tcp port: 6306  Unix socket: /tmp/mysql55.sock
Time                 Id Command    Argument
/usr/sbin/mysqld, Version: 5.5.30-log (MySQL Community Server (GPL)). started with:
Tcp port: 6306  Unix socket: /tmp/mysql55.sock
Time                 Id Command    Argument
/usr/sbin/mysqld, Version: 5.5.30-log (MySQL Community Server (GPL)). started with:
Tcp port: 6306  Unix socket: /tmp/mysql55.sock
Time                 Id Command    Argument
/usr/sbin/mysqld, Version: 5.5.30-log (MySQL Community Server (GPL)). started with:
Tcp port: 6306  Unix socket: /tmp/mysql55.sock
Time                 Id Command    Argument
/usr/sbin/mysqld, Version: 5.5.30-log (MySQL Community Server (GPL)). started with:
Tcp port: 6306  Unix socket: /tmp/mysql55.sock
Time                 Id Command    Argument
/usr/sbin/mysqld, Version: 5.5.30-log (MySQL Community Server (GPL)). started with:
Tcp port: 6306  Unix socket: /tmp/mysql55.sock
Time                 Id Command    Argument
/usr/sbin/mysqld, Version: 5.5.30-log (MySQL Community Server (GPL)). started with:
Tcp port: 6306  Unix socket: /tmp/mysql55.sock
Time                 Id Command    Argument
/usr/sbin/mysqld, Version: 5.5.30-log (MySQL Community Server (GPL)). started with:
Tcp port: 6306  Unix socket: /tmp/mysql55.sock
Time                 Id Command    Argument
/usr/sbin/mysqld, Version: 5.5.30-log (MySQL Community Server (GPL)). started with:
Tcp port: 6306  Unix socket: /tmp/mysql55.sock
Time                 Id Command    Argument
/usr/sbin/mysqld, Version: 5.5.30-log (MySQL Community Server (GPL)). started with:
Tcp port: 6306  Unix socket: /tmp/mysql55.sock
Time                 Id Command    Argument
/usr/sbin/mysqld, Version: 5.5.30-log (MySQL Community Server (GPL)). started with:
Tcp port: 6306  Unix socket: /tmp/mysql55.sock
Time                 Id Command    Argument
/usr/sbin/mysqld, Version: 5.5.30-log (MySQL Community Server (GPL)). started with:
Tcp port: 6306  Unix socket: /tmp/mysql55.sock
Time                 Id Command    Argument
/usr/sbin/mysqld, Version: 5.5.30-log (MySQL Community Server (GPL)). started with:
Tcp port: 6306  Unix socket: /tmp/mysql55.sock
Time                 Id Command    Argument
/usr/sbin/mysqld, Version: 5.5.30-log (MySQL Community Server (GPL)). started with:
Tcp port: 6306  Unix socket: /tmp/mysql55.sock
Time                 Id Command    Argument
/usr/sbin/mysqld, Version: 5.5.30-log (MySQL Community Server (GPL)). started with:
Tcp port: 6306  Unix socket: /tmp/mysql55.sock
Time                 Id Command    Argument
/usr/local/mysql5.5.15/bin/mysqld, Version: 5.5.15-log (Source distribution). started with:
Tcp port: 6306  Unix socket: /tmp/mysql55.sock
Time                 Id Command    Argument
# Time: 170826  4:52:39
# User@Host: [root] @ localhost []
# Query_time: 7.513887  Lock_time: 0.000000 Rows_sent: 765072  Rows_examined: 765072
use erating;
SET timestamp=1503733959;
SELECT /*!40001 SQL_NO_CACHE */ * FROM `ums_user_purchase_detail`;
/usr/local/mysql5.5.15/bin/mysqld, Version: 5.5.15-log (Source distribution). started with:
Tcp port: 6306  Unix socket: /tmp/mysql55.sock
Time                 Id Command    Argument
/usr/local/mysql5.5.15/bin/mysqld, Version: 5.5.15-log (Source distribution). started with:
Tcp port: 6306  Unix socket: /tmp/mysql55.sock
Time                 Id Command    Argument
/usr/sbin/mysqld, Version: 5.5.30-log (MySQL Community Server (GPL)). started with:
Tcp port: 6306  Unix socket: /tmp/mysql55.sock
Time                 Id Command    Argument
/usr/sbin/mysqld, Version: 5.5.30-log (MySQL Community Server (GPL)). started with:
Tcp port: 6306  Unix socket: /tmp/mysql55.sock
Time                 Id Command    Argument
/usr/sbin/mysqld, Version: 5.5.30-log (MySQL Community Server (GPL)). started with:
Tcp port: 6306  Unix socket: /tmp/mysql55.sock
Time                 Id Command    Argument
/usr/sbin/mysqld, Version: 5.5.30-log (MySQL Community Server (GPL)). started with:
Tcp port: 6306  Unix socket: /tmp/mysql55.sock
Time                 Id Command    Argument
/usr/sbin/mysqld, Version: 5.5.30-log (MySQL Community Server (GPL)). started with:
Tcp port: 6306  Unix socket: /tmp/mysql55.sock
Time                 Id Command    Argument
/usr/sbin/mysqld, Version: 5.5.30-log (MySQL Community Server (GPL)). started with:
Tcp port: 6306  Unix socket: /tmp/mysql55.sock
Time                 Id Command    Argument
/usr/sbin/mysqld, Version: 5.5.30-log (MySQL Community Server (GPL)). started with:
Tcp port: 6306  Unix socket: /tmp/mysql55.sock
Time                 Id Command    Argument
/usr/local/mysql5.5.15/bin/mysqld, Version: 5.5.15-log (Source distribution). started with:
Tcp port: 0  Unix socket: /tmp/mysql55.sock
Time                 Id Command    Argument
/usr/sbin/mysqld, Version: 5.5.30-log (MySQL Community Server (GPL)). started with:
Tcp port: 6306  Unix socket: /tmp/mysql55.sock
Time                 Id Command    Argument
/usr/sbin/mysqld, Version: 5.5.30-log (MySQL Community Server (GPL)). started with:
Tcp port: 6306  Unix socket: /tmp/mysql55.sock
Time                 Id Command    Argument
/usr/sbin/mysqld, Version: 5.5.30-log (MySQL Community Server (GPL)). started with:
Tcp port: 6306  Unix socket: /tmp/mysql55.sock
Time                 Id Command    Argument
/usr/sbin/mysqld, Version: 5.5.30-log (MySQL Community Server (GPL)). started with:
Tcp port: 6306  Unix socket: /tmp/mysql55.sock
Time                 Id Command    Argument
/usr/sbin/mysqld, Version: 5.5.30-log (MySQL Community Server (GPL)). started with:
Tcp port: 6306  Unix socket: /tmp/mysql55.sock
Time                 Id Command    Argument
/usr/sbin/mysqld, Version: 5.5.30-log (MySQL Community Server (GPL)). started with:
Tcp port: 6306  Unix socket: /tmp/mysql55.sock
Time                 Id Command    Argument
/usr/sbin/mysqld, Version: 5.5.30-log (MySQL Community Server (GPL)). started with:
Tcp port: 6306  Unix socket: /tmp/mysql55.sock
Time                 Id Command    Argument
/usr/sbin/mysqld, Version: 5.5.30-log (MySQL Community Server (GPL)). started with:
Tcp port: 6306  Unix socket: /tmp/mysql55.sock
Time                 Id Command    Argument
/usr/sbin/mysqld, Version: 5.5.30-log (MySQL Community Server (GPL)). started with:
Tcp port: 6306  Unix socket: /tmp/mysql55.sock
Time                 Id Command    Argument
/usr/sbin/mysqld, Version: 5.5.30-log (MySQL Community Server (GPL)). started with:
Tcp port: 6306  Unix socket: /tmp/mysql55.sock
Time                 Id Command    Argument
/usr/sbin/mysqld, Version: 5.5.30-log (MySQL Community Server (GPL)). started with:
Tcp port: 6306  Unix socket: /tmp/mysql55.sock
Time                 Id Command    Argument
/usr/sbin/mysqld, Version: 5.5.30-log (MySQL Community Server (GPL)). started with:
Tcp port: 6306  Unix socket: /tmp/mysql55.sock
Time                 Id Command    Argument
# Time: 180122  2:30:44
# User@Host: erating[erating] @  [192.168.177.94]
# Query_time: 4.187936  Lock_time: 0.000000 Rows_sent: 0  Rows_examined: 0
use erating;
SET timestamp=1516595444;
USE `erating`;
# Time: 180122  2:30:49
# User@Host: erating[erating] @  [192.168.177.94]
# Query_time: 14.658301  Lock_time: 0.000000 Rows_sent: 0  Rows_examined: 4
SET timestamp=1516595449;
call peakCCU(@n_Result);
# User@Host: erating[erating] @  [192.168.177.94]
# Query_time: 12.288071  Lock_time: 0.000000 Rows_sent: 0  Rows_examined: 6
SET timestamp=1516595449;
call GetChargeMsg(1204, 104001, 5, 0, 100,@result);
# User@Host: erating[erating] @  [192.168.177.94]
# Query_time: 11.702472  Lock_time: 2.714741 Rows_sent: 0  Rows_examined: 1
SET timestamp=1516595449;
call GWDataReport(1204, 104001, 104001, 1, 1, 0, @n_Result);
/usr/sbin/mysqld, Version: 5.5.30-log (MySQL Community Server (GPL)). started with:
Tcp port: 6306  Unix socket: /tmp/mysql55.sock
Time                 Id Command    Argument
/usr/sbin/mysqld, Version: 5.5.30-log (MySQL Community Server (GPL)). started with:
Tcp port: 6306  Unix socket: /tmp/mysql55.sock
Time                 Id Command    Argument
# Time: 180320 18:33:11
# User@Host: erating[erating] @  [192.168.177.94]
# Query_time: 8.999286  Lock_time: 0.000000 Rows_sent: 1  Rows_examined: 0
use erating;
SET timestamp=1521581591;
select @n_Result;
/usr/sbin/mysqld, Version: 5.5.30-log (MySQL Community Server (GPL)). started with:
Tcp port: 6306  Unix socket: /tmp/mysql55.sock
Time                 Id Command    Argument
# Time: 180506 12:03:26
# User@Host: erating[erating] @  [192.168.177.94]
# Query_time: 3.649687  Lock_time: 0.000000 Rows_sent: 0  Rows_examined: 0
use erating;
SET timestamp=1525619006;
commit;
# Time: 180508 18:00:04
# User@Host: erating[erating] @  [192.168.177.94]
# Query_time: 3.646110  Lock_time: 0.000000 Rows_sent: 0  Rows_examined: 0
SET timestamp=1525813204;
commit;
# Time: 180522 18:03:55
# User@Host: erating[erating] @  [192.168.177.94]
# Query_time: 6.294766  Lock_time: 0.000000 Rows_sent: 0  Rows_examined: 0
SET timestamp=1527023035;
commit;
# Time: 180602  0:02:43
# User@Host: erating[erating] @  [192.168.177.94]
# Query_time: 3.292309  Lock_time: 0.000000 Rows_sent: 0  Rows_examined: 0
SET timestamp=1527908563;
commit;
# Time: 180608  0:00:03
# User@Host: erating[erating] @  [192.168.177.94]
# Query_time: 3.176555  Lock_time: 0.000000 Rows_sent: 0  Rows_examined: 4
SET timestamp=1528426803;
call peakCCU(@n_Result);
# Time: 180617 23:15:03
# User@Host: erating[erating] @  [192.168.177.94]
# Query_time: 3.098233  Lock_time: 0.000000 Rows_sent: 0  Rows_examined: 4
SET timestamp=1529288103;
call onlineUserCount(@n_Result);
# Time: 180619  0:00:03
# User@Host: erating[erating] @  [192.168.177.94]
# Query_time: 3.478207  Lock_time: 0.000000 Rows_sent: 0  Rows_examined: 4
SET timestamp=1529377203;
call peakCCU(@n_Result);
/usr/sbin/mysqld, Version: 5.5.30-log (MySQL Community Server (GPL)). started with:
Tcp port: 6306  Unix socket: /tmp/mysql55.sock
Time                 Id Command    Argument
/usr/sbin/mysqld, Version: 5.5.30-log (MySQL Community Server (GPL)). started with:
Tcp port: 6306  Unix socket: /tmp/mysql55.sock
Time                 Id Command    Argument
